# JRE version: Java(TM) SE Runtime Environment (8.0_121-b13) (build 1.8.0_121-b13)
# Java VM: Java HotSpot(TM) 64-Bit Server VM (25.121-b13 mixed mode bsd-amd64 compressed oops)
Heap:
 PSYoungGen      total 131072K, used 107913K [0x00000007aab00000, 0x00000007b4880000, 0x00000007c0000000)
  eden space 108032K, 98% used [0x00000007aab00000,0x00000007b12e6408,0x00000007b1480000)
  from space 23040K, 6% used [0x00000007b3200000,0x00000007b337c010,0x00000007b4880000)
  to   space 26624K, 0% used [0x00000007b1480000,0x00000007b1480000,0x00000007b2e80000)
 ParOldGen       total 73728K, used 25944K [0x0000000780000000, 0x0000000784800000, 0x00000007aab00000)
  object space 73728K, 35% used [0x0000000780000000,0x0000000781956080,0x0000000784800000)
 Metaspace       used 21373K, capacity 21615K, committed 21760K, reserved 1069056K
  class space    used 2116K, capacity 2204K, committed 2304K, reserved 1048576K
GC Heap History (10 events):
Event: 10.851 GC heap before
{Heap before GC invocations=12 (full 2):
 PSYoungGen      total 87552K, used 9040K [0x00000007aab00000, 0x00000007b1b80000, 0x00000007c0000000)
  eden space 62976K, 0% used [0x00000007aab00000,0x00000007aab00000,0x00000007ae880000)
  from space 24576K, 36% used [0x00000007b0380000,0x00000007b0c541c0,0x00000007b1b80000)
  to   space 26112K, 0% used [0x00000007ae880000,0x00000007ae880000,0x00000007b0200000)
 ParOldGen       total 74752K, used 56306K [0x0000000780000000, 0x0000000784900000, 0x00000007aab00000)
  object space 74752K, 75% used [0x0000000780000000,0x00000007836fc860,0x0000000784900000)
 Metaspace       used 20962K, capacity 21225K, committed 21504K, reserved 1069056K
  class space    used 2108K, capacity 2203K, committed 2304K, reserved 1048576K
Event: 10.916 GC heap after
Heap after GC invocations=12 (full 2):
 PSYoungGen      total 87552K, used 0K [0x00000007aab00000, 0x00000007b1b80000, 0x00000007c0000000)
  eden space 62976K, 0% used [0x00000007aab00000,0x00000007aab00000,0x00000007ae880000)
  from space 24576K, 0% used [0x00000007b0380000,0x00000007b0380000,0x00000007b1b80000)
  to   space 26112K, 0% used [0x00000007ae880000,0x00000007ae880000,0x00000007b0200000)
 ParOldGen       total 73728K, used 25487K [0x0000000780000000, 0x0000000784800000, 0x00000007aab00000)
  object space 73728K, 34% used [0x0000000780000000,0x00000007818e3ce0,0x0000000784800000)
 Metaspace       used 20962K, capacity 21225K, committed 21504K, reserved 1069056K
  class space    used 2108K, capacity 2203K, committed 2304K, reserved 1048576K
}
Event: 12.404 GC heap before
{Heap before GC invocations=13 (full 2):
 PSYoungGen      total 87552K, used 62976K [0x00000007aab00000, 0x00000007b1b80000, 0x00000007c0000000)
  eden space 62976K, 100% used [0x00000007aab00000,0x00000007ae880000,0x00000007ae880000)
  from space 24576K, 0% used [0x00000007b0380000,0x00000007b0380000,0x00000007b1b80000)
  to   space 26112K, 0% used [0x00000007ae880000,0x00000007ae880000,0x00000007b0200000)
 ParOldGen       total 73728K, used 25487K [0x0000000780000000, 0x0000000784800000, 0x00000007aab00000)
  object space 73728K, 34% used [0x0000000780000000,0x00000007818e3ce0,0x0000000784800000)
 Metaspace       used 21222K, capacity 21487K, committed 21760K, reserved 1069056K
  class space    used 2108K, capacity 2204K, committed 2304K, reserved 1048576K
Event: 12.407 GC heap after
Heap after GC invocations=13 (full 2):
 PSYoungGen      total 89088K, used 800K [0x00000007aab00000, 0x00000007b3480000, 0x00000007c0000000)
  eden space 62976K, 0% used [0x00000007aab00000,0x00000007aab00000,0x00000007ae880000)
  from space 26112K, 3% used [0x00000007ae880000,0x00000007ae948000,0x00000007b0200000)
  to   space 26624K, 0% used [0x00000007b1a80000,0x00000007b1a80000,0x00000007b3480000)
 ParOldGen       total 73728K, used 25495K [0x0000000780000000, 0x0000000784800000, 0x00000007aab00000)
  object space 73728K, 34% used [0x0000000780000000,0x00000007818e5ce0,0x0000000784800000)
 Metaspace       used 21222K, capacity 21487K, committed 21760K, reserved 1069056K
  class space    used 2108K, capacity 2204K, committed 2304K, reserved 1048576K
}
Event: 13.913 GC heap before
{Heap before GC invocations=14 (full 2):
 PSYoungGen      total 89088K, used 63776K [0x00000007aab00000, 0x00000007b3480000, 0x00000007c0000000)
  eden space 62976K, 100% used [0x00000007aab00000,0x00000007ae880000,0x00000007ae880000)
  from space 26112K, 3% used [0x00000007ae880000,0x00000007ae948000,0x00000007b0200000)
  to   space 26624K, 0% used [0x00000007b1a80000,0x00000007b1a80000,0x00000007b3480000)
 ParOldGen       total 73728K, used 25495K [0x0000000780000000, 0x0000000784800000, 0x00000007aab00000)
  object space 73728K, 34% used [0x0000000780000000,0x00000007818e5ce0,0x0000000784800000)
 Metaspace       used 21264K, capacity 21551K, committed 21760K, reserved 1069056K
  class space    used 2108K, capacity 2204K, committed 2304K, reserved 1048576K
Event: 13.918 GC heap after
Heap after GC invocations=14 (full 2):
 PSYoungGen      total 110080K, used 800K [0x00000007aab00000, 0x00000007b3300000, 0x00000007c0000000)
  eden space 84992K, 0% used [0x00000007aab00000,0x00000007aab00000,0x00000007afe00000)
  from space 25088K, 3% used [0x00000007b1a80000,0x00000007b1b48000,0x00000007b3300000)
  to   space 27136K, 0% used [0x00000007afe00000,0x00000007afe00000,0x00000007b1880000)
 ParOldGen       total 73728K, used 25671K [0x0000000780000000, 0x0000000784800000, 0x00000007aab00000)
  object space 73728K, 34% used [0x0000000780000000,0x0000000781911f40,0x0000000784800000)
 Metaspace       used 21264K, capacity 21551K, committed 21760K, reserved 1069056K
  class space    used 2108K, capacity 2204K, committed 2304K, reserved 1048576K
}
Event: 15.877 GC heap before
{Heap before GC invocations=15 (full 2):
 PSYoungGen      total 110080K, used 85792K [0x00000007aab00000, 0x00000007b3300000, 0x00000007c0000000)
  eden space 84992K, 100% used [0x00000007aab00000,0x00000007afe00000,0x00000007afe00000)
  from space 25088K, 3% used [0x00000007b1a80000,0x00000007b1b48000,0x00000007b3300000)
  to   space 27136K, 0% used [0x00000007afe00000,0x00000007afe00000,0x00000007b1880000)
 ParOldGen       total 73728K, used 25671K [0x0000000780000000, 0x0000000784800000, 0x00000007aab00000)
  object space 73728K, 34% used [0x0000000780000000,0x0000000781911f40,0x0000000784800000)
 Metaspace       used 21276K, capacity 21551K, committed 21760K, reserved 1069056K
  class space    used 2108K, capacity 2204K, committed 2304K, reserved 1048576K
Event: 15.882 GC heap after
Heap after GC invocations=15 (full 2):
 PSYoungGen      total 112128K, used 1088K [0x00000007aab00000, 0x00000007b4c00000, 0x00000007c0000000)
  eden space 84992K, 0% used [0x00000007aab00000,0x00000007aab00000,0x00000007afe00000)
  from space 27136K, 4% used [0x00000007afe00000,0x00000007aff10000,0x00000007b1880000)
  to   space 26624K, 0% used [0x00000007b3200000,0x00000007b3200000,0x00000007b4c00000)
 ParOldGen       total 73728K, used 25783K [0x0000000780000000, 0x0000000784800000, 0x00000007aab00000)
  object space 73728K, 34% used [0x0000000780000000,0x000000078192df50,0x0000000784800000)
 Metaspace       used 21276K, capacity 21551K, committed 21760K, reserved 1069056K
  class space    used 2108K, capacity 2204K, committed 2304K, reserved 1048576K
}
Event: 17.839 GC heap before
{Heap before GC invocations=16 (full 2):
 PSYoungGen      total 112128K, used 86080K [0x00000007aab00000, 0x00000007b4c00000, 0x00000007c0000000)
  eden space 84992K, 100% used [0x00000007aab00000,0x00000007afe00000,0x00000007afe00000)
  from space 27136K, 4% used [0x00000007afe00000,0x00000007aff10000,0x00000007b1880000)
  to   space 26624K, 0% used [0x00000007b3200000,0x00000007b3200000,0x00000007b4c00000)
 ParOldGen       total 73728K, used 25783K [0x0000000780000000, 0x0000000784800000, 0x00000007aab00000)
  object space 73728K, 34% used [0x0000000780000000,0x000000078192df50,0x0000000784800000)
 Metaspace       used 21297K, capacity 21551K, committed 21760K, reserved 1069056K
  class space    used 2108K, capacity 2204K, committed 2304K, reserved 1048576K
Event: 17.843 GC heap after
Heap after GC invocations=16 (full 2):
 PSYoungGen      total 131072K, used 1520K [0x00000007aab00000, 0x00000007b4880000, 0x00000007c0000000)
  eden space 108032K, 0% used [0x00000007aab00000,0x00000007aab00000,0x00000007b1480000)
  from space 23040K, 6% used [0x00000007b3200000,0x00000007b337c010,0x00000007b4880000)
  to   space 26624K, 0% used [0x00000007b1480000,0x00000007b1480000,0x00000007b2e80000)
 ParOldGen       total 73728K, used 25944K [0x0000000780000000, 0x0000000784800000, 0x00000007aab00000)
  object space 73728K, 35% used [0x0000000780000000,0x0000000781956080,0x0000000784800000)
 Metaspace       used 21297K, capacity 21551K, committed 21760K, reserved 1069056K
  class space    used 2108K, capacity 2204K, committed 2304K, reserved 1048576K
}

