# JRE version: Java(TM) SE Runtime Environment (8.0_121-b13) (build 1.8.0_121-b13)
# Java VM: Java HotSpot(TM) 64-Bit Server VM (25.121-b13 mixed mode bsd-amd64 compressed oops)
Heap:
 PSYoungGen      total 63488K, used 46097K [0x00000007aab00000, 0x00000007af800000, 0x00000007c0000000)
  eden space 62464K, 72% used [0x00000007aab00000,0x00000007ad76e758,0x00000007ae800000)
  from space 1024K, 58% used [0x00000007aea00000,0x00000007aea96020,0x00000007aeb00000)
  to   space 8192K, 0% used [0x00000007af000000,0x00000007af000000,0x00000007af800000)
 ParOldGen       total 46080K, used 15641K [0x0000000780000000, 0x0000000782d00000, 0x00000007aab00000)
  object space 46080K, 33% used [0x0000000780000000,0x0000000780f46638,0x0000000782d00000)
 Metaspace       used 21750K, capacity 21967K, committed 22192K, reserved 1069056K
  class space    used 2131K, capacity 2236K, committed 2304K, reserved 1048576K
GC Heap History (10 events):
Event: 90.257 GC heap before
{Heap before GC invocations=16 (full 1):
 PSYoungGen      total 81920K, used 74776K [0x00000007aab00000, 0x00000007b0680000, 0x00000007c0000000)
  eden space 74240K, 100% used [0x00000007aab00000,0x00000007af380000,0x00000007af380000)
  from space 7680K, 6% used [0x00000007aff00000,0x00000007aff86040,0x00000007b0680000)
  to   space 9728K, 0% used [0x00000007af380000,0x00000007af380000,0x00000007afd00000)
 ParOldGen       total 46080K, used 15633K [0x0000000780000000, 0x0000000782d00000, 0x00000007aab00000)
  object space 46080K, 33% used [0x0000000780000000,0x0000000780f44638,0x0000000782d00000)
 Metaspace       used 21719K, capacity 21935K, committed 22192K, reserved 1069056K
  class space    used 2123K, capacity 2204K, committed 2304K, reserved 1048576K
Event: 90.260 GC heap after
Heap after GC invocations=16 (full 1):
 PSYoungGen      total 72704K, used 600K [0x00000007aab00000, 0x00000007b0400000, 0x00000007c0000000)
  eden space 71680K, 0% used [0x00000007aab00000,0x00000007aab00000,0x00000007af100000)
  from space 1024K, 58% used [0x00000007af380000,0x00000007af416020,0x00000007af480000)
  to   space 9728K, 0% used [0x00000007afa80000,0x00000007afa80000,0x00000007b0400000)
 ParOldGen       total 46080K, used 15633K [0x0000000780000000, 0x0000000782d00000, 0x00000007aab00000)
  object space 46080K, 33% used [0x0000000780000000,0x0000000780f44638,0x0000000782d00000)
 Metaspace       used 21719K, capacity 21935K, committed 22192K, reserved 1069056K
  class space    used 2123K, capacity 2204K, committed 2304K, reserved 1048576K
}
Event: 102.026 GC heap before
{Heap before GC invocations=17 (full 1):
 PSYoungGen      total 72704K, used 72280K [0x00000007aab00000, 0x00000007b0400000, 0x00000007c0000000)
  eden space 71680K, 100% used [0x00000007aab00000,0x00000007af100000,0x00000007af100000)
  from space 1024K, 58% used [0x00000007af380000,0x00000007af416020,0x00000007af480000)
  to   space 9728K, 0% used [0x00000007afa80000,0x00000007afa80000,0x00000007b0400000)
 ParOldGen       total 46080K, used 15633K [0x0000000780000000, 0x0000000782d00000, 0x00000007aab00000)
  object space 46080K, 33% used [0x0000000780000000,0x0000000780f44638,0x0000000782d00000)
 Metaspace       used 21719K, capacity 21935K, committed 22192K, reserved 1069056K
  class space    used 2124K, capacity 2204K, committed 2304K, reserved 1048576K
Event: 102.030 GC heap after
Heap after GC invocations=17 (full 1):
 PSYoungGen      total 75264K, used 616K [0x00000007aab00000, 0x00000007b0080000, 0x00000007c0000000)
  eden space 69120K, 0% used [0x00000007aab00000,0x00000007aab00000,0x00000007aee80000)
  from space 6144K, 10% used [0x00000007afa80000,0x00000007afb1a030,0x00000007b0080000)
  to   space 9216K, 0% used [0x00000007aee80000,0x00000007aee80000,0x00000007af780000)
 ParOldGen       total 46080K, used 15633K [0x0000000780000000, 0x0000000782d00000, 0x00000007aab00000)
  object space 46080K, 33% used [0x0000000780000000,0x0000000780f44638,0x0000000782d00000)
 Metaspace       used 21719K, capacity 21935K, committed 22192K, reserved 1069056K
  class space    used 2124K, capacity 2204K, committed 2304K, reserved 1048576K
}
Event: 113.475 GC heap before
{Heap before GC invocations=18 (full 1):
 PSYoungGen      total 75264K, used 69736K [0x00000007aab00000, 0x00000007b0080000, 0x00000007c0000000)
  eden space 69120K, 100% used [0x00000007aab00000,0x00000007aee80000,0x00000007aee80000)
  from space 6144K, 10% used [0x00000007afa80000,0x00000007afb1a030,0x00000007b0080000)
  to   space 9216K, 0% used [0x00000007aee80000,0x00000007aee80000,0x00000007af780000)
 ParOldGen       total 46080K, used 15633K [0x0000000780000000, 0x0000000782d00000, 0x00000007aab00000)
  object space 46080K, 33% used [0x0000000780000000,0x0000000780f44638,0x0000000782d00000)
 Metaspace       used 21721K, capacity 21935K, committed 22192K, reserved 1069056K
  class space    used 2124K, capacity 2204K, committed 2304K, reserved 1048576K
Event: 113.478 GC heap after
Heap after GC invocations=18 (full 1):
 PSYoungGen      total 67584K, used 568K [0x00000007aab00000, 0x00000007afd00000, 0x00000007c0000000)
  eden space 66560K, 0% used [0x00000007aab00000,0x00000007aab00000,0x00000007aec00000)
  from space 1024K, 55% used [0x00000007aee80000,0x00000007aef0e040,0x00000007aef80000)
  to   space 8704K, 0% used [0x00000007af480000,0x00000007af480000,0x00000007afd00000)
 ParOldGen       total 46080K, used 15641K [0x0000000780000000, 0x0000000782d00000, 0x00000007aab00000)
  object space 46080K, 33% used [0x0000000780000000,0x0000000780f46638,0x0000000782d00000)
 Metaspace       used 21721K, capacity 21935K, committed 22192K, reserved 1069056K
  class space    used 2124K, capacity 2204K, committed 2304K, reserved 1048576K
}
Event: 124.429 GC heap before
{Heap before GC invocations=19 (full 1):
 PSYoungGen      total 67584K, used 67128K [0x00000007aab00000, 0x00000007afd00000, 0x00000007c0000000)
  eden space 66560K, 100% used [0x00000007aab00000,0x00000007aec00000,0x00000007aec00000)
  from space 1024K, 55% used [0x00000007aee80000,0x00000007aef0e040,0x00000007aef80000)
  to   space 8704K, 0% used [0x00000007af480000,0x00000007af480000,0x00000007afd00000)
 ParOldGen       total 46080K, used 15641K [0x0000000780000000, 0x0000000782d00000, 0x00000007aab00000)
  object space 46080K, 33% used [0x0000000780000000,0x0000000780f46638,0x0000000782d00000)
 Metaspace       used 21721K, capacity 21935K, committed 22192K, reserved 1069056K
  class space    used 2124K, capacity 2204K, committed 2304K, reserved 1048576K
Event: 124.431 GC heap after
Heap after GC invocations=19 (full 1):
 PSYoungGen      total 70144K, used 584K [0x00000007aab00000, 0x00000007afa00000, 0x00000007c0000000)
  eden space 64512K, 0% used [0x00000007aab00000,0x00000007aab00000,0x00000007aea00000)
  from space 5632K, 10% used [0x00000007af480000,0x00000007af512030,0x00000007afa00000)
  to   space 8192K, 0% used [0x00000007aea00000,0x00000007aea00000,0x00000007af200000)
 ParOldGen       total 46080K, used 15641K [0x0000000780000000, 0x0000000782d00000, 0x00000007aab00000)
  object space 46080K, 33% used [0x0000000780000000,0x0000000780f46638,0x0000000782d00000)
 Metaspace       used 21721K, capacity 21935K, committed 22192K, reserved 1069056K
  class space    used 2124K, capacity 2204K, committed 2304K, reserved 1048576K
}
Event: 135.094 GC heap before
{Heap before GC invocations=20 (full 1):
 PSYoungGen      total 70144K, used 65096K [0x00000007aab00000, 0x00000007afa00000, 0x00000007c0000000)
  eden space 64512K, 100% used [0x00000007aab00000,0x00000007aea00000,0x00000007aea00000)
  from space 5632K, 10% used [0x00000007af480000,0x00000007af512030,0x00000007afa00000)
  to   space 8192K, 0% used [0x00000007aea00000,0x00000007aea00000,0x00000007af200000)
 ParOldGen       total 46080K, used 15641K [0x0000000780000000, 0x0000000782d00000, 0x00000007aab00000)
  object space 46080K, 33% used [0x0000000780000000,0x0000000780f46638,0x0000000782d00000)
 Metaspace       used 21721K, capacity 21935K, committed 22192K, reserved 1069056K
  class space    used 2124K, capacity 2204K, committed 2304K, reserved 1048576K
Event: 135.097 GC heap after
Heap after GC invocations=20 (full 1):
 PSYoungGen      total 63488K, used 600K [0x00000007aab00000, 0x00000007af800000, 0x00000007c0000000)
  eden space 62464K, 0% used [0x00000007aab00000,0x00000007aab00000,0x00000007ae800000)
  from space 1024K, 58% used [0x00000007aea00000,0x00000007aea96020,0x00000007aeb00000)
  to   space 8192K, 0% used [0x00000007af000000,0x00000007af000000,0x00000007af800000)
 ParOldGen       total 46080K, used 15641K [0x0000000780000000, 0x0000000782d00000, 0x00000007aab00000)
  object space 46080K, 33% used [0x0000000780000000,0x0000000780f46638,0x0000000782d00000)
 Metaspace       used 21721K, capacity 21935K, committed 22192K, reserved 1069056K
  class space    used 2124K, capacity 2204K, committed 2304K, reserved 1048576K
}

