# JRE version: Java(TM) SE Runtime Environment (8.0_121-b13) (build 1.8.0_121-b13)
# Java VM: Java HotSpot(TM) 64-Bit Server VM (25.121-b13 mixed mode bsd-amd64 compressed oops)
Heap:
 PSYoungGen      total 195072K, used 54433K [0x00000007aab00000, 0x00000007baf00000, 0x00000007c0000000)
  eden space 178176K, 24% used [0x00000007aab00000,0x00000007ad5382e0,0x00000007b5900000)
  from space 16896K, 66% used [0x00000007b5900000,0x00000007b63f02b0,0x00000007b6980000)
  to   space 17920K, 0% used [0x00000007b9d80000,0x00000007b9d80000,0x00000007baf00000)
 ParOldGen       total 71168K, used 46977K [0x0000000780000000, 0x0000000784580000, 0x00000007aab00000)
  object space 71168K, 66% used [0x0000000780000000,0x0000000782de0610,0x0000000784580000)
 Metaspace       used 24881K, capacity 25144K, committed 25392K, reserved 1073152K
  class space    used 2442K, capacity 2541K, committed 2608K, reserved 1048576K
GC Heap History (10 events):
Event: 27.148 GC heap before
{Heap before GC invocations=11 (full 2):
 PSYoungGen      total 109056K, used 13664K [0x00000007aab00000, 0x00000007b4e00000, 0x00000007c0000000)
  eden space 95232K, 0% used [0x00000007aab00000,0x00000007aab00000,0x00000007b0800000)
  from space 13824K, 98% used [0x00000007b0800000,0x00000007b1558360,0x00000007b1580000)
  to   space 15872K, 0% used [0x00000007b3e80000,0x00000007b3e80000,0x00000007b4e00000)
 ParOldGen       total 33280K, used 33199K [0x0000000780000000, 0x0000000782080000, 0x00000007aab00000)
  object space 33280K, 99% used [0x0000000780000000,0x000000078206bf48,0x0000000782080000)
 Metaspace       used 24793K, capacity 25080K, committed 25392K, reserved 1073152K
  class space    used 2433K, capacity 2541K, committed 2608K, reserved 1048576K
Event: 27.262 GC heap after
Heap after GC invocations=11 (full 2):
 PSYoungGen      total 109056K, used 9541K [0x00000007aab00000, 0x00000007b4e00000, 0x00000007c0000000)
  eden space 95232K, 0% used [0x00000007aab00000,0x00000007aab00000,0x00000007b0800000)
  from space 13824K, 69% used [0x00000007b0800000,0x00000007b1151690,0x00000007b1580000)
  to   space 15872K, 0% used [0x00000007b3e80000,0x00000007b3e80000,0x00000007b4e00000)
 ParOldGen       total 71168K, used 33032K [0x0000000780000000, 0x0000000784580000, 0x00000007aab00000)
  object space 71168K, 46% used [0x0000000780000000,0x00000007820422b0,0x0000000784580000)
 Metaspace       used 24793K, capacity 25080K, committed 25392K, reserved 1073152K
  class space    used 2433K, capacity 2541K, committed 2608K, reserved 1048576K
}
Event: 40.675 GC heap before
{Heap before GC invocations=12 (full 2):
 PSYoungGen      total 109056K, used 104773K [0x00000007aab00000, 0x00000007b4e00000, 0x00000007c0000000)
  eden space 95232K, 100% used [0x00000007aab00000,0x00000007b0800000,0x00000007b0800000)
  from space 13824K, 69% used [0x00000007b0800000,0x00000007b1151690,0x00000007b1580000)
  to   space 15872K, 0% used [0x00000007b3e80000,0x00000007b3e80000,0x00000007b4e00000)
 ParOldGen       total 71168K, used 33032K [0x0000000780000000, 0x0000000784580000, 0x00000007aab00000)
  object space 71168K, 46% used [0x0000000780000000,0x00000007820422b0,0x0000000784580000)
 Metaspace       used 24813K, capacity 25080K, committed 25392K, reserved 1073152K
  class space    used 2433K, capacity 2541K, committed 2608K, reserved 1048576K
Event: 40.686 GC heap after
Heap after GC invocations=12 (full 2):
 PSYoungGen      total 150016K, used 11392K [0x00000007aab00000, 0x00000007b4e00000, 0x00000007c0000000)
  eden space 134144K, 0% used [0x00000007aab00000,0x00000007aab00000,0x00000007b2e00000)
  from space 15872K, 71% used [0x00000007b3e80000,0x00000007b49a02c0,0x00000007b4e00000)
  to   space 16384K, 0% used [0x00000007b2e00000,0x00000007b2e00000,0x00000007b3e00000)
 ParOldGen       total 71168K, used 35600K [0x0000000780000000, 0x0000000784580000, 0x00000007aab00000)
  object space 71168K, 50% used [0x0000000780000000,0x00000007822c4350,0x0000000784580000)
 Metaspace       used 24813K, capacity 25080K, committed 25392K, reserved 1073152K
  class space    used 2433K, capacity 2541K, committed 2608K, reserved 1048576K
}
Event: 64.110 GC heap before
{Heap before GC invocations=13 (full 2):
 PSYoungGen      total 150016K, used 145536K [0x00000007aab00000, 0x00000007b4e00000, 0x00000007c0000000)
  eden space 134144K, 100% used [0x00000007aab00000,0x00000007b2e00000,0x00000007b2e00000)
  from space 15872K, 71% used [0x00000007b3e80000,0x00000007b49a02c0,0x00000007b4e00000)
  to   space 16384K, 0% used [0x00000007b2e00000,0x00000007b2e00000,0x00000007b3e00000)
 ParOldGen       total 71168K, used 35600K [0x0000000780000000, 0x0000000784580000, 0x00000007aab00000)
  object space 71168K, 50% used [0x0000000780000000,0x00000007822c4350,0x0000000784580000)
 Metaspace       used 24815K, capacity 25080K, committed 25392K, reserved 1073152K
  class space    used 2433K, capacity 2541K, committed 2608K, reserved 1048576K
Event: 64.125 GC heap after
Heap after GC invocations=13 (full 2):
 PSYoungGen      total 150528K, used 96K [0x00000007aab00000, 0x00000007b7f80000, 0x00000007c0000000)
  eden space 134144K, 0% used [0x00000007aab00000,0x00000007aab00000,0x00000007b2e00000)
  from space 16384K, 0% used [0x00000007b2e00000,0x00000007b2e18000,0x00000007b3e00000)
  to   space 16896K, 0% used [0x00000007b6f00000,0x00000007b6f00000,0x00000007b7f80000)
 ParOldGen       total 71168K, used 46921K [0x0000000780000000, 0x0000000784580000, 0x00000007aab00000)
  object space 71168K, 65% used [0x0000000780000000,0x0000000782dd2610,0x0000000784580000)
 Metaspace       used 24815K, capacity 25080K, committed 25392K, reserved 1073152K
  class space    used 2433K, capacity 2541K, committed 2608K, reserved 1048576K
}
Event: 86.845 GC heap before
{Heap before GC invocations=14 (full 2):
 PSYoungGen      total 150528K, used 134240K [0x00000007aab00000, 0x00000007b7f80000, 0x00000007c0000000)
  eden space 134144K, 100% used [0x00000007aab00000,0x00000007b2e00000,0x00000007b2e00000)
  from space 16384K, 0% used [0x00000007b2e00000,0x00000007b2e18000,0x00000007b3e00000)
  to   space 16896K, 0% used [0x00000007b6f00000,0x00000007b6f00000,0x00000007b7f80000)
 ParOldGen       total 71168K, used 46921K [0x0000000780000000, 0x0000000784580000, 0x00000007aab00000)
  object space 71168K, 65% used [0x0000000780000000,0x0000000782dd2610,0x0000000784580000)
 Metaspace       used 24816K, capacity 25080K, committed 25392K, reserved 1073152K
  class space    used 2434K, capacity 2541K, committed 2608K, reserved 1048576K
Event: 86.848 GC heap after
Heap after GC invocations=14 (full 2):
 PSYoungGen      total 189440K, used 896K [0x00000007aab00000, 0x00000007b7a00000, 0x00000007c0000000)
  eden space 178176K, 0% used [0x00000007aab00000,0x00000007aab00000,0x00000007b5900000)
  from space 11264K, 7% used [0x00000007b6f00000,0x00000007b6fe0030,0x00000007b7a00000)
  to   space 16896K, 0% used [0x00000007b5900000,0x00000007b5900000,0x00000007b6980000)
 ParOldGen       total 71168K, used 46945K [0x0000000780000000, 0x0000000784580000, 0x00000007aab00000)
  object space 71168K, 65% used [0x0000000780000000,0x0000000782dd8610,0x0000000784580000)
 Metaspace       used 24816K, capacity 25080K, committed 25392K, reserved 1073152K
  class space    used 2434K, capacity 2541K, committed 2608K, reserved 1048576K
}
Event: 97.862 GC heap before
{Heap before GC invocations=15 (full 2):
 PSYoungGen      total 189440K, used 179072K [0x00000007aab00000, 0x00000007b7a00000, 0x00000007c0000000)
  eden space 178176K, 100% used [0x00000007aab00000,0x00000007b5900000,0x00000007b5900000)
  from space 11264K, 7% used [0x00000007b6f00000,0x00000007b6fe0030,0x00000007b7a00000)
  to   space 16896K, 0% used [0x00000007b5900000,0x00000007b5900000,0x00000007b6980000)
 ParOldGen       total 71168K, used 46945K [0x0000000780000000, 0x0000000784580000, 0x00000007aab00000)
  object space 71168K, 65% used [0x0000000780000000,0x0000000782dd8610,0x0000000784580000)
 Metaspace       used 24844K, capacity 25144K, committed 25392K, reserved 1073152K
  class space    used 2434K, capacity 2541K, committed 2608K, reserved 1048576K
Event: 97.880 GC heap after
Heap after GC invocations=15 (full 2):
 PSYoungGen      total 195072K, used 11200K [0x00000007aab00000, 0x00000007baf00000, 0x00000007c0000000)
  eden space 178176K, 0% used [0x00000007aab00000,0x00000007aab00000,0x00000007b5900000)
  from space 16896K, 66% used [0x00000007b5900000,0x00000007b63f02b0,0x00000007b6980000)
  to   space 17920K, 0% used [0x00000007b9d80000,0x00000007b9d80000,0x00000007baf00000)
 ParOldGen       total 71168K, used 46977K [0x0000000780000000, 0x0000000784580000, 0x00000007aab00000)
  object space 71168K, 66% used [0x0000000780000000,0x0000000782de0610,0x0000000784580000)
 Metaspace       used 24844K, capacity 25144K, committed 25392K, reserved 1073152K
  class space    used 2434K, capacity 2541K, committed 2608K, reserved 1048576K
}

