# JRE version: Java(TM) SE Runtime Environment (8.0_121-b13) (build 1.8.0_121-b13)
# Java VM: Java HotSpot(TM) 64-Bit Server VM (25.121-b13 mixed mode bsd-amd64 compressed oops)
Heap:
 PSYoungGen      total 35840K, used 10907K [0x00000007aab00000, 0x00000007ada00000, 0x00000007c0000000)
  eden space 24576K, 43% used [0x00000007aab00000,0x00000007ab586d08,0x00000007ac300000)
  from space 11264K, 1% used [0x00000007acf00000,0x00000007acf20000,0x00000007ada00000)
  to   space 11776K, 0% used [0x00000007ac300000,0x00000007ac300000,0x00000007ace80000)
 ParOldGen       total 45568K, used 15862K [0x0000000780000000, 0x0000000782c80000, 0x00000007aab00000)
  object space 45568K, 34% used [0x0000000780000000,0x0000000780f7da78,0x0000000782c80000)
 Metaspace       used 21484K, capacity 21755K, committed 21936K, reserved 1069056K
  class space    used 2110K, capacity 2204K, committed 2304K, reserved 1048576K
GC Heap History (10 events):
Event: 21.161 GC heap before
{Heap before GC invocations=9 (full 1):
 PSYoungGen      total 36352K, used 25448K [0x00000007aab00000, 0x00000007adc80000, 0x00000007c0000000)
  eden space 25088K, 100% used [0x00000007aab00000,0x00000007ac380000,0x00000007ac380000)
  from space 11264K, 3% used [0x00000007ac380000,0x00000007ac3da050,0x00000007ace80000)
  to   space 11776K, 0% used [0x00000007ad100000,0x00000007ad100000,0x00000007adc80000)
 ParOldGen       total 45568K, used 15582K [0x0000000780000000, 0x0000000782c80000, 0x00000007aab00000)
  object space 45568K, 34% used [0x0000000780000000,0x0000000780f379a8,0x0000000782c80000)
 Metaspace       used 21435K, capacity 21723K, committed 21808K, reserved 1069056K
  class space    used 2101K, capacity 2172K, committed 2176K, reserved 1048576K
Event: 21.164 GC heap after
Heap after GC invocations=9 (full 1):
 PSYoungGen      total 38400K, used 296K [0x00000007aab00000, 0x00000007ae980000, 0x00000007c0000000)
  eden space 26624K, 0% used [0x00000007aab00000,0x00000007aab00000,0x00000007ac500000)
  from space 11776K, 2% used [0x00000007ad100000,0x00000007ad14a050,0x00000007adc80000)
  to   space 12288K, 0% used [0x00000007ac500000,0x00000007ac500000,0x00000007ad100000)
 ParOldGen       total 45568K, used 15590K [0x0000000780000000, 0x0000000782c80000, 0x00000007aab00000)
  object space 45568K, 34% used [0x0000000780000000,0x0000000780f399a8,0x0000000782c80000)
 Metaspace       used 21435K, capacity 21723K, committed 21808K, reserved 1069056K
  class space    used 2101K, capacity 2172K, committed 2176K, reserved 1048576K
}
Event: 27.279 GC heap before
{Heap before GC invocations=10 (full 1):
 PSYoungGen      total 38400K, used 26920K [0x00000007aab00000, 0x00000007ae980000, 0x00000007c0000000)
  eden space 26624K, 100% used [0x00000007aab00000,0x00000007ac500000,0x00000007ac500000)
  from space 11776K, 2% used [0x00000007ad100000,0x00000007ad14a050,0x00000007adc80000)
  to   space 12288K, 0% used [0x00000007ac500000,0x00000007ac500000,0x00000007ad100000)
 ParOldGen       total 45568K, used 15590K [0x0000000780000000, 0x0000000782c80000, 0x00000007aab00000)
  object space 45568K, 34% used [0x0000000780000000,0x0000000780f399a8,0x0000000782c80000)
 Metaspace       used 21445K, capacity 21723K, committed 21808K, reserved 1069056K
  class space    used 2101K, capacity 2172K, committed 2176K, reserved 1048576K
Event: 27.281 GC heap after
Heap after GC invocations=10 (full 1):
 PSYoungGen      total 26624K, used 280K [0x00000007aab00000, 0x00000007adc80000, 0x00000007c0000000)
  eden space 26112K, 0% used [0x00000007aab00000,0x00000007aab00000,0x00000007ac480000)
  from space 512K, 54% used [0x00000007ac500000,0x00000007ac546040,0x00000007ac580000)
  to   space 12288K, 0% used [0x00000007ad080000,0x00000007ad080000,0x00000007adc80000)
 ParOldGen       total 45568K, used 15598K [0x0000000780000000, 0x0000000782c80000, 0x00000007aab00000)
  object space 45568K, 34% used [0x0000000780000000,0x0000000780f3b9a8,0x0000000782c80000)
 Metaspace       used 21445K, capacity 21723K, committed 21808K, reserved 1069056K
  class space    used 2101K, capacity 2172K, committed 2176K, reserved 1048576K
}
Event: 33.428 GC heap before
{Heap before GC invocations=11 (full 1):
 PSYoungGen      total 26624K, used 26392K [0x00000007aab00000, 0x00000007adc80000, 0x00000007c0000000)
  eden space 26112K, 100% used [0x00000007aab00000,0x00000007ac480000,0x00000007ac480000)
  from space 512K, 54% used [0x00000007ac500000,0x00000007ac546040,0x00000007ac580000)
  to   space 12288K, 0% used [0x00000007ad080000,0x00000007ad080000,0x00000007adc80000)
 ParOldGen       total 45568K, used 15598K [0x0000000780000000, 0x0000000782c80000, 0x00000007aab00000)
  object space 45568K, 34% used [0x0000000780000000,0x0000000780f3b9a8,0x0000000782c80000)
 Metaspace       used 21447K, capacity 21723K, committed 21808K, reserved 1069056K
  class space    used 2102K, capacity 2172K, committed 2176K, reserved 1048576K
Event: 33.431 GC heap after
Heap after GC invocations=11 (full 1):
 PSYoungGen      total 37376K, used 128K [0x00000007aab00000, 0x00000007adc00000, 0x00000007c0000000)
  eden space 25600K, 0% used [0x00000007aab00000,0x00000007aab00000,0x00000007ac400000)
  from space 11776K, 1% used [0x00000007ad080000,0x00000007ad0a0000,0x00000007adc00000)
  to   space 12288K, 0% used [0x00000007ac400000,0x00000007ac400000,0x00000007ad000000)
 ParOldGen       total 45568K, used 15846K [0x0000000780000000, 0x0000000782c80000, 0x00000007aab00000)
  object space 45568K, 34% used [0x0000000780000000,0x0000000780f79a78,0x0000000782c80000)
 Metaspace       used 21447K, capacity 21723K, committed 21808K, reserved 1069056K
  class space    used 2102K, capacity 2172K, committed 2176K, reserved 1048576K
}
Event: 39.445 GC heap before
{Heap before GC invocations=12 (full 1):
 PSYoungGen      total 37376K, used 25728K [0x00000007aab00000, 0x00000007adc00000, 0x00000007c0000000)
  eden space 25600K, 100% used [0x00000007aab00000,0x00000007ac400000,0x00000007ac400000)
  from space 11776K, 1% used [0x00000007ad080000,0x00000007ad0a0000,0x00000007adc00000)
  to   space 12288K, 0% used [0x00000007ac400000,0x00000007ac400000,0x00000007ad000000)
 ParOldGen       total 45568K, used 15846K [0x0000000780000000, 0x0000000782c80000, 0x00000007aab00000)
  object space 45568K, 34% used [0x0000000780000000,0x0000000780f79a78,0x0000000782c80000)
 Metaspace       used 21447K, capacity 21723K, committed 21808K, reserved 1069056K
  class space    used 2102K, capacity 2172K, committed 2176K, reserved 1048576K
Event: 39.447 GC heap after
Heap after GC invocations=12 (full 1):
 PSYoungGen      total 25600K, used 96K [0x00000007aab00000, 0x00000007ada80000, 0x00000007c0000000)
  eden space 25088K, 0% used [0x00000007aab00000,0x00000007aab00000,0x00000007ac380000)
  from space 512K, 18% used [0x00000007ac400000,0x00000007ac418000,0x00000007ac480000)
  to   space 11776K, 0% used [0x00000007acf00000,0x00000007acf00000,0x00000007ada80000)
 ParOldGen       total 45568K, used 15854K [0x0000000780000000, 0x0000000782c80000, 0x00000007aab00000)
  object space 45568K, 34% used [0x0000000780000000,0x0000000780f7ba78,0x0000000782c80000)
 Metaspace       used 21447K, capacity 21723K, committed 21808K, reserved 1069056K
  class space    used 2102K, capacity 2172K, committed 2176K, reserved 1048576K
}
Event: 45.367 GC heap before
{Heap before GC invocations=13 (full 1):
 PSYoungGen      total 25600K, used 25184K [0x00000007aab00000, 0x00000007ada80000, 0x00000007c0000000)
  eden space 25088K, 100% used [0x00000007aab00000,0x00000007ac380000,0x00000007ac380000)
  from space 512K, 18% used [0x00000007ac400000,0x00000007ac418000,0x00000007ac480000)
  to   space 11776K, 0% used [0x00000007acf00000,0x00000007acf00000,0x00000007ada80000)
 ParOldGen       total 45568K, used 15854K [0x0000000780000000, 0x0000000782c80000, 0x00000007aab00000)
  object space 45568K, 34% used [0x0000000780000000,0x0000000780f7ba78,0x0000000782c80000)
 Metaspace       used 21447K, capacity 21723K, committed 21808K, reserved 1069056K
  class space    used 2102K, capacity 2172K, committed 2176K, reserved 1048576K
Event: 45.368 GC heap after
Heap after GC invocations=13 (full 1):
 PSYoungGen      total 35840K, used 128K [0x00000007aab00000, 0x00000007ada00000, 0x00000007c0000000)
  eden space 24576K, 0% used [0x00000007aab00000,0x00000007aab00000,0x00000007ac300000)
  from space 11264K, 1% used [0x00000007acf00000,0x00000007acf20000,0x00000007ada00000)
  to   space 11776K, 0% used [0x00000007ac300000,0x00000007ac300000,0x00000007ace80000)
 ParOldGen       total 45568K, used 15862K [0x0000000780000000, 0x0000000782c80000, 0x00000007aab00000)
  object space 45568K, 34% used [0x0000000780000000,0x0000000780f7da78,0x0000000782c80000)
 Metaspace       used 21447K, capacity 21723K, committed 21808K, reserved 1069056K
  class space    used 2102K, capacity 2172K, committed 2176K, reserved 1048576K
}

