# JRE version: Java(TM) SE Runtime Environment (8.0_121-b13) (build 1.8.0_121-b13)
# Java VM: Java HotSpot(TM) 64-Bit Server VM (25.121-b13 mixed mode bsd-amd64 compressed oops)
Heap:
 PSYoungGen      total 171520K, used 115026K [0x00000007aab00000, 0x00000007b7e00000, 0x00000007c0000000)
  eden space 146432K, 76% used [0x00000007aab00000,0x00000007b1904840,0x00000007b3a00000)
  from space 25088K, 9% used [0x00000007b3a00000,0x00000007b3c50010,0x00000007b5280000)
  to   space 24064K, 0% used [0x00000007b6680000,0x00000007b6680000,0x00000007b7e00000)
 ParOldGen       total 73216K, used 26388K [0x0000000780000000, 0x0000000784780000, 0x00000007aab00000)
  object space 73216K, 36% used [0x0000000780000000,0x00000007819c52f0,0x0000000784780000)
 Metaspace       used 21444K, capacity 21679K, committed 22016K, reserved 1069056K
  class space    used 2117K, capacity 2204K, committed 2304K, reserved 1048576K
GC Heap History (10 events):
Event: 13.493 GC heap before
{Heap before GC invocations=15 (full 2):
 PSYoungGen      total 112128K, used 88928K [0x00000007aab00000, 0x00000007b3500000, 0x00000007c0000000)
  eden space 88064K, 100% used [0x00000007aab00000,0x00000007b0100000,0x00000007b0100000)
  from space 24064K, 3% used [0x00000007b1d80000,0x00000007b1e58000,0x00000007b3500000)
  to   space 26624K, 0% used [0x00000007b0100000,0x00000007b0100000,0x00000007b1b00000)
 ParOldGen       total 73216K, used 25932K [0x0000000780000000, 0x0000000784780000, 0x00000007aab00000)
  object space 73216K, 35% used [0x0000000780000000,0x0000000781953080,0x0000000784780000)
 Metaspace       used 21256K, capacity 21551K, committed 21760K, reserved 1069056K
  class space    used 2108K, capacity 2204K, committed 2304K, reserved 1048576K
Event: 13.496 GC heap after
Heap after GC invocations=15 (full 2):
 PSYoungGen      total 114688K, used 1280K [0x00000007aab00000, 0x00000007b5480000, 0x00000007c0000000)
  eden space 88064K, 0% used [0x00000007aab00000,0x00000007aab00000,0x00000007b0100000)
  from space 26624K, 4% used [0x00000007b0100000,0x00000007b0240000,0x00000007b1b00000)
  to   space 26624K, 0% used [0x00000007b3a80000,0x00000007b3a80000,0x00000007b5480000)
 ParOldGen       total 73216K, used 26060K [0x0000000780000000, 0x0000000784780000, 0x00000007aab00000)
  object space 73216K, 35% used [0x0000000780000000,0x00000007819732e0,0x0000000784780000)
 Metaspace       used 21256K, capacity 21551K, committed 21760K, reserved 1069056K
  class space    used 2108K, capacity 2204K, committed 2304K, reserved 1048576K
}
Event: 15.506 GC heap before
{Heap before GC invocations=16 (full 2):
 PSYoungGen      total 114688K, used 89344K [0x00000007aab00000, 0x00000007b5480000, 0x00000007c0000000)
  eden space 88064K, 100% used [0x00000007aab00000,0x00000007b0100000,0x00000007b0100000)
  from space 26624K, 4% used [0x00000007b0100000,0x00000007b0240000,0x00000007b1b00000)
  to   space 26624K, 0% used [0x00000007b3a80000,0x00000007b3a80000,0x00000007b5480000)
 ParOldGen       total 73216K, used 26060K [0x0000000780000000, 0x0000000784780000, 0x00000007aab00000)
  object space 73216K, 35% used [0x0000000780000000,0x00000007819732e0,0x0000000784780000)
 Metaspace       used 21276K, capacity 21551K, committed 21760K, reserved 1069056K
  class space    used 2108K, capacity 2204K, committed 2304K, reserved 1048576K
Event: 15.512 GC heap after
Heap after GC invocations=16 (full 2):
 PSYoungGen      total 139776K, used 1152K [0x00000007aab00000, 0x00000007b5100000, 0x00000007c0000000)
  eden space 116736K, 0% used [0x00000007aab00000,0x00000007aab00000,0x00000007b1d00000)
  from space 23040K, 5% used [0x00000007b3a80000,0x00000007b3ba0000,0x00000007b5100000)
  to   space 26624K, 0% used [0x00000007b1d00000,0x00000007b1d00000,0x00000007b3700000)
 ParOldGen       total 73216K, used 26204K [0x0000000780000000, 0x0000000784780000, 0x00000007aab00000)
  object space 73216K, 35% used [0x0000000780000000,0x00000007819972e0,0x0000000784780000)
 Metaspace       used 21276K, capacity 21551K, committed 21760K, reserved 1069056K
  class space    used 2108K, capacity 2204K, committed 2304K, reserved 1048576K
}
Event: 18.373 GC heap before
{Heap before GC invocations=17 (full 2):
 PSYoungGen      total 139776K, used 117888K [0x00000007aab00000, 0x00000007b5100000, 0x00000007c0000000)
  eden space 116736K, 100% used [0x00000007aab00000,0x00000007b1d00000,0x00000007b1d00000)
  from space 23040K, 5% used [0x00000007b3a80000,0x00000007b3ba0000,0x00000007b5100000)
  to   space 26624K, 0% used [0x00000007b1d00000,0x00000007b1d00000,0x00000007b3700000)
 ParOldGen       total 73216K, used 26204K [0x0000000780000000, 0x0000000784780000, 0x00000007aab00000)
  object space 73216K, 35% used [0x0000000780000000,0x00000007819972e0,0x0000000784780000)
 Metaspace       used 21310K, capacity 21551K, committed 21760K, reserved 1069056K
  class space    used 2109K, capacity 2204K, committed 2304K, reserved 1048576K
Event: 18.379 GC heap after
Heap after GC invocations=17 (full 2):
 PSYoungGen      total 143360K, used 1536K [0x00000007aab00000, 0x00000007b7080000, 0x00000007c0000000)
  eden space 116736K, 0% used [0x00000007aab00000,0x00000007aab00000,0x00000007b1d00000)
  from space 26624K, 5% used [0x00000007b1d00000,0x00000007b1e80000,0x00000007b3700000)
  to   space 26112K, 0% used [0x00000007b5700000,0x00000007b5700000,0x00000007b7080000)
 ParOldGen       total 73216K, used 26380K [0x0000000780000000, 0x0000000784780000, 0x00000007aab00000)
  object space 73216K, 36% used [0x0000000780000000,0x00000007819c32f0,0x0000000784780000)
 Metaspace       used 21310K, capacity 21551K, committed 21760K, reserved 1069056K
  class space    used 2109K, capacity 2204K, committed 2304K, reserved 1048576K
}
Event: 21.174 GC heap before
{Heap before GC invocations=18 (full 2):
 PSYoungGen      total 143360K, used 118272K [0x00000007aab00000, 0x00000007b7080000, 0x00000007c0000000)
  eden space 116736K, 100% used [0x00000007aab00000,0x00000007b1d00000,0x00000007b1d00000)
  from space 26624K, 5% used [0x00000007b1d00000,0x00000007b1e80000,0x00000007b3700000)
  to   space 26112K, 0% used [0x00000007b5700000,0x00000007b5700000,0x00000007b7080000)
 ParOldGen       total 73216K, used 26380K [0x0000000780000000, 0x0000000784780000, 0x00000007aab00000)
  object space 73216K, 36% used [0x0000000780000000,0x00000007819c32f0,0x0000000784780000)
 Metaspace       used 21325K, capacity 21615K, committed 21760K, reserved 1069056K
  class space    used 2109K, capacity 2204K, committed 2304K, reserved 1048576K
Event: 21.186 GC heap after
Heap after GC invocations=18 (full 2):
 PSYoungGen      total 166912K, used 2016K [0x00000007aab00000, 0x00000007b6b00000, 0x00000007c0000000)
  eden space 146432K, 0% used [0x00000007aab00000,0x00000007aab00000,0x00000007b3a00000)
  from space 20480K, 9% used [0x00000007b5700000,0x00000007b58f8010,0x00000007b6b00000)
  to   space 25088K, 0% used [0x00000007b3a00000,0x00000007b3a00000,0x00000007b5280000)
 ParOldGen       total 73216K, used 26388K [0x0000000780000000, 0x0000000784780000, 0x00000007aab00000)
  object space 73216K, 36% used [0x0000000780000000,0x00000007819c52f0,0x0000000784780000)
 Metaspace       used 21325K, capacity 21615K, committed 21760K, reserved 1069056K
  class space    used 2109K, capacity 2204K, committed 2304K, reserved 1048576K
}
Event: 24.586 GC heap before
{Heap before GC invocations=19 (full 2):
 PSYoungGen      total 166912K, used 148448K [0x00000007aab00000, 0x00000007b6b00000, 0x00000007c0000000)
  eden space 146432K, 100% used [0x00000007aab00000,0x00000007b3a00000,0x00000007b3a00000)
  from space 20480K, 9% used [0x00000007b5700000,0x00000007b58f8010,0x00000007b6b00000)
  to   space 25088K, 0% used [0x00000007b3a00000,0x00000007b3a00000,0x00000007b5280000)
 ParOldGen       total 73216K, used 26388K [0x0000000780000000, 0x0000000784780000, 0x00000007aab00000)
  object space 73216K, 36% used [0x0000000780000000,0x00000007819c52f0,0x0000000784780000)
 Metaspace       used 21367K, capacity 21615K, committed 21760K, reserved 1069056K
  class space    used 2109K, capacity 2204K, committed 2304K, reserved 1048576K
Event: 24.592 GC heap after
Heap after GC invocations=19 (full 2):
 PSYoungGen      total 171520K, used 2368K [0x00000007aab00000, 0x00000007b7e00000, 0x00000007c0000000)
  eden space 146432K, 0% used [0x00000007aab00000,0x00000007aab00000,0x00000007b3a00000)
  from space 25088K, 9% used [0x00000007b3a00000,0x00000007b3c50010,0x00000007b5280000)
  to   space 24064K, 0% used [0x00000007b6680000,0x00000007b6680000,0x00000007b7e00000)
 ParOldGen       total 73216K, used 26388K [0x0000000780000000, 0x0000000784780000, 0x00000007aab00000)
  object space 73216K, 36% used [0x0000000780000000,0x00000007819c52f0,0x0000000784780000)
 Metaspace       used 21367K, capacity 21615K, committed 21760K, reserved 1069056K
  class space    used 2109K, capacity 2204K, committed 2304K, reserved 1048576K
}

