# JRE version: Java(TM) SE Runtime Environment (8.0_121-b13) (build 1.8.0_121-b13)
# Java VM: Java HotSpot(TM) 64-Bit Server VM (25.121-b13 mixed mode bsd-amd64 compressed oops)
Heap:
 PSYoungGen      total 79360K, used 3358K [0x00000007aab00000, 0x00000007b0600000, 0x00000007c0000000)
  eden space 70656K, 4% used [0x00000007aab00000,0x00000007aae2f9d8,0x00000007af000000)
  from space 8704K, 1% used [0x00000007afd80000,0x00000007afd98000,0x00000007b0600000)
  to   space 11264K, 0% used [0x00000007af000000,0x00000007af000000,0x00000007afb00000)
 ParOldGen       total 44544K, used 15549K [0x0000000780000000, 0x0000000782b80000, 0x00000007aab00000)
  object space 44544K, 34% used [0x0000000780000000,0x0000000780f2f4c0,0x0000000782b80000)
 Metaspace       used 21220K, capacity 21459K, committed 21552K, reserved 1069056K
  class space    used 2081K, capacity 2170K, committed 2176K, reserved 1048576K
GC Heap History (10 events):
Event: 13.012 GC heap before
{Heap before GC invocations=7 (full 0):
 PSYoungGen      total 42496K, used 8849K [0x00000007aab00000, 0x00000007ae000000, 0x00000007c0000000)
  eden space 32256K, 19% used [0x00000007aab00000,0x00000007ab11bdf0,0x00000007aca80000)
  from space 10240K, 25% used [0x00000007ad500000,0x00000007ad7887d0,0x00000007adf00000)
  to   space 10752K, 0% used [0x00000007aca80000,0x00000007aca80000,0x00000007ad500000)
 ParOldGen       total 44032K, used 17958K [0x0000000780000000, 0x0000000782b00000, 0x00000007aab00000)
  object space 44032K, 40% used [0x0000000780000000,0x0000000781189bd8,0x0000000782b00000)
 Metaspace       used 20973K, capacity 21165K, committed 21296K, reserved 1069056K
  class space    used 2063K, capacity 2137K, committed 2176K, reserved 1048576K
Event: 13.025 GC heap after
Heap after GC invocations=7 (full 0):
 PSYoungGen      total 43008K, used 1377K [0x00000007aab00000, 0x00000007aff00000, 0x00000007c0000000)
  eden space 32256K, 0% used [0x00000007aab00000,0x00000007aab00000,0x00000007aca80000)
  from space 10752K, 12% used [0x00000007aca80000,0x00000007acbd87b0,0x00000007ad500000)
  to   space 10752K, 0% used [0x00000007af480000,0x00000007af480000,0x00000007aff00000)
 ParOldGen       total 44032K, used 19190K [0x0000000780000000, 0x0000000782b00000, 0x00000007aab00000)
  object space 44032K, 43% used [0x0000000780000000,0x00000007812bd9c8,0x0000000782b00000)
 Metaspace       used 20973K, capacity 21165K, committed 21296K, reserved 1069056K
  class space    used 2063K, capacity 2137K, committed 2176K, reserved 1048576K
}
Event: 13.025 GC heap before
{Heap before GC invocations=8 (full 1):
 PSYoungGen      total 43008K, used 1377K [0x00000007aab00000, 0x00000007aff00000, 0x00000007c0000000)
  eden space 32256K, 0% used [0x00000007aab00000,0x00000007aab00000,0x00000007aca80000)
  from space 10752K, 12% used [0x00000007aca80000,0x00000007acbd87b0,0x00000007ad500000)
  to   space 10752K, 0% used [0x00000007af480000,0x00000007af480000,0x00000007aff00000)
 ParOldGen       total 44032K, used 19190K [0x0000000780000000, 0x0000000782b00000, 0x00000007aab00000)
  object space 44032K, 43% used [0x0000000780000000,0x00000007812bd9c8,0x0000000782b00000)
 Metaspace       used 20973K, capacity 21165K, committed 21296K, reserved 1069056K
  class space    used 2063K, capacity 2137K, committed 2176K, reserved 1048576K
Event: 13.090 GC heap after
Heap after GC invocations=8 (full 1):
 PSYoungGen      total 43008K, used 0K [0x00000007aab00000, 0x00000007aff00000, 0x00000007c0000000)
  eden space 32256K, 0% used [0x00000007aab00000,0x00000007aab00000,0x00000007aca80000)
  from space 10752K, 0% used [0x00000007aca80000,0x00000007aca80000,0x00000007ad500000)
  to   space 10752K, 0% used [0x00000007af480000,0x00000007af480000,0x00000007aff00000)
 ParOldGen       total 44544K, used 15501K [0x0000000780000000, 0x0000000782b80000, 0x00000007aab00000)
  object space 44544K, 34% used [0x0000000780000000,0x0000000780f234c0,0x0000000782b80000)
 Metaspace       used 20973K, capacity 21165K, committed 21296K, reserved 1069056K
  class space    used 2063K, capacity 2137K, committed 2176K, reserved 1048576K
}
Event: 19.416 GC heap before
{Heap before GC invocations=9 (full 1):
 PSYoungGen      total 43008K, used 32256K [0x00000007aab00000, 0x00000007aff00000, 0x00000007c0000000)
  eden space 32256K, 100% used [0x00000007aab00000,0x00000007aca80000,0x00000007aca80000)
  from space 10752K, 0% used [0x00000007aca80000,0x00000007aca80000,0x00000007ad500000)
  to   space 10752K, 0% used [0x00000007af480000,0x00000007af480000,0x00000007aff00000)
 ParOldGen       total 44544K, used 15501K [0x0000000780000000, 0x0000000782b80000, 0x00000007aab00000)
  object space 44544K, 34% used [0x0000000780000000,0x0000000780f234c0,0x0000000782b80000)
 Metaspace       used 21117K, capacity 21357K, committed 21552K, reserved 1069056K
  class space    used 2063K, capacity 2137K, committed 2176K, reserved 1048576K
Event: 19.418 GC heap after
Heap after GC invocations=9 (full 1):
 PSYoungGen      total 54784K, used 96K [0x00000007aab00000, 0x00000007af580000, 0x00000007c0000000)
  eden space 53760K, 0% used [0x00000007aab00000,0x00000007aab00000,0x00000007adf80000)
  from space 1024K, 9% used [0x00000007af480000,0x00000007af498000,0x00000007af580000)
  to   space 11264K, 0% used [0x00000007adf80000,0x00000007adf80000,0x00000007aea80000)
 ParOldGen       total 44544K, used 15509K [0x0000000780000000, 0x0000000782b80000, 0x00000007aab00000)
  object space 44544K, 34% used [0x0000000780000000,0x0000000780f254c0,0x0000000782b80000)
 Metaspace       used 21117K, capacity 21357K, committed 21552K, reserved 1069056K
  class space    used 2063K, capacity 2137K, committed 2176K, reserved 1048576K
}
Event: 30.083 GC heap before
{Heap before GC invocations=10 (full 1):
 PSYoungGen      total 54784K, used 53856K [0x00000007aab00000, 0x00000007af580000, 0x00000007c0000000)
  eden space 53760K, 100% used [0x00000007aab00000,0x00000007adf80000,0x00000007adf80000)
  from space 1024K, 9% used [0x00000007af480000,0x00000007af498000,0x00000007af580000)
  to   space 11264K, 0% used [0x00000007adf80000,0x00000007adf80000,0x00000007aea80000)
 ParOldGen       total 44544K, used 15509K [0x0000000780000000, 0x0000000782b80000, 0x00000007aab00000)
  object space 44544K, 34% used [0x0000000780000000,0x0000000780f254c0,0x0000000782b80000)
 Metaspace       used 21123K, capacity 21357K, committed 21552K, reserved 1069056K
  class space    used 2063K, capacity 2137K, committed 2176K, reserved 1048576K
Event: 30.085 GC heap after
Heap after GC invocations=10 (full 1):
 PSYoungGen      total 65024K, used 128K [0x00000007aab00000, 0x00000007b0880000, 0x00000007c0000000)
  eden space 53760K, 0% used [0x00000007aab00000,0x00000007aab00000,0x00000007adf80000)
  from space 11264K, 1% used [0x00000007adf80000,0x00000007adfa0000,0x00000007aea80000)
  to   space 11264K, 0% used [0x00000007afd80000,0x00000007afd80000,0x00000007b0880000)
 ParOldGen       total 44544K, used 15517K [0x0000000780000000, 0x0000000782b80000, 0x00000007aab00000)
  object space 44544K, 34% used [0x0000000780000000,0x0000000780f274c0,0x0000000782b80000)
 Metaspace       used 21123K, capacity 21357K, committed 21552K, reserved 1069056K
  class space    used 2063K, capacity 2137K, committed 2176K, reserved 1048576K
}
Event: 40.980 GC heap before
{Heap before GC invocations=11 (full 1):
 PSYoungGen      total 65024K, used 53888K [0x00000007aab00000, 0x00000007b0880000, 0x00000007c0000000)
  eden space 53760K, 100% used [0x00000007aab00000,0x00000007adf80000,0x00000007adf80000)
  from space 11264K, 1% used [0x00000007adf80000,0x00000007adfa0000,0x00000007aea80000)
  to   space 11264K, 0% used [0x00000007afd80000,0x00000007afd80000,0x00000007b0880000)
 ParOldGen       total 44544K, used 15517K [0x0000000780000000, 0x0000000782b80000, 0x00000007aab00000)
  object space 44544K, 34% used [0x0000000780000000,0x0000000780f274c0,0x0000000782b80000)
 Metaspace       used 21185K, capacity 21427K, committed 21552K, reserved 1069056K
  class space    used 2072K, capacity 2138K, committed 2176K, reserved 1048576K
Event: 40.981 GC heap after
Heap after GC invocations=11 (full 1):
 PSYoungGen      total 79360K, used 96K [0x00000007aab00000, 0x00000007b0600000, 0x00000007c0000000)
  eden space 70656K, 0% used [0x00000007aab00000,0x00000007aab00000,0x00000007af000000)
  from space 8704K, 1% used [0x00000007afd80000,0x00000007afd98000,0x00000007b0600000)
  to   space 11264K, 0% used [0x00000007af000000,0x00000007af000000,0x00000007afb00000)
 ParOldGen       total 44544K, used 15549K [0x0000000780000000, 0x0000000782b80000, 0x00000007aab00000)
  object space 44544K, 34% used [0x0000000780000000,0x0000000780f2f4c0,0x0000000782b80000)
 Metaspace       used 21185K, capacity 21427K, committed 21552K, reserved 1069056K
  class space    used 2072K, capacity 2138K, committed 2176K, reserved 1048576K
}

