# JRE version: Java(TM) SE Runtime Environment (8.0_121-b13) (build 1.8.0_121-b13)
# Java VM: Java HotSpot(TM) 64-Bit Server VM (25.121-b13 mixed mode bsd-amd64 compressed oops)
Heap:
 PSYoungGen      total 60928K, used 36054K [0x00000007aab00000, 0x00000007af200000, 0x00000007c0000000)
  eden space 53248K, 67% used [0x00000007aab00000,0x00000007acdfd8c8,0x00000007adf00000)
  from space 7680K, 2% used [0x00000007aea80000,0x00000007aeab8000,0x00000007af200000)
  to   space 9728K, 0% used [0x00000007adf00000,0x00000007adf00000,0x00000007ae880000)
 ParOldGen       total 45568K, used 15771K [0x0000000780000000, 0x0000000782c80000, 0x00000007aab00000)
  object space 45568K, 34% used [0x0000000780000000,0x0000000780f66fe0,0x0000000782c80000)
 Metaspace       used 21884K, capacity 22159K, committed 22448K, reserved 1069056K
  class space    used 2138K, capacity 2236K, committed 2304K, reserved 1048576K
GC Heap History (10 events):
Event: 46.670 GC heap before
{Heap before GC invocations=13 (full 1):
 PSYoungGen      total 62976K, used 62688K [0x00000007aab00000, 0x00000007aff00000, 0x00000007c0000000)
  eden space 62464K, 100% used [0x00000007aab00000,0x00000007ae800000,0x00000007ae800000)
  from space 512K, 43% used [0x00000007aea00000,0x00000007aea38000,0x00000007aea80000)
  to   space 11776K, 0% used [0x00000007af380000,0x00000007af380000,0x00000007aff00000)
 ParOldGen       total 45568K, used 15771K [0x0000000780000000, 0x0000000782c80000, 0x00000007aab00000)
  object space 45568K, 34% used [0x0000000780000000,0x0000000780f66fe0,0x0000000782c80000)
 Metaspace       used 21848K, capacity 22095K, committed 22448K, reserved 1069056K
  class space    used 2130K, capacity 2236K, committed 2304K, reserved 1048576K
Event: 46.671 GC heap after
Heap after GC invocations=13 (full 1):
 PSYoungGen      total 69120K, used 256K [0x00000007aab00000, 0x00000007afc00000, 0x00000007c0000000)
  eden space 60416K, 0% used [0x00000007aab00000,0x00000007aab00000,0x00000007ae600000)
  from space 8704K, 2% used [0x00000007af380000,0x00000007af3c0000,0x00000007afc00000)
  to   space 11264K, 0% used [0x00000007ae600000,0x00000007ae600000,0x00000007af100000)
 ParOldGen       total 45568K, used 15771K [0x0000000780000000, 0x0000000782c80000, 0x00000007aab00000)
  object space 45568K, 34% used [0x0000000780000000,0x0000000780f66fe0,0x0000000782c80000)
 Metaspace       used 21848K, capacity 22095K, committed 22448K, reserved 1069056K
  class space    used 2130K, capacity 2236K, committed 2304K, reserved 1048576K
}
Event: 56.855 GC heap before
{Heap before GC invocations=14 (full 1):
 PSYoungGen      total 69120K, used 60672K [0x00000007aab00000, 0x00000007afc00000, 0x00000007c0000000)
  eden space 60416K, 100% used [0x00000007aab00000,0x00000007ae600000,0x00000007ae600000)
  from space 8704K, 2% used [0x00000007af380000,0x00000007af3c0000,0x00000007afc00000)
  to   space 11264K, 0% used [0x00000007ae600000,0x00000007ae600000,0x00000007af100000)
 ParOldGen       total 45568K, used 15771K [0x0000000780000000, 0x0000000782c80000, 0x00000007aab00000)
  object space 45568K, 34% used [0x0000000780000000,0x0000000780f66fe0,0x0000000782c80000)
 Metaspace       used 21848K, capacity 22095K, committed 22448K, reserved 1069056K
  class space    used 2130K, capacity 2236K, committed 2304K, reserved 1048576K
Event: 56.857 GC heap after
Heap after GC invocations=14 (full 1):
 PSYoungGen      total 58880K, used 256K [0x00000007aab00000, 0x00000007af900000, 0x00000007c0000000)
  eden space 58368K, 0% used [0x00000007aab00000,0x00000007aab00000,0x00000007ae400000)
  from space 512K, 50% used [0x00000007ae600000,0x00000007ae640000,0x00000007ae680000)
  to   space 10752K, 0% used [0x00000007aee80000,0x00000007aee80000,0x00000007af900000)
 ParOldGen       total 45568K, used 15771K [0x0000000780000000, 0x0000000782c80000, 0x00000007aab00000)
  object space 45568K, 34% used [0x0000000780000000,0x0000000780f66fe0,0x0000000782c80000)
 Metaspace       used 21848K, capacity 22095K, committed 22448K, reserved 1069056K
  class space    used 2130K, capacity 2236K, committed 2304K, reserved 1048576K
}
Event: 66.707 GC heap before
{Heap before GC invocations=15 (full 1):
 PSYoungGen      total 58880K, used 58624K [0x00000007aab00000, 0x00000007af900000, 0x00000007c0000000)
  eden space 58368K, 100% used [0x00000007aab00000,0x00000007ae400000,0x00000007ae400000)
  from space 512K, 50% used [0x00000007ae600000,0x00000007ae640000,0x00000007ae680000)
  to   space 10752K, 0% used [0x00000007aee80000,0x00000007aee80000,0x00000007af900000)
 ParOldGen       total 45568K, used 15771K [0x0000000780000000, 0x0000000782c80000, 0x00000007aab00000)
  object space 45568K, 34% used [0x0000000780000000,0x0000000780f66fe0,0x0000000782c80000)
 Metaspace       used 21848K, capacity 22095K, committed 22448K, reserved 1069056K
  class space    used 2130K, capacity 2236K, committed 2304K, reserved 1048576K
Event: 66.709 GC heap after
Heap after GC invocations=15 (full 1):
 PSYoungGen      total 65024K, used 224K [0x00000007aab00000, 0x00000007af700000, 0x00000007c0000000)
  eden space 56320K, 0% used [0x00000007aab00000,0x00000007aab00000,0x00000007ae200000)
  from space 8704K, 2% used [0x00000007aee80000,0x00000007aeeb8000,0x00000007af700000)
  to   space 10752K, 0% used [0x00000007ae200000,0x00000007ae200000,0x00000007aec80000)
 ParOldGen       total 45568K, used 15771K [0x0000000780000000, 0x0000000782c80000, 0x00000007aab00000)
  object space 45568K, 34% used [0x0000000780000000,0x0000000780f66fe0,0x0000000782c80000)
 Metaspace       used 21848K, capacity 22095K, committed 22448K, reserved 1069056K
  class space    used 2130K, capacity 2236K, committed 2304K, reserved 1048576K
}
Event: 76.206 GC heap before
{Heap before GC invocations=16 (full 1):
 PSYoungGen      total 65024K, used 56544K [0x00000007aab00000, 0x00000007af700000, 0x00000007c0000000)
  eden space 56320K, 100% used [0x00000007aab00000,0x00000007ae200000,0x00000007ae200000)
  from space 8704K, 2% used [0x00000007aee80000,0x00000007aeeb8000,0x00000007af700000)
  to   space 10752K, 0% used [0x00000007ae200000,0x00000007ae200000,0x00000007aec80000)
 ParOldGen       total 45568K, used 15771K [0x0000000780000000, 0x0000000782c80000, 0x00000007aab00000)
  object space 45568K, 34% used [0x0000000780000000,0x0000000780f66fe0,0x0000000782c80000)
 Metaspace       used 21849K, capacity 22095K, committed 22448K, reserved 1069056K
  class space    used 2130K, capacity 2236K, committed 2304K, reserved 1048576K
Event: 76.208 GC heap after
Heap after GC invocations=16 (full 1):
 PSYoungGen      total 55296K, used 256K [0x00000007aab00000, 0x00000007af480000, 0x00000007c0000000)
  eden space 54784K, 0% used [0x00000007aab00000,0x00000007aab00000,0x00000007ae080000)
  from space 512K, 50% used [0x00000007ae200000,0x00000007ae240000,0x00000007ae280000)
  to   space 10240K, 0% used [0x00000007aea80000,0x00000007aea80000,0x00000007af480000)
 ParOldGen       total 45568K, used 15771K [0x0000000780000000, 0x0000000782c80000, 0x00000007aab00000)
  object space 45568K, 34% used [0x0000000780000000,0x0000000780f66fe0,0x0000000782c80000)
 Metaspace       used 21849K, capacity 22095K, committed 22448K, reserved 1069056K
  class space    used 2130K, capacity 2236K, committed 2304K, reserved 1048576K
}
Event: 85.491 GC heap before
{Heap before GC invocations=17 (full 1):
 PSYoungGen      total 55296K, used 55040K [0x00000007aab00000, 0x00000007af480000, 0x00000007c0000000)
  eden space 54784K, 100% used [0x00000007aab00000,0x00000007ae080000,0x00000007ae080000)
  from space 512K, 50% used [0x00000007ae200000,0x00000007ae240000,0x00000007ae280000)
  to   space 10240K, 0% used [0x00000007aea80000,0x00000007aea80000,0x00000007af480000)
 ParOldGen       total 45568K, used 15771K [0x0000000780000000, 0x0000000782c80000, 0x00000007aab00000)
  object space 45568K, 34% used [0x0000000780000000,0x0000000780f66fe0,0x0000000782c80000)
 Metaspace       used 21849K, capacity 22095K, committed 22448K, reserved 1069056K
  class space    used 2130K, capacity 2236K, committed 2304K, reserved 1048576K
Event: 85.493 GC heap after
Heap after GC invocations=17 (full 1):
 PSYoungGen      total 60928K, used 224K [0x00000007aab00000, 0x00000007af200000, 0x00000007c0000000)
  eden space 53248K, 0% used [0x00000007aab00000,0x00000007aab00000,0x00000007adf00000)
  from space 7680K, 2% used [0x00000007aea80000,0x00000007aeab8000,0x00000007af200000)
  to   space 9728K, 0% used [0x00000007adf00000,0x00000007adf00000,0x00000007ae880000)
 ParOldGen       total 45568K, used 15771K [0x0000000780000000, 0x0000000782c80000, 0x00000007aab00000)
  object space 45568K, 34% used [0x0000000780000000,0x0000000780f66fe0,0x0000000782c80000)
 Metaspace       used 21849K, capacity 22095K, committed 22448K, reserved 1069056K
  class space    used 2130K, capacity 2236K, committed 2304K, reserved 1048576K
}

