# JRE version: Java(TM) SE Runtime Environment (8.0_121-b13) (build 1.8.0_121-b13)
# Java VM: Java HotSpot(TM) 64-Bit Server VM (25.121-b13 mixed mode bsd-amd64 compressed oops)
Heap:
 PSYoungGen      total 67584K, used 23261K [0x00000007aab00000, 0x00000007af900000, 0x00000007c0000000)
  eden space 57344K, 28% used [0x00000007aab00000,0x00000007abae54b0,0x00000007ae300000)
  from space 10240K, 68% used [0x00000007aef00000,0x00000007af5d21e0,0x00000007af900000)
  to   space 11264K, 0% used [0x00000007ae300000,0x00000007ae300000,0x00000007aee00000)
 ParOldGen       total 43008K, used 15526K [0x0000000780000000, 0x0000000782a00000, 0x00000007aab00000)
  object space 43008K, 36% used [0x0000000780000000,0x0000000780f29928,0x0000000782a00000)
 Metaspace       used 21585K, capacity 21851K, committed 22016K, reserved 1069056K
  class space    used 2139K, capacity 2236K, committed 2304K, reserved 1048576K
GC Heap History (10 events):
Event: 6.663 GC heap before
{Heap before GC invocations=5 (full 0):
 PSYoungGen      total 18944K, used 18928K [0x00000007aab00000, 0x00000007ad000000, 0x00000007c0000000)
  eden space 16384K, 100% used [0x00000007aab00000,0x00000007abb00000,0x00000007abb00000)
  from space 2560K, 99% used [0x00000007abd80000,0x00000007abffc080,0x00000007ac000000)
  to   space 2560K, 0% used [0x00000007abb00000,0x00000007abb00000,0x00000007abd80000)
 ParOldGen       total 44032K, used 14803K [0x0000000780000000, 0x0000000782b00000, 0x00000007aab00000)
  object space 44032K, 33% used [0x0000000780000000,0x0000000780e74fc8,0x0000000782b00000)
 Metaspace       used 20824K, capacity 21045K, committed 21248K, reserved 1069056K
  class space    used 2108K, capacity 2203K, committed 2304K, reserved 1048576K
Event: 6.674 GC heap after
Heap after GC invocations=5 (full 0):
 PSYoungGen      total 18944K, used 2528K [0x00000007aab00000, 0x00000007adf00000, 0x00000007c0000000)
  eden space 16384K, 0% used [0x00000007aab00000,0x00000007aab00000,0x00000007abb00000)
  from space 2560K, 98% used [0x00000007abb00000,0x00000007abd78070,0x00000007abd80000)
  to   space 10240K, 0% used [0x00000007ad500000,0x00000007ad500000,0x00000007adf00000)
 ParOldGen       total 44032K, used 18040K [0x0000000780000000, 0x0000000782b00000, 0x00000007aab00000)
  object space 44032K, 40% used [0x0000000780000000,0x000000078119e148,0x0000000782b00000)
 Metaspace       used 20824K, capacity 21045K, committed 21248K, reserved 1069056K
  class space    used 2108K, capacity 2203K, committed 2304K, reserved 1048576K
}
Event: 6.730 GC heap before
{Heap before GC invocations=6 (full 0):
 PSYoungGen      total 18944K, used 3034K [0x00000007aab00000, 0x00000007adf00000, 0x00000007c0000000)
  eden space 16384K, 3% used [0x00000007aab00000,0x00000007aab7e9d8,0x00000007abb00000)
  from space 2560K, 98% used [0x00000007abb00000,0x00000007abd78070,0x00000007abd80000)
  to   space 10240K, 0% used [0x00000007ad500000,0x00000007ad500000,0x00000007adf00000)
 ParOldGen       total 44032K, used 18040K [0x0000000780000000, 0x0000000782b00000, 0x00000007aab00000)
  object space 44032K, 40% used [0x0000000780000000,0x000000078119e148,0x0000000782b00000)
 Metaspace       used 20846K, capacity 21045K, committed 21248K, reserved 1069056K
  class space    used 2108K, capacity 2203K, committed 2304K, reserved 1048576K
Event: 6.738 GC heap after
Heap after GC invocations=6 (full 0):
 PSYoungGen      total 42496K, used 2592K [0x00000007aab00000, 0x00000007ae000000, 0x00000007c0000000)
  eden space 32256K, 0% used [0x00000007aab00000,0x00000007aab00000,0x00000007aca80000)
  from space 10240K, 25% used [0x00000007ad500000,0x00000007ad788070,0x00000007adf00000)
  to   space 10752K, 0% used [0x00000007aca80000,0x00000007aca80000,0x00000007ad500000)
 ParOldGen       total 44032K, used 18048K [0x0000000780000000, 0x0000000782b00000, 0x00000007aab00000)
  object space 44032K, 40% used [0x0000000780000000,0x00000007811a0148,0x0000000782b00000)
 Metaspace       used 20846K, capacity 21045K, committed 21248K, reserved 1069056K
  class space    used 2108K, capacity 2203K, committed 2304K, reserved 1048576K
}
Event: 6.738 GC heap before
{Heap before GC invocations=7 (full 1):
 PSYoungGen      total 42496K, used 2592K [0x00000007aab00000, 0x00000007ae000000, 0x00000007c0000000)
  eden space 32256K, 0% used [0x00000007aab00000,0x00000007aab00000,0x00000007aca80000)
  from space 10240K, 25% used [0x00000007ad500000,0x00000007ad788070,0x00000007adf00000)
  to   space 10752K, 0% used [0x00000007aca80000,0x00000007aca80000,0x00000007ad500000)
 ParOldGen       total 44032K, used 18048K [0x0000000780000000, 0x0000000782b00000, 0x00000007aab00000)
  object space 44032K, 40% used [0x0000000780000000,0x00000007811a0148,0x0000000782b00000)
 Metaspace       used 20846K, capacity 21045K, committed 21248K, reserved 1069056K
  class space    used 2108K, capacity 2203K, committed 2304K, reserved 1048576K
Event: 6.791 GC heap after
Heap after GC invocations=7 (full 1):
 PSYoungGen      total 42496K, used 0K [0x00000007aab00000, 0x00000007ae000000, 0x00000007c0000000)
  eden space 32256K, 0% used [0x00000007aab00000,0x00000007aab00000,0x00000007aca80000)
  from space 10240K, 0% used [0x00000007ad500000,0x00000007ad500000,0x00000007adf00000)
  to   space 10752K, 0% used [0x00000007aca80000,0x00000007aca80000,0x00000007ad500000)
 ParOldGen       total 43008K, used 15510K [0x0000000780000000, 0x0000000782a00000, 0x00000007aab00000)
  object space 43008K, 36% used [0x0000000780000000,0x0000000780f25928,0x0000000782a00000)
 Metaspace       used 20846K, capacity 21045K, committed 21248K, reserved 1069056K
  class space    used 2108K, capacity 2203K, committed 2304K, reserved 1048576K
}
Event: 12.649 GC heap before
{Heap before GC invocations=8 (full 1):
 PSYoungGen      total 42496K, used 32018K [0x00000007aab00000, 0x00000007ae000000, 0x00000007c0000000)
  eden space 32256K, 99% used [0x00000007aab00000,0x00000007aca44af0,0x00000007aca80000)
  from space 10240K, 0% used [0x00000007ad500000,0x00000007ad500000,0x00000007adf00000)
  to   space 10752K, 0% used [0x00000007aca80000,0x00000007aca80000,0x00000007ad500000)
 ParOldGen       total 43008K, used 15510K [0x0000000780000000, 0x0000000782a00000, 0x00000007aab00000)
  object space 43008K, 36% used [0x0000000780000000,0x0000000780f25928,0x0000000782a00000)
 Metaspace       used 21282K, capacity 21563K, committed 21760K, reserved 1069056K
  class space    used 2109K, capacity 2204K, committed 2304K, reserved 1048576K
Event: 12.652 GC heap after
Heap after GC invocations=8 (full 1):
 PSYoungGen      total 43008K, used 616K [0x00000007aab00000, 0x00000007afa00000, 0x00000007c0000000)
  eden space 32256K, 0% used [0x00000007aab00000,0x00000007aab00000,0x00000007aca80000)
  from space 10752K, 5% used [0x00000007aca80000,0x00000007acb1a040,0x00000007ad500000)
  to   space 11264K, 0% used [0x00000007aef00000,0x00000007aef00000,0x00000007afa00000)
 ParOldGen       total 43008K, used 15518K [0x0000000780000000, 0x0000000782a00000, 0x00000007aab00000)
  object space 43008K, 36% used [0x0000000780000000,0x0000000780f27928,0x0000000782a00000)
 Metaspace       used 21282K, capacity 21563K, committed 21760K, reserved 1069056K
  class space    used 2109K, capacity 2204K, committed 2304K, reserved 1048576K
}
Event: 13.449 GC heap before
{Heap before GC invocations=9 (full 1):
 PSYoungGen      total 43008K, used 32872K [0x00000007aab00000, 0x00000007afa00000, 0x00000007c0000000)
  eden space 32256K, 100% used [0x00000007aab00000,0x00000007aca80000,0x00000007aca80000)
  from space 10752K, 5% used [0x00000007aca80000,0x00000007acb1a040,0x00000007ad500000)
  to   space 11264K, 0% used [0x00000007aef00000,0x00000007aef00000,0x00000007afa00000)
 ParOldGen       total 43008K, used 15518K [0x0000000780000000, 0x0000000782a00000, 0x00000007aab00000)
  object space 43008K, 36% used [0x0000000780000000,0x0000000780f27928,0x0000000782a00000)
 Metaspace       used 21385K, capacity 21691K, committed 22016K, reserved 1069056K
  class space    used 2109K, capacity 2204K, committed 2304K, reserved 1048576K
Event: 13.460 GC heap after
Heap after GC invocations=9 (full 1):
 PSYoungGen      total 67584K, used 6984K [0x00000007aab00000, 0x00000007af900000, 0x00000007c0000000)
  eden space 57344K, 0% used [0x00000007aab00000,0x00000007aab00000,0x00000007ae300000)
  from space 10240K, 68% used [0x00000007aef00000,0x00000007af5d21e0,0x00000007af900000)
  to   space 11264K, 0% used [0x00000007ae300000,0x00000007ae300000,0x00000007aee00000)
 ParOldGen       total 43008K, used 15526K [0x0000000780000000, 0x0000000782a00000, 0x00000007aab00000)
  object space 43008K, 36% used [0x0000000780000000,0x0000000780f29928,0x0000000782a00000)
 Metaspace       used 21385K, capacity 21691K, committed 22016K, reserved 1069056K
  class space    used 2109K, capacity 2204K, committed 2304K, reserved 1048576K
}

