# JRE version: Java(TM) SE Runtime Environment (8.0_121-b13) (build 1.8.0_121-b13)
# Java VM: Java HotSpot(TM) 64-Bit Server VM (25.121-b13 mixed mode bsd-amd64 compressed oops)
Heap:
 PSYoungGen      total 255488K, used 14646K [0x00000007aab00000, 0x00000007be880000, 0x00000007c0000000)
  eden space 248320K, 5% used [0x00000007aab00000,0x00000007ab915b98,0x00000007b9d80000)
  from space 7168K, 3% used [0x00000007bda80000,0x00000007bdab8000,0x00000007be180000)
  to   space 6656K, 0% used [0x00000007be200000,0x00000007be200000,0x00000007be880000)
 ParOldGen       total 43520K, used 16814K [0x0000000780000000, 0x0000000782a80000, 0x00000007aab00000)
  object space 43520K, 38% used [0x0000000780000000,0x000000078106ba70,0x0000000782a80000)
 Metaspace       used 21647K, capacity 21903K, committed 22192K, reserved 1069056K
  class space    used 2134K, capacity 2236K, committed 2304K, reserved 1048576K
GC Heap History (10 events):
Event: 17.236 GC heap before
{Heap before GC invocations=22 (full 1):
 PSYoungGen      total 314368K, used 314016K [0x00000007aab00000, 0x00000007bf680000, 0x00000007c0000000)
  eden space 313856K, 100% used [0x00000007aab00000,0x00000007bdd80000,0x00000007bdd80000)
  from space 512K, 31% used [0x00000007bf600000,0x00000007bf628000,0x00000007bf680000)
  to   space 8704K, 0% used [0x00000007be580000,0x00000007be580000,0x00000007bee00000)
 ParOldGen       total 43520K, used 16798K [0x0000000780000000, 0x0000000782a80000, 0x00000007aab00000)
  object space 43520K, 38% used [0x0000000780000000,0x0000000781067a70,0x0000000782a80000)
 Metaspace       used 21584K, capacity 21871K, committed 22192K, reserved 1069056K
  class space    used 2126K, capacity 2204K, committed 2304K, reserved 1048576K
Event: 17.237 GC heap after
Heap after GC invocations=22 (full 1):
 PSYoungGen      total 308224K, used 160K [0x00000007aab00000, 0x00000007bf680000, 0x00000007c0000000)
  eden space 299520K, 0% used [0x00000007aab00000,0x00000007aab00000,0x00000007bcf80000)
  from space 8704K, 1% used [0x00000007be580000,0x00000007be5a8000,0x00000007bee00000)
  to   space 8192K, 0% used [0x00000007bee80000,0x00000007bee80000,0x00000007bf680000)
 ParOldGen       total 43520K, used 16806K [0x0000000780000000, 0x0000000782a80000, 0x00000007aab00000)
  object space 43520K, 38% used [0x0000000780000000,0x0000000781069a70,0x0000000782a80000)
 Metaspace       used 21584K, capacity 21871K, committed 22192K, reserved 1069056K
  class space    used 2126K, capacity 2204K, committed 2304K, reserved 1048576K
}
Event: 18.232 GC heap before
{Heap before GC invocations=23 (full 1):
 PSYoungGen      total 308224K, used 299680K [0x00000007aab00000, 0x00000007bf680000, 0x00000007c0000000)
  eden space 299520K, 100% used [0x00000007aab00000,0x00000007bcf80000,0x00000007bcf80000)
  from space 8704K, 1% used [0x00000007be580000,0x00000007be5a8000,0x00000007bee00000)
  to   space 8192K, 0% used [0x00000007bee80000,0x00000007bee80000,0x00000007bf680000)
 ParOldGen       total 43520K, used 16806K [0x0000000780000000, 0x0000000782a80000, 0x00000007aab00000)
  object space 43520K, 38% used [0x0000000780000000,0x0000000781069a70,0x0000000782a80000)
 Metaspace       used 21585K, capacity 21871K, committed 22192K, reserved 1069056K
  class space    used 2126K, capacity 2204K, committed 2304K, reserved 1048576K
Event: 18.234 GC heap after
Heap after GC invocations=23 (full 1):
 PSYoungGen      total 286208K, used 160K [0x00000007aab00000, 0x00000007bef00000, 0x00000007c0000000)
  eden space 285696K, 0% used [0x00000007aab00000,0x00000007aab00000,0x00000007bc200000)
  from space 512K, 31% used [0x00000007bee80000,0x00000007beea8000,0x00000007bef00000)
  to   space 7680K, 0% used [0x00000007be000000,0x00000007be000000,0x00000007be780000)
 ParOldGen       total 43520K, used 16806K [0x0000000780000000, 0x0000000782a80000, 0x00000007aab00000)
  object space 43520K, 38% used [0x0000000780000000,0x0000000781069a70,0x0000000782a80000)
 Metaspace       used 21585K, capacity 21871K, committed 22192K, reserved 1069056K
  class space    used 2126K, capacity 2204K, committed 2304K, reserved 1048576K
}
Event: 19.135 GC heap before
{Heap before GC invocations=24 (full 1):
 PSYoungGen      total 286208K, used 285856K [0x00000007aab00000, 0x00000007bef00000, 0x00000007c0000000)
  eden space 285696K, 100% used [0x00000007aab00000,0x00000007bc200000,0x00000007bc200000)
  from space 512K, 31% used [0x00000007bee80000,0x00000007beea8000,0x00000007bef00000)
  to   space 7680K, 0% used [0x00000007be000000,0x00000007be000000,0x00000007be780000)
 ParOldGen       total 43520K, used 16806K [0x0000000780000000, 0x0000000782a80000, 0x00000007aab00000)
  object space 43520K, 38% used [0x0000000780000000,0x0000000781069a70,0x0000000782a80000)
 Metaspace       used 21592K, capacity 21871K, committed 22192K, reserved 1069056K
  class space    used 2126K, capacity 2204K, committed 2304K, reserved 1048576K
Event: 19.136 GC heap after
Heap after GC invocations=24 (full 1):
 PSYoungGen      total 280064K, used 160K [0x00000007aab00000, 0x00000007bef00000, 0x00000007c0000000)
  eden space 272384K, 0% used [0x00000007aab00000,0x00000007aab00000,0x00000007bb500000)
  from space 7680K, 2% used [0x00000007be000000,0x00000007be028000,0x00000007be780000)
  to   space 7168K, 0% used [0x00000007be800000,0x00000007be800000,0x00000007bef00000)
 ParOldGen       total 43520K, used 16814K [0x0000000780000000, 0x0000000782a80000, 0x00000007aab00000)
  object space 43520K, 38% used [0x0000000780000000,0x000000078106ba70,0x0000000782a80000)
 Metaspace       used 21592K, capacity 21871K, committed 22192K, reserved 1069056K
  class space    used 2126K, capacity 2204K, committed 2304K, reserved 1048576K
}
Event: 20.019 GC heap before
{Heap before GC invocations=25 (full 1):
 PSYoungGen      total 280064K, used 272544K [0x00000007aab00000, 0x00000007bef00000, 0x00000007c0000000)
  eden space 272384K, 100% used [0x00000007aab00000,0x00000007bb500000,0x00000007bb500000)
  from space 7680K, 2% used [0x00000007be000000,0x00000007be028000,0x00000007be780000)
  to   space 7168K, 0% used [0x00000007be800000,0x00000007be800000,0x00000007bef00000)
 ParOldGen       total 43520K, used 16814K [0x0000000780000000, 0x0000000782a80000, 0x00000007aab00000)
  object space 43520K, 38% used [0x0000000780000000,0x000000078106ba70,0x0000000782a80000)
 Metaspace       used 21593K, capacity 21871K, committed 22192K, reserved 1069056K
  class space    used 2126K, capacity 2204K, committed 2304K, reserved 1048576K
Event: 20.021 GC heap after
Heap after GC invocations=25 (full 1):
 PSYoungGen      total 260608K, used 192K [0x00000007aab00000, 0x00000007be880000, 0x00000007c0000000)
  eden space 260096K, 0% used [0x00000007aab00000,0x00000007aab00000,0x00000007ba900000)
  from space 512K, 37% used [0x00000007be800000,0x00000007be830000,0x00000007be880000)
  to   space 7168K, 0% used [0x00000007bda80000,0x00000007bda80000,0x00000007be180000)
 ParOldGen       total 43520K, used 16814K [0x0000000780000000, 0x0000000782a80000, 0x00000007aab00000)
  object space 43520K, 38% used [0x0000000780000000,0x000000078106ba70,0x0000000782a80000)
 Metaspace       used 21593K, capacity 21871K, committed 22192K, reserved 1069056K
  class space    used 2126K, capacity 2204K, committed 2304K, reserved 1048576K
}
Event: 20.843 GC heap before
{Heap before GC invocations=26 (full 1):
 PSYoungGen      total 260608K, used 260288K [0x00000007aab00000, 0x00000007be880000, 0x00000007c0000000)
  eden space 260096K, 100% used [0x00000007aab00000,0x00000007ba900000,0x00000007ba900000)
  from space 512K, 37% used [0x00000007be800000,0x00000007be830000,0x00000007be880000)
  to   space 7168K, 0% used [0x00000007bda80000,0x00000007bda80000,0x00000007be180000)
 ParOldGen       total 43520K, used 16814K [0x0000000780000000, 0x0000000782a80000, 0x00000007aab00000)
  object space 43520K, 38% used [0x0000000780000000,0x000000078106ba70,0x0000000782a80000)
 Metaspace       used 21617K, capacity 21871K, committed 22192K, reserved 1069056K
  class space    used 2128K, capacity 2204K, committed 2304K, reserved 1048576K
Event: 20.845 GC heap after
Heap after GC invocations=26 (full 1):
 PSYoungGen      total 255488K, used 224K [0x00000007aab00000, 0x00000007be880000, 0x00000007c0000000)
  eden space 248320K, 0% used [0x00000007aab00000,0x00000007aab00000,0x00000007b9d80000)
  from space 7168K, 3% used [0x00000007bda80000,0x00000007bdab8000,0x00000007be180000)
  to   space 6656K, 0% used [0x00000007be200000,0x00000007be200000,0x00000007be880000)
 ParOldGen       total 43520K, used 16814K [0x0000000780000000, 0x0000000782a80000, 0x00000007aab00000)
  object space 43520K, 38% used [0x0000000780000000,0x000000078106ba70,0x0000000782a80000)
 Metaspace       used 21617K, capacity 21871K, committed 22192K, reserved 1069056K
  class space    used 2128K, capacity 2204K, committed 2304K, reserved 1048576K
}

