# JRE version: Java(TM) SE Runtime Environment (8.0_121-b13) (build 1.8.0_121-b13)
# Java VM: Java HotSpot(TM) 64-Bit Server VM (25.121-b13 mixed mode bsd-amd64 compressed oops)
Heap:
 PSYoungGen      total 92160K, used 28944K [0x00000007aab00000, 0x00000007b3480000, 0x00000007c0000000)
  eden space 73728K, 27% used [0x00000007aab00000,0x00000007abe77f20,0x00000007af300000)
  from space 18432K, 48% used [0x00000007af300000,0x00000007afbcc2c0,0x00000007b0500000)
  to   space 21504K, 0% used [0x00000007b1f80000,0x00000007b1f80000,0x00000007b3480000)
 ParOldGen       total 80896K, used 35721K [0x0000000780000000, 0x0000000784f00000, 0x00000007aab00000)
  object space 80896K, 44% used [0x0000000780000000,0x00000007822e2640,0x0000000784f00000)
 Metaspace       used 24922K, capacity 25185K, committed 25392K, reserved 1073152K
  class space    used 2466K, capacity 2575K, committed 2608K, reserved 1048576K
GC Heap History (10 events):
Event: 12.516 GC heap before
{Heap before GC invocations=7 (full 1):
 PSYoungGen      total 35328K, used 35296K [0x00000007aab00000, 0x00000007af600000, 0x00000007c0000000)
  eden space 32768K, 100% used [0x00000007aab00000,0x00000007acb00000,0x00000007acb00000)
  from space 2560K, 98% used [0x00000007acb00000,0x00000007acd782c0,0x00000007acd80000)
  to   space 12288K, 0% used [0x00000007aea00000,0x00000007aea00000,0x00000007af600000)
 ParOldGen       total 35840K, used 18160K [0x0000000780000000, 0x0000000782300000, 0x00000007aab00000)
  object space 35840K, 50% used [0x0000000780000000,0x00000007811bc230,0x0000000782300000)
 Metaspace       used 24412K, capacity 24705K, committed 24880K, reserved 1071104K
  class space    used 2457K, capacity 2543K, committed 2608K, reserved 1048576K
Event: 12.528 GC heap after
Heap after GC invocations=7 (full 1):
 PSYoungGen      total 60416K, used 4704K [0x00000007aab00000, 0x00000007af380000, 0x00000007c0000000)
  eden space 50688K, 0% used [0x00000007aab00000,0x00000007aab00000,0x00000007adc80000)
  from space 9728K, 48% used [0x00000007aea00000,0x00000007aee98340,0x00000007af380000)
  to   space 11776K, 0% used [0x00000007adc80000,0x00000007adc80000,0x00000007ae800000)
 ParOldGen       total 35840K, used 18168K [0x0000000780000000, 0x0000000782300000, 0x00000007aab00000)
  object space 35840K, 50% used [0x0000000780000000,0x00000007811be230,0x0000000782300000)
 Metaspace       used 24412K, capacity 24705K, committed 24880K, reserved 1071104K
  class space    used 2457K, capacity 2543K, committed 2608K, reserved 1048576K
}
Event: 15.049 GC heap before
{Heap before GC invocations=8 (full 1):
 PSYoungGen      total 60416K, used 55392K [0x00000007aab00000, 0x00000007af380000, 0x00000007c0000000)
  eden space 50688K, 100% used [0x00000007aab00000,0x00000007adc80000,0x00000007adc80000)
  from space 9728K, 48% used [0x00000007aea00000,0x00000007aee98340,0x00000007af380000)
  to   space 11776K, 0% used [0x00000007adc80000,0x00000007adc80000,0x00000007ae800000)
 ParOldGen       total 35840K, used 18168K [0x0000000780000000, 0x0000000782300000, 0x00000007aab00000)
  object space 35840K, 50% used [0x0000000780000000,0x00000007811be230,0x0000000782300000)
 Metaspace       used 24566K, capacity 24897K, committed 25136K, reserved 1071104K
  class space    used 2459K, capacity 2543K, committed 2608K, reserved 1048576K
Event: 15.079 GC heap after
Heap after GC invocations=8 (full 1):
 PSYoungGen      total 62464K, used 11697K [0x00000007aab00000, 0x00000007b1280000, 0x00000007c0000000)
  eden space 50688K, 0% used [0x00000007aab00000,0x00000007aab00000,0x00000007adc80000)
  from space 11776K, 99% used [0x00000007adc80000,0x00000007ae7ec4e0,0x00000007ae800000)
  to   space 13824K, 0% used [0x00000007b0500000,0x00000007b0500000,0x00000007b1280000)
 ParOldGen       total 35840K, used 18944K [0x0000000780000000, 0x0000000782300000, 0x00000007aab00000)
  object space 35840K, 52% used [0x0000000780000000,0x0000000781280260,0x0000000782300000)
 Metaspace       used 24566K, capacity 24897K, committed 25136K, reserved 1071104K
  class space    used 2459K, capacity 2543K, committed 2608K, reserved 1048576K
}
Event: 17.823 GC heap before
{Heap before GC invocations=9 (full 1):
 PSYoungGen      total 62464K, used 62341K [0x00000007aab00000, 0x00000007b1280000, 0x00000007c0000000)
  eden space 50688K, 99% used [0x00000007aab00000,0x00000007adc751e8,0x00000007adc80000)
  from space 11776K, 99% used [0x00000007adc80000,0x00000007ae7ec4e0,0x00000007ae800000)
  to   space 13824K, 0% used [0x00000007b0500000,0x00000007b0500000,0x00000007b1280000)
 ParOldGen       total 35840K, used 18944K [0x0000000780000000, 0x0000000782300000, 0x00000007aab00000)
  object space 35840K, 52% used [0x0000000780000000,0x0000000781280260,0x0000000782300000)
 Metaspace       used 24718K, capacity 25025K, committed 25392K, reserved 1073152K
  class space    used 2459K, capacity 2543K, committed 2608K, reserved 1048576K
Event: 17.852 GC heap after
Heap after GC invocations=9 (full 1):
 PSYoungGen      total 87552K, used 13793K [0x00000007aab00000, 0x00000007b1b00000, 0x00000007c0000000)
  eden space 73728K, 0% used [0x00000007aab00000,0x00000007aab00000,0x00000007af300000)
  from space 13824K, 99% used [0x00000007b0500000,0x00000007b1278590,0x00000007b1280000)
  to   space 18432K, 0% used [0x00000007af300000,0x00000007af300000,0x00000007b0500000)
 ParOldGen       total 35840K, used 24592K [0x0000000780000000, 0x0000000782300000, 0x00000007aab00000)
  object space 35840K, 68% used [0x0000000780000000,0x00000007818043c0,0x0000000782300000)
 Metaspace       used 24718K, capacity 25025K, committed 25392K, reserved 1073152K
  class space    used 2459K, capacity 2543K, committed 2608K, reserved 1048576K
}
Event: 20.580 GC heap before
{Heap before GC invocations=10 (full 1):
 PSYoungGen      total 87552K, used 87279K [0x00000007aab00000, 0x00000007b1b00000, 0x00000007c0000000)
  eden space 73728K, 99% used [0x00000007aab00000,0x00000007af2c37b0,0x00000007af300000)
  from space 13824K, 99% used [0x00000007b0500000,0x00000007b1278590,0x00000007b1280000)
  to   space 18432K, 0% used [0x00000007af300000,0x00000007af300000,0x00000007b0500000)
 ParOldGen       total 35840K, used 24592K [0x0000000780000000, 0x0000000782300000, 0x00000007aab00000)
  object space 35840K, 68% used [0x0000000780000000,0x00000007818043c0,0x0000000782300000)
 Metaspace       used 24799K, capacity 25089K, committed 25392K, reserved 1073152K
  class space    used 2459K, capacity 2543K, committed 2608K, reserved 1048576K
Event: 20.615 GC heap after
Heap after GC invocations=10 (full 1):
 PSYoungGen      total 92160K, used 18369K [0x00000007aab00000, 0x00000007b3480000, 0x00000007c0000000)
  eden space 73728K, 0% used [0x00000007aab00000,0x00000007aab00000,0x00000007af300000)
  from space 18432K, 99% used [0x00000007af300000,0x00000007b04f04a0,0x00000007b0500000)
  to   space 21504K, 0% used [0x00000007b1f80000,0x00000007b1f80000,0x00000007b3480000)
 ParOldGen       total 35840K, used 30323K [0x0000000780000000, 0x0000000782300000, 0x00000007aab00000)
  object space 35840K, 84% used [0x0000000780000000,0x0000000781d9ce50,0x0000000782300000)
 Metaspace       used 24799K, capacity 25089K, committed 25392K, reserved 1073152K
  class space    used 2459K, capacity 2543K, committed 2608K, reserved 1048576K
}
Event: 20.616 GC heap before
{Heap before GC invocations=11 (full 2):
 PSYoungGen      total 92160K, used 18369K [0x00000007aab00000, 0x00000007b3480000, 0x00000007c0000000)
  eden space 73728K, 0% used [0x00000007aab00000,0x00000007aab00000,0x00000007af300000)
  from space 18432K, 99% used [0x00000007af300000,0x00000007b04f04a0,0x00000007b0500000)
  to   space 21504K, 0% used [0x00000007b1f80000,0x00000007b1f80000,0x00000007b3480000)
 ParOldGen       total 35840K, used 30323K [0x0000000780000000, 0x0000000782300000, 0x00000007aab00000)
  object space 35840K, 84% used [0x0000000780000000,0x0000000781d9ce50,0x0000000782300000)
 Metaspace       used 24799K, capacity 25089K, committed 25392K, reserved 1073152K
  class space    used 2459K, capacity 2543K, committed 2608K, reserved 1048576K
Event: 20.754 GC heap after
Heap after GC invocations=11 (full 2):
 PSYoungGen      total 92160K, used 9008K [0x00000007aab00000, 0x00000007b3480000, 0x00000007c0000000)
  eden space 73728K, 0% used [0x00000007aab00000,0x00000007aab00000,0x00000007af300000)
  from space 18432K, 48% used [0x00000007af300000,0x00000007afbcc2c0,0x00000007b0500000)
  to   space 21504K, 0% used [0x00000007b1f80000,0x00000007b1f80000,0x00000007b3480000)
 ParOldGen       total 80896K, used 35721K [0x0000000780000000, 0x0000000784f00000, 0x00000007aab00000)
  object space 80896K, 44% used [0x0000000780000000,0x00000007822e2640,0x0000000784f00000)
 Metaspace       used 24799K, capacity 25089K, committed 25392K, reserved 1073152K
  class space    used 2459K, capacity 2543K, committed 2608K, reserved 1048576K
}

