# JRE version: Java(TM) SE Runtime Environment (8.0_121-b13) (build 1.8.0_121-b13)
# Java VM: Java HotSpot(TM) 64-Bit Server VM (25.121-b13 mixed mode bsd-amd64 compressed oops)
Heap:
 PSYoungGen      total 72192K, used 57509K [0x00000007aab00000, 0x00000007b0700000, 0x00000007c0000000)
  eden space 60416K, 95% used [0x00000007aab00000,0x00000007ae311728,0x00000007ae600000)
  from space 11776K, 0% used [0x00000007ae600000,0x00000007ae618000,0x00000007af180000)
  to   space 11776K, 0% used [0x00000007afb80000,0x00000007afb80000,0x00000007b0700000)
 ParOldGen       total 37376K, used 21964K [0x0000000780000000, 0x0000000782480000, 0x00000007aab00000)
  object space 37376K, 58% used [0x0000000780000000,0x00000007815731a8,0x0000000782480000)
 Metaspace       used 24684K, capacity 24969K, committed 25088K, reserved 1071104K
  class space    used 2460K, capacity 2543K, committed 2560K, reserved 1048576K
GC Heap History (10 events):
Event: 16.628 GC heap before
{Heap before GC invocations=10 (full 1):
 PSYoungGen      total 48128K, used 46699K [0x00000007aab00000, 0x00000007ae500000, 0x00000007c0000000)
  eden space 38912K, 100% used [0x00000007aab00000,0x00000007ad100000,0x00000007ad100000)
  from space 9216K, 84% used [0x00000007adc00000,0x00000007ae39ad90,0x00000007ae500000)
  to   space 10240K, 0% used [0x00000007ad100000,0x00000007ad100000,0x00000007adb00000)
 ParOldGen       total 37376K, used 14225K [0x0000000780000000, 0x0000000782480000, 0x00000007aab00000)
  object space 37376K, 38% used [0x0000000780000000,0x0000000780de47b0,0x0000000782480000)
 Metaspace       used 24603K, capacity 24899K, committed 25088K, reserved 1071104K
  class space    used 2452K, capacity 2542K, committed 2560K, reserved 1048576K
Event: 16.643 GC heap after
Heap after GC invocations=10 (full 1):
 PSYoungGen      total 49152K, used 1920K [0x00000007aab00000, 0x00000007af200000, 0x00000007c0000000)
  eden space 38912K, 0% used [0x00000007aab00000,0x00000007aab00000,0x00000007ad100000)
  from space 10240K, 18% used [0x00000007ad100000,0x00000007ad2e0070,0x00000007adb00000)
  to   space 10752K, 0% used [0x00000007ae780000,0x00000007ae780000,0x00000007af200000)
 ParOldGen       total 37376K, used 20124K [0x0000000780000000, 0x0000000782480000, 0x00000007aab00000)
  object space 37376K, 53% used [0x0000000780000000,0x00000007813a7138,0x0000000782480000)
 Metaspace       used 24603K, capacity 24899K, committed 25088K, reserved 1071104K
  class space    used 2452K, capacity 2542K, committed 2560K, reserved 1048576K
}
Event: 21.226 GC heap before
{Heap before GC invocations=11 (full 1):
 PSYoungGen      total 49152K, used 40832K [0x00000007aab00000, 0x00000007af200000, 0x00000007c0000000)
  eden space 38912K, 100% used [0x00000007aab00000,0x00000007ad100000,0x00000007ad100000)
  from space 10240K, 18% used [0x00000007ad100000,0x00000007ad2e0070,0x00000007adb00000)
  to   space 10752K, 0% used [0x00000007ae780000,0x00000007ae780000,0x00000007af200000)
 ParOldGen       total 37376K, used 20124K [0x0000000780000000, 0x0000000782480000, 0x00000007aab00000)
  object space 37376K, 53% used [0x0000000780000000,0x00000007813a7138,0x0000000782480000)
 Metaspace       used 24614K, capacity 24899K, committed 25088K, reserved 1071104K
  class space    used 2452K, capacity 2542K, committed 2560K, reserved 1048576K
Event: 21.230 GC heap after
Heap after GC invocations=11 (full 1):
 PSYoungGen      total 59904K, used 128K [0x00000007aab00000, 0x00000007af180000, 0x00000007c0000000)
  eden space 49664K, 0% used [0x00000007aab00000,0x00000007aab00000,0x00000007adb80000)
  from space 10240K, 1% used [0x00000007ae780000,0x00000007ae7a0000,0x00000007af180000)
  to   space 11264K, 0% used [0x00000007adb80000,0x00000007adb80000,0x00000007ae680000)
 ParOldGen       total 37376K, used 21964K [0x0000000780000000, 0x0000000782480000, 0x00000007aab00000)
  object space 37376K, 58% used [0x0000000780000000,0x00000007815731a8,0x0000000782480000)
 Metaspace       used 24614K, capacity 24899K, committed 25088K, reserved 1071104K
  class space    used 2452K, capacity 2542K, committed 2560K, reserved 1048576K
}
Event: 27.394 GC heap before
{Heap before GC invocations=12 (full 1):
 PSYoungGen      total 59904K, used 49792K [0x00000007aab00000, 0x00000007af180000, 0x00000007c0000000)
  eden space 49664K, 100% used [0x00000007aab00000,0x00000007adb80000,0x00000007adb80000)
  from space 10240K, 1% used [0x00000007ae780000,0x00000007ae7a0000,0x00000007af180000)
  to   space 11264K, 0% used [0x00000007adb80000,0x00000007adb80000,0x00000007ae680000)
 ParOldGen       total 37376K, used 21964K [0x0000000780000000, 0x0000000782480000, 0x00000007aab00000)
  object space 37376K, 58% used [0x0000000780000000,0x00000007815731a8,0x0000000782480000)
 Metaspace       used 24634K, capacity 24905K, committed 25088K, reserved 1071104K
  class space    used 2452K, capacity 2543K, committed 2560K, reserved 1048576K
Event: 27.408 GC heap after
Heap after GC invocations=12 (full 1):
 PSYoungGen      total 60928K, used 128K [0x00000007aab00000, 0x00000007afe80000, 0x00000007c0000000)
  eden space 49664K, 0% used [0x00000007aab00000,0x00000007aab00000,0x00000007adb80000)
  from space 11264K, 1% used [0x00000007adb80000,0x00000007adba0000,0x00000007ae680000)
  to   space 11776K, 0% used [0x00000007af300000,0x00000007af300000,0x00000007afe80000)
 ParOldGen       total 37376K, used 21964K [0x0000000780000000, 0x0000000782480000, 0x00000007aab00000)
  object space 37376K, 58% used [0x0000000780000000,0x00000007815731a8,0x0000000782480000)
 Metaspace       used 24634K, capacity 24905K, committed 25088K, reserved 1071104K
  class space    used 2452K, capacity 2543K, committed 2560K, reserved 1048576K
}
Event: 33.329 GC heap before
{Heap before GC invocations=13 (full 1):
 PSYoungGen      total 60928K, used 49792K [0x00000007aab00000, 0x00000007afe80000, 0x00000007c0000000)
  eden space 49664K, 100% used [0x00000007aab00000,0x00000007adb80000,0x00000007adb80000)
  from space 11264K, 1% used [0x00000007adb80000,0x00000007adba0000,0x00000007ae680000)
  to   space 11776K, 0% used [0x00000007af300000,0x00000007af300000,0x00000007afe80000)
 ParOldGen       total 37376K, used 21964K [0x0000000780000000, 0x0000000782480000, 0x00000007aab00000)
  object space 37376K, 58% used [0x0000000780000000,0x00000007815731a8,0x0000000782480000)
 Metaspace       used 24636K, capacity 24905K, committed 25088K, reserved 1071104K
  class space    used 2452K, capacity 2543K, committed 2560K, reserved 1048576K
Event: 33.331 GC heap after
Heap after GC invocations=13 (full 1):
 PSYoungGen      total 70656K, used 96K [0x00000007aab00000, 0x00000007afd00000, 0x00000007c0000000)
  eden space 60416K, 0% used [0x00000007aab00000,0x00000007aab00000,0x00000007ae600000)
  from space 10240K, 0% used [0x00000007af300000,0x00000007af318000,0x00000007afd00000)
  to   space 11776K, 0% used [0x00000007ae600000,0x00000007ae600000,0x00000007af180000)
 ParOldGen       total 37376K, used 21964K [0x0000000780000000, 0x0000000782480000, 0x00000007aab00000)
  object space 37376K, 58% used [0x0000000780000000,0x00000007815731a8,0x0000000782480000)
 Metaspace       used 24636K, capacity 24905K, committed 25088K, reserved 1071104K
  class space    used 2452K, capacity 2543K, committed 2560K, reserved 1048576K
}
Event: 40.447 GC heap before
{Heap before GC invocations=14 (full 1):
 PSYoungGen      total 70656K, used 60512K [0x00000007aab00000, 0x00000007afd00000, 0x00000007c0000000)
  eden space 60416K, 100% used [0x00000007aab00000,0x00000007ae600000,0x00000007ae600000)
  from space 10240K, 0% used [0x00000007af300000,0x00000007af318000,0x00000007afd00000)
  to   space 11776K, 0% used [0x00000007ae600000,0x00000007ae600000,0x00000007af180000)
 ParOldGen       total 37376K, used 21964K [0x0000000780000000, 0x0000000782480000, 0x00000007aab00000)
  object space 37376K, 58% used [0x0000000780000000,0x00000007815731a8,0x0000000782480000)
 Metaspace       used 24636K, capacity 24905K, committed 25088K, reserved 1071104K
  class space    used 2452K, capacity 2543K, committed 2560K, reserved 1048576K
Event: 40.449 GC heap after
Heap after GC invocations=14 (full 1):
 PSYoungGen      total 72192K, used 96K [0x00000007aab00000, 0x00000007b0700000, 0x00000007c0000000)
  eden space 60416K, 0% used [0x00000007aab00000,0x00000007aab00000,0x00000007ae600000)
  from space 11776K, 0% used [0x00000007ae600000,0x00000007ae618000,0x00000007af180000)
  to   space 11776K, 0% used [0x00000007afb80000,0x00000007afb80000,0x00000007b0700000)
 ParOldGen       total 37376K, used 21964K [0x0000000780000000, 0x0000000782480000, 0x00000007aab00000)
  object space 37376K, 58% used [0x0000000780000000,0x00000007815731a8,0x0000000782480000)
 Metaspace       used 24636K, capacity 24905K, committed 25088K, reserved 1071104K
  class space    used 2452K, capacity 2543K, committed 2560K, reserved 1048576K
}

