# JRE version: Java(TM) SE Runtime Environment (8.0_121-b13) (build 1.8.0_121-b13)
# Java VM: Java HotSpot(TM) 64-Bit Server VM (25.121-b13 mixed mode bsd-amd64 compressed oops)
Heap:
 PSYoungGen      total 111616K, used 98996K [0x00000007aab00000, 0x00000007b4e80000, 0x00000007c0000000)
  eden space 111104K, 88% used [0x00000007aab00000,0x00000007b0b8d1b8,0x00000007b1780000)
  from space 512K, 25% used [0x00000007b4e00000,0x00000007b4e20000,0x00000007b4e80000)
  to   space 9216K, 0% used [0x00000007b3c80000,0x00000007b3c80000,0x00000007b4580000)
 ParOldGen       total 43008K, used 23948K [0x0000000780000000, 0x0000000782a00000, 0x00000007aab00000)
  object space 43008K, 55% used [0x0000000780000000,0x0000000781763130,0x0000000782a00000)
 Metaspace       used 21608K, capacity 21883K, committed 22272K, reserved 1069056K
  class space    used 2123K, capacity 2204K, committed 2304K, reserved 1048576K
GC Heap History (10 events):
Event: 177.542 GC heap before
{Heap before GC invocations=19 (full 1):
 PSYoungGen      total 148992K, used 137344K [0x00000007aab00000, 0x00000007b6c00000, 0x00000007c0000000)
  eden space 137216K, 100% used [0x00000007aab00000,0x00000007b3100000,0x00000007b3100000)
  from space 11776K, 1% used [0x00000007b5500000,0x00000007b5520000,0x00000007b6080000)
  to   space 11264K, 0% used [0x00000007b6100000,0x00000007b6100000,0x00000007b6c00000)
 ParOldGen       total 43008K, used 23948K [0x0000000780000000, 0x0000000782a00000, 0x00000007aab00000)
  object space 43008K, 55% used [0x0000000780000000,0x0000000781763130,0x0000000782a00000)
 Metaspace       used 21529K, capacity 21819K, committed 22016K, reserved 1069056K
  class space    used 2115K, capacity 2204K, committed 2304K, reserved 1048576K
Event: 177.545 GC heap after
Heap after GC invocations=19 (full 1):
 PSYoungGen      total 132096K, used 96K [0x00000007aab00000, 0x00000007b6180000, 0x00000007c0000000)
  eden space 131584K, 0% used [0x00000007aab00000,0x00000007aab00000,0x00000007b2b80000)
  from space 512K, 18% used [0x00000007b6100000,0x00000007b6118000,0x00000007b6180000)
  to   space 10752K, 0% used [0x00000007b4c80000,0x00000007b4c80000,0x00000007b5700000)
 ParOldGen       total 43008K, used 23948K [0x0000000780000000, 0x0000000782a00000, 0x00000007aab00000)
  object space 43008K, 55% used [0x0000000780000000,0x0000000781763130,0x0000000782a00000)
 Metaspace       used 21529K, capacity 21819K, committed 22016K, reserved 1069056K
  class space    used 2115K, capacity 2204K, committed 2304K, reserved 1048576K
}
Event: 197.211 GC heap before
{Heap before GC invocations=20 (full 1):
 PSYoungGen      total 132096K, used 131680K [0x00000007aab00000, 0x00000007b6180000, 0x00000007c0000000)
  eden space 131584K, 100% used [0x00000007aab00000,0x00000007b2b80000,0x00000007b2b80000)
  from space 512K, 18% used [0x00000007b6100000,0x00000007b6118000,0x00000007b6180000)
  to   space 10752K, 0% used [0x00000007b4c80000,0x00000007b4c80000,0x00000007b5700000)
 ParOldGen       total 43008K, used 23948K [0x0000000780000000, 0x0000000782a00000, 0x00000007aab00000)
  object space 43008K, 55% used [0x0000000780000000,0x0000000781763130,0x0000000782a00000)
 Metaspace       used 21529K, capacity 21819K, committed 22016K, reserved 1069056K
  class space    used 2115K, capacity 2204K, committed 2304K, reserved 1048576K
Event: 197.220 GC heap after
Heap after GC invocations=20 (full 1):
 PSYoungGen      total 136704K, used 96K [0x00000007aab00000, 0x00000007b6180000, 0x00000007c0000000)
  eden space 125952K, 0% used [0x00000007aab00000,0x00000007aab00000,0x00000007b2600000)
  from space 10752K, 0% used [0x00000007b4c80000,0x00000007b4c98000,0x00000007b5700000)
  to   space 10752K, 0% used [0x00000007b5700000,0x00000007b5700000,0x00000007b6180000)
 ParOldGen       total 43008K, used 23948K [0x0000000780000000, 0x0000000782a00000, 0x00000007aab00000)
  object space 43008K, 55% used [0x0000000780000000,0x0000000781763130,0x0000000782a00000)
 Metaspace       used 21529K, capacity 21819K, committed 22016K, reserved 1069056K
  class space    used 2115K, capacity 2204K, committed 2304K, reserved 1048576K
}
Event: 215.993 GC heap before
{Heap before GC invocations=21 (full 1):
 PSYoungGen      total 136704K, used 126048K [0x00000007aab00000, 0x00000007b6180000, 0x00000007c0000000)
  eden space 125952K, 100% used [0x00000007aab00000,0x00000007b2600000,0x00000007b2600000)
  from space 10752K, 0% used [0x00000007b4c80000,0x00000007b4c98000,0x00000007b5700000)
  to   space 10752K, 0% used [0x00000007b5700000,0x00000007b5700000,0x00000007b6180000)
 ParOldGen       total 43008K, used 23948K [0x0000000780000000, 0x0000000782a00000, 0x00000007aab00000)
  object space 43008K, 55% used [0x0000000780000000,0x0000000781763130,0x0000000782a00000)
 Metaspace       used 21529K, capacity 21819K, committed 22016K, reserved 1069056K
  class space    used 2115K, capacity 2204K, committed 2304K, reserved 1048576K
Event: 215.995 GC heap after
Heap after GC invocations=21 (full 1):
 PSYoungGen      total 121344K, used 128K [0x00000007aab00000, 0x00000007b5780000, 0x00000007c0000000)
  eden space 120832K, 0% used [0x00000007aab00000,0x00000007aab00000,0x00000007b2100000)
  from space 512K, 25% used [0x00000007b5700000,0x00000007b5720000,0x00000007b5780000)
  to   space 10240K, 0% used [0x00000007b4380000,0x00000007b4380000,0x00000007b4d80000)
 ParOldGen       total 43008K, used 23948K [0x0000000780000000, 0x0000000782a00000, 0x00000007aab00000)
  object space 43008K, 55% used [0x0000000780000000,0x0000000781763130,0x0000000782a00000)
 Metaspace       used 21529K, capacity 21819K, committed 22016K, reserved 1069056K
  class space    used 2115K, capacity 2204K, committed 2304K, reserved 1048576K
}
Event: 233.944 GC heap before
{Heap before GC invocations=22 (full 1):
 PSYoungGen      total 121344K, used 120960K [0x00000007aab00000, 0x00000007b5780000, 0x00000007c0000000)
  eden space 120832K, 100% used [0x00000007aab00000,0x00000007b2100000,0x00000007b2100000)
  from space 512K, 25% used [0x00000007b5700000,0x00000007b5720000,0x00000007b5780000)
  to   space 10240K, 0% used [0x00000007b4380000,0x00000007b4380000,0x00000007b4d80000)
 ParOldGen       total 43008K, used 23948K [0x0000000780000000, 0x0000000782a00000, 0x00000007aab00000)
  object space 43008K, 55% used [0x0000000780000000,0x0000000781763130,0x0000000782a00000)
 Metaspace       used 21529K, capacity 21819K, committed 22016K, reserved 1069056K
  class space    used 2115K, capacity 2204K, committed 2304K, reserved 1048576K
Event: 233.946 GC heap after
Heap after GC invocations=22 (full 1):
 PSYoungGen      total 125952K, used 128K [0x00000007aab00000, 0x00000007b5780000, 0x00000007c0000000)
  eden space 115712K, 0% used [0x00000007aab00000,0x00000007aab00000,0x00000007b1c00000)
  from space 10240K, 1% used [0x00000007b4380000,0x00000007b43a0000,0x00000007b4d80000)
  to   space 9728K, 0% used [0x00000007b4e00000,0x00000007b4e00000,0x00000007b5780000)
 ParOldGen       total 43008K, used 23948K [0x0000000780000000, 0x0000000782a00000, 0x00000007aab00000)
  object space 43008K, 55% used [0x0000000780000000,0x0000000781763130,0x0000000782a00000)
 Metaspace       used 21529K, capacity 21819K, committed 22016K, reserved 1069056K
  class space    used 2115K, capacity 2204K, committed 2304K, reserved 1048576K
}
Event: 251.211 GC heap before
{Heap before GC invocations=23 (full 1):
 PSYoungGen      total 125952K, used 115840K [0x00000007aab00000, 0x00000007b5780000, 0x00000007c0000000)
  eden space 115712K, 100% used [0x00000007aab00000,0x00000007b1c00000,0x00000007b1c00000)
  from space 10240K, 1% used [0x00000007b4380000,0x00000007b43a0000,0x00000007b4d80000)
  to   space 9728K, 0% used [0x00000007b4e00000,0x00000007b4e00000,0x00000007b5780000)
 ParOldGen       total 43008K, used 23948K [0x0000000780000000, 0x0000000782a00000, 0x00000007aab00000)
  object space 43008K, 55% used [0x0000000780000000,0x0000000781763130,0x0000000782a00000)
 Metaspace       used 21529K, capacity 21819K, committed 22016K, reserved 1069056K
  class space    used 2115K, capacity 2204K, committed 2304K, reserved 1048576K
Event: 251.213 GC heap after
Heap after GC invocations=23 (full 1):
 PSYoungGen      total 111616K, used 128K [0x00000007aab00000, 0x00000007b4e80000, 0x00000007c0000000)
  eden space 111104K, 0% used [0x00000007aab00000,0x00000007aab00000,0x00000007b1780000)
  from space 512K, 25% used [0x00000007b4e00000,0x00000007b4e20000,0x00000007b4e80000)
  to   space 9216K, 0% used [0x00000007b3c80000,0x00000007b3c80000,0x00000007b4580000)
 ParOldGen       total 43008K, used 23948K [0x0000000780000000, 0x0000000782a00000, 0x00000007aab00000)
  object space 43008K, 55% used [0x0000000780000000,0x0000000781763130,0x0000000782a00000)
 Metaspace       used 21529K, capacity 21819K, committed 22016K, reserved 1069056K
  class space    used 2115K, capacity 2204K, committed 2304K, reserved 1048576K
}

