# JRE version: Java(TM) SE Runtime Environment (8.0_121-b13) (build 1.8.0_121-b13)
# Java VM: Java HotSpot(TM) 64-Bit Server VM (25.121-b13 mixed mode bsd-amd64 compressed oops)
Heap:
 PSYoungGen      total 43008K, used 39976K [0x00000007aab00000, 0x00000007aff00000, 0x00000007c0000000)
  eden space 32768K, 99% used [0x00000007aab00000,0x00000007acae7338,0x00000007acb00000)
  from space 10240K, 71% used [0x00000007acb00000,0x00000007ad222e90,0x00000007ad500000)
  to   space 10240K, 0% used [0x00000007af500000,0x00000007af500000,0x00000007aff00000)
 ParOldGen       total 44032K, used 21035K [0x0000000780000000, 0x0000000782b00000, 0x00000007aab00000)
  object space 44032K, 47% used [0x0000000780000000,0x000000078148ad70,0x0000000782b00000)
 Metaspace       used 19411K, capacity 19643K, committed 19968K, reserved 1067008K
  class space    used 1904K, capacity 1976K, committed 2048K, reserved 1048576K
GC Heap History (10 events):
Event: 6.703 GC heap before
{Heap before GC invocations=3 (full 0):
 PSYoungGen      total 18944K, used 18928K [0x00000007aab00000, 0x00000007ac000000, 0x00000007c0000000)
  eden space 16384K, 100% used [0x00000007aab00000,0x00000007abb00000,0x00000007abb00000)
  from space 2560K, 99% used [0x00000007abd80000,0x00000007abffc030,0x00000007ac000000)
  to   space 2560K, 0% used [0x00000007abb00000,0x00000007abb00000,0x00000007abd80000)
 ParOldGen       total 44032K, used 3035K [0x0000000780000000, 0x0000000782b00000, 0x00000007aab00000)
  object space 44032K, 6% used [0x0000000780000000,0x00000007802f6fd0,0x0000000782b00000)
 Metaspace       used 18304K, capacity 18577K, committed 18688K, reserved 1067008K
  class space    used 1855K, capacity 1943K, committed 2048K, reserved 1048576K
Event: 6.716 GC heap after
Heap after GC invocations=3 (full 0):
 PSYoungGen      total 18944K, used 2544K [0x00000007aab00000, 0x00000007ac000000, 0x00000007c0000000)
  eden space 16384K, 0% used [0x00000007aab00000,0x00000007aab00000,0x00000007abb00000)
  from space 2560K, 99% used [0x00000007abb00000,0x00000007abd7c060,0x00000007abd80000)
  to   space 2560K, 0% used [0x00000007abd80000,0x00000007abd80000,0x00000007ac000000)
 ParOldGen       total 44032K, used 11520K [0x0000000780000000, 0x0000000782b00000, 0x00000007aab00000)
  object space 44032K, 26% used [0x0000000780000000,0x0000000780b40268,0x0000000782b00000)
 Metaspace       used 18304K, capacity 18577K, committed 18688K, reserved 1067008K
  class space    used 1855K, capacity 1943K, committed 2048K, reserved 1048576K
}
Event: 7.074 GC heap before
{Heap before GC invocations=4 (full 0):
 PSYoungGen      total 18944K, used 18907K [0x00000007aab00000, 0x00000007ac000000, 0x00000007c0000000)
  eden space 16384K, 99% used [0x00000007aab00000,0x00000007abafac00,0x00000007abb00000)
  from space 2560K, 99% used [0x00000007abb00000,0x00000007abd7c060,0x00000007abd80000)
  to   space 2560K, 0% used [0x00000007abd80000,0x00000007abd80000,0x00000007ac000000)
 ParOldGen       total 44032K, used 12032K [0x0000000780000000, 0x0000000782b00000, 0x00000007aab00000)
  object space 44032K, 27% used [0x0000000780000000,0x0000000780bc0288,0x0000000782b00000)
 Metaspace       used 18624K, capacity 18865K, committed 18944K, reserved 1067008K
  class space    used 1887K, capacity 1975K, committed 2048K, reserved 1048576K
Event: 7.088 GC heap after
Heap after GC invocations=4 (full 0):
 PSYoungGen      total 18944K, used 2547K [0x00000007aab00000, 0x00000007ad000000, 0x00000007c0000000)
  eden space 16384K, 0% used [0x00000007aab00000,0x00000007aab00000,0x00000007abb00000)
  from space 2560K, 99% used [0x00000007abd80000,0x00000007abffcd30,0x00000007ac000000)
  to   space 2560K, 0% used [0x00000007abb00000,0x00000007abb00000,0x00000007abd80000)
 ParOldGen       total 44032K, used 16114K [0x0000000780000000, 0x0000000782b00000, 0x00000007aab00000)
  object space 44032K, 36% used [0x0000000780000000,0x0000000780fbca10,0x0000000782b00000)
 Metaspace       used 18624K, capacity 18865K, committed 18944K, reserved 1067008K
  class space    used 1887K, capacity 1975K, committed 2048K, reserved 1048576K
}
Event: 7.261 GC heap before
{Heap before GC invocations=5 (full 0):
 PSYoungGen      total 18944K, used 18931K [0x00000007aab00000, 0x00000007ad000000, 0x00000007c0000000)
  eden space 16384K, 100% used [0x00000007aab00000,0x00000007abb00000,0x00000007abb00000)
  from space 2560K, 99% used [0x00000007abd80000,0x00000007abffcd30,0x00000007ac000000)
  to   space 2560K, 0% used [0x00000007abb00000,0x00000007abb00000,0x00000007abd80000)
 ParOldGen       total 44032K, used 16436K [0x0000000780000000, 0x0000000782b00000, 0x00000007aab00000)
  object space 44032K, 37% used [0x0000000780000000,0x000000078100d268,0x0000000782b00000)
 Metaspace       used 18666K, capacity 18935K, committed 19200K, reserved 1067008K
  class space    used 1888K, capacity 1976K, committed 2048K, reserved 1048576K
Event: 7.271 GC heap after
Heap after GC invocations=5 (full 0):
 PSYoungGen      total 18944K, used 2555K [0x00000007aab00000, 0x00000007adf00000, 0x00000007c0000000)
  eden space 16384K, 0% used [0x00000007aab00000,0x00000007aab00000,0x00000007abb00000)
  from space 2560K, 99% used [0x00000007abb00000,0x00000007abd7ed20,0x00000007abd80000)
  to   space 10240K, 0% used [0x00000007ad500000,0x00000007ad500000,0x00000007adf00000)
 ParOldGen       total 44032K, used 20202K [0x0000000780000000, 0x0000000782b00000, 0x00000007aab00000)
  object space 44032K, 45% used [0x0000000780000000,0x00000007813ba900,0x0000000782b00000)
 Metaspace       used 18666K, capacity 18935K, committed 19200K, reserved 1067008K
  class space    used 1888K, capacity 1976K, committed 2048K, reserved 1048576K
}
Event: 7.453 GC heap before
{Heap before GC invocations=6 (full 0):
 PSYoungGen      total 18944K, used 18856K [0x00000007aab00000, 0x00000007adf00000, 0x00000007c0000000)
  eden space 16384K, 99% used [0x00000007aab00000,0x00000007abaeb358,0x00000007abb00000)
  from space 2560K, 99% used [0x00000007abb00000,0x00000007abd7ed20,0x00000007abd80000)
  to   space 10240K, 0% used [0x00000007ad500000,0x00000007ad500000,0x00000007adf00000)
 ParOldGen       total 44032K, used 20202K [0x0000000780000000, 0x0000000782b00000, 0x00000007aab00000)
  object space 44032K, 45% used [0x0000000780000000,0x00000007813ba900,0x0000000782b00000)
 Metaspace       used 18713K, capacity 18935K, committed 19200K, reserved 1067008K
  class space    used 1888K, capacity 1976K, committed 2048K, reserved 1048576K
Event: 7.463 GC heap after
Heap after GC invocations=6 (full 0):
 PSYoungGen      total 43008K, used 7684K [0x00000007aab00000, 0x00000007adf00000, 0x00000007c0000000)
  eden space 32768K, 0% used [0x00000007aab00000,0x00000007aab00000,0x00000007acb00000)
  from space 10240K, 75% used [0x00000007ad500000,0x00000007adc81188,0x00000007adf00000)
  to   space 10240K, 0% used [0x00000007acb00000,0x00000007acb00000,0x00000007ad500000)
 ParOldGen       total 44032K, used 20202K [0x0000000780000000, 0x0000000782b00000, 0x00000007aab00000)
  object space 44032K, 45% used [0x0000000780000000,0x00000007813ba900,0x0000000782b00000)
 Metaspace       used 18713K, capacity 18935K, committed 19200K, reserved 1067008K
  class space    used 1888K, capacity 1976K, committed 2048K, reserved 1048576K
}
Event: 10.232 GC heap before
{Heap before GC invocations=7 (full 0):
 PSYoungGen      total 43008K, used 40452K [0x00000007aab00000, 0x00000007adf00000, 0x00000007c0000000)
  eden space 32768K, 100% used [0x00000007aab00000,0x00000007acb00000,0x00000007acb00000)
  from space 10240K, 75% used [0x00000007ad500000,0x00000007adc81188,0x00000007adf00000)
  to   space 10240K, 0% used [0x00000007acb00000,0x00000007acb00000,0x00000007ad500000)
 ParOldGen       total 44032K, used 20202K [0x0000000780000000, 0x0000000782b00000, 0x00000007aab00000)
  object space 44032K, 45% used [0x0000000780000000,0x00000007813ba900,0x0000000782b00000)
 Metaspace       used 19061K, capacity 19319K, committed 19456K, reserved 1067008K
  class space    used 1888K, capacity 1976K, committed 2048K, reserved 1048576K
Event: 10.244 GC heap after
Heap after GC invocations=7 (full 0):
 PSYoungGen      total 43008K, used 7307K [0x00000007aab00000, 0x00000007aff00000, 0x00000007c0000000)
  eden space 32768K, 0% used [0x00000007aab00000,0x00000007aab00000,0x00000007acb00000)
  from space 10240K, 71% used [0x00000007acb00000,0x00000007ad222e90,0x00000007ad500000)
  to   space 10240K, 0% used [0x00000007af500000,0x00000007af500000,0x00000007aff00000)
 ParOldGen       total 44032K, used 21035K [0x0000000780000000, 0x0000000782b00000, 0x00000007aab00000)
  object space 44032K, 47% used [0x0000000780000000,0x000000078148ad70,0x0000000782b00000)
 Metaspace       used 19061K, capacity 19319K, committed 19456K, reserved 1067008K
  class space    used 1888K, capacity 1976K, committed 2048K, reserved 1048576K
}

