# JRE version: Java(TM) SE Runtime Environment (8.0_121-b13) (build 1.8.0_121-b13)
# Java VM: Java HotSpot(TM) 64-Bit Server VM (25.121-b13 mixed mode bsd-amd64 compressed oops)
Heap:
 PSYoungGen      total 139776K, used 48620K [0x00000007aab00000, 0x00000007b4600000, 0x00000007c0000000)
  eden space 128512K, 29% used [0x00000007aab00000,0x00000007acf82eb8,0x00000007b2880000)
  from space 11264K, 99% used [0x00000007b3600000,0x00000007b40f8300,0x00000007b4100000)
  to   space 13824K, 0% used [0x00000007b2880000,0x00000007b2880000,0x00000007b3600000)
 ParOldGen       total 44032K, used 21206K [0x0000000780000000, 0x0000000782b00000, 0x00000007aab00000)
  object space 44032K, 48% used [0x0000000780000000,0x00000007814b5810,0x0000000782b00000)
 Metaspace       used 19572K, capacity 19811K, committed 19968K, reserved 1067008K
  class space    used 1941K, capacity 2010K, committed 2048K, reserved 1048576K
GC Heap History (10 events):
Event: 6.066 GC heap before
{Heap before GC invocations=4 (full 0):
 PSYoungGen      total 18944K, used 18944K [0x00000007aab00000, 0x00000007ad000000, 0x00000007c0000000)
  eden space 16384K, 100% used [0x00000007aab00000,0x00000007abb00000,0x00000007abb00000)
  from space 2560K, 100% used [0x00000007abb00000,0x00000007abd80000,0x00000007abd80000)
  to   space 2560K, 0% used [0x00000007acd80000,0x00000007acd80000,0x00000007ad000000)
 ParOldGen       total 44032K, used 11494K [0x0000000780000000, 0x0000000782b00000, 0x00000007aab00000)
  object space 44032K, 26% used [0x0000000780000000,0x0000000780b398e8,0x0000000782b00000)
 Metaspace       used 18754K, capacity 19043K, committed 19200K, reserved 1067008K
  class space    used 1927K, capacity 2010K, committed 2048K, reserved 1048576K
Event: 6.082 GC heap after
Heap after GC invocations=4 (full 0):
 PSYoungGen      total 35328K, used 2545K [0x00000007aab00000, 0x00000007ad000000, 0x00000007c0000000)
  eden space 32768K, 0% used [0x00000007aab00000,0x00000007aab00000,0x00000007acb00000)
  from space 2560K, 99% used [0x00000007acd80000,0x00000007acffc760,0x00000007ad000000)
  to   space 2560K, 0% used [0x00000007acb00000,0x00000007acb00000,0x00000007acd80000)
 ParOldGen       total 44032K, used 12502K [0x0000000780000000, 0x0000000782b00000, 0x00000007aab00000)
  object space 44032K, 28% used [0x0000000780000000,0x0000000780c35aa8,0x0000000782b00000)
 Metaspace       used 18754K, capacity 19043K, committed 19200K, reserved 1067008K
  class space    used 1927K, capacity 2010K, committed 2048K, reserved 1048576K
}
Event: 6.927 GC heap before
{Heap before GC invocations=5 (full 0):
 PSYoungGen      total 35328K, used 35313K [0x00000007aab00000, 0x00000007ad000000, 0x00000007c0000000)
  eden space 32768K, 100% used [0x00000007aab00000,0x00000007acb00000,0x00000007acb00000)
  from space 2560K, 99% used [0x00000007acd80000,0x00000007acffc760,0x00000007ad000000)
  to   space 2560K, 0% used [0x00000007acb00000,0x00000007acb00000,0x00000007acd80000)
 ParOldGen       total 44032K, used 12502K [0x0000000780000000, 0x0000000782b00000, 0x00000007aab00000)
  object space 44032K, 28% used [0x0000000780000000,0x0000000780c35aa8,0x0000000782b00000)
 Metaspace       used 19019K, capacity 19299K, committed 19456K, reserved 1067008K
  class space    used 1927K, capacity 2010K, committed 2048K, reserved 1048576K
Event: 6.961 GC heap after
Heap after GC invocations=5 (full 0):
 PSYoungGen      total 35328K, used 2544K [0x00000007aab00000, 0x00000007b0200000, 0x00000007c0000000)
  eden space 32768K, 0% used [0x00000007aab00000,0x00000007aab00000,0x00000007acb00000)
  from space 2560K, 99% used [0x00000007acb00000,0x00000007acd7c060,0x00000007acd80000)
  to   space 11776K, 0% used [0x00000007af680000,0x00000007af680000,0x00000007b0200000)
 ParOldGen       total 44032K, used 17546K [0x0000000780000000, 0x0000000782b00000, 0x00000007aab00000)
  object space 44032K, 39% used [0x0000000780000000,0x0000000781122b40,0x0000000782b00000)
 Metaspace       used 19019K, capacity 19299K, committed 19456K, reserved 1067008K
  class space    used 1927K, capacity 2010K, committed 2048K, reserved 1048576K
}
Event: 8.126 GC heap before
{Heap before GC invocations=6 (full 0):
 PSYoungGen      total 35328K, used 35312K [0x00000007aab00000, 0x00000007b0200000, 0x00000007c0000000)
  eden space 32768K, 100% used [0x00000007aab00000,0x00000007acb00000,0x00000007acb00000)
  from space 2560K, 99% used [0x00000007acb00000,0x00000007acd7c060,0x00000007acd80000)
  to   space 11776K, 0% used [0x00000007af680000,0x00000007af680000,0x00000007b0200000)
 ParOldGen       total 44032K, used 17546K [0x0000000780000000, 0x0000000782b00000, 0x00000007aab00000)
  object space 44032K, 39% used [0x0000000780000000,0x0000000781122b40,0x0000000782b00000)
 Metaspace       used 19172K, capacity 19427K, committed 19712K, reserved 1067008K
  class space    used 1930K, capacity 2010K, committed 2048K, reserved 1048576K
Event: 8.144 GC heap after
Heap after GC invocations=6 (full 0):
 PSYoungGen      total 77312K, used 7538K [0x00000007aab00000, 0x00000007b0200000, 0x00000007c0000000)
  eden space 65536K, 0% used [0x00000007aab00000,0x00000007aab00000,0x00000007aeb00000)
  from space 11776K, 64% used [0x00000007af680000,0x00000007afddc960,0x00000007b0200000)
  to   space 11776K, 0% used [0x00000007aeb00000,0x00000007aeb00000,0x00000007af680000)
 ParOldGen       total 44032K, used 17546K [0x0000000780000000, 0x0000000782b00000, 0x00000007aab00000)
  object space 44032K, 39% used [0x0000000780000000,0x0000000781122b40,0x0000000782b00000)
 Metaspace       used 19172K, capacity 19427K, committed 19712K, reserved 1067008K
  class space    used 1930K, capacity 2010K, committed 2048K, reserved 1048576K
}
Event: 17.048 GC heap before
{Heap before GC invocations=7 (full 0):
 PSYoungGen      total 77312K, used 73074K [0x00000007aab00000, 0x00000007b0200000, 0x00000007c0000000)
  eden space 65536K, 100% used [0x00000007aab00000,0x00000007aeb00000,0x00000007aeb00000)
  from space 11776K, 64% used [0x00000007af680000,0x00000007afddc960,0x00000007b0200000)
  to   space 11776K, 0% used [0x00000007aeb00000,0x00000007aeb00000,0x00000007af680000)
 ParOldGen       total 44032K, used 17546K [0x0000000780000000, 0x0000000782b00000, 0x00000007aab00000)
  object space 44032K, 39% used [0x0000000780000000,0x0000000781122b40,0x0000000782b00000)
 Metaspace       used 19466K, capacity 19683K, committed 19968K, reserved 1067008K
  class space    used 1933K, capacity 2010K, committed 2048K, reserved 1048576K
Event: 17.072 GC heap after
Heap after GC invocations=7 (full 0):
 PSYoungGen      total 77312K, used 6642K [0x00000007aab00000, 0x00000007b4100000, 0x00000007c0000000)
  eden space 65536K, 0% used [0x00000007aab00000,0x00000007aab00000,0x00000007aeb00000)
  from space 11776K, 56% used [0x00000007aeb00000,0x00000007af17c920,0x00000007af680000)
  to   space 11264K, 0% used [0x00000007b3600000,0x00000007b3600000,0x00000007b4100000)
 ParOldGen       total 44032K, used 18588K [0x0000000780000000, 0x0000000782b00000, 0x00000007aab00000)
  object space 44032K, 42% used [0x0000000780000000,0x0000000781227328,0x0000000782b00000)
 Metaspace       used 19466K, capacity 19683K, committed 19968K, reserved 1067008K
  class space    used 1933K, capacity 2010K, committed 2048K, reserved 1048576K
}
Event: 22.967 GC heap before
{Heap before GC invocations=8 (full 0):
 PSYoungGen      total 77312K, used 72178K [0x00000007aab00000, 0x00000007b4100000, 0x00000007c0000000)
  eden space 65536K, 100% used [0x00000007aab00000,0x00000007aeb00000,0x00000007aeb00000)
  from space 11776K, 56% used [0x00000007aeb00000,0x00000007af17c920,0x00000007af680000)
  to   space 11264K, 0% used [0x00000007b3600000,0x00000007b3600000,0x00000007b4100000)
 ParOldGen       total 44032K, used 18588K [0x0000000780000000, 0x0000000782b00000, 0x00000007aab00000)
  object space 44032K, 42% used [0x0000000780000000,0x0000000781227328,0x0000000782b00000)
 Metaspace       used 19532K, capacity 19747K, committed 19968K, reserved 1067008K
  class space    used 1933K, capacity 2010K, committed 2048K, reserved 1048576K
Event: 22.985 GC heap after
Heap after GC invocations=8 (full 0):
 PSYoungGen      total 139776K, used 11232K [0x00000007aab00000, 0x00000007b4600000, 0x00000007c0000000)
  eden space 128512K, 0% used [0x00000007aab00000,0x00000007aab00000,0x00000007b2880000)
  from space 11264K, 99% used [0x00000007b3600000,0x00000007b40f8300,0x00000007b4100000)
  to   space 13824K, 0% used [0x00000007b2880000,0x00000007b2880000,0x00000007b3600000)
 ParOldGen       total 44032K, used 21206K [0x0000000780000000, 0x0000000782b00000, 0x00000007aab00000)
  object space 44032K, 48% used [0x0000000780000000,0x00000007814b5810,0x0000000782b00000)
 Metaspace       used 19532K, capacity 19747K, committed 19968K, reserved 1067008K
  class space    used 1933K, capacity 2010K, committed 2048K, reserved 1048576K
}

