# JRE version: Java(TM) SE Runtime Environment (8.0_121-b13) (build 1.8.0_121-b13)
# Java VM: Java HotSpot(TM) 64-Bit Server VM (25.121-b13 mixed mode bsd-amd64 compressed oops)
Heap:
 PSYoungGen      total 65024K, used 54160K [0x00000007aab00000, 0x00000007b0380000, 0x00000007c0000000)
  eden space 64512K, 83% used [0x00000007aab00000,0x00000007adfc43c0,0x00000007aea00000)
  from space 512K, 25% used [0x00000007b0300000,0x00000007b0320000,0x00000007b0380000)
  to   space 11776K, 0% used [0x00000007aec80000,0x00000007aec80000,0x00000007af800000)
 ParOldGen       total 34816K, used 21662K [0x0000000780000000, 0x0000000782200000, 0x00000007aab00000)
  object space 34816K, 62% used [0x0000000780000000,0x0000000781527890,0x0000000782200000)
 Metaspace       used 24616K, capacity 24893K, committed 25088K, reserved 1071104K
  class space    used 2440K, capacity 2541K, committed 2560K, reserved 1048576K
GC Heap History (10 events):
Event: 36.610 GC heap before
{Heap before GC invocations=11 (full 1):
 PSYoungGen      total 54272K, used 44480K [0x00000007aab00000, 0x00000007afa00000, 0x00000007c0000000)
  eden space 43008K, 100% used [0x00000007aab00000,0x00000007ad500000,0x00000007ad500000)
  from space 11264K, 13% used [0x00000007ad500000,0x00000007ad670050,0x00000007ae000000)
  to   space 11776K, 0% used [0x00000007aee80000,0x00000007aee80000,0x00000007afa00000)
 ParOldGen       total 34816K, used 20238K [0x0000000780000000, 0x0000000782200000, 0x00000007aab00000)
  object space 34816K, 58% used [0x0000000780000000,0x00000007813c3840,0x0000000782200000)
 Metaspace       used 24497K, capacity 24765K, committed 24832K, reserved 1071104K
  class space    used 2432K, capacity 2541K, committed 2560K, reserved 1048576K
Event: 36.614 GC heap after
Heap after GC invocations=11 (full 1):
 PSYoungGen      total 65024K, used 128K [0x00000007aab00000, 0x00000007af800000, 0x00000007c0000000)
  eden space 55296K, 0% used [0x00000007aab00000,0x00000007aab00000,0x00000007ae100000)
  from space 9728K, 1% used [0x00000007aee80000,0x00000007aeea0000,0x00000007af800000)
  to   space 11776K, 0% used [0x00000007ae100000,0x00000007ae100000,0x00000007aec80000)
 ParOldGen       total 34816K, used 21638K [0x0000000780000000, 0x0000000782200000, 0x00000007aab00000)
  object space 34816K, 62% used [0x0000000780000000,0x0000000781521890,0x0000000782200000)
 Metaspace       used 24497K, capacity 24765K, committed 24832K, reserved 1071104K
  class space    used 2432K, capacity 2541K, committed 2560K, reserved 1048576K
}
Event: 49.311 GC heap before
{Heap before GC invocations=12 (full 1):
 PSYoungGen      total 65024K, used 55424K [0x00000007aab00000, 0x00000007af800000, 0x00000007c0000000)
  eden space 55296K, 100% used [0x00000007aab00000,0x00000007ae100000,0x00000007ae100000)
  from space 9728K, 1% used [0x00000007aee80000,0x00000007aeea0000,0x00000007af800000)
  to   space 11776K, 0% used [0x00000007ae100000,0x00000007ae100000,0x00000007aec80000)
 ParOldGen       total 34816K, used 21638K [0x0000000780000000, 0x0000000782200000, 0x00000007aab00000)
  object space 34816K, 62% used [0x0000000780000000,0x0000000781521890,0x0000000782200000)
 Metaspace       used 24506K, capacity 24829K, committed 25088K, reserved 1071104K
  class space    used 2432K, capacity 2541K, committed 2560K, reserved 1048576K
Event: 49.313 GC heap after
Heap after GC invocations=12 (full 1):
 PSYoungGen      total 67072K, used 96K [0x00000007aab00000, 0x00000007b0600000, 0x00000007c0000000)
  eden space 55296K, 0% used [0x00000007aab00000,0x00000007aab00000,0x00000007ae100000)
  from space 11776K, 0% used [0x00000007ae100000,0x00000007ae118000,0x00000007aec80000)
  to   space 12288K, 0% used [0x00000007afa00000,0x00000007afa00000,0x00000007b0600000)
 ParOldGen       total 34816K, used 21646K [0x0000000780000000, 0x0000000782200000, 0x00000007aab00000)
  object space 34816K, 62% used [0x0000000780000000,0x0000000781523890,0x0000000782200000)
 Metaspace       used 24506K, capacity 24829K, committed 25088K, reserved 1071104K
  class space    used 2432K, capacity 2541K, committed 2560K, reserved 1048576K
}
Event: 61.946 GC heap before
{Heap before GC invocations=13 (full 1):
 PSYoungGen      total 67072K, used 55392K [0x00000007aab00000, 0x00000007b0600000, 0x00000007c0000000)
  eden space 55296K, 100% used [0x00000007aab00000,0x00000007ae100000,0x00000007ae100000)
  from space 11776K, 0% used [0x00000007ae100000,0x00000007ae118000,0x00000007aec80000)
  to   space 12288K, 0% used [0x00000007afa00000,0x00000007afa00000,0x00000007b0600000)
 ParOldGen       total 34816K, used 21646K [0x0000000780000000, 0x0000000782200000, 0x00000007aab00000)
  object space 34816K, 62% used [0x0000000780000000,0x0000000781523890,0x0000000782200000)
 Metaspace       used 24524K, capacity 24829K, committed 25088K, reserved 1071104K
  class space    used 2433K, capacity 2541K, committed 2560K, reserved 1048576K
Event: 61.948 GC heap after
Heap after GC invocations=13 (full 1):
 PSYoungGen      total 76800K, used 128K [0x00000007aab00000, 0x00000007b0400000, 0x00000007c0000000)
  eden space 66560K, 0% used [0x00000007aab00000,0x00000007aab00000,0x00000007aec00000)
  from space 10240K, 1% used [0x00000007afa00000,0x00000007afa20000,0x00000007b0400000)
  to   space 12288K, 0% used [0x00000007aec00000,0x00000007aec00000,0x00000007af800000)
 ParOldGen       total 34816K, used 21654K [0x0000000780000000, 0x0000000782200000, 0x00000007aab00000)
  object space 34816K, 62% used [0x0000000780000000,0x0000000781525890,0x0000000782200000)
 Metaspace       used 24524K, capacity 24829K, committed 25088K, reserved 1071104K
  class space    used 2433K, capacity 2541K, committed 2560K, reserved 1048576K
}
Event: 77.164 GC heap before
{Heap before GC invocations=14 (full 1):
 PSYoungGen      total 76800K, used 66688K [0x00000007aab00000, 0x00000007b0400000, 0x00000007c0000000)
  eden space 66560K, 100% used [0x00000007aab00000,0x00000007aec00000,0x00000007aec00000)
  from space 10240K, 1% used [0x00000007afa00000,0x00000007afa20000,0x00000007b0400000)
  to   space 12288K, 0% used [0x00000007aec00000,0x00000007aec00000,0x00000007af800000)
 ParOldGen       total 34816K, used 21654K [0x0000000780000000, 0x0000000782200000, 0x00000007aab00000)
  object space 34816K, 62% used [0x0000000780000000,0x0000000781525890,0x0000000782200000)
 Metaspace       used 24568K, capacity 24893K, committed 25088K, reserved 1071104K
  class space    used 2433K, capacity 2541K, committed 2560K, reserved 1048576K
Event: 77.166 GC heap after
Heap after GC invocations=14 (full 1):
 PSYoungGen      total 78848K, used 128K [0x00000007aab00000, 0x00000007b0f00000, 0x00000007c0000000)
  eden space 66560K, 0% used [0x00000007aab00000,0x00000007aab00000,0x00000007aec00000)
  from space 12288K, 1% used [0x00000007aec00000,0x00000007aec20000,0x00000007af800000)
  to   space 12288K, 0% used [0x00000007b0300000,0x00000007b0300000,0x00000007b0f00000)
 ParOldGen       total 34816K, used 21662K [0x0000000780000000, 0x0000000782200000, 0x00000007aab00000)
  object space 34816K, 62% used [0x0000000780000000,0x0000000781527890,0x0000000782200000)
 Metaspace       used 24568K, capacity 24893K, committed 25088K, reserved 1071104K
  class space    used 2433K, capacity 2541K, committed 2560K, reserved 1048576K
}
Event: 92.014 GC heap before
{Heap before GC invocations=15 (full 1):
 PSYoungGen      total 78848K, used 66688K [0x00000007aab00000, 0x00000007b0f00000, 0x00000007c0000000)
  eden space 66560K, 100% used [0x00000007aab00000,0x00000007aec00000,0x00000007aec00000)
  from space 12288K, 1% used [0x00000007aec00000,0x00000007aec20000,0x00000007af800000)
  to   space 12288K, 0% used [0x00000007b0300000,0x00000007b0300000,0x00000007b0f00000)
 ParOldGen       total 34816K, used 21662K [0x0000000780000000, 0x0000000782200000, 0x00000007aab00000)
  object space 34816K, 62% used [0x0000000780000000,0x0000000781527890,0x0000000782200000)
 Metaspace       used 24568K, capacity 24893K, committed 25088K, reserved 1071104K
  class space    used 2433K, capacity 2541K, committed 2560K, reserved 1048576K
Event: 92.016 GC heap after
Heap after GC invocations=15 (full 1):
 PSYoungGen      total 65024K, used 128K [0x00000007aab00000, 0x00000007b0380000, 0x00000007c0000000)
  eden space 64512K, 0% used [0x00000007aab00000,0x00000007aab00000,0x00000007aea00000)
  from space 512K, 25% used [0x00000007b0300000,0x00000007b0320000,0x00000007b0380000)
  to   space 11776K, 0% used [0x00000007aec80000,0x00000007aec80000,0x00000007af800000)
 ParOldGen       total 34816K, used 21662K [0x0000000780000000, 0x0000000782200000, 0x00000007aab00000)
  object space 34816K, 62% used [0x0000000780000000,0x0000000781527890,0x0000000782200000)
 Metaspace       used 24568K, capacity 24893K, committed 25088K, reserved 1071104K
  class space    used 2433K, capacity 2541K, committed 2560K, reserved 1048576K
}

