# JRE version: Java(TM) SE Runtime Environment (8.0_121-b13) (build 1.8.0_121-b13)
# Java VM: Java HotSpot(TM) 64-Bit Server VM (25.121-b13 mixed mode bsd-amd64 compressed oops)
Heap:
 PSYoungGen      total 38400K, used 8729K [0x00000007aab00000, 0x00000007aed00000, 0x00000007c0000000)
  eden space 27648K, 5% used [0x00000007aab00000,0x00000007aac8a4e8,0x00000007ac600000)
  from space 10752K, 66% used [0x00000007ac600000,0x00000007accfc200,0x00000007ad080000)
  to   space 10752K, 0% used [0x00000007ae280000,0x00000007ae280000,0x00000007aed00000)
 ParOldGen       total 33792K, used 15115K [0x0000000780000000, 0x0000000782100000, 0x00000007aab00000)
  object space 33792K, 44% used [0x0000000780000000,0x0000000780ec2c70,0x0000000782100000)
 Metaspace       used 24324K, capacity 24637K, committed 24832K, reserved 1071104K
  class space    used 2433K, capacity 2541K, committed 2560K, reserved 1048576K
GC Heap History (10 events):
Event: 8.804 GC heap before
{Heap before GC invocations=4 (full 0):
 PSYoungGen      total 18944K, used 5637K [0x00000007aab00000, 0x00000007ac000000, 0x00000007c0000000)
  eden space 16384K, 18% used [0x00000007aab00000,0x00000007aae05340,0x00000007abb00000)
  from space 2560K, 99% used [0x00000007abb00000,0x00000007abd7c290,0x00000007abd80000)
  to   space 2560K, 0% used [0x00000007abd80000,0x00000007abd80000,0x00000007ac000000)
 ParOldGen       total 44032K, used 7105K [0x0000000780000000, 0x0000000782b00000, 0x00000007aab00000)
  object space 44032K, 16% used [0x0000000780000000,0x00000007806f0718,0x0000000782b00000)
 Metaspace       used 20905K, capacity 21221K, committed 21248K, reserved 1069056K
  class space    used 2154K, capacity 2281K, committed 2304K, reserved 1048576K
Event: 8.812 GC heap after
Heap after GC invocations=4 (full 0):
 PSYoungGen      total 18944K, used 2544K [0x00000007aab00000, 0x00000007ad000000, 0x00000007c0000000)
  eden space 16384K, 0% used [0x00000007aab00000,0x00000007aab00000,0x00000007abb00000)
  from space 2560K, 99% used [0x00000007abd80000,0x00000007abffc050,0x00000007ac000000)
  to   space 2560K, 0% used [0x00000007abb00000,0x00000007abb00000,0x00000007abd80000)
 ParOldGen       total 44032K, used 7891K [0x0000000780000000, 0x0000000782b00000, 0x00000007aab00000)
  object space 44032K, 17% used [0x0000000780000000,0x00000007807b4e60,0x0000000782b00000)
 Metaspace       used 20905K, capacity 21221K, committed 21248K, reserved 1069056K
  class space    used 2154K, capacity 2281K, committed 2304K, reserved 1048576K
}
Event: 8.812 GC heap before
{Heap before GC invocations=5 (full 1):
 PSYoungGen      total 18944K, used 2544K [0x00000007aab00000, 0x00000007ad000000, 0x00000007c0000000)
  eden space 16384K, 0% used [0x00000007aab00000,0x00000007aab00000,0x00000007abb00000)
  from space 2560K, 99% used [0x00000007abd80000,0x00000007abffc050,0x00000007ac000000)
  to   space 2560K, 0% used [0x00000007abb00000,0x00000007abb00000,0x00000007abd80000)
 ParOldGen       total 44032K, used 7891K [0x0000000780000000, 0x0000000782b00000, 0x00000007aab00000)
  object space 44032K, 17% used [0x0000000780000000,0x00000007807b4e60,0x0000000782b00000)
 Metaspace       used 20905K, capacity 21221K, committed 21248K, reserved 1069056K
  class space    used 2154K, capacity 2281K, committed 2304K, reserved 1048576K
Event: 8.870 GC heap after
Heap after GC invocations=5 (full 1):
 PSYoungGen      total 18944K, used 0K [0x00000007aab00000, 0x00000007ad000000, 0x00000007c0000000)
  eden space 16384K, 0% used [0x00000007aab00000,0x00000007aab00000,0x00000007abb00000)
  from space 2560K, 0% used [0x00000007abd80000,0x00000007abd80000,0x00000007ac000000)
  to   space 2560K, 0% used [0x00000007abb00000,0x00000007abb00000,0x00000007abd80000)
 ParOldGen       total 33792K, used 8097K [0x0000000780000000, 0x0000000782100000, 0x00000007aab00000)
  object space 33792K, 23% used [0x0000000780000000,0x00000007807e8590,0x0000000782100000)
 Metaspace       used 20905K, capacity 21221K, committed 21248K, reserved 1069056K
  class space    used 2154K, capacity 2281K, committed 2304K, reserved 1048576K
}
Event: 9.928 GC heap before
{Heap before GC invocations=6 (full 1):
 PSYoungGen      total 18944K, used 16201K [0x00000007aab00000, 0x00000007ad000000, 0x00000007c0000000)
  eden space 16384K, 98% used [0x00000007aab00000,0x00000007abad26d8,0x00000007abb00000)
  from space 2560K, 0% used [0x00000007abd80000,0x00000007abd80000,0x00000007ac000000)
  to   space 2560K, 0% used [0x00000007abb00000,0x00000007abb00000,0x00000007abd80000)
 ParOldGen       total 33792K, used 8097K [0x0000000780000000, 0x0000000782100000, 0x00000007aab00000)
  object space 33792K, 23% used [0x0000000780000000,0x00000007807e8590,0x0000000782100000)
 Metaspace       used 23067K, capacity 23397K, committed 23552K, reserved 1071104K
  class space    used 2356K, capacity 2473K, committed 2560K, reserved 1048576K
Event: 9.942 GC heap after
Heap after GC invocations=6 (full 1):
 PSYoungGen      total 18944K, used 2528K [0x00000007aab00000, 0x00000007ada80000, 0x00000007c0000000)
  eden space 16384K, 0% used [0x00000007aab00000,0x00000007aab00000,0x00000007abb00000)
  from space 2560K, 98% used [0x00000007abb00000,0x00000007abd78100,0x00000007abd80000)
  to   space 10240K, 0% used [0x00000007ad080000,0x00000007ad080000,0x00000007ada80000)
 ParOldGen       total 33792K, used 15099K [0x0000000780000000, 0x0000000782100000, 0x00000007aab00000)
  object space 33792K, 44% used [0x0000000780000000,0x0000000780ebec70,0x0000000782100000)
 Metaspace       used 23067K, capacity 23397K, committed 23552K, reserved 1071104K
  class space    used 2356K, capacity 2473K, committed 2560K, reserved 1048576K
}
Event: 10.611 GC heap before
{Heap before GC invocations=7 (full 1):
 PSYoungGen      total 18944K, used 18912K [0x00000007aab00000, 0x00000007ada80000, 0x00000007c0000000)
  eden space 16384K, 100% used [0x00000007aab00000,0x00000007abb00000,0x00000007abb00000)
  from space 2560K, 98% used [0x00000007abb00000,0x00000007abd78100,0x00000007abd80000)
  to   space 10240K, 0% used [0x00000007ad080000,0x00000007ad080000,0x00000007ada80000)
 ParOldGen       total 33792K, used 15099K [0x0000000780000000, 0x0000000782100000, 0x00000007aab00000)
  object space 33792K, 44% used [0x0000000780000000,0x0000000780ebec70,0x0000000782100000)
 Metaspace       used 23549K, capacity 23877K, committed 24064K, reserved 1071104K
  class space    used 2390K, capacity 2505K, committed 2560K, reserved 1048576K
Event: 10.622 GC heap after
Heap after GC invocations=7 (full 1):
 PSYoungGen      total 37888K, used 7152K [0x00000007aab00000, 0x00000007adb80000, 0x00000007c0000000)
  eden space 27648K, 0% used [0x00000007aab00000,0x00000007aab00000,0x00000007ac600000)
  from space 10240K, 69% used [0x00000007ad080000,0x00000007ad77c200,0x00000007ada80000)
  to   space 10752K, 0% used [0x00000007ac600000,0x00000007ac600000,0x00000007ad080000)
 ParOldGen       total 33792K, used 15107K [0x0000000780000000, 0x0000000782100000, 0x00000007aab00000)
  object space 33792K, 44% used [0x0000000780000000,0x0000000780ec0c70,0x0000000782100000)
 Metaspace       used 23549K, capacity 23877K, committed 24064K, reserved 1071104K
  class space    used 2390K, capacity 2505K, committed 2560K, reserved 1048576K
}
Event: 15.177 GC heap before
{Heap before GC invocations=8 (full 1):
 PSYoungGen      total 37888K, used 34800K [0x00000007aab00000, 0x00000007adb80000, 0x00000007c0000000)
  eden space 27648K, 100% used [0x00000007aab00000,0x00000007ac600000,0x00000007ac600000)
  from space 10240K, 69% used [0x00000007ad080000,0x00000007ad77c200,0x00000007ada80000)
  to   space 10752K, 0% used [0x00000007ac600000,0x00000007ac600000,0x00000007ad080000)
 ParOldGen       total 33792K, used 15107K [0x0000000780000000, 0x0000000782100000, 0x00000007aab00000)
  object space 33792K, 44% used [0x0000000780000000,0x0000000780ec0c70,0x0000000782100000)
 Metaspace       used 24227K, capacity 24509K, committed 24576K, reserved 1071104K
  class space    used 2425K, capacity 2541K, committed 2560K, reserved 1048576K
Event: 15.192 GC heap after
Heap after GC invocations=8 (full 1):
 PSYoungGen      total 38400K, used 7152K [0x00000007aab00000, 0x00000007aed00000, 0x00000007c0000000)
  eden space 27648K, 0% used [0x00000007aab00000,0x00000007aab00000,0x00000007ac600000)
  from space 10752K, 66% used [0x00000007ac600000,0x00000007accfc200,0x00000007ad080000)
  to   space 10752K, 0% used [0x00000007ae280000,0x00000007ae280000,0x00000007aed00000)
 ParOldGen       total 33792K, used 15115K [0x0000000780000000, 0x0000000782100000, 0x00000007aab00000)
  object space 33792K, 44% used [0x0000000780000000,0x0000000780ec2c70,0x0000000782100000)
 Metaspace       used 24227K, capacity 24509K, committed 24576K, reserved 1071104K
  class space    used 2425K, capacity 2541K, committed 2560K, reserved 1048576K
}

