# JRE version: Java(TM) SE Runtime Environment (8.0_121-b13) (build 1.8.0_121-b13)
# Java VM: Java HotSpot(TM) 64-Bit Server VM (25.121-b13 mixed mode bsd-amd64 compressed oops)
Heap:
 PSYoungGen      total 80384K, used 67141K [0x00000007aab00000, 0x00000007b0e00000, 0x00000007c0000000)
  eden space 72192K, 92% used [0x00000007aab00000,0x00000007aec795e8,0x00000007af180000)
  from space 8192K, 1% used [0x00000007afe00000,0x00000007afe18000,0x00000007b0600000)
  to   space 8192K, 0% used [0x00000007b0600000,0x00000007b0600000,0x00000007b0e00000)
 ParOldGen       total 43008K, used 15705K [0x0000000780000000, 0x0000000782a00000, 0x00000007aab00000)
  object space 43008K, 36% used [0x0000000780000000,0x0000000780f56408,0x0000000782a00000)
 Metaspace       used 21439K, capacity 21691K, committed 22016K, reserved 1069056K
  class space    used 2116K, capacity 2204K, committed 2304K, reserved 1048576K
GC Heap History (10 events):
Event: 104.104 GC heap before
{Heap before GC invocations=16 (full 1):
 PSYoungGen      total 87040K, used 86656K [0x00000007aab00000, 0x00000007b1f00000, 0x00000007c0000000)
  eden space 86528K, 100% used [0x00000007aab00000,0x00000007aff80000,0x00000007aff80000)
  from space 512K, 25% used [0x00000007b1e80000,0x00000007b1ea0000,0x00000007b1f00000)
  to   space 10240K, 0% used [0x00000007b0b00000,0x00000007b0b00000,0x00000007b1500000)
 ParOldGen       total 43008K, used 15705K [0x0000000780000000, 0x0000000782a00000, 0x00000007aab00000)
  object space 43008K, 36% used [0x0000000780000000,0x0000000780f56408,0x0000000782a00000)
 Metaspace       used 21408K, capacity 21691K, committed 22016K, reserved 1069056K
  class space    used 2109K, capacity 2204K, committed 2304K, reserved 1048576K
Event: 104.106 GC heap after
Heap after GC invocations=16 (full 1):
 PSYoungGen      total 93696K, used 128K [0x00000007aab00000, 0x00000007b1f00000, 0x00000007c0000000)
  eden space 83456K, 0% used [0x00000007aab00000,0x00000007aab00000,0x00000007afc80000)
  from space 10240K, 1% used [0x00000007b0b00000,0x00000007b0b20000,0x00000007b1500000)
  to   space 9728K, 0% used [0x00000007b1580000,0x00000007b1580000,0x00000007b1f00000)
 ParOldGen       total 43008K, used 15705K [0x0000000780000000, 0x0000000782a00000, 0x00000007aab00000)
  object space 43008K, 36% used [0x0000000780000000,0x0000000780f56408,0x0000000782a00000)
 Metaspace       used 21408K, capacity 21691K, committed 22016K, reserved 1069056K
  class space    used 2109K, capacity 2204K, committed 2304K, reserved 1048576K
}
Event: 117.970 GC heap before
{Heap before GC invocations=17 (full 1):
 PSYoungGen      total 93696K, used 83584K [0x00000007aab00000, 0x00000007b1f00000, 0x00000007c0000000)
  eden space 83456K, 100% used [0x00000007aab00000,0x00000007afc80000,0x00000007afc80000)
  from space 10240K, 1% used [0x00000007b0b00000,0x00000007b0b20000,0x00000007b1500000)
  to   space 9728K, 0% used [0x00000007b1580000,0x00000007b1580000,0x00000007b1f00000)
 ParOldGen       total 43008K, used 15705K [0x0000000780000000, 0x0000000782a00000, 0x00000007aab00000)
  object space 43008K, 36% used [0x0000000780000000,0x0000000780f56408,0x0000000782a00000)
 Metaspace       used 21409K, capacity 21691K, committed 22016K, reserved 1069056K
  class space    used 2110K, capacity 2204K, committed 2304K, reserved 1048576K
Event: 117.972 GC heap after
Heap after GC invocations=17 (full 1):
 PSYoungGen      total 80896K, used 128K [0x00000007aab00000, 0x00000007b1600000, 0x00000007c0000000)
  eden space 80384K, 0% used [0x00000007aab00000,0x00000007aab00000,0x00000007af980000)
  from space 512K, 25% used [0x00000007b1580000,0x00000007b15a0000,0x00000007b1600000)
  to   space 9216K, 0% used [0x00000007b0400000,0x00000007b0400000,0x00000007b0d00000)
 ParOldGen       total 43008K, used 15705K [0x0000000780000000, 0x0000000782a00000, 0x00000007aab00000)
  object space 43008K, 36% used [0x0000000780000000,0x0000000780f56408,0x0000000782a00000)
 Metaspace       used 21409K, capacity 21691K, committed 22016K, reserved 1069056K
  class space    used 2110K, capacity 2204K, committed 2304K, reserved 1048576K
}
Event: 131.305 GC heap before
{Heap before GC invocations=18 (full 1):
 PSYoungGen      total 80896K, used 80512K [0x00000007aab00000, 0x00000007b1600000, 0x00000007c0000000)
  eden space 80384K, 100% used [0x00000007aab00000,0x00000007af980000,0x00000007af980000)
  from space 512K, 25% used [0x00000007b1580000,0x00000007b15a0000,0x00000007b1600000)
  to   space 9216K, 0% used [0x00000007b0400000,0x00000007b0400000,0x00000007b0d00000)
 ParOldGen       total 43008K, used 15705K [0x0000000780000000, 0x0000000782a00000, 0x00000007aab00000)
  object space 43008K, 36% used [0x0000000780000000,0x0000000780f56408,0x0000000782a00000)
 Metaspace       used 21409K, capacity 21691K, committed 22016K, reserved 1069056K
  class space    used 2110K, capacity 2204K, committed 2304K, reserved 1048576K
Event: 131.307 GC heap after
Heap after GC invocations=18 (full 1):
 PSYoungGen      total 86528K, used 128K [0x00000007aab00000, 0x00000007b1600000, 0x00000007c0000000)
  eden space 77312K, 0% used [0x00000007aab00000,0x00000007aab00000,0x00000007af680000)
  from space 9216K, 1% used [0x00000007b0400000,0x00000007b0420000,0x00000007b0d00000)
  to   space 8704K, 0% used [0x00000007b0d80000,0x00000007b0d80000,0x00000007b1600000)
 ParOldGen       total 43008K, used 15705K [0x0000000780000000, 0x0000000782a00000, 0x00000007aab00000)
  object space 43008K, 36% used [0x0000000780000000,0x0000000780f56408,0x0000000782a00000)
 Metaspace       used 21409K, capacity 21691K, committed 22016K, reserved 1069056K
  class space    used 2110K, capacity 2204K, committed 2304K, reserved 1048576K
}
Event: 144.123 GC heap before
{Heap before GC invocations=19 (full 1):
 PSYoungGen      total 86528K, used 77440K [0x00000007aab00000, 0x00000007b1600000, 0x00000007c0000000)
  eden space 77312K, 100% used [0x00000007aab00000,0x00000007af680000,0x00000007af680000)
  from space 9216K, 1% used [0x00000007b0400000,0x00000007b0420000,0x00000007b0d00000)
  to   space 8704K, 0% used [0x00000007b0d80000,0x00000007b0d80000,0x00000007b1600000)
 ParOldGen       total 43008K, used 15705K [0x0000000780000000, 0x0000000782a00000, 0x00000007aab00000)
  object space 43008K, 36% used [0x0000000780000000,0x0000000780f56408,0x0000000782a00000)
 Metaspace       used 21409K, capacity 21691K, committed 22016K, reserved 1069056K
  class space    used 2110K, capacity 2204K, committed 2304K, reserved 1048576K
Event: 144.125 GC heap after
Heap after GC invocations=19 (full 1):
 PSYoungGen      total 75264K, used 128K [0x00000007aab00000, 0x00000007b0e00000, 0x00000007c0000000)
  eden space 74752K, 0% used [0x00000007aab00000,0x00000007aab00000,0x00000007af400000)
  from space 512K, 25% used [0x00000007b0d80000,0x00000007b0da0000,0x00000007b0e00000)
  to   space 8192K, 0% used [0x00000007afe00000,0x00000007afe00000,0x00000007b0600000)
 ParOldGen       total 43008K, used 15705K [0x0000000780000000, 0x0000000782a00000, 0x00000007aab00000)
  object space 43008K, 36% used [0x0000000780000000,0x0000000780f56408,0x0000000782a00000)
 Metaspace       used 21409K, capacity 21691K, committed 22016K, reserved 1069056K
  class space    used 2110K, capacity 2204K, committed 2304K, reserved 1048576K
}
Event: 156.558 GC heap before
{Heap before GC invocations=20 (full 1):
 PSYoungGen      total 75264K, used 74880K [0x00000007aab00000, 0x00000007b0e00000, 0x00000007c0000000)
  eden space 74752K, 100% used [0x00000007aab00000,0x00000007af400000,0x00000007af400000)
  from space 512K, 25% used [0x00000007b0d80000,0x00000007b0da0000,0x00000007b0e00000)
  to   space 8192K, 0% used [0x00000007afe00000,0x00000007afe00000,0x00000007b0600000)
 ParOldGen       total 43008K, used 15705K [0x0000000780000000, 0x0000000782a00000, 0x00000007aab00000)
  object space 43008K, 36% used [0x0000000780000000,0x0000000780f56408,0x0000000782a00000)
 Metaspace       used 21409K, capacity 21691K, committed 22016K, reserved 1069056K
  class space    used 2110K, capacity 2204K, committed 2304K, reserved 1048576K
Event: 156.559 GC heap after
Heap after GC invocations=20 (full 1):
 PSYoungGen      total 80384K, used 96K [0x00000007aab00000, 0x00000007b0e00000, 0x00000007c0000000)
  eden space 72192K, 0% used [0x00000007aab00000,0x00000007aab00000,0x00000007af180000)
  from space 8192K, 1% used [0x00000007afe00000,0x00000007afe18000,0x00000007b0600000)
  to   space 8192K, 0% used [0x00000007b0600000,0x00000007b0600000,0x00000007b0e00000)
 ParOldGen       total 43008K, used 15705K [0x0000000780000000, 0x0000000782a00000, 0x00000007aab00000)
  object space 43008K, 36% used [0x0000000780000000,0x0000000780f56408,0x0000000782a00000)
 Metaspace       used 21409K, capacity 21691K, committed 22016K, reserved 1069056K
  class space    used 2110K, capacity 2204K, committed 2304K, reserved 1048576K
}

