# JRE version: Java(TM) SE Runtime Environment (8.0_121-b13) (build 1.8.0_121-b13)
# Java VM: Java HotSpot(TM) 64-Bit Server VM (25.121-b13 mixed mode bsd-amd64 compressed oops)
Heap:
 PSYoungGen      total 65024K, used 11175K [0x00000007aab00000, 0x00000007af700000, 0x00000007c0000000)
  eden space 57856K, 7% used [0x00000007aab00000,0x00000007aaf41c20,0x00000007ae380000)
  from space 7168K, 95% used [0x00000007ae980000,0x00000007af0281a0,0x00000007af080000)
  to   space 6656K, 0% used [0x00000007af080000,0x00000007af080000,0x00000007af700000)
 ParOldGen       total 65536K, used 49385K [0x0000000780000000, 0x0000000784000000, 0x00000007aab00000)
  object space 65536K, 75% used [0x0000000780000000,0x000000078303a4b0,0x0000000784000000)
 Metaspace       used 19882K, capacity 20131K, committed 20224K, reserved 1067008K
  class space    used 1940K, capacity 2010K, committed 2048K, reserved 1048576K
GC Heap History (10 events):
Event: 49.543 GC heap before
{Heap before GC invocations=14 (full 0):
 PSYoungGen      total 43520K, used 38906K [0x00000007aab00000, 0x00000007ae900000, 0x00000007c0000000)
  eden space 33792K, 99% used [0x00000007aab00000,0x00000007acbd6950,0x00000007acc00000)
  from space 9728K, 54% used [0x00000007acc00000,0x00000007ad128140,0x00000007ad580000)
  to   space 9216K, 0% used [0x00000007ae000000,0x00000007ae000000,0x00000007ae900000)
 ParOldGen       total 44032K, used 34109K [0x0000000780000000, 0x0000000782b00000, 0x00000007aab00000)
  object space 44032K, 77% used [0x0000000780000000,0x000000078214f6d0,0x0000000782b00000)
 Metaspace       used 19752K, capacity 20003K, committed 20224K, reserved 1067008K
  class space    used 1931K, capacity 2010K, committed 2048K, reserved 1048576K
Event: 49.555 GC heap after
Heap after GC invocations=14 (full 0):
 PSYoungGen      total 53760K, used 5792K [0x00000007aab00000, 0x00000007af300000, 0x00000007c0000000)
  eden space 44544K, 0% used [0x00000007aab00000,0x00000007aab00000,0x00000007ad680000)
  from space 9216K, 62% used [0x00000007ae000000,0x00000007ae5a8160,0x00000007ae900000)
  to   space 9728K, 0% used [0x00000007ad680000,0x00000007ad680000,0x00000007ae000000)
 ParOldGen       total 44032K, used 38757K [0x0000000780000000, 0x0000000782b00000, 0x00000007aab00000)
  object space 44032K, 88% used [0x0000000780000000,0x00000007825d97f0,0x0000000782b00000)
 Metaspace       used 19752K, capacity 20003K, committed 20224K, reserved 1067008K
  class space    used 1931K, capacity 2010K, committed 2048K, reserved 1048576K
}
Event: 49.555 GC heap before
{Heap before GC invocations=15 (full 1):
 PSYoungGen      total 53760K, used 5792K [0x00000007aab00000, 0x00000007af300000, 0x00000007c0000000)
  eden space 44544K, 0% used [0x00000007aab00000,0x00000007aab00000,0x00000007ad680000)
  from space 9216K, 62% used [0x00000007ae000000,0x00000007ae5a8160,0x00000007ae900000)
  to   space 9728K, 0% used [0x00000007ad680000,0x00000007ad680000,0x00000007ae000000)
 ParOldGen       total 44032K, used 38757K [0x0000000780000000, 0x0000000782b00000, 0x00000007aab00000)
  object space 44032K, 88% used [0x0000000780000000,0x00000007825d97f0,0x0000000782b00000)
 Metaspace       used 19752K, capacity 20003K, committed 20224K, reserved 1067008K
  class space    used 1931K, capacity 2010K, committed 2048K, reserved 1048576K
Event: 49.648 GC heap after
Heap after GC invocations=15 (full 1):
 PSYoungGen      total 53760K, used 0K [0x00000007aab00000, 0x00000007af300000, 0x00000007c0000000)
  eden space 44544K, 0% used [0x00000007aab00000,0x00000007aab00000,0x00000007ad680000)
  from space 9216K, 0% used [0x00000007ae000000,0x00000007ae000000,0x00000007ae900000)
  to   space 9728K, 0% used [0x00000007ad680000,0x00000007ad680000,0x00000007ae000000)
 ParOldGen       total 65536K, used 38664K [0x0000000780000000, 0x0000000784000000, 0x00000007aab00000)
  object space 65536K, 58% used [0x0000000780000000,0x00000007825c2160,0x0000000784000000)
 Metaspace       used 19752K, capacity 20003K, committed 20224K, reserved 1067008K
  class space    used 1931K, capacity 2010K, committed 2048K, reserved 1048576K
}
Event: 53.477 GC heap before
{Heap before GC invocations=16 (full 1):
 PSYoungGen      total 53760K, used 44544K [0x00000007aab00000, 0x00000007af300000, 0x00000007c0000000)
  eden space 44544K, 100% used [0x00000007aab00000,0x00000007ad680000,0x00000007ad680000)
  from space 9216K, 0% used [0x00000007ae000000,0x00000007ae000000,0x00000007ae900000)
  to   space 9728K, 0% used [0x00000007ad680000,0x00000007ad680000,0x00000007ae000000)
 ParOldGen       total 65536K, used 38664K [0x0000000780000000, 0x0000000784000000, 0x00000007aab00000)
  object space 65536K, 58% used [0x0000000780000000,0x00000007825c2160,0x0000000784000000)
 Metaspace       used 19818K, capacity 20067K, committed 20224K, reserved 1067008K
  class space    used 1931K, capacity 2010K, committed 2048K, reserved 1048576K
Event: 53.481 GC heap after
Heap after GC invocations=16 (full 1):
 PSYoungGen      total 54272K, used 5792K [0x00000007aab00000, 0x00000007b0000000, 0x00000007c0000000)
  eden space 44544K, 0% used [0x00000007aab00000,0x00000007aab00000,0x00000007ad680000)
  from space 9728K, 59% used [0x00000007ad680000,0x00000007adc28160,0x00000007ae000000)
  to   space 9728K, 0% used [0x00000007af680000,0x00000007af680000,0x00000007b0000000)
 ParOldGen       total 65536K, used 38672K [0x0000000780000000, 0x0000000784000000, 0x00000007aab00000)
  object space 65536K, 59% used [0x0000000780000000,0x00000007825c4160,0x0000000784000000)
 Metaspace       used 19818K, capacity 20067K, committed 20224K, reserved 1067008K
  class space    used 1931K, capacity 2010K, committed 2048K, reserved 1048576K
}
Event: 58.341 GC heap before
{Heap before GC invocations=17 (full 1):
 PSYoungGen      total 54272K, used 50161K [0x00000007aab00000, 0x00000007b0000000, 0x00000007c0000000)
  eden space 44544K, 99% used [0x00000007aab00000,0x00000007ad654320,0x00000007ad680000)
  from space 9728K, 59% used [0x00000007ad680000,0x00000007adc28160,0x00000007ae000000)
  to   space 9728K, 0% used [0x00000007af680000,0x00000007af680000,0x00000007b0000000)
 ParOldGen       total 65536K, used 38672K [0x0000000780000000, 0x0000000784000000, 0x00000007aab00000)
  object space 65536K, 59% used [0x0000000780000000,0x00000007825c4160,0x0000000784000000)
 Metaspace       used 19840K, capacity 20067K, committed 20224K, reserved 1067008K
  class space    used 1932K, capacity 2010K, committed 2048K, reserved 1048576K
Event: 58.351 GC heap after
Heap after GC invocations=17 (full 1):
 PSYoungGen      total 49152K, used 5696K [0x00000007aab00000, 0x00000007afc80000, 0x00000007c0000000)
  eden space 43008K, 0% used [0x00000007aab00000,0x00000007aab00000,0x00000007ad500000)
  from space 6144K, 92% used [0x00000007af680000,0x00000007afc10170,0x00000007afc80000)
  to   space 9728K, 0% used [0x00000007ae980000,0x00000007ae980000,0x00000007af300000)
 ParOldGen       total 65536K, used 44344K [0x0000000780000000, 0x0000000784000000, 0x00000007aab00000)
  object space 65536K, 67% used [0x0000000780000000,0x0000000782b4e2c0,0x0000000784000000)
 Metaspace       used 19840K, capacity 20067K, committed 20224K, reserved 1067008K
  class space    used 1932K, capacity 2010K, committed 2048K, reserved 1048576K
}
Event: 59.978 GC heap before
{Heap before GC invocations=18 (full 1):
 PSYoungGen      total 49152K, used 48704K [0x00000007aab00000, 0x00000007afc80000, 0x00000007c0000000)
  eden space 43008K, 100% used [0x00000007aab00000,0x00000007ad500000,0x00000007ad500000)
  from space 6144K, 92% used [0x00000007af680000,0x00000007afc10170,0x00000007afc80000)
  to   space 9728K, 0% used [0x00000007ae980000,0x00000007ae980000,0x00000007af300000)
 ParOldGen       total 65536K, used 44344K [0x0000000780000000, 0x0000000784000000, 0x00000007aab00000)
  object space 65536K, 67% used [0x0000000780000000,0x0000000782b4e2c0,0x0000000784000000)
 Metaspace       used 19848K, capacity 20067K, committed 20224K, reserved 1067008K
  class space    used 1932K, capacity 2010K, committed 2048K, reserved 1048576K
Event: 60.002 GC heap after
Heap after GC invocations=18 (full 1):
 PSYoungGen      total 65024K, used 6816K [0x00000007aab00000, 0x00000007af700000, 0x00000007c0000000)
  eden space 57856K, 0% used [0x00000007aab00000,0x00000007aab00000,0x00000007ae380000)
  from space 7168K, 95% used [0x00000007ae980000,0x00000007af0281a0,0x00000007af080000)
  to   space 6656K, 0% used [0x00000007af080000,0x00000007af080000,0x00000007af700000)
 ParOldGen       total 65536K, used 49385K [0x0000000780000000, 0x0000000784000000, 0x00000007aab00000)
  object space 65536K, 75% used [0x0000000780000000,0x000000078303a4b0,0x0000000784000000)
 Metaspace       used 19848K, capacity 20067K, committed 20224K, reserved 1067008K
  class space    used 1932K, capacity 2010K, committed 2048K, reserved 1048576K
}

