# JRE version: Java(TM) SE Runtime Environment (8.0_121-b13) (build 1.8.0_121-b13)
# Java VM: Java HotSpot(TM) 64-Bit Server VM (25.121-b13 mixed mode bsd-amd64 compressed oops)
Heap:
 PSYoungGen      total 22016K, used 8840K [0x00000007aab00000, 0x00000007ac180000, 0x00000007c0000000)
  eden space 21504K, 40% used [0x00000007aab00000,0x00000007ab39a318,0x00000007ac000000)
  from space 512K, 6% used [0x00000007ac080000,0x00000007ac088000,0x00000007ac100000)
  to   space 512K, 0% used [0x00000007ac100000,0x00000007ac100000,0x00000007ac180000)
 ParOldGen       total 99328K, used 73326K [0x0000000780000000, 0x0000000786100000, 0x00000007aab00000)
  object space 99328K, 73% used [0x0000000780000000,0x000000078479b930,0x0000000786100000)
 Metaspace       used 25159K, capacity 25421K, committed 25600K, reserved 1073152K
  class space    used 2458K, capacity 2543K, committed 2560K, reserved 1048576K
GC Heap History (10 events):
Event: 635.335 GC heap before
{Heap before GC invocations=206 (full 3):
 PSYoungGen      total 22016K, used 21600K [0x00000007aab00000, 0x00000007ac180000, 0x00000007c0000000)
  eden space 21504K, 100% used [0x00000007aab00000,0x00000007ac000000,0x00000007ac000000)
  from space 512K, 18% used [0x00000007ac100000,0x00000007ac118000,0x00000007ac180000)
  to   space 512K, 0% used [0x00000007ac080000,0x00000007ac080000,0x00000007ac100000)
 ParOldGen       total 99328K, used 73326K [0x0000000780000000, 0x0000000786100000, 0x00000007aab00000)
  object space 99328K, 73% used [0x0000000780000000,0x000000078479b930,0x0000000786100000)
 Metaspace       used 25123K, capacity 25421K, committed 25600K, reserved 1073152K
  class space    used 2450K, capacity 2543K, committed 2560K, reserved 1048576K
Event: 635.338 GC heap after
Heap after GC invocations=206 (full 3):
 PSYoungGen      total 22016K, used 96K [0x00000007aab00000, 0x00000007ac180000, 0x00000007c0000000)
  eden space 21504K, 0% used [0x00000007aab00000,0x00000007aab00000,0x00000007ac000000)
  from space 512K, 18% used [0x00000007ac080000,0x00000007ac098000,0x00000007ac100000)
  to   space 512K, 0% used [0x00000007ac100000,0x00000007ac100000,0x00000007ac180000)
 ParOldGen       total 99328K, used 73326K [0x0000000780000000, 0x0000000786100000, 0x00000007aab00000)
  object space 99328K, 73% used [0x0000000780000000,0x000000078479b930,0x0000000786100000)
 Metaspace       used 25123K, capacity 25421K, committed 25600K, reserved 1073152K
  class space    used 2450K, capacity 2543K, committed 2560K, reserved 1048576K
}
Event: 637.665 GC heap before
{Heap before GC invocations=207 (full 3):
 PSYoungGen      total 22016K, used 21600K [0x00000007aab00000, 0x00000007ac180000, 0x00000007c0000000)
  eden space 21504K, 100% used [0x00000007aab00000,0x00000007ac000000,0x00000007ac000000)
  from space 512K, 18% used [0x00000007ac080000,0x00000007ac098000,0x00000007ac100000)
  to   space 512K, 0% used [0x00000007ac100000,0x00000007ac100000,0x00000007ac180000)
 ParOldGen       total 99328K, used 73326K [0x0000000780000000, 0x0000000786100000, 0x00000007aab00000)
  object space 99328K, 73% used [0x0000000780000000,0x000000078479b930,0x0000000786100000)
 Metaspace       used 25123K, capacity 25421K, committed 25600K, reserved 1073152K
  class space    used 2450K, capacity 2543K, committed 2560K, reserved 1048576K
Event: 637.667 GC heap after
Heap after GC invocations=207 (full 3):
 PSYoungGen      total 22016K, used 64K [0x00000007aab00000, 0x00000007ac180000, 0x00000007c0000000)
  eden space 21504K, 0% used [0x00000007aab00000,0x00000007aab00000,0x00000007ac000000)
  from space 512K, 12% used [0x00000007ac100000,0x00000007ac110000,0x00000007ac180000)
  to   space 512K, 0% used [0x00000007ac080000,0x00000007ac080000,0x00000007ac100000)
 ParOldGen       total 99328K, used 73326K [0x0000000780000000, 0x0000000786100000, 0x00000007aab00000)
  object space 99328K, 73% used [0x0000000780000000,0x000000078479b930,0x0000000786100000)
 Metaspace       used 25123K, capacity 25421K, committed 25600K, reserved 1073152K
  class space    used 2450K, capacity 2543K, committed 2560K, reserved 1048576K
}
Event: 640.000 GC heap before
{Heap before GC invocations=208 (full 3):
 PSYoungGen      total 22016K, used 21568K [0x00000007aab00000, 0x00000007ac180000, 0x00000007c0000000)
  eden space 21504K, 100% used [0x00000007aab00000,0x00000007ac000000,0x00000007ac000000)
  from space 512K, 12% used [0x00000007ac100000,0x00000007ac110000,0x00000007ac180000)
  to   space 512K, 0% used [0x00000007ac080000,0x00000007ac080000,0x00000007ac100000)
 ParOldGen       total 99328K, used 73326K [0x0000000780000000, 0x0000000786100000, 0x00000007aab00000)
  object space 99328K, 73% used [0x0000000780000000,0x000000078479b930,0x0000000786100000)
 Metaspace       used 25123K, capacity 25421K, committed 25600K, reserved 1073152K
  class space    used 2450K, capacity 2543K, committed 2560K, reserved 1048576K
Event: 640.003 GC heap after
Heap after GC invocations=208 (full 3):
 PSYoungGen      total 22016K, used 32K [0x00000007aab00000, 0x00000007ac180000, 0x00000007c0000000)
  eden space 21504K, 0% used [0x00000007aab00000,0x00000007aab00000,0x00000007ac000000)
  from space 512K, 6% used [0x00000007ac080000,0x00000007ac088000,0x00000007ac100000)
  to   space 512K, 0% used [0x00000007ac100000,0x00000007ac100000,0x00000007ac180000)
 ParOldGen       total 99328K, used 73326K [0x0000000780000000, 0x0000000786100000, 0x00000007aab00000)
  object space 99328K, 73% used [0x0000000780000000,0x000000078479b930,0x0000000786100000)
 Metaspace       used 25123K, capacity 25421K, committed 25600K, reserved 1073152K
  class space    used 2450K, capacity 2543K, committed 2560K, reserved 1048576K
}
Event: 642.482 GC heap before
{Heap before GC invocations=209 (full 3):
 PSYoungGen      total 22016K, used 21536K [0x00000007aab00000, 0x00000007ac180000, 0x00000007c0000000)
  eden space 21504K, 100% used [0x00000007aab00000,0x00000007ac000000,0x00000007ac000000)
  from space 512K, 6% used [0x00000007ac080000,0x00000007ac088000,0x00000007ac100000)
  to   space 512K, 0% used [0x00000007ac100000,0x00000007ac100000,0x00000007ac180000)
 ParOldGen       total 99328K, used 73326K [0x0000000780000000, 0x0000000786100000, 0x00000007aab00000)
  object space 99328K, 73% used [0x0000000780000000,0x000000078479b930,0x0000000786100000)
 Metaspace       used 25123K, capacity 25421K, committed 25600K, reserved 1073152K
  class space    used 2450K, capacity 2543K, committed 2560K, reserved 1048576K
Event: 642.485 GC heap after
Heap after GC invocations=209 (full 3):
 PSYoungGen      total 22016K, used 64K [0x00000007aab00000, 0x00000007ac180000, 0x00000007c0000000)
  eden space 21504K, 0% used [0x00000007aab00000,0x00000007aab00000,0x00000007ac000000)
  from space 512K, 12% used [0x00000007ac100000,0x00000007ac110000,0x00000007ac180000)
  to   space 512K, 0% used [0x00000007ac080000,0x00000007ac080000,0x00000007ac100000)
 ParOldGen       total 99328K, used 73326K [0x0000000780000000, 0x0000000786100000, 0x00000007aab00000)
  object space 99328K, 73% used [0x0000000780000000,0x000000078479b930,0x0000000786100000)
 Metaspace       used 25123K, capacity 25421K, committed 25600K, reserved 1073152K
  class space    used 2450K, capacity 2543K, committed 2560K, reserved 1048576K
}
Event: 644.753 GC heap before
{Heap before GC invocations=210 (full 3):
 PSYoungGen      total 22016K, used 21568K [0x00000007aab00000, 0x00000007ac180000, 0x00000007c0000000)
  eden space 21504K, 100% used [0x00000007aab00000,0x00000007ac000000,0x00000007ac000000)
  from space 512K, 12% used [0x00000007ac100000,0x00000007ac110000,0x00000007ac180000)
  to   space 512K, 0% used [0x00000007ac080000,0x00000007ac080000,0x00000007ac100000)
 ParOldGen       total 99328K, used 73326K [0x0000000780000000, 0x0000000786100000, 0x00000007aab00000)
  object space 99328K, 73% used [0x0000000780000000,0x000000078479b930,0x0000000786100000)
 Metaspace       used 25124K, capacity 25421K, committed 25600K, reserved 1073152K
  class space    used 2450K, capacity 2543K, committed 2560K, reserved 1048576K
Event: 644.758 GC heap after
Heap after GC invocations=210 (full 3):
 PSYoungGen      total 22016K, used 32K [0x00000007aab00000, 0x00000007ac180000, 0x00000007c0000000)
  eden space 21504K, 0% used [0x00000007aab00000,0x00000007aab00000,0x00000007ac000000)
  from space 512K, 6% used [0x00000007ac080000,0x00000007ac088000,0x00000007ac100000)
  to   space 512K, 0% used [0x00000007ac100000,0x00000007ac100000,0x00000007ac180000)
 ParOldGen       total 99328K, used 73326K [0x0000000780000000, 0x0000000786100000, 0x00000007aab00000)
  object space 99328K, 73% used [0x0000000780000000,0x000000078479b930,0x0000000786100000)
 Metaspace       used 25124K, capacity 25421K, committed 25600K, reserved 1073152K
  class space    used 2450K, capacity 2543K, committed 2560K, reserved 1048576K
}

