# JRE version: Java(TM) SE Runtime Environment (8.0_121-b13) (build 1.8.0_121-b13)
# Java VM: Java HotSpot(TM) 64-Bit Server VM (25.121-b13 mixed mode bsd-amd64 compressed oops)
Heap:
 PSYoungGen      total 48128K, used 21455K [0x00000007aab00000, 0x00000007ae480000, 0x00000007c0000000)
  eden space 39424K, 35% used [0x00000007aab00000,0x00000007ab8d0b20,0x00000007ad180000)
  from space 8704K, 83% used [0x00000007adc00000,0x00000007ae323458,0x00000007ae480000)
  to   space 9728K, 0% used [0x00000007ad180000,0x00000007ad180000,0x00000007adb00000)
 ParOldGen       total 37888K, used 14047K [0x0000000780000000, 0x0000000782500000, 0x00000007aab00000)
  object space 37888K, 37% used [0x0000000780000000,0x0000000780db7d90,0x0000000782500000)
 Metaspace       used 24676K, capacity 24905K, committed 25088K, reserved 1071104K
  class space    used 2460K, capacity 2543K, committed 2560K, reserved 1048576K
GC Heap History (10 events):
Event: 9.498 GC heap before
{Heap before GC invocations=7 (full 1):
 PSYoungGen      total 18944K, used 18771K [0x00000007aab00000, 0x00000007ad480000, 0x00000007c0000000)
  eden space 16384K, 99% used [0x00000007aab00000,0x00000007abad9f38,0x00000007abb00000)
  from space 2560K, 99% used [0x00000007abb00000,0x00000007abd7ae10,0x00000007abd80000)
  to   space 9728K, 0% used [0x00000007acb00000,0x00000007acb00000,0x00000007ad480000)
 ParOldGen       total 37888K, used 13951K [0x0000000780000000, 0x0000000782500000, 0x00000007aab00000)
  object space 37888K, 36% used [0x0000000780000000,0x0000000780d9fd80,0x0000000782500000)
 Metaspace       used 23926K, capacity 24191K, committed 24320K, reserved 1071104K
  class space    used 2451K, capacity 2542K, committed 2560K, reserved 1048576K
Event: 9.509 GC heap after
Heap after GC invocations=7 (full 1):
 PSYoungGen      total 33280K, used 6189K [0x00000007aab00000, 0x00000007ad480000, 0x00000007c0000000)
  eden space 23552K, 0% used [0x00000007aab00000,0x00000007aab00000,0x00000007ac200000)
  from space 9728K, 63% used [0x00000007acb00000,0x00000007ad10b408,0x00000007ad480000)
  to   space 9216K, 0% used [0x00000007ac200000,0x00000007ac200000,0x00000007acb00000)
 ParOldGen       total 37888K, used 14023K [0x0000000780000000, 0x0000000782500000, 0x00000007aab00000)
  object space 37888K, 37% used [0x0000000780000000,0x0000000780db1d90,0x0000000782500000)
 Metaspace       used 23926K, capacity 24191K, committed 24320K, reserved 1071104K
  class space    used 2451K, capacity 2542K, committed 2560K, reserved 1048576K
}
Event: 11.503 GC heap before
{Heap before GC invocations=8 (full 1):
 PSYoungGen      total 33280K, used 29741K [0x00000007aab00000, 0x00000007ad480000, 0x00000007c0000000)
  eden space 23552K, 100% used [0x00000007aab00000,0x00000007ac200000,0x00000007ac200000)
  from space 9728K, 63% used [0x00000007acb00000,0x00000007ad10b408,0x00000007ad480000)
  to   space 9216K, 0% used [0x00000007ac200000,0x00000007ac200000,0x00000007acb00000)
 ParOldGen       total 37888K, used 14023K [0x0000000780000000, 0x0000000782500000, 0x00000007aab00000)
  object space 37888K, 37% used [0x0000000780000000,0x0000000780db1d90,0x0000000782500000)
 Metaspace       used 24248K, capacity 24521K, committed 24832K, reserved 1071104K
  class space    used 2452K, capacity 2543K, committed 2560K, reserved 1048576K
Event: 11.519 GC heap after
Heap after GC invocations=8 (full 1):
 PSYoungGen      total 32768K, used 7451K [0x00000007aab00000, 0x00000007adf80000, 0x00000007c0000000)
  eden space 23552K, 0% used [0x00000007aab00000,0x00000007aab00000,0x00000007ac200000)
  from space 9216K, 80% used [0x00000007ac200000,0x00000007ac946fc0,0x00000007acb00000)
  to   space 9728K, 0% used [0x00000007ad600000,0x00000007ad600000,0x00000007adf80000)
 ParOldGen       total 37888K, used 14031K [0x0000000780000000, 0x0000000782500000, 0x00000007aab00000)
  object space 37888K, 37% used [0x0000000780000000,0x0000000780db3d90,0x0000000782500000)
 Metaspace       used 24248K, capacity 24521K, committed 24832K, reserved 1071104K
  class space    used 2452K, capacity 2543K, committed 2560K, reserved 1048576K
}
Event: 14.368 GC heap before
{Heap before GC invocations=9 (full 1):
 PSYoungGen      total 32768K, used 31003K [0x00000007aab00000, 0x00000007adf80000, 0x00000007c0000000)
  eden space 23552K, 100% used [0x00000007aab00000,0x00000007ac200000,0x00000007ac200000)
  from space 9216K, 80% used [0x00000007ac200000,0x00000007ac946fc0,0x00000007acb00000)
  to   space 9728K, 0% used [0x00000007ad600000,0x00000007ad600000,0x00000007adf80000)
 ParOldGen       total 37888K, used 14031K [0x0000000780000000, 0x0000000782500000, 0x00000007aab00000)
  object space 37888K, 37% used [0x0000000780000000,0x0000000780db3d90,0x0000000782500000)
 Metaspace       used 24498K, capacity 24777K, committed 25088K, reserved 1071104K
  class space    used 2452K, capacity 2543K, committed 2560K, reserved 1048576K
Event: 14.379 GC heap after
Heap after GC invocations=9 (full 1):
 PSYoungGen      total 41984K, used 7387K [0x00000007aab00000, 0x00000007ade80000, 0x00000007c0000000)
  eden space 33280K, 0% used [0x00000007aab00000,0x00000007aab00000,0x00000007acb80000)
  from space 8704K, 84% used [0x00000007ad600000,0x00000007add36d80,0x00000007ade80000)
  to   space 9728K, 0% used [0x00000007acb80000,0x00000007acb80000,0x00000007ad500000)
 ParOldGen       total 37888K, used 14039K [0x0000000780000000, 0x0000000782500000, 0x00000007aab00000)
  object space 37888K, 37% used [0x0000000780000000,0x0000000780db5d90,0x0000000782500000)
 Metaspace       used 24498K, capacity 24777K, committed 25088K, reserved 1071104K
  class space    used 2452K, capacity 2543K, committed 2560K, reserved 1048576K
}
Event: 18.311 GC heap before
{Heap before GC invocations=10 (full 1):
 PSYoungGen      total 41984K, used 40667K [0x00000007aab00000, 0x00000007ade80000, 0x00000007c0000000)
  eden space 33280K, 100% used [0x00000007aab00000,0x00000007acb80000,0x00000007acb80000)
  from space 8704K, 84% used [0x00000007ad600000,0x00000007add36d80,0x00000007ade80000)
  to   space 9728K, 0% used [0x00000007acb80000,0x00000007acb80000,0x00000007ad500000)
 ParOldGen       total 37888K, used 14039K [0x0000000780000000, 0x0000000782500000, 0x00000007aab00000)
  object space 37888K, 37% used [0x0000000780000000,0x0000000780db5d90,0x0000000782500000)
 Metaspace       used 24570K, capacity 24841K, committed 25088K, reserved 1071104K
  class space    used 2452K, capacity 2543K, committed 2560K, reserved 1048576K
Event: 18.317 GC heap after
Heap after GC invocations=10 (full 1):
 PSYoungGen      total 43008K, used 7451K [0x00000007aab00000, 0x00000007ae580000, 0x00000007c0000000)
  eden space 33280K, 0% used [0x00000007aab00000,0x00000007aab00000,0x00000007acb80000)
  from space 9728K, 76% used [0x00000007acb80000,0x00000007ad2c6da0,0x00000007ad500000)
  to   space 9728K, 0% used [0x00000007adc00000,0x00000007adc00000,0x00000007ae580000)
 ParOldGen       total 37888K, used 14047K [0x0000000780000000, 0x0000000782500000, 0x00000007aab00000)
  object space 37888K, 37% used [0x0000000780000000,0x0000000780db7d90,0x0000000782500000)
 Metaspace       used 24570K, capacity 24841K, committed 25088K, reserved 1071104K
  class space    used 2452K, capacity 2543K, committed 2560K, reserved 1048576K
}
Event: 22.200 GC heap before
{Heap before GC invocations=11 (full 1):
 PSYoungGen      total 43008K, used 40731K [0x00000007aab00000, 0x00000007ae580000, 0x00000007c0000000)
  eden space 33280K, 100% used [0x00000007aab00000,0x00000007acb80000,0x00000007acb80000)
  from space 9728K, 76% used [0x00000007acb80000,0x00000007ad2c6da0,0x00000007ad500000)
  to   space 9728K, 0% used [0x00000007adc00000,0x00000007adc00000,0x00000007ae580000)
 ParOldGen       total 37888K, used 14047K [0x0000000780000000, 0x0000000782500000, 0x00000007aab00000)
  object space 37888K, 37% used [0x0000000780000000,0x0000000780db7d90,0x0000000782500000)
 Metaspace       used 24640K, capacity 24905K, committed 25088K, reserved 1071104K
  class space    used 2452K, capacity 2543K, committed 2560K, reserved 1048576K
Event: 22.210 GC heap after
Heap after GC invocations=11 (full 1):
 PSYoungGen      total 48128K, used 7309K [0x00000007aab00000, 0x00000007ae480000, 0x00000007c0000000)
  eden space 39424K, 0% used [0x00000007aab00000,0x00000007aab00000,0x00000007ad180000)
  from space 8704K, 83% used [0x00000007adc00000,0x00000007ae323458,0x00000007ae480000)
  to   space 9728K, 0% used [0x00000007ad180000,0x00000007ad180000,0x00000007adb00000)
 ParOldGen       total 37888K, used 14047K [0x0000000780000000, 0x0000000782500000, 0x00000007aab00000)
  object space 37888K, 37% used [0x0000000780000000,0x0000000780db7d90,0x0000000782500000)
 Metaspace       used 24640K, capacity 24905K, committed 25088K, reserved 1071104K
  class space    used 2452K, capacity 2543K, committed 2560K, reserved 1048576K
}

