# JRE version: Java(TM) SE Runtime Environment (8.0_121-b13) (build 1.8.0_121-b13)
# Java VM: Java HotSpot(TM) 64-Bit Server VM (25.121-b13 mixed mode bsd-amd64 compressed oops)
Heap:
 PSYoungGen      total 23552K, used 3740K [0x00000007aab00000, 0x00000007aea80000, 0x00000007c0000000)
  eden space 22528K, 14% used [0x00000007aab00000,0x00000007aae1f2e8,0x00000007ac100000)
  from space 1024K, 53% used [0x00000007ae900000,0x00000007ae988000,0x00000007aea00000)
  to   space 512K, 0% used [0x00000007aea00000,0x00000007aea00000,0x00000007aea80000)
 ParOldGen       total 71168K, used 39512K [0x0000000780000000, 0x0000000784580000, 0x00000007aab00000)
  object space 71168K, 55% used [0x0000000780000000,0x0000000782696228,0x0000000784580000)
 Metaspace       used 22132K, capacity 22415K, committed 22528K, reserved 1069056K
  class space    used 2135K, capacity 2236K, committed 2304K, reserved 1048576K
GC Heap History (10 events):
Event: 435.410 GC heap before
{Heap before GC invocations=487 (full 2):
 PSYoungGen      total 23040K, used 22880K [0x00000007aab00000, 0x00000007aeb80000, 0x00000007c0000000)
  eden space 22528K, 100% used [0x00000007aab00000,0x00000007ac100000,0x00000007ac100000)
  from space 512K, 68% used [0x00000007aeb00000,0x00000007aeb58000,0x00000007aeb80000)
  to   space 1024K, 0% used [0x00000007ae980000,0x00000007ae980000,0x00000007aea80000)
 ParOldGen       total 71168K, used 39472K [0x0000000780000000, 0x0000000784580000, 0x00000007aab00000)
  object space 71168K, 55% used [0x0000000780000000,0x000000078268c228,0x0000000784580000)
 Metaspace       used 22096K, capacity 22383K, committed 22528K, reserved 1069056K
  class space    used 2128K, capacity 2204K, committed 2304K, reserved 1048576K
Event: 435.412 GC heap after
Heap after GC invocations=487 (full 2):
 PSYoungGen      total 23552K, used 384K [0x00000007aab00000, 0x00000007aeb80000, 0x00000007c0000000)
  eden space 22528K, 0% used [0x00000007aab00000,0x00000007aab00000,0x00000007ac100000)
  from space 1024K, 37% used [0x00000007ae980000,0x00000007ae9e0000,0x00000007aea80000)
  to   space 1024K, 0% used [0x00000007aea80000,0x00000007aea80000,0x00000007aeb80000)
 ParOldGen       total 71168K, used 39480K [0x0000000780000000, 0x0000000784580000, 0x00000007aab00000)
  object space 71168K, 55% used [0x0000000780000000,0x000000078268e228,0x0000000784580000)
 Metaspace       used 22096K, capacity 22383K, committed 22528K, reserved 1069056K
  class space    used 2128K, capacity 2204K, committed 2304K, reserved 1048576K
}
Event: 435.783 GC heap before
{Heap before GC invocations=488 (full 2):
 PSYoungGen      total 23552K, used 22912K [0x00000007aab00000, 0x00000007aeb80000, 0x00000007c0000000)
  eden space 22528K, 100% used [0x00000007aab00000,0x00000007ac100000,0x00000007ac100000)
  from space 1024K, 37% used [0x00000007ae980000,0x00000007ae9e0000,0x00000007aea80000)
  to   space 1024K, 0% used [0x00000007aea80000,0x00000007aea80000,0x00000007aeb80000)
 ParOldGen       total 71168K, used 39480K [0x0000000780000000, 0x0000000784580000, 0x00000007aab00000)
  object space 71168K, 55% used [0x0000000780000000,0x000000078268e228,0x0000000784580000)
 Metaspace       used 22096K, capacity 22383K, committed 22528K, reserved 1069056K
  class space    used 2128K, capacity 2204K, committed 2304K, reserved 1048576K
Event: 435.785 GC heap after
Heap after GC invocations=488 (full 2):
 PSYoungGen      total 23040K, used 416K [0x00000007aab00000, 0x00000007aeb00000, 0x00000007c0000000)
  eden space 22528K, 0% used [0x00000007aab00000,0x00000007aab00000,0x00000007ac100000)
  from space 512K, 81% used [0x00000007aea80000,0x00000007aeae8000,0x00000007aeb00000)
  to   space 1024K, 0% used [0x00000007ae900000,0x00000007ae900000,0x00000007aea00000)
 ParOldGen       total 71168K, used 39488K [0x0000000780000000, 0x0000000784580000, 0x00000007aab00000)
  object space 71168K, 55% used [0x0000000780000000,0x0000000782690228,0x0000000784580000)
 Metaspace       used 22096K, capacity 22383K, committed 22528K, reserved 1069056K
  class space    used 2128K, capacity 2204K, committed 2304K, reserved 1048576K
}
Event: 436.218 GC heap before
{Heap before GC invocations=489 (full 2):
 PSYoungGen      total 23040K, used 22944K [0x00000007aab00000, 0x00000007aeb00000, 0x00000007c0000000)
  eden space 22528K, 100% used [0x00000007aab00000,0x00000007ac100000,0x00000007ac100000)
  from space 512K, 81% used [0x00000007aea80000,0x00000007aeae8000,0x00000007aeb00000)
  to   space 1024K, 0% used [0x00000007ae900000,0x00000007ae900000,0x00000007aea00000)
 ParOldGen       total 71168K, used 39488K [0x0000000780000000, 0x0000000784580000, 0x00000007aab00000)
  object space 71168K, 55% used [0x0000000780000000,0x0000000782690228,0x0000000784580000)
 Metaspace       used 22096K, capacity 22383K, committed 22528K, reserved 1069056K
  class space    used 2128K, capacity 2204K, committed 2304K, reserved 1048576K
Event: 436.219 GC heap after
Heap after GC invocations=489 (full 2):
 PSYoungGen      total 23552K, used 512K [0x00000007aab00000, 0x00000007aeb00000, 0x00000007c0000000)
  eden space 22528K, 0% used [0x00000007aab00000,0x00000007aab00000,0x00000007ac100000)
  from space 1024K, 50% used [0x00000007ae900000,0x00000007ae980000,0x00000007aea00000)
  to   space 1024K, 0% used [0x00000007aea00000,0x00000007aea00000,0x00000007aeb00000)
 ParOldGen       total 71168K, used 39496K [0x0000000780000000, 0x0000000784580000, 0x00000007aab00000)
  object space 71168K, 55% used [0x0000000780000000,0x0000000782692228,0x0000000784580000)
 Metaspace       used 22096K, capacity 22383K, committed 22528K, reserved 1069056K
  class space    used 2128K, capacity 2204K, committed 2304K, reserved 1048576K
}
Event: 436.756 GC heap before
{Heap before GC invocations=490 (full 2):
 PSYoungGen      total 23552K, used 23040K [0x00000007aab00000, 0x00000007aeb00000, 0x00000007c0000000)
  eden space 22528K, 100% used [0x00000007aab00000,0x00000007ac100000,0x00000007ac100000)
  from space 1024K, 50% used [0x00000007ae900000,0x00000007ae980000,0x00000007aea00000)
  to   space 1024K, 0% used [0x00000007aea00000,0x00000007aea00000,0x00000007aeb00000)
 ParOldGen       total 71168K, used 39496K [0x0000000780000000, 0x0000000784580000, 0x00000007aab00000)
  object space 71168K, 55% used [0x0000000780000000,0x0000000782692228,0x0000000784580000)
 Metaspace       used 22096K, capacity 22383K, committed 22528K, reserved 1069056K
  class space    used 2128K, capacity 2204K, committed 2304K, reserved 1048576K
Event: 436.759 GC heap after
Heap after GC invocations=490 (full 2):
 PSYoungGen      total 23552K, used 576K [0x00000007aab00000, 0x00000007aeb00000, 0x00000007c0000000)
  eden space 22528K, 0% used [0x00000007aab00000,0x00000007aab00000,0x00000007ac100000)
  from space 1024K, 56% used [0x00000007aea00000,0x00000007aea90000,0x00000007aeb00000)
  to   space 1024K, 0% used [0x00000007ae900000,0x00000007ae900000,0x00000007aea00000)
 ParOldGen       total 71168K, used 39504K [0x0000000780000000, 0x0000000784580000, 0x00000007aab00000)
  object space 71168K, 55% used [0x0000000780000000,0x0000000782694228,0x0000000784580000)
 Metaspace       used 22096K, capacity 22383K, committed 22528K, reserved 1069056K
  class space    used 2128K, capacity 2204K, committed 2304K, reserved 1048576K
}
Event: 437.237 GC heap before
{Heap before GC invocations=491 (full 2):
 PSYoungGen      total 23552K, used 23104K [0x00000007aab00000, 0x00000007aeb00000, 0x00000007c0000000)
  eden space 22528K, 100% used [0x00000007aab00000,0x00000007ac100000,0x00000007ac100000)
  from space 1024K, 56% used [0x00000007aea00000,0x00000007aea90000,0x00000007aeb00000)
  to   space 1024K, 0% used [0x00000007ae900000,0x00000007ae900000,0x00000007aea00000)
 ParOldGen       total 71168K, used 39504K [0x0000000780000000, 0x0000000784580000, 0x00000007aab00000)
  object space 71168K, 55% used [0x0000000780000000,0x0000000782694228,0x0000000784580000)
 Metaspace       used 22107K, capacity 22415K, committed 22528K, reserved 1069056K
  class space    used 2130K, capacity 2236K, committed 2304K, reserved 1048576K
Event: 437.239 GC heap after
Heap after GC invocations=491 (full 2):
 PSYoungGen      total 23552K, used 544K [0x00000007aab00000, 0x00000007aea80000, 0x00000007c0000000)
  eden space 22528K, 0% used [0x00000007aab00000,0x00000007aab00000,0x00000007ac100000)
  from space 1024K, 53% used [0x00000007ae900000,0x00000007ae988000,0x00000007aea00000)
  to   space 512K, 0% used [0x00000007aea00000,0x00000007aea00000,0x00000007aea80000)
 ParOldGen       total 71168K, used 39512K [0x0000000780000000, 0x0000000784580000, 0x00000007aab00000)
  object space 71168K, 55% used [0x0000000780000000,0x0000000782696228,0x0000000784580000)
 Metaspace       used 22107K, capacity 22415K, committed 22528K, reserved 1069056K
  class space    used 2130K, capacity 2236K, committed 2304K, reserved 1048576K
}

