# JRE version: Java(TM) SE Runtime Environment (8.0_121-b13) (build 1.8.0_121-b13)
# Java VM: Java HotSpot(TM) 64-Bit Server VM (25.121-b13 mixed mode bsd-amd64 compressed oops)
Heap:
 PSYoungGen      total 79360K, used 60825K [0x00000007aab00000, 0x00000007b0600000, 0x00000007c0000000)
  eden space 69632K, 87% used [0x00000007aab00000,0x00000007ae6467b8,0x00000007aef00000)
  from space 9728K, 1% used [0x00000007afc80000,0x00000007afca0000,0x00000007b0600000)
  to   space 11776K, 0% used [0x00000007aef00000,0x00000007aef00000,0x00000007afa80000)
 ParOldGen       total 32256K, used 20695K [0x0000000780000000, 0x0000000781f80000, 0x00000007aab00000)
  object space 32256K, 64% used [0x0000000780000000,0x0000000781435cd0,0x0000000781f80000)
 Metaspace       used 24590K, capacity 24888K, committed 25136K, reserved 1071104K
  class space    used 2437K, capacity 2541K, committed 2608K, reserved 1048576K
GC Heap History (10 events):
Event: 17.682 GC heap before
{Heap before GC invocations=9 (full 1):
 PSYoungGen      total 38400K, used 35648K [0x00000007aab00000, 0x00000007aed80000, 0x00000007c0000000)
  eden space 28160K, 100% used [0x00000007aab00000,0x00000007ac680000,0x00000007ac680000)
  from space 10240K, 73% used [0x00000007ac680000,0x00000007acdd0210,0x00000007ad080000)
  to   space 10752K, 0% used [0x00000007ae300000,0x00000007ae300000,0x00000007aed80000)
 ParOldGen       total 32256K, used 13346K [0x0000000780000000, 0x0000000781f80000, 0x00000007aab00000)
  object space 32256K, 41% used [0x0000000780000000,0x0000000780d08a30,0x0000000781f80000)
 Metaspace       used 24452K, capacity 24760K, committed 24880K, reserved 1071104K
  class space    used 2429K, capacity 2541K, committed 2608K, reserved 1048576K
Event: 17.693 GC heap after
Heap after GC invocations=9 (full 1):
 PSYoungGen      total 54272K, used 7440K [0x00000007aab00000, 0x00000007aec00000, 0x00000007c0000000)
  eden space 45056K, 0% used [0x00000007aab00000,0x00000007aab00000,0x00000007ad700000)
  from space 9216K, 80% used [0x00000007ae300000,0x00000007aea441e0,0x00000007aec00000)
  to   space 10752K, 0% used [0x00000007ad700000,0x00000007ad700000,0x00000007ae180000)
 ParOldGen       total 32256K, used 13354K [0x0000000780000000, 0x0000000781f80000, 0x00000007aab00000)
  object space 32256K, 41% used [0x0000000780000000,0x0000000780d0aa30,0x0000000781f80000)
 Metaspace       used 24452K, capacity 24760K, committed 24880K, reserved 1071104K
  class space    used 2429K, capacity 2541K, committed 2608K, reserved 1048576K
}
Event: 28.496 GC heap before
{Heap before GC invocations=10 (full 1):
 PSYoungGen      total 54272K, used 52496K [0x00000007aab00000, 0x00000007aec00000, 0x00000007c0000000)
  eden space 45056K, 100% used [0x00000007aab00000,0x00000007ad700000,0x00000007ad700000)
  from space 9216K, 80% used [0x00000007ae300000,0x00000007aea441e0,0x00000007aec00000)
  to   space 10752K, 0% used [0x00000007ad700000,0x00000007ad700000,0x00000007ae180000)
 ParOldGen       total 32256K, used 13354K [0x0000000780000000, 0x0000000781f80000, 0x00000007aab00000)
  object space 32256K, 41% used [0x0000000780000000,0x0000000780d0aa30,0x0000000781f80000)
 Metaspace       used 24464K, capacity 24760K, committed 24880K, reserved 1071104K
  class space    used 2429K, capacity 2541K, committed 2608K, reserved 1048576K
Event: 28.516 GC heap after
Heap after GC invocations=10 (full 1):
 PSYoungGen      total 55808K, used 1984K [0x00000007aab00000, 0x00000007afb80000, 0x00000007c0000000)
  eden space 45056K, 0% used [0x00000007aab00000,0x00000007aab00000,0x00000007ad700000)
  from space 10752K, 18% used [0x00000007ad700000,0x00000007ad8f0070,0x00000007ae180000)
  to   space 11264K, 0% used [0x00000007af080000,0x00000007af080000,0x00000007afb80000)
 ParOldGen       total 32256K, used 18799K [0x0000000780000000, 0x0000000781f80000, 0x00000007aab00000)
  object space 32256K, 58% used [0x0000000780000000,0x000000078125bc60,0x0000000781f80000)
 Metaspace       used 24464K, capacity 24760K, committed 24880K, reserved 1071104K
  class space    used 2429K, capacity 2541K, committed 2608K, reserved 1048576K
}
Event: 38.826 GC heap before
{Heap before GC invocations=11 (full 1):
 PSYoungGen      total 55808K, used 47040K [0x00000007aab00000, 0x00000007afb80000, 0x00000007c0000000)
  eden space 45056K, 100% used [0x00000007aab00000,0x00000007ad700000,0x00000007ad700000)
  from space 10752K, 18% used [0x00000007ad700000,0x00000007ad8f0070,0x00000007ae180000)
  to   space 11264K, 0% used [0x00000007af080000,0x00000007af080000,0x00000007afb80000)
 ParOldGen       total 32256K, used 18799K [0x0000000780000000, 0x0000000781f80000, 0x00000007aab00000)
  object space 32256K, 58% used [0x0000000780000000,0x000000078125bc60,0x0000000781f80000)
 Metaspace       used 24464K, capacity 24760K, committed 24880K, reserved 1071104K
  class space    used 2429K, capacity 2541K, committed 2608K, reserved 1048576K
Event: 38.829 GC heap after
Heap after GC invocations=11 (full 1):
 PSYoungGen      total 68096K, used 128K [0x00000007aab00000, 0x00000007afa80000, 0x00000007c0000000)
  eden space 57856K, 0% used [0x00000007aab00000,0x00000007aab00000,0x00000007ae380000)
  from space 10240K, 1% used [0x00000007af080000,0x00000007af0a0000,0x00000007afa80000)
  to   space 11776K, 0% used [0x00000007ae380000,0x00000007ae380000,0x00000007aef00000)
 ParOldGen       total 32256K, used 20687K [0x0000000780000000, 0x0000000781f80000, 0x00000007aab00000)
  object space 32256K, 64% used [0x0000000780000000,0x0000000781433cd0,0x0000000781f80000)
 Metaspace       used 24464K, capacity 24760K, committed 24880K, reserved 1071104K
  class space    used 2429K, capacity 2541K, committed 2608K, reserved 1048576K
}
Event: 52.045 GC heap before
{Heap before GC invocations=12 (full 1):
 PSYoungGen      total 68096K, used 57984K [0x00000007aab00000, 0x00000007afa80000, 0x00000007c0000000)
  eden space 57856K, 100% used [0x00000007aab00000,0x00000007ae380000,0x00000007ae380000)
  from space 10240K, 1% used [0x00000007af080000,0x00000007af0a0000,0x00000007afa80000)
  to   space 11776K, 0% used [0x00000007ae380000,0x00000007ae380000,0x00000007aef00000)
 ParOldGen       total 32256K, used 20687K [0x0000000780000000, 0x0000000781f80000, 0x00000007aab00000)
  object space 32256K, 64% used [0x0000000780000000,0x0000000781433cd0,0x0000000781f80000)
 Metaspace       used 24465K, capacity 24760K, committed 24880K, reserved 1071104K
  class space    used 2429K, capacity 2541K, committed 2608K, reserved 1048576K
Event: 52.047 GC heap after
Heap after GC invocations=12 (full 1):
 PSYoungGen      total 69632K, used 128K [0x00000007aab00000, 0x00000007b0800000, 0x00000007c0000000)
  eden space 57856K, 0% used [0x00000007aab00000,0x00000007aab00000,0x00000007ae380000)
  from space 11776K, 1% used [0x00000007ae380000,0x00000007ae3a0000,0x00000007aef00000)
  to   space 11776K, 0% used [0x00000007afc80000,0x00000007afc80000,0x00000007b0800000)
 ParOldGen       total 32256K, used 20687K [0x0000000780000000, 0x0000000781f80000, 0x00000007aab00000)
  object space 32256K, 64% used [0x0000000780000000,0x0000000781433cd0,0x0000000781f80000)
 Metaspace       used 24465K, capacity 24760K, committed 24880K, reserved 1071104K
  class space    used 2429K, capacity 2541K, committed 2608K, reserved 1048576K
}
Event: 65.155 GC heap before
{Heap before GC invocations=13 (full 1):
 PSYoungGen      total 69632K, used 57984K [0x00000007aab00000, 0x00000007b0800000, 0x00000007c0000000)
  eden space 57856K, 100% used [0x00000007aab00000,0x00000007ae380000,0x00000007ae380000)
  from space 11776K, 1% used [0x00000007ae380000,0x00000007ae3a0000,0x00000007aef00000)
  to   space 11776K, 0% used [0x00000007afc80000,0x00000007afc80000,0x00000007b0800000)
 ParOldGen       total 32256K, used 20687K [0x0000000780000000, 0x0000000781f80000, 0x00000007aab00000)
  object space 32256K, 64% used [0x0000000780000000,0x0000000781433cd0,0x0000000781f80000)
 Metaspace       used 24490K, capacity 24760K, committed 24880K, reserved 1071104K
  class space    used 2429K, capacity 2541K, committed 2608K, reserved 1048576K
Event: 65.157 GC heap after
Heap after GC invocations=13 (full 1):
 PSYoungGen      total 79360K, used 128K [0x00000007aab00000, 0x00000007b0600000, 0x00000007c0000000)
  eden space 69632K, 0% used [0x00000007aab00000,0x00000007aab00000,0x00000007aef00000)
  from space 9728K, 1% used [0x00000007afc80000,0x00000007afca0000,0x00000007b0600000)
  to   space 11776K, 0% used [0x00000007aef00000,0x00000007aef00000,0x00000007afa80000)
 ParOldGen       total 32256K, used 20695K [0x0000000780000000, 0x0000000781f80000, 0x00000007aab00000)
  object space 32256K, 64% used [0x0000000780000000,0x0000000781435cd0,0x0000000781f80000)
 Metaspace       used 24490K, capacity 24760K, committed 24880K, reserved 1071104K
  class space    used 2429K, capacity 2541K, committed 2608K, reserved 1048576K
}

