# JRE version: Java(TM) SE Runtime Environment (8.0_121-b13) (build 1.8.0_121-b13)
# Java VM: Java HotSpot(TM) 64-Bit Server VM (25.121-b13 mixed mode bsd-amd64 compressed oops)
Heap:
 PSYoungGen      total 142848K, used 35814K [0x00000007aab00000, 0x00000007b4c80000, 0x00000007c0000000)
  eden space 123392K, 17% used [0x00000007aab00000,0x00000007ac001868,0x00000007b2380000)
  from space 19456K, 73% used [0x00000007b3780000,0x00000007b4578370,0x00000007b4a80000)
  to   space 20480K, 0% used [0x00000007b2380000,0x00000007b2380000,0x00000007b3780000)
 ParOldGen       total 79360K, used 37247K [0x0000000780000000, 0x0000000784d80000, 0x00000007aab00000)
  object space 79360K, 46% used [0x0000000780000000,0x000000078245ff60,0x0000000784d80000)
 Metaspace       used 25045K, capacity 25353K, committed 25600K, reserved 1073152K
  class space    used 2461K, capacity 2543K, committed 2560K, reserved 1048576K
GC Heap History (10 events):
Event: 25.530 GC heap before
{Heap before GC invocations=10 (full 1):
 PSYoungGen      total 86016K, used 85697K [0x00000007aab00000, 0x00000007b1080000, 0x00000007c0000000)
  eden space 74240K, 100% used [0x00000007aab00000,0x00000007af380000,0x00000007af380000)
  from space 11776K, 97% used [0x00000007b0080000,0x00000007b0bb0720,0x00000007b0c00000)
  to   space 13312K, 0% used [0x00000007af380000,0x00000007af380000,0x00000007b0080000)
 ParOldGen       total 35840K, used 17782K [0x0000000780000000, 0x0000000782300000, 0x00000007aab00000)
  object space 35840K, 49% used [0x0000000780000000,0x000000078115d838,0x0000000782300000)
 Metaspace       used 24767K, capacity 25033K, committed 25344K, reserved 1073152K
  class space    used 2453K, capacity 2543K, committed 2560K, reserved 1048576K
Event: 25.557 GC heap after
Heap after GC invocations=10 (full 1):
 PSYoungGen      total 87552K, used 13121K [0x00000007aab00000, 0x00000007b2680000, 0x00000007c0000000)
  eden space 74240K, 0% used [0x00000007aab00000,0x00000007aab00000,0x00000007af380000)
  from space 13312K, 98% used [0x00000007af380000,0x00000007b0050750,0x00000007b0080000)
  to   space 15360K, 0% used [0x00000007b1780000,0x00000007b1780000,0x00000007b2680000)
 ParOldGen       total 35840K, used 18814K [0x0000000780000000, 0x0000000782300000, 0x00000007aab00000)
  object space 35840K, 52% used [0x0000000780000000,0x000000078125f878,0x0000000782300000)
 Metaspace       used 24767K, capacity 25033K, committed 25344K, reserved 1073152K
  class space    used 2453K, capacity 2543K, committed 2560K, reserved 1048576K
}
Event: 31.944 GC heap before
{Heap before GC invocations=11 (full 1):
 PSYoungGen      total 87552K, used 87180K [0x00000007aab00000, 0x00000007b2680000, 0x00000007c0000000)
  eden space 74240K, 99% used [0x00000007aab00000,0x00000007af352c80,0x00000007af380000)
  from space 13312K, 98% used [0x00000007af380000,0x00000007b0050750,0x00000007b0080000)
  to   space 15360K, 0% used [0x00000007b1780000,0x00000007b1780000,0x00000007b2680000)
 ParOldGen       total 35840K, used 18814K [0x0000000780000000, 0x0000000782300000, 0x00000007aab00000)
  object space 35840K, 52% used [0x0000000780000000,0x000000078125f878,0x0000000782300000)
 Metaspace       used 24861K, capacity 25161K, committed 25344K, reserved 1073152K
  class space    used 2453K, capacity 2543K, committed 2560K, reserved 1048576K
Event: 31.973 GC heap after
Heap after GC invocations=11 (full 1):
 PSYoungGen      total 109056K, used 15264K [0x00000007aab00000, 0x00000007b2980000, 0x00000007c0000000)
  eden space 93696K, 0% used [0x00000007aab00000,0x00000007aab00000,0x00000007b0680000)
  from space 15360K, 99% used [0x00000007b1780000,0x00000007b26683c0,0x00000007b2680000)
  to   space 17408K, 0% used [0x00000007b0680000,0x00000007b0680000,0x00000007b1780000)
 ParOldGen       total 35840K, used 21461K [0x0000000780000000, 0x0000000782300000, 0x00000007aab00000)
  object space 35840K, 59% used [0x0000000780000000,0x00000007814f5628,0x0000000782300000)
 Metaspace       used 24861K, capacity 25161K, committed 25344K, reserved 1073152K
  class space    used 2453K, capacity 2543K, committed 2560K, reserved 1048576K
}
Event: 33.678 GC heap before
{Heap before GC invocations=12 (full 1):
 PSYoungGen      total 109056K, used 108960K [0x00000007aab00000, 0x00000007b2980000, 0x00000007c0000000)
  eden space 93696K, 100% used [0x00000007aab00000,0x00000007b0680000,0x00000007b0680000)
  from space 15360K, 99% used [0x00000007b1780000,0x00000007b26683c0,0x00000007b2680000)
  to   space 17408K, 0% used [0x00000007b0680000,0x00000007b0680000,0x00000007b1780000)
 ParOldGen       total 35840K, used 21461K [0x0000000780000000, 0x0000000782300000, 0x00000007aab00000)
  object space 35840K, 59% used [0x0000000780000000,0x00000007814f5628,0x0000000782300000)
 Metaspace       used 24925K, capacity 25225K, committed 25344K, reserved 1073152K
  class space    used 2453K, capacity 2543K, committed 2560K, reserved 1048576K
Event: 33.707 GC heap after
Heap after GC invocations=12 (full 1):
 PSYoungGen      total 111104K, used 17377K [0x00000007aab00000, 0x00000007b4a80000, 0x00000007c0000000)
  eden space 93696K, 0% used [0x00000007aab00000,0x00000007aab00000,0x00000007b0680000)
  from space 17408K, 99% used [0x00000007b0680000,0x00000007b1778440,0x00000007b1780000)
  to   space 19456K, 0% used [0x00000007b3780000,0x00000007b3780000,0x00000007b4a80000)
 ParOldGen       total 35840K, used 28637K [0x0000000780000000, 0x0000000782300000, 0x00000007aab00000)
  object space 35840K, 79% used [0x0000000780000000,0x0000000781bf77e8,0x0000000782300000)
 Metaspace       used 24925K, capacity 25225K, committed 25344K, reserved 1073152K
  class space    used 2453K, capacity 2543K, committed 2560K, reserved 1048576K
}
Event: 33.715 GC heap before
{Heap before GC invocations=13 (full 2):
 PSYoungGen      total 111104K, used 17377K [0x00000007aab00000, 0x00000007b4a80000, 0x00000007c0000000)
  eden space 93696K, 0% used [0x00000007aab00000,0x00000007aab00000,0x00000007b0680000)
  from space 17408K, 99% used [0x00000007b0680000,0x00000007b1778440,0x00000007b1780000)
  to   space 19456K, 0% used [0x00000007b3780000,0x00000007b3780000,0x00000007b4a80000)
 ParOldGen       total 35840K, used 28637K [0x0000000780000000, 0x0000000782300000, 0x00000007aab00000)
  object space 35840K, 79% used [0x0000000780000000,0x0000000781bf77e8,0x0000000782300000)
 Metaspace       used 24925K, capacity 25225K, committed 25344K, reserved 1073152K
  class space    used 2453K, capacity 2543K, committed 2560K, reserved 1048576K
Event: 33.874 GC heap after
Heap after GC invocations=13 (full 2):
 PSYoungGen      total 111104K, used 6959K [0x00000007aab00000, 0x00000007b4a80000, 0x00000007c0000000)
  eden space 93696K, 0% used [0x00000007aab00000,0x00000007aab00000,0x00000007b0680000)
  from space 17408K, 39% used [0x00000007b0680000,0x00000007b0d4bd50,0x00000007b1780000)
  to   space 19456K, 0% used [0x00000007b3780000,0x00000007b3780000,0x00000007b4a80000)
 ParOldGen       total 79360K, used 35703K [0x0000000780000000, 0x0000000784d80000, 0x00000007aab00000)
  object space 79360K, 44% used [0x0000000780000000,0x00000007822ddf00,0x0000000784d80000)
 Metaspace       used 24925K, capacity 25225K, committed 25344K, reserved 1073152K
  class space    used 2453K, capacity 2543K, committed 2560K, reserved 1048576K
}
Event: 36.997 GC heap before
{Heap before GC invocations=14 (full 2):
 PSYoungGen      total 111104K, used 100655K [0x00000007aab00000, 0x00000007b4a80000, 0x00000007c0000000)
  eden space 93696K, 100% used [0x00000007aab00000,0x00000007b0680000,0x00000007b0680000)
  from space 17408K, 39% used [0x00000007b0680000,0x00000007b0d4bd50,0x00000007b1780000)
  to   space 19456K, 0% used [0x00000007b3780000,0x00000007b3780000,0x00000007b4a80000)
 ParOldGen       total 79360K, used 35703K [0x0000000780000000, 0x0000000784d80000, 0x00000007aab00000)
  object space 79360K, 44% used [0x0000000780000000,0x00000007822ddf00,0x0000000784d80000)
 Metaspace       used 25010K, capacity 25289K, committed 25600K, reserved 1073152K
  class space    used 2453K, capacity 2543K, committed 2560K, reserved 1048576K
Event: 37.014 GC heap after
Heap after GC invocations=14 (full 2):
 PSYoungGen      total 142848K, used 14304K [0x00000007aab00000, 0x00000007b4c80000, 0x00000007c0000000)
  eden space 123392K, 0% used [0x00000007aab00000,0x00000007aab00000,0x00000007b2380000)
  from space 19456K, 73% used [0x00000007b3780000,0x00000007b4578370,0x00000007b4a80000)
  to   space 20480K, 0% used [0x00000007b2380000,0x00000007b2380000,0x00000007b3780000)
 ParOldGen       total 79360K, used 37247K [0x0000000780000000, 0x0000000784d80000, 0x00000007aab00000)
  object space 79360K, 46% used [0x0000000780000000,0x000000078245ff60,0x0000000784d80000)
 Metaspace       used 25010K, capacity 25289K, committed 25600K, reserved 1073152K
  class space    used 2453K, capacity 2543K, committed 2560K, reserved 1048576K
}

