# JRE version: Java(TM) SE Runtime Environment (8.0_121-b13) (build 1.8.0_121-b13)
# Java VM: Java HotSpot(TM) 64-Bit Server VM (25.121-b13 mixed mode bsd-amd64 compressed oops)
Heap:
 PSYoungGen      total 81408K, used 13436K [0x00000007aab00000, 0x00000007b0900000, 0x00000007c0000000)
  eden space 69632K, 2% used [0x00000007aab00000,0x00000007aacb6db0,0x00000007aef00000)
  from space 11776K, 99% used [0x00000007afc00000,0x00000007b07682d0,0x00000007b0780000)
  to   space 13312K, 0% used [0x00000007aef00000,0x00000007aef00000,0x00000007afc00000)
 ParOldGen       total 47104K, used 22720K [0x0000000780000000, 0x0000000782e00000, 0x00000007aab00000)
  object space 47104K, 48% used [0x0000000780000000,0x0000000781630368,0x0000000782e00000)
 Metaspace       used 21595K, capacity 21871K, committed 22192K, reserved 1069056K
  class space    used 2115K, capacity 2204K, committed 2304K, reserved 1048576K
GC Heap History (10 events):
Event: 7.815 GC heap before
{Heap before GC invocations=7 (full 1):
 PSYoungGen      total 43008K, used 2672K [0x00000007aab00000, 0x00000007adf00000, 0x00000007c0000000)
  eden space 32768K, 0% used [0x00000007aab00000,0x00000007aab00000,0x00000007acb00000)
  from space 10240K, 26% used [0x00000007ad500000,0x00000007ad79c070,0x00000007adf00000)
  to   space 10240K, 0% used [0x00000007acb00000,0x00000007acb00000,0x00000007ad500000)
 ParOldGen       total 44032K, used 17896K [0x0000000780000000, 0x0000000782b00000, 0x00000007aab00000)
  object space 44032K, 40% used [0x0000000780000000,0x000000078117a3b8,0x0000000782b00000)
 Metaspace       used 21020K, capacity 21199K, committed 21296K, reserved 1069056K
  class space    used 2106K, capacity 2172K, committed 2176K, reserved 1048576K
Event: 7.888 GC heap after
Heap after GC invocations=7 (full 1):
 PSYoungGen      total 43008K, used 0K [0x00000007aab00000, 0x00000007adf00000, 0x00000007c0000000)
  eden space 32768K, 0% used [0x00000007aab00000,0x00000007aab00000,0x00000007acb00000)
  from space 10240K, 0% used [0x00000007ad500000,0x00000007ad500000,0x00000007adf00000)
  to   space 10240K, 0% used [0x00000007acb00000,0x00000007acb00000,0x00000007ad500000)
 ParOldGen       total 47104K, used 16116K [0x0000000780000000, 0x0000000782e00000, 0x00000007aab00000)
  object space 47104K, 34% used [0x0000000780000000,0x0000000780fbd108,0x0000000782e00000)
 Metaspace       used 21020K, capacity 21199K, committed 21296K, reserved 1069056K
  class space    used 2106K, capacity 2172K, committed 2176K, reserved 1048576K
}
Event: 12.143 GC heap before
{Heap before GC invocations=8 (full 1):
 PSYoungGen      total 43008K, used 32768K [0x00000007aab00000, 0x00000007adf00000, 0x00000007c0000000)
  eden space 32768K, 100% used [0x00000007aab00000,0x00000007acb00000,0x00000007acb00000)
  from space 10240K, 0% used [0x00000007ad500000,0x00000007ad500000,0x00000007adf00000)
  to   space 10240K, 0% used [0x00000007acb00000,0x00000007acb00000,0x00000007ad500000)
 ParOldGen       total 47104K, used 16116K [0x0000000780000000, 0x0000000782e00000, 0x00000007aab00000)
  object space 47104K, 34% used [0x0000000780000000,0x0000000780fbd108,0x0000000782e00000)
 Metaspace       used 21302K, capacity 21551K, committed 21936K, reserved 1069056K
  class space    used 2107K, capacity 2204K, committed 2304K, reserved 1048576K
Event: 12.148 GC heap after
Heap after GC invocations=8 (full 1):
 PSYoungGen      total 43008K, used 3744K [0x00000007aab00000, 0x00000007aef00000, 0x00000007c0000000)
  eden space 32768K, 0% used [0x00000007aab00000,0x00000007aab00000,0x00000007acb00000)
  from space 10240K, 36% used [0x00000007acb00000,0x00000007acea80f0,0x00000007ad500000)
  to   space 10240K, 0% used [0x00000007ae500000,0x00000007ae500000,0x00000007aef00000)
 ParOldGen       total 47104K, used 16124K [0x0000000780000000, 0x0000000782e00000, 0x00000007aab00000)
  object space 47104K, 34% used [0x0000000780000000,0x0000000780fbf108,0x0000000782e00000)
 Metaspace       used 21302K, capacity 21551K, committed 21936K, reserved 1069056K
  class space    used 2107K, capacity 2204K, committed 2304K, reserved 1048576K
}
Event: 12.577 GC heap before
{Heap before GC invocations=9 (full 1):
 PSYoungGen      total 43008K, used 36512K [0x00000007aab00000, 0x00000007aef00000, 0x00000007c0000000)
  eden space 32768K, 100% used [0x00000007aab00000,0x00000007acb00000,0x00000007acb00000)
  from space 10240K, 36% used [0x00000007acb00000,0x00000007acea80f0,0x00000007ad500000)
  to   space 10240K, 0% used [0x00000007ae500000,0x00000007ae500000,0x00000007aef00000)
 ParOldGen       total 47104K, used 16124K [0x0000000780000000, 0x0000000782e00000, 0x00000007aab00000)
  object space 47104K, 34% used [0x0000000780000000,0x0000000780fbf108,0x0000000782e00000)
 Metaspace       used 21310K, capacity 21551K, committed 21936K, reserved 1069056K
  class space    used 2107K, capacity 2204K, committed 2304K, reserved 1048576K
Event: 12.584 GC heap after
Heap after GC invocations=9 (full 1):
 PSYoungGen      total 59392K, used 7072K [0x00000007aab00000, 0x00000007af000000, 0x00000007c0000000)
  eden space 49152K, 0% used [0x00000007aab00000,0x00000007aab00000,0x00000007adb00000)
  from space 10240K, 69% used [0x00000007ae500000,0x00000007aebe81d0,0x00000007aef00000)
  to   space 10240K, 0% used [0x00000007adb00000,0x00000007adb00000,0x00000007ae500000)
 ParOldGen       total 47104K, used 16124K [0x0000000780000000, 0x0000000782e00000, 0x00000007aab00000)
  object space 47104K, 34% used [0x0000000780000000,0x0000000780fbf108,0x0000000782e00000)
 Metaspace       used 21310K, capacity 21551K, committed 21936K, reserved 1069056K
  class space    used 2107K, capacity 2204K, committed 2304K, reserved 1048576K
}
Event: 12.920 GC heap before
{Heap before GC invocations=10 (full 1):
 PSYoungGen      total 59392K, used 56224K [0x00000007aab00000, 0x00000007af000000, 0x00000007c0000000)
  eden space 49152K, 100% used [0x00000007aab00000,0x00000007adb00000,0x00000007adb00000)
  from space 10240K, 69% used [0x00000007ae500000,0x00000007aebe81d0,0x00000007aef00000)
  to   space 10240K, 0% used [0x00000007adb00000,0x00000007adb00000,0x00000007ae500000)
 ParOldGen       total 47104K, used 16124K [0x0000000780000000, 0x0000000782e00000, 0x00000007aab00000)
  object space 47104K, 34% used [0x0000000780000000,0x0000000780fbf108,0x0000000782e00000)
 Metaspace       used 21361K, capacity 21615K, committed 21936K, reserved 1069056K
  class space    used 2107K, capacity 2204K, committed 2304K, reserved 1048576K
Event: 12.947 GC heap after
Heap after GC invocations=10 (full 1):
 PSYoungGen      total 59392K, used 10128K [0x00000007aab00000, 0x00000007b0780000, 0x00000007c0000000)
  eden space 49152K, 0% used [0x00000007aab00000,0x00000007aab00000,0x00000007adb00000)
  from space 10240K, 98% used [0x00000007adb00000,0x00000007ae4e4290,0x00000007ae500000)
  to   space 11776K, 0% used [0x00000007afc00000,0x00000007afc00000,0x00000007b0780000)
 ParOldGen       total 47104K, used 19972K [0x0000000780000000, 0x0000000782e00000, 0x00000007aab00000)
  object space 47104K, 42% used [0x0000000780000000,0x00000007813811f8,0x0000000782e00000)
 Metaspace       used 21361K, capacity 21615K, committed 21936K, reserved 1069056K
  class space    used 2107K, capacity 2204K, committed 2304K, reserved 1048576K
}
Event: 16.048 GC heap before
{Heap before GC invocations=11 (full 1):
 PSYoungGen      total 59392K, used 59280K [0x00000007aab00000, 0x00000007b0780000, 0x00000007c0000000)
  eden space 49152K, 100% used [0x00000007aab00000,0x00000007adb00000,0x00000007adb00000)
  from space 10240K, 98% used [0x00000007adb00000,0x00000007ae4e4290,0x00000007ae500000)
  to   space 11776K, 0% used [0x00000007afc00000,0x00000007afc00000,0x00000007b0780000)
 ParOldGen       total 47104K, used 19972K [0x0000000780000000, 0x0000000782e00000, 0x00000007aab00000)
  object space 47104K, 42% used [0x0000000780000000,0x00000007813811f8,0x0000000782e00000)
 Metaspace       used 21577K, capacity 21871K, committed 22192K, reserved 1069056K
  class space    used 2111K, capacity 2204K, committed 2304K, reserved 1048576K
Event: 16.062 GC heap after
Heap after GC invocations=11 (full 1):
 PSYoungGen      total 81408K, used 11680K [0x00000007aab00000, 0x00000007b0900000, 0x00000007c0000000)
  eden space 69632K, 0% used [0x00000007aab00000,0x00000007aab00000,0x00000007aef00000)
  from space 11776K, 99% used [0x00000007afc00000,0x00000007b07682d0,0x00000007b0780000)
  to   space 13312K, 0% used [0x00000007aef00000,0x00000007aef00000,0x00000007afc00000)
 ParOldGen       total 47104K, used 22720K [0x0000000780000000, 0x0000000782e00000, 0x00000007aab00000)
  object space 47104K, 48% used [0x0000000780000000,0x0000000781630368,0x0000000782e00000)
 Metaspace       used 21577K, capacity 21871K, committed 22192K, reserved 1069056K
  class space    used 2111K, capacity 2204K, committed 2304K, reserved 1048576K
}

