# JRE version: Java(TM) SE Runtime Environment (8.0_121-b13) (build 1.8.0_121-b13)
# Java VM: Java HotSpot(TM) 64-Bit Server VM (25.121-b13 mixed mode bsd-amd64 compressed oops)
Heap:
 PSYoungGen      total 314880K, used 166870K [0x00000007aab00000, 0x00000007c0000000, 0x00000007c0000000)
  eden space 280576K, 59% used [0x00000007aab00000,0x00000007b4cd5b40,0x00000007bbd00000)
  from space 34304K, 3% used [0x00000007bde80000,0x00000007bdfa0040,0x00000007c0000000)
  to   space 34304K, 0% used [0x00000007bbd00000,0x00000007bbd00000,0x00000007bde80000)
 ParOldGen       total 122880K, used 105153K [0x0000000780000000, 0x0000000787800000, 0x00000007aab00000)
  object space 122880K, 85% used [0x0000000780000000,0x00000007866b06f0,0x0000000787800000)
 Metaspace       used 22307K, capacity 22543K, committed 22784K, reserved 1069056K
  class space    used 2137K, capacity 2236K, committed 2304K, reserved 1048576K
GC Heap History (10 events):
Event: 54.387 GC heap before
{Heap before GC invocations=69 (full 3):
 PSYoungGen      total 310784K, used 282528K [0x00000007aab00000, 0x00000007bff80000, 0x00000007c0000000)
  eden space 273408K, 100% used [0x00000007aab00000,0x00000007bb600000,0x00000007bb600000)
  from space 37376K, 24% used [0x00000007bb600000,0x00000007bbee8230,0x00000007bda80000)
  to   space 36864K, 0% used [0x00000007bdb80000,0x00000007bdb80000,0x00000007bff80000)
 ParOldGen       total 122880K, used 97137K [0x0000000780000000, 0x0000000787800000, 0x00000007aab00000)
  object space 122880K, 79% used [0x0000000780000000,0x0000000785edc500,0x0000000787800000)
 Metaspace       used 22273K, capacity 22543K, committed 22784K, reserved 1069056K
  class space    used 2130K, capacity 2236K, committed 2304K, reserved 1048576K
Event: 54.391 GC heap after
Heap after GC invocations=69 (full 3):
 PSYoungGen      total 309760K, used 9184K [0x00000007aab00000, 0x00000007bfd80000, 0x00000007c0000000)
  eden space 274944K, 0% used [0x00000007aab00000,0x00000007aab00000,0x00000007bb780000)
  from space 34816K, 26% used [0x00000007bdb80000,0x00000007be478230,0x00000007bfd80000)
  to   space 35840K, 0% used [0x00000007bb780000,0x00000007bb780000,0x00000007bda80000)
 ParOldGen       total 122880K, used 97137K [0x0000000780000000, 0x0000000787800000, 0x00000007aab00000)
  object space 122880K, 79% used [0x0000000780000000,0x0000000785edc500,0x0000000787800000)
 Metaspace       used 22273K, capacity 22543K, committed 22784K, reserved 1069056K
  class space    used 2130K, capacity 2236K, committed 2304K, reserved 1048576K
}
Event: 55.240 GC heap before
{Heap before GC invocations=70 (full 3):
 PSYoungGen      total 309760K, used 284128K [0x00000007aab00000, 0x00000007bfd80000, 0x00000007c0000000)
  eden space 274944K, 100% used [0x00000007aab00000,0x00000007bb780000,0x00000007bb780000)
  from space 34816K, 26% used [0x00000007bdb80000,0x00000007be478230,0x00000007bfd80000)
  to   space 35840K, 0% used [0x00000007bb780000,0x00000007bb780000,0x00000007bda80000)
 ParOldGen       total 122880K, used 97137K [0x0000000780000000, 0x0000000787800000, 0x00000007aab00000)
  object space 122880K, 79% used [0x0000000780000000,0x0000000785edc500,0x0000000787800000)
 Metaspace       used 22273K, capacity 22543K, committed 22784K, reserved 1069056K
  class space    used 2130K, capacity 2236K, committed 2304K, reserved 1048576K
Event: 55.243 GC heap after
Heap after GC invocations=70 (full 3):
 PSYoungGen      total 310784K, used 9120K [0x00000007aab00000, 0x00000007bff00000, 0x00000007c0000000)
  eden space 274944K, 0% used [0x00000007aab00000,0x00000007aab00000,0x00000007bb780000)
  from space 35840K, 25% used [0x00000007bb780000,0x00000007bc068230,0x00000007bda80000)
  to   space 34816K, 0% used [0x00000007bdd00000,0x00000007bdd00000,0x00000007bff00000)
 ParOldGen       total 122880K, used 97137K [0x0000000780000000, 0x0000000787800000, 0x00000007aab00000)
  object space 122880K, 79% used [0x0000000780000000,0x0000000785edc500,0x0000000787800000)
 Metaspace       used 22273K, capacity 22543K, committed 22784K, reserved 1069056K
  class space    used 2130K, capacity 2236K, committed 2304K, reserved 1048576K
}
Event: 56.079 GC heap before
{Heap before GC invocations=71 (full 3):
 PSYoungGen      total 310784K, used 284064K [0x00000007aab00000, 0x00000007bff00000, 0x00000007c0000000)
  eden space 274944K, 100% used [0x00000007aab00000,0x00000007bb780000,0x00000007bb780000)
  from space 35840K, 25% used [0x00000007bb780000,0x00000007bc068230,0x00000007bda80000)
  to   space 34816K, 0% used [0x00000007bdd00000,0x00000007bdd00000,0x00000007bff00000)
 ParOldGen       total 122880K, used 97137K [0x0000000780000000, 0x0000000787800000, 0x00000007aab00000)
  object space 122880K, 79% used [0x0000000780000000,0x0000000785edc500,0x0000000787800000)
 Metaspace       used 22273K, capacity 22543K, committed 22784K, reserved 1069056K
  class space    used 2130K, capacity 2236K, committed 2304K, reserved 1048576K
Event: 56.083 GC heap after
Heap after GC invocations=71 (full 3):
 PSYoungGen      total 311296K, used 9120K [0x00000007aab00000, 0x00000007bfd00000, 0x00000007c0000000)
  eden space 278528K, 0% used [0x00000007aab00000,0x00000007aab00000,0x00000007bbb00000)
  from space 32768K, 27% used [0x00000007bdd00000,0x00000007be5e8230,0x00000007bfd00000)
  to   space 33792K, 0% used [0x00000007bbb00000,0x00000007bbb00000,0x00000007bdc00000)
 ParOldGen       total 122880K, used 97153K [0x0000000780000000, 0x0000000787800000, 0x00000007aab00000)
  object space 122880K, 79% used [0x0000000780000000,0x0000000785ee0500,0x0000000787800000)
 Metaspace       used 22273K, capacity 22543K, committed 22784K, reserved 1069056K
  class space    used 2130K, capacity 2236K, committed 2304K, reserved 1048576K
}
Event: 56.972 GC heap before
{Heap before GC invocations=72 (full 3):
 PSYoungGen      total 311296K, used 287648K [0x00000007aab00000, 0x00000007bfd00000, 0x00000007c0000000)
  eden space 278528K, 100% used [0x00000007aab00000,0x00000007bbb00000,0x00000007bbb00000)
  from space 32768K, 27% used [0x00000007bdd00000,0x00000007be5e8230,0x00000007bfd00000)
  to   space 33792K, 0% used [0x00000007bbb00000,0x00000007bbb00000,0x00000007bdc00000)
 ParOldGen       total 122880K, used 97153K [0x0000000780000000, 0x0000000787800000, 0x00000007aab00000)
  object space 122880K, 79% used [0x0000000780000000,0x0000000785ee0500,0x0000000787800000)
 Metaspace       used 22273K, capacity 22543K, committed 22784K, reserved 1069056K
  class space    used 2130K, capacity 2236K, committed 2304K, reserved 1048576K
Event: 56.979 GC heap after
Heap after GC invocations=72 (full 3):
 PSYoungGen      total 312320K, used 2208K [0x00000007aab00000, 0x00000007c0000000, 0x00000007c0000000)
  eden space 278528K, 0% used [0x00000007aab00000,0x00000007aab00000,0x00000007bbb00000)
  from space 33792K, 6% used [0x00000007bbb00000,0x00000007bbd28080,0x00000007bdc00000)
  to   space 34304K, 0% used [0x00000007bde80000,0x00000007bde80000,0x00000007c0000000)
 ParOldGen       total 122880K, used 104097K [0x0000000780000000, 0x0000000787800000, 0x00000007aab00000)
  object space 122880K, 84% used [0x0000000780000000,0x00000007865a86b0,0x0000000787800000)
 Metaspace       used 22273K, capacity 22543K, committed 22784K, reserved 1069056K
  class space    used 2130K, capacity 2236K, committed 2304K, reserved 1048576K
}
Event: 57.896 GC heap before
{Heap before GC invocations=73 (full 3):
 PSYoungGen      total 312320K, used 280736K [0x00000007aab00000, 0x00000007c0000000, 0x00000007c0000000)
  eden space 278528K, 100% used [0x00000007aab00000,0x00000007bbb00000,0x00000007bbb00000)
  from space 33792K, 6% used [0x00000007bbb00000,0x00000007bbd28080,0x00000007bdc00000)
  to   space 34304K, 0% used [0x00000007bde80000,0x00000007bde80000,0x00000007c0000000)
 ParOldGen       total 122880K, used 104097K [0x0000000780000000, 0x0000000787800000, 0x00000007aab00000)
  object space 122880K, 84% used [0x0000000780000000,0x00000007865a86b0,0x0000000787800000)
 Metaspace       used 22273K, capacity 22543K, committed 22784K, reserved 1069056K
  class space    used 2130K, capacity 2236K, committed 2304K, reserved 1048576K
Event: 57.899 GC heap after
Heap after GC invocations=73 (full 3):
 PSYoungGen      total 314880K, used 1152K [0x00000007aab00000, 0x00000007c0000000, 0x00000007c0000000)
  eden space 280576K, 0% used [0x00000007aab00000,0x00000007aab00000,0x00000007bbd00000)
  from space 34304K, 3% used [0x00000007bde80000,0x00000007bdfa0040,0x00000007c0000000)
  to   space 34304K, 0% used [0x00000007bbd00000,0x00000007bbd00000,0x00000007bde80000)
 ParOldGen       total 122880K, used 105153K [0x0000000780000000, 0x0000000787800000, 0x00000007aab00000)
  object space 122880K, 85% used [0x0000000780000000,0x00000007866b06f0,0x0000000787800000)
 Metaspace       used 22273K, capacity 22543K, committed 22784K, reserved 1069056K
  class space    used 2130K, capacity 2236K, committed 2304K, reserved 1048576K
}

