# JRE version: Java(TM) SE Runtime Environment (8.0_121-b13) (build 1.8.0_121-b13)
# Java VM: Java HotSpot(TM) 64-Bit Server VM (25.121-b13 mixed mode bsd-amd64 compressed oops)
Heap:
 PSYoungGen      total 221184K, used 174753K [0x00000007aab00000, 0x00000007bd580000, 0x00000007c0000000)
  eden space 220672K, 79% used [0x00000007aab00000,0x00000007b55684e0,0x00000007b8280000)
  from space 512K, 50% used [0x00000007bd500000,0x00000007bd540000,0x00000007bd580000)
  to   space 2560K, 0% used [0x00000007bd080000,0x00000007bd080000,0x00000007bd300000)
 ParOldGen       total 47104K, used 17414K [0x0000000780000000, 0x0000000782e00000, 0x00000007aab00000)
  object space 47104K, 36% used [0x0000000780000000,0x0000000781101858,0x0000000782e00000)
 Metaspace       used 21745K, capacity 21967K, committed 22192K, reserved 1069056K
  class space    used 2133K, capacity 2236K, committed 2304K, reserved 1048576K
GC Heap History (10 events):
Event: 36.565 GC heap before
{Heap before GC invocations=37 (full 1):
 PSYoungGen      total 178176K, used 174816K [0x00000007aab00000, 0x00000007bdc80000, 0x00000007c0000000)
  eden space 174592K, 100% used [0x00000007aab00000,0x00000007b5580000,0x00000007b5580000)
  from space 3584K, 6% used [0x00000007bd580000,0x00000007bd5b8000,0x00000007bd900000)
  to   space 3072K, 0% used [0x00000007bd980000,0x00000007bd980000,0x00000007bdc80000)
 ParOldGen       total 47104K, used 17358K [0x0000000780000000, 0x0000000782e00000, 0x00000007aab00000)
  object space 47104K, 36% used [0x0000000780000000,0x00000007810f3858,0x0000000782e00000)
 Metaspace       used 21710K, capacity 21935K, committed 22192K, reserved 1069056K
  class space    used 2124K, capacity 2204K, committed 2304K, reserved 1048576K
Event: 36.567 GC heap after
Heap after GC invocations=37 (full 1):
 PSYoungGen      total 167424K, used 224K [0x00000007aab00000, 0x00000007bda00000, 0x00000007c0000000)
  eden space 166912K, 0% used [0x00000007aab00000,0x00000007aab00000,0x00000007b4e00000)
  from space 512K, 43% used [0x00000007bd980000,0x00000007bd9b8000,0x00000007bda00000)
  to   space 3072K, 0% used [0x00000007bd400000,0x00000007bd400000,0x00000007bd700000)
 ParOldGen       total 47104K, used 17382K [0x0000000780000000, 0x0000000782e00000, 0x00000007aab00000)
  object space 47104K, 36% used [0x0000000780000000,0x00000007810f9858,0x0000000782e00000)
 Metaspace       used 21710K, capacity 21935K, committed 22192K, reserved 1069056K
  class space    used 2124K, capacity 2204K, committed 2304K, reserved 1048576K
}
Event: 37.127 GC heap before
{Heap before GC invocations=38 (full 1):
 PSYoungGen      total 167424K, used 167136K [0x00000007aab00000, 0x00000007bda00000, 0x00000007c0000000)
  eden space 166912K, 100% used [0x00000007aab00000,0x00000007b4e00000,0x00000007b4e00000)
  from space 512K, 43% used [0x00000007bd980000,0x00000007bd9b8000,0x00000007bda00000)
  to   space 3072K, 0% used [0x00000007bd400000,0x00000007bd400000,0x00000007bd700000)
 ParOldGen       total 47104K, used 17382K [0x0000000780000000, 0x0000000782e00000, 0x00000007aab00000)
  object space 47104K, 36% used [0x0000000780000000,0x00000007810f9858,0x0000000782e00000)
 Metaspace       used 21710K, capacity 21935K, committed 22192K, reserved 1069056K
  class space    used 2124K, capacity 2204K, committed 2304K, reserved 1048576K
Event: 37.130 GC heap after
Heap after GC invocations=38 (full 1):
 PSYoungGen      total 182272K, used 224K [0x00000007aab00000, 0x00000007bda00000, 0x00000007c0000000)
  eden space 179200K, 0% used [0x00000007aab00000,0x00000007aab00000,0x00000007b5a00000)
  from space 3072K, 7% used [0x00000007bd400000,0x00000007bd438000,0x00000007bd700000)
  to   space 3072K, 0% used [0x00000007bd700000,0x00000007bd700000,0x00000007bda00000)
 ParOldGen       total 47104K, used 17390K [0x0000000780000000, 0x0000000782e00000, 0x00000007aab00000)
  object space 47104K, 36% used [0x0000000780000000,0x00000007810fb858,0x0000000782e00000)
 Metaspace       used 21710K, capacity 21935K, committed 22192K, reserved 1069056K
  class space    used 2124K, capacity 2204K, committed 2304K, reserved 1048576K
}
Event: 37.723 GC heap before
{Heap before GC invocations=39 (full 1):
 PSYoungGen      total 182272K, used 179424K [0x00000007aab00000, 0x00000007bda00000, 0x00000007c0000000)
  eden space 179200K, 100% used [0x00000007aab00000,0x00000007b5a00000,0x00000007b5a00000)
  from space 3072K, 7% used [0x00000007bd400000,0x00000007bd438000,0x00000007bd700000)
  to   space 3072K, 0% used [0x00000007bd700000,0x00000007bd700000,0x00000007bda00000)
 ParOldGen       total 47104K, used 17390K [0x0000000780000000, 0x0000000782e00000, 0x00000007aab00000)
  object space 47104K, 36% used [0x0000000780000000,0x00000007810fb858,0x0000000782e00000)
 Metaspace       used 21710K, capacity 21935K, committed 22192K, reserved 1069056K
  class space    used 2124K, capacity 2204K, committed 2304K, reserved 1048576K
Event: 37.726 GC heap after
Heap after GC invocations=39 (full 1):
 PSYoungGen      total 193024K, used 256K [0x00000007aab00000, 0x00000007bd780000, 0x00000007c0000000)
  eden space 192512K, 0% used [0x00000007aab00000,0x00000007aab00000,0x00000007b6700000)
  from space 512K, 50% used [0x00000007bd700000,0x00000007bd740000,0x00000007bd780000)
  to   space 2560K, 0% used [0x00000007bd280000,0x00000007bd280000,0x00000007bd500000)
 ParOldGen       total 47104K, used 17398K [0x0000000780000000, 0x0000000782e00000, 0x00000007aab00000)
  object space 47104K, 36% used [0x0000000780000000,0x00000007810fd858,0x0000000782e00000)
 Metaspace       used 21710K, capacity 21935K, committed 22192K, reserved 1069056K
  class space    used 2124K, capacity 2204K, committed 2304K, reserved 1048576K
}
Event: 38.339 GC heap before
{Heap before GC invocations=40 (full 1):
 PSYoungGen      total 193024K, used 192768K [0x00000007aab00000, 0x00000007bd780000, 0x00000007c0000000)
  eden space 192512K, 100% used [0x00000007aab00000,0x00000007b6700000,0x00000007b6700000)
  from space 512K, 50% used [0x00000007bd700000,0x00000007bd740000,0x00000007bd780000)
  to   space 2560K, 0% used [0x00000007bd280000,0x00000007bd280000,0x00000007bd500000)
 ParOldGen       total 47104K, used 17398K [0x0000000780000000, 0x0000000782e00000, 0x00000007aab00000)
  object space 47104K, 36% used [0x0000000780000000,0x00000007810fd858,0x0000000782e00000)
 Metaspace       used 21710K, capacity 21935K, committed 22192K, reserved 1069056K
  class space    used 2124K, capacity 2204K, committed 2304K, reserved 1048576K
Event: 38.341 GC heap after
Heap after GC invocations=40 (full 1):
 PSYoungGen      total 208896K, used 224K [0x00000007aab00000, 0x00000007bd780000, 0x00000007c0000000)
  eden space 206336K, 0% used [0x00000007aab00000,0x00000007aab00000,0x00000007b7480000)
  from space 2560K, 8% used [0x00000007bd280000,0x00000007bd2b8000,0x00000007bd500000)
  to   space 2560K, 0% used [0x00000007bd500000,0x00000007bd500000,0x00000007bd780000)
 ParOldGen       total 47104K, used 17406K [0x0000000780000000, 0x0000000782e00000, 0x00000007aab00000)
  object space 47104K, 36% used [0x0000000780000000,0x00000007810ff858,0x0000000782e00000)
 Metaspace       used 21710K, capacity 21935K, committed 22192K, reserved 1069056K
  class space    used 2124K, capacity 2204K, committed 2304K, reserved 1048576K
}
Event: 38.847 GC heap before
{Heap before GC invocations=41 (full 1):
 PSYoungGen      total 208896K, used 206560K [0x00000007aab00000, 0x00000007bd780000, 0x00000007c0000000)
  eden space 206336K, 100% used [0x00000007aab00000,0x00000007b7480000,0x00000007b7480000)
  from space 2560K, 8% used [0x00000007bd280000,0x00000007bd2b8000,0x00000007bd500000)
  to   space 2560K, 0% used [0x00000007bd500000,0x00000007bd500000,0x00000007bd780000)
 ParOldGen       total 47104K, used 17406K [0x0000000780000000, 0x0000000782e00000, 0x00000007aab00000)
  object space 47104K, 36% used [0x0000000780000000,0x00000007810ff858,0x0000000782e00000)
 Metaspace       used 21710K, capacity 21935K, committed 22192K, reserved 1069056K
  class space    used 2124K, capacity 2204K, committed 2304K, reserved 1048576K
Event: 38.849 GC heap after
Heap after GC invocations=41 (full 1):
 PSYoungGen      total 221184K, used 256K [0x00000007aab00000, 0x00000007bd580000, 0x00000007c0000000)
  eden space 220672K, 0% used [0x00000007aab00000,0x00000007aab00000,0x00000007b8280000)
  from space 512K, 50% used [0x00000007bd500000,0x00000007bd540000,0x00000007bd580000)
  to   space 2560K, 0% used [0x00000007bd080000,0x00000007bd080000,0x00000007bd300000)
 ParOldGen       total 47104K, used 17414K [0x0000000780000000, 0x0000000782e00000, 0x00000007aab00000)
  object space 47104K, 36% used [0x0000000780000000,0x0000000781101858,0x0000000782e00000)
 Metaspace       used 21710K, capacity 21935K, committed 22192K, reserved 1069056K
  class space    used 2124K, capacity 2204K, committed 2304K, reserved 1048576K
}

