# JRE version: Java(TM) SE Runtime Environment (8.0_121-b13) (build 1.8.0_121-b13)
# Java VM: Java HotSpot(TM) 64-Bit Server VM (25.121-b13 mixed mode bsd-amd64 compressed oops)
Heap:
 PSYoungGen      total 22016K, used 2926K [0x00000007aab00000, 0x00000007ac180000, 0x00000007c0000000)
  eden space 21504K, 13% used [0x00000007aab00000,0x00000007aadc3948,0x00000007ac000000)
  from space 512K, 18% used [0x00000007ac080000,0x00000007ac098000,0x00000007ac100000)
  to   space 512K, 0% used [0x00000007ac100000,0x00000007ac100000,0x00000007ac180000)
 ParOldGen       total 37888K, used 28840K [0x0000000780000000, 0x0000000782500000, 0x00000007aab00000)
  object space 37888K, 76% used [0x0000000780000000,0x0000000781c2a2b8,0x0000000782500000)
 Metaspace       used 24893K, capacity 25161K, committed 25344K, reserved 1073152K
  class space    used 2458K, capacity 2543K, committed 2560K, reserved 1048576K
GC Heap History (10 events):
Event: 494.932 GC heap before
{Heap before GC invocations=176 (full 1):
 PSYoungGen      total 22016K, used 21568K [0x00000007aab00000, 0x00000007ac180000, 0x00000007c0000000)
  eden space 21504K, 100% used [0x00000007aab00000,0x00000007ac000000,0x00000007ac000000)
  from space 512K, 12% used [0x00000007ac100000,0x00000007ac110000,0x00000007ac180000)
  to   space 512K, 0% used [0x00000007ac080000,0x00000007ac080000,0x00000007ac100000)
 ParOldGen       total 37888K, used 28840K [0x0000000780000000, 0x0000000782500000, 0x00000007aab00000)
  object space 37888K, 76% used [0x0000000780000000,0x0000000781c2a2b8,0x0000000782500000)
 Metaspace       used 24857K, capacity 25161K, committed 25344K, reserved 1073152K
  class space    used 2450K, capacity 2543K, committed 2560K, reserved 1048576K
Event: 494.934 GC heap after
Heap after GC invocations=176 (full 1):
 PSYoungGen      total 22016K, used 96K [0x00000007aab00000, 0x00000007ac180000, 0x00000007c0000000)
  eden space 21504K, 0% used [0x00000007aab00000,0x00000007aab00000,0x00000007ac000000)
  from space 512K, 18% used [0x00000007ac080000,0x00000007ac098000,0x00000007ac100000)
  to   space 512K, 0% used [0x00000007ac100000,0x00000007ac100000,0x00000007ac180000)
 ParOldGen       total 37888K, used 28840K [0x0000000780000000, 0x0000000782500000, 0x00000007aab00000)
  object space 37888K, 76% used [0x0000000780000000,0x0000000781c2a2b8,0x0000000782500000)
 Metaspace       used 24857K, capacity 25161K, committed 25344K, reserved 1073152K
  class space    used 2450K, capacity 2543K, committed 2560K, reserved 1048576K
}
Event: 496.967 GC heap before
{Heap before GC invocations=177 (full 1):
 PSYoungGen      total 22016K, used 21600K [0x00000007aab00000, 0x00000007ac180000, 0x00000007c0000000)
  eden space 21504K, 100% used [0x00000007aab00000,0x00000007ac000000,0x00000007ac000000)
  from space 512K, 18% used [0x00000007ac080000,0x00000007ac098000,0x00000007ac100000)
  to   space 512K, 0% used [0x00000007ac100000,0x00000007ac100000,0x00000007ac180000)
 ParOldGen       total 37888K, used 28840K [0x0000000780000000, 0x0000000782500000, 0x00000007aab00000)
  object space 37888K, 76% used [0x0000000780000000,0x0000000781c2a2b8,0x0000000782500000)
 Metaspace       used 24857K, capacity 25161K, committed 25344K, reserved 1073152K
  class space    used 2450K, capacity 2543K, committed 2560K, reserved 1048576K
Event: 496.969 GC heap after
Heap after GC invocations=177 (full 1):
 PSYoungGen      total 22016K, used 64K [0x00000007aab00000, 0x00000007ac180000, 0x00000007c0000000)
  eden space 21504K, 0% used [0x00000007aab00000,0x00000007aab00000,0x00000007ac000000)
  from space 512K, 12% used [0x00000007ac100000,0x00000007ac110000,0x00000007ac180000)
  to   space 512K, 0% used [0x00000007ac080000,0x00000007ac080000,0x00000007ac100000)
 ParOldGen       total 37888K, used 28840K [0x0000000780000000, 0x0000000782500000, 0x00000007aab00000)
  object space 37888K, 76% used [0x0000000780000000,0x0000000781c2a2b8,0x0000000782500000)
 Metaspace       used 24857K, capacity 25161K, committed 25344K, reserved 1073152K
  class space    used 2450K, capacity 2543K, committed 2560K, reserved 1048576K
}
Event: 499.064 GC heap before
{Heap before GC invocations=178 (full 1):
 PSYoungGen      total 22016K, used 21568K [0x00000007aab00000, 0x00000007ac180000, 0x00000007c0000000)
  eden space 21504K, 100% used [0x00000007aab00000,0x00000007ac000000,0x00000007ac000000)
  from space 512K, 12% used [0x00000007ac100000,0x00000007ac110000,0x00000007ac180000)
  to   space 512K, 0% used [0x00000007ac080000,0x00000007ac080000,0x00000007ac100000)
 ParOldGen       total 37888K, used 28840K [0x0000000780000000, 0x0000000782500000, 0x00000007aab00000)
  object space 37888K, 76% used [0x0000000780000000,0x0000000781c2a2b8,0x0000000782500000)
 Metaspace       used 24857K, capacity 25161K, committed 25344K, reserved 1073152K
  class space    used 2450K, capacity 2543K, committed 2560K, reserved 1048576K
Event: 499.073 GC heap after
Heap after GC invocations=178 (full 1):
 PSYoungGen      total 22016K, used 64K [0x00000007aab00000, 0x00000007ac180000, 0x00000007c0000000)
  eden space 21504K, 0% used [0x00000007aab00000,0x00000007aab00000,0x00000007ac000000)
  from space 512K, 12% used [0x00000007ac080000,0x00000007ac090000,0x00000007ac100000)
  to   space 512K, 0% used [0x00000007ac100000,0x00000007ac100000,0x00000007ac180000)
 ParOldGen       total 37888K, used 28840K [0x0000000780000000, 0x0000000782500000, 0x00000007aab00000)
  object space 37888K, 76% used [0x0000000780000000,0x0000000781c2a2b8,0x0000000782500000)
 Metaspace       used 24857K, capacity 25161K, committed 25344K, reserved 1073152K
  class space    used 2450K, capacity 2543K, committed 2560K, reserved 1048576K
}
Event: 501.118 GC heap before
{Heap before GC invocations=179 (full 1):
 PSYoungGen      total 22016K, used 21568K [0x00000007aab00000, 0x00000007ac180000, 0x00000007c0000000)
  eden space 21504K, 100% used [0x00000007aab00000,0x00000007ac000000,0x00000007ac000000)
  from space 512K, 12% used [0x00000007ac080000,0x00000007ac090000,0x00000007ac100000)
  to   space 512K, 0% used [0x00000007ac100000,0x00000007ac100000,0x00000007ac180000)
 ParOldGen       total 37888K, used 28840K [0x0000000780000000, 0x0000000782500000, 0x00000007aab00000)
  object space 37888K, 76% used [0x0000000780000000,0x0000000781c2a2b8,0x0000000782500000)
 Metaspace       used 24857K, capacity 25161K, committed 25344K, reserved 1073152K
  class space    used 2450K, capacity 2543K, committed 2560K, reserved 1048576K
Event: 501.122 GC heap after
Heap after GC invocations=179 (full 1):
 PSYoungGen      total 22016K, used 64K [0x00000007aab00000, 0x00000007ac180000, 0x00000007c0000000)
  eden space 21504K, 0% used [0x00000007aab00000,0x00000007aab00000,0x00000007ac000000)
  from space 512K, 12% used [0x00000007ac100000,0x00000007ac110000,0x00000007ac180000)
  to   space 512K, 0% used [0x00000007ac080000,0x00000007ac080000,0x00000007ac100000)
 ParOldGen       total 37888K, used 28840K [0x0000000780000000, 0x0000000782500000, 0x00000007aab00000)
  object space 37888K, 76% used [0x0000000780000000,0x0000000781c2a2b8,0x0000000782500000)
 Metaspace       used 24857K, capacity 25161K, committed 25344K, reserved 1073152K
  class space    used 2450K, capacity 2543K, committed 2560K, reserved 1048576K
}
Event: 503.247 GC heap before
{Heap before GC invocations=180 (full 1):
 PSYoungGen      total 22016K, used 21568K [0x00000007aab00000, 0x00000007ac180000, 0x00000007c0000000)
  eden space 21504K, 100% used [0x00000007aab00000,0x00000007ac000000,0x00000007ac000000)
  from space 512K, 12% used [0x00000007ac100000,0x00000007ac110000,0x00000007ac180000)
  to   space 512K, 0% used [0x00000007ac080000,0x00000007ac080000,0x00000007ac100000)
 ParOldGen       total 37888K, used 28840K [0x0000000780000000, 0x0000000782500000, 0x00000007aab00000)
  object space 37888K, 76% used [0x0000000780000000,0x0000000781c2a2b8,0x0000000782500000)
 Metaspace       used 24857K, capacity 25161K, committed 25344K, reserved 1073152K
  class space    used 2450K, capacity 2543K, committed 2560K, reserved 1048576K
Event: 503.249 GC heap after
Heap after GC invocations=180 (full 1):
 PSYoungGen      total 22016K, used 96K [0x00000007aab00000, 0x00000007ac180000, 0x00000007c0000000)
  eden space 21504K, 0% used [0x00000007aab00000,0x00000007aab00000,0x00000007ac000000)
  from space 512K, 18% used [0x00000007ac080000,0x00000007ac098000,0x00000007ac100000)
  to   space 512K, 0% used [0x00000007ac100000,0x00000007ac100000,0x00000007ac180000)
 ParOldGen       total 37888K, used 28840K [0x0000000780000000, 0x0000000782500000, 0x00000007aab00000)
  object space 37888K, 76% used [0x0000000780000000,0x0000000781c2a2b8,0x0000000782500000)
 Metaspace       used 24857K, capacity 25161K, committed 25344K, reserved 1073152K
  class space    used 2450K, capacity 2543K, committed 2560K, reserved 1048576K
}

