# JRE version: Java(TM) SE Runtime Environment (8.0_121-b13) (build 1.8.0_121-b13)
# Java VM: Java HotSpot(TM) 64-Bit Server VM (25.121-b13 mixed mode bsd-amd64 compressed oops)
Heap:
 PSYoungGen      total 200704K, used 30383K [0x00000007aab00000, 0x00000007bc400000, 0x00000007c0000000)
  eden space 173568K, 17% used [0x00000007aab00000,0x00000007ac88bf80,0x00000007b5480000)
  from space 27136K, 0% used [0x00000007b5480000,0x00000007b54a0000,0x00000007b6f00000)
  to   space 26624K, 0% used [0x00000007baa00000,0x00000007baa00000,0x00000007bc400000)
 ParOldGen       total 94208K, used 61309K [0x0000000780000000, 0x0000000785c00000, 0x00000007aab00000)
  object space 94208K, 65% used [0x0000000780000000,0x0000000783bdf7c0,0x0000000785c00000)
 Metaspace       used 20955K, capacity 21215K, committed 21504K, reserved 1069056K
  class space    used 2120K, capacity 2202K, committed 2304K, reserved 1048576K
GC Heap History (10 events):
Event: 12.827 GC heap before
{Heap before GC invocations=10 (full 1):
 PSYoungGen      total 114688K, used 101395K [0x00000007aab00000, 0x00000007b3d00000, 0x00000007c0000000)
  eden space 86016K, 100% used [0x00000007aab00000,0x00000007aff00000,0x00000007aff00000)
  from space 28672K, 53% used [0x00000007b1a80000,0x00000007b2984f48,0x00000007b3680000)
  to   space 28160K, 0% used [0x00000007aff00000,0x00000007aff00000,0x00000007b1a80000)
 ParOldGen       total 94208K, used 44929K [0x0000000780000000, 0x0000000785c00000, 0x00000007aab00000)
  object space 94208K, 47% used [0x0000000780000000,0x0000000782be0648,0x0000000785c00000)
 Metaspace       used 20880K, capacity 21087K, committed 21248K, reserved 1069056K
  class space    used 2109K, capacity 2202K, committed 2304K, reserved 1048576K
Event: 12.860 GC heap after
Heap after GC invocations=10 (full 1):
 PSYoungGen      total 114176K, used 10415K [0x00000007aab00000, 0x00000007b5a00000, 0x00000007c0000000)
  eden space 86016K, 0% used [0x00000007aab00000,0x00000007aab00000,0x00000007aff00000)
  from space 28160K, 36% used [0x00000007aff00000,0x00000007b092bcd0,0x00000007b1a80000)
  to   space 26624K, 0% used [0x00000007b4000000,0x00000007b4000000,0x00000007b5a00000)
 ParOldGen       total 94208K, used 49966K [0x0000000780000000, 0x0000000785c00000, 0x00000007aab00000)
  object space 94208K, 53% used [0x0000000780000000,0x00000007830cb8c0,0x0000000785c00000)
 Metaspace       used 20880K, capacity 21087K, committed 21248K, reserved 1069056K
  class space    used 2109K, capacity 2202K, committed 2304K, reserved 1048576K
}
Event: 13.052 GC heap before
{Heap before GC invocations=11 (full 1):
 PSYoungGen      total 114176K, used 96431K [0x00000007aab00000, 0x00000007b5a00000, 0x00000007c0000000)
  eden space 86016K, 100% used [0x00000007aab00000,0x00000007aff00000,0x00000007aff00000)
  from space 28160K, 36% used [0x00000007aff00000,0x00000007b092bcd0,0x00000007b1a80000)
  to   space 26624K, 0% used [0x00000007b4000000,0x00000007b4000000,0x00000007b5a00000)
 ParOldGen       total 94208K, used 49966K [0x0000000780000000, 0x0000000785c00000, 0x00000007aab00000)
  object space 94208K, 53% used [0x0000000780000000,0x00000007830cb8c0,0x0000000785c00000)
 Metaspace       used 20881K, capacity 21087K, committed 21248K, reserved 1069056K
  class space    used 2109K, capacity 2202K, committed 2304K, reserved 1048576K
Event: 13.063 GC heap after
Heap after GC invocations=11 (full 1):
 PSYoungGen      total 151552K, used 64K [0x00000007aab00000, 0x00000007b5a00000, 0x00000007c0000000)
  eden space 124928K, 0% used [0x00000007aab00000,0x00000007aab00000,0x00000007b2500000)
  from space 26624K, 0% used [0x00000007b4000000,0x00000007b4010000,0x00000007b5a00000)
  to   space 27136K, 0% used [0x00000007b2500000,0x00000007b2500000,0x00000007b3f80000)
 ParOldGen       total 94208K, used 60245K [0x0000000780000000, 0x0000000785c00000, 0x00000007aab00000)
  object space 94208K, 63% used [0x0000000780000000,0x0000000783ad5780,0x0000000785c00000)
 Metaspace       used 20881K, capacity 21087K, committed 21248K, reserved 1069056K
  class space    used 2109K, capacity 2202K, committed 2304K, reserved 1048576K
}
Event: 13.575 GC heap before
{Heap before GC invocations=12 (full 1):
 PSYoungGen      total 151552K, used 124992K [0x00000007aab00000, 0x00000007b5a00000, 0x00000007c0000000)
  eden space 124928K, 100% used [0x00000007aab00000,0x00000007b2500000,0x00000007b2500000)
  from space 26624K, 0% used [0x00000007b4000000,0x00000007b4010000,0x00000007b5a00000)
  to   space 27136K, 0% used [0x00000007b2500000,0x00000007b2500000,0x00000007b3f80000)
 ParOldGen       total 94208K, used 60245K [0x0000000780000000, 0x0000000785c00000, 0x00000007aab00000)
  object space 94208K, 63% used [0x0000000780000000,0x0000000783ad5780,0x0000000785c00000)
 Metaspace       used 20911K, capacity 21215K, committed 21504K, reserved 1069056K
  class space    used 2112K, capacity 2202K, committed 2304K, reserved 1048576K
Event: 13.577 GC heap after
Heap after GC invocations=12 (full 1):
 PSYoungGen      total 152064K, used 1248K [0x00000007aab00000, 0x00000007b8d00000, 0x00000007c0000000)
  eden space 124928K, 0% used [0x00000007aab00000,0x00000007aab00000,0x00000007b2500000)
  from space 27136K, 4% used [0x00000007b2500000,0x00000007b2638040,0x00000007b3f80000)
  to   space 27136K, 0% used [0x00000007b7280000,0x00000007b7280000,0x00000007b8d00000)
 ParOldGen       total 94208K, used 60253K [0x0000000780000000, 0x0000000785c00000, 0x00000007aab00000)
  object space 94208K, 63% used [0x0000000780000000,0x0000000783ad7780,0x0000000785c00000)
 Metaspace       used 20911K, capacity 21215K, committed 21504K, reserved 1069056K
  class space    used 2112K, capacity 2202K, committed 2304K, reserved 1048576K
}
Event: 13.889 GC heap before
{Heap before GC invocations=13 (full 1):
 PSYoungGen      total 152064K, used 126176K [0x00000007aab00000, 0x00000007b8d00000, 0x00000007c0000000)
  eden space 124928K, 100% used [0x00000007aab00000,0x00000007b2500000,0x00000007b2500000)
  from space 27136K, 4% used [0x00000007b2500000,0x00000007b2638040,0x00000007b3f80000)
  to   space 27136K, 0% used [0x00000007b7280000,0x00000007b7280000,0x00000007b8d00000)
 ParOldGen       total 94208K, used 60253K [0x0000000780000000, 0x0000000785c00000, 0x00000007aab00000)
  object space 94208K, 63% used [0x0000000780000000,0x0000000783ad7780,0x0000000785c00000)
 Metaspace       used 20911K, capacity 21215K, committed 21504K, reserved 1069056K
  class space    used 2112K, capacity 2202K, committed 2304K, reserved 1048576K
Event: 13.894 GC heap after
Heap after GC invocations=13 (full 1):
 PSYoungGen      total 197120K, used 128K [0x00000007aab00000, 0x00000007b8980000, 0x00000007c0000000)
  eden space 173568K, 0% used [0x00000007aab00000,0x00000007aab00000,0x00000007b5480000)
  from space 23552K, 0% used [0x00000007b7280000,0x00000007b72a0000,0x00000007b8980000)
  to   space 27136K, 0% used [0x00000007b5480000,0x00000007b5480000,0x00000007b6f00000)
 ParOldGen       total 94208K, used 61309K [0x0000000780000000, 0x0000000785c00000, 0x00000007aab00000)
  object space 94208K, 65% used [0x0000000780000000,0x0000000783bdf7c0,0x0000000785c00000)
 Metaspace       used 20911K, capacity 21215K, committed 21504K, reserved 1069056K
  class space    used 2112K, capacity 2202K, committed 2304K, reserved 1048576K
}
Event: 14.340 GC heap before
{Heap before GC invocations=14 (full 1):
 PSYoungGen      total 197120K, used 173696K [0x00000007aab00000, 0x00000007b8980000, 0x00000007c0000000)
  eden space 173568K, 100% used [0x00000007aab00000,0x00000007b5480000,0x00000007b5480000)
  from space 23552K, 0% used [0x00000007b7280000,0x00000007b72a0000,0x00000007b8980000)
  to   space 27136K, 0% used [0x00000007b5480000,0x00000007b5480000,0x00000007b6f00000)
 ParOldGen       total 94208K, used 61309K [0x0000000780000000, 0x0000000785c00000, 0x00000007aab00000)
  object space 94208K, 65% used [0x0000000780000000,0x0000000783bdf7c0,0x0000000785c00000)
 Metaspace       used 20912K, capacity 21215K, committed 21504K, reserved 1069056K
  class space    used 2112K, capacity 2202K, committed 2304K, reserved 1048576K
Event: 14.343 GC heap after
Heap after GC invocations=14 (full 1):
 PSYoungGen      total 200704K, used 128K [0x00000007aab00000, 0x00000007bc400000, 0x00000007c0000000)
  eden space 173568K, 0% used [0x00000007aab00000,0x00000007aab00000,0x00000007b5480000)
  from space 27136K, 0% used [0x00000007b5480000,0x00000007b54a0000,0x00000007b6f00000)
  to   space 26624K, 0% used [0x00000007baa00000,0x00000007baa00000,0x00000007bc400000)
 ParOldGen       total 94208K, used 61309K [0x0000000780000000, 0x0000000785c00000, 0x00000007aab00000)
  object space 94208K, 65% used [0x0000000780000000,0x0000000783bdf7c0,0x0000000785c00000)
 Metaspace       used 20912K, capacity 21215K, committed 21504K, reserved 1069056K
  class space    used 2112K, capacity 2202K, committed 2304K, reserved 1048576K
}

