# JRE version: Java(TM) SE Runtime Environment (8.0_121-b13) (build 1.8.0_121-b13)
# Java VM: Java HotSpot(TM) 64-Bit Server VM (25.121-b13 mixed mode bsd-amd64 compressed oops)
Heap:
 PSYoungGen      total 95744K, used 53139K [0x00000007aab00000, 0x00000007b1600000, 0x00000007c0000000)
  eden space 88064K, 55% used [0x00000007aab00000,0x00000007adb10c28,0x00000007b0100000)
  from space 7680K, 51% used [0x00000007b0e80000,0x00000007b12542e0,0x00000007b1600000)
  to   space 10752K, 0% used [0x00000007b0100000,0x00000007b0100000,0x00000007b0b80000)
 ParOldGen       total 35328K, used 17856K [0x0000000780000000, 0x0000000782280000, 0x00000007aab00000)
  object space 35328K, 50% used [0x0000000780000000,0x00000007811701b0,0x0000000782280000)
 Metaspace       used 24640K, capacity 24905K, committed 25088K, reserved 1071104K
  class space    used 2454K, capacity 2543K, committed 2560K, reserved 1048576K
GC Heap History (10 events):
Event: 11.153 GC heap before
{Heap before GC invocations=7 (full 1):
 PSYoungGen      total 35328K, used 35313K [0x00000007aab00000, 0x00000007af700000, 0x00000007c0000000)
  eden space 32768K, 100% used [0x00000007aab00000,0x00000007acb00000,0x00000007acb00000)
  from space 2560K, 99% used [0x00000007acb00000,0x00000007acd7c4d0,0x00000007acd80000)
  to   space 12288K, 0% used [0x00000007aeb00000,0x00000007aeb00000,0x00000007af700000)
 ParOldGen       total 35328K, used 17832K [0x0000000780000000, 0x0000000782280000, 0x00000007aab00000)
  object space 35328K, 50% used [0x0000000780000000,0x000000078116a1b0,0x0000000782280000)
 Metaspace       used 24298K, capacity 24585K, committed 24832K, reserved 1071104K
  class space    used 2446K, capacity 2543K, committed 2560K, reserved 1048576K
Event: 11.163 GC heap after
Heap after GC invocations=7 (full 1):
 PSYoungGen      total 60416K, used 3968K [0x00000007aab00000, 0x00000007af400000, 0x00000007c0000000)
  eden space 51200K, 0% used [0x00000007aab00000,0x00000007aab00000,0x00000007add00000)
  from space 9216K, 43% used [0x00000007aeb00000,0x00000007aeee02f0,0x00000007af400000)
  to   space 11776K, 0% used [0x00000007add00000,0x00000007add00000,0x00000007ae880000)
 ParOldGen       total 35328K, used 17840K [0x0000000780000000, 0x0000000782280000, 0x00000007aab00000)
  object space 35328K, 50% used [0x0000000780000000,0x000000078116c1b0,0x0000000782280000)
 Metaspace       used 24298K, capacity 24585K, committed 24832K, reserved 1071104K
  class space    used 2446K, capacity 2543K, committed 2560K, reserved 1048576K
}
Event: 16.987 GC heap before
{Heap before GC invocations=8 (full 1):
 PSYoungGen      total 60416K, used 55168K [0x00000007aab00000, 0x00000007af400000, 0x00000007c0000000)
  eden space 51200K, 100% used [0x00000007aab00000,0x00000007add00000,0x00000007add00000)
  from space 9216K, 43% used [0x00000007aeb00000,0x00000007aeee02f0,0x00000007af400000)
  to   space 11776K, 0% used [0x00000007add00000,0x00000007add00000,0x00000007ae880000)
 ParOldGen       total 35328K, used 17840K [0x0000000780000000, 0x0000000782280000, 0x00000007aab00000)
  object space 35328K, 50% used [0x0000000780000000,0x000000078116c1b0,0x0000000782280000)
 Metaspace       used 24524K, capacity 24841K, committed 25088K, reserved 1071104K
  class space    used 2446K, capacity 2543K, committed 2560K, reserved 1048576K
Event: 16.995 GC heap after
Heap after GC invocations=8 (full 1):
 PSYoungGen      total 62976K, used 3952K [0x00000007aab00000, 0x00000007b0d00000, 0x00000007c0000000)
  eden space 51200K, 0% used [0x00000007aab00000,0x00000007aab00000,0x00000007add00000)
  from space 11776K, 33% used [0x00000007add00000,0x00000007ae0dc2e0,0x00000007ae880000)
  to   space 11776K, 0% used [0x00000007b0180000,0x00000007b0180000,0x00000007b0d00000)
 ParOldGen       total 35328K, used 17848K [0x0000000780000000, 0x0000000782280000, 0x00000007aab00000)
  object space 35328K, 50% used [0x0000000780000000,0x000000078116e1b0,0x0000000782280000)
 Metaspace       used 24524K, capacity 24841K, committed 25088K, reserved 1071104K
  class space    used 2446K, capacity 2543K, committed 2560K, reserved 1048576K
}
Event: 23.016 GC heap before
{Heap before GC invocations=9 (full 1):
 PSYoungGen      total 62976K, used 55152K [0x00000007aab00000, 0x00000007b0d00000, 0x00000007c0000000)
  eden space 51200K, 100% used [0x00000007aab00000,0x00000007add00000,0x00000007add00000)
  from space 11776K, 33% used [0x00000007add00000,0x00000007ae0dc2e0,0x00000007ae880000)
  to   space 11776K, 0% used [0x00000007b0180000,0x00000007b0180000,0x00000007b0d00000)
 ParOldGen       total 35328K, used 17848K [0x0000000780000000, 0x0000000782280000, 0x00000007aab00000)
  object space 35328K, 50% used [0x0000000780000000,0x000000078116e1b0,0x0000000782280000)
 Metaspace       used 24597K, capacity 24905K, committed 25088K, reserved 1071104K
  class space    used 2446K, capacity 2543K, committed 2560K, reserved 1048576K
Event: 23.023 GC heap after
Heap after GC invocations=9 (full 1):
 PSYoungGen      total 81408K, used 3952K [0x00000007aab00000, 0x00000007b0900000, 0x00000007c0000000)
  eden space 73728K, 0% used [0x00000007aab00000,0x00000007aab00000,0x00000007af300000)
  from space 7680K, 51% used [0x00000007b0180000,0x00000007b055c2e0,0x00000007b0900000)
  to   space 11264K, 0% used [0x00000007af300000,0x00000007af300000,0x00000007afe00000)
 ParOldGen       total 35328K, used 17856K [0x0000000780000000, 0x0000000782280000, 0x00000007aab00000)
  object space 35328K, 50% used [0x0000000780000000,0x00000007811701b0,0x0000000782280000)
 Metaspace       used 24597K, capacity 24905K, committed 25088K, reserved 1071104K
  class space    used 2446K, capacity 2543K, committed 2560K, reserved 1048576K
}
Event: 31.851 GC heap before
{Heap before GC invocations=10 (full 1):
 PSYoungGen      total 81408K, used 77680K [0x00000007aab00000, 0x00000007b0900000, 0x00000007c0000000)
  eden space 73728K, 100% used [0x00000007aab00000,0x00000007af300000,0x00000007af300000)
  from space 7680K, 51% used [0x00000007b0180000,0x00000007b055c2e0,0x00000007b0900000)
  to   space 11264K, 0% used [0x00000007af300000,0x00000007af300000,0x00000007afe00000)
 ParOldGen       total 35328K, used 17856K [0x0000000780000000, 0x0000000782280000, 0x00000007aab00000)
  object space 35328K, 50% used [0x0000000780000000,0x00000007811701b0,0x0000000782280000)
 Metaspace       used 24599K, capacity 24905K, committed 25088K, reserved 1071104K
  class space    used 2447K, capacity 2543K, committed 2560K, reserved 1048576K
Event: 31.861 GC heap after
Heap after GC invocations=10 (full 1):
 PSYoungGen      total 84992K, used 3920K [0x00000007aab00000, 0x00000007b1980000, 0x00000007c0000000)
  eden space 73728K, 0% used [0x00000007aab00000,0x00000007aab00000,0x00000007af300000)
  from space 11264K, 34% used [0x00000007af300000,0x00000007af6d42e0,0x00000007afe00000)
  to   space 11264K, 0% used [0x00000007b0e80000,0x00000007b0e80000,0x00000007b1980000)
 ParOldGen       total 35328K, used 17856K [0x0000000780000000, 0x0000000782280000, 0x00000007aab00000)
  object space 35328K, 50% used [0x0000000780000000,0x00000007811701b0,0x0000000782280000)
 Metaspace       used 24599K, capacity 24905K, committed 25088K, reserved 1071104K
  class space    used 2447K, capacity 2543K, committed 2560K, reserved 1048576K
}
Event: 40.550 GC heap before
{Heap before GC invocations=11 (full 1):
 PSYoungGen      total 84992K, used 77648K [0x00000007aab00000, 0x00000007b1980000, 0x00000007c0000000)
  eden space 73728K, 100% used [0x00000007aab00000,0x00000007af300000,0x00000007af300000)
  from space 11264K, 34% used [0x00000007af300000,0x00000007af6d42e0,0x00000007afe00000)
  to   space 11264K, 0% used [0x00000007b0e80000,0x00000007b0e80000,0x00000007b1980000)
 ParOldGen       total 35328K, used 17856K [0x0000000780000000, 0x0000000782280000, 0x00000007aab00000)
  object space 35328K, 50% used [0x0000000780000000,0x00000007811701b0,0x0000000782280000)
 Metaspace       used 24599K, capacity 24905K, committed 25088K, reserved 1071104K
  class space    used 2447K, capacity 2543K, committed 2560K, reserved 1048576K
Event: 40.556 GC heap after
Heap after GC invocations=11 (full 1):
 PSYoungGen      total 95744K, used 3920K [0x00000007aab00000, 0x00000007b1600000, 0x00000007c0000000)
  eden space 88064K, 0% used [0x00000007aab00000,0x00000007aab00000,0x00000007b0100000)
  from space 7680K, 51% used [0x00000007b0e80000,0x00000007b12542e0,0x00000007b1600000)
  to   space 10752K, 0% used [0x00000007b0100000,0x00000007b0100000,0x00000007b0b80000)
 ParOldGen       total 35328K, used 17856K [0x0000000780000000, 0x0000000782280000, 0x00000007aab00000)
  object space 35328K, 50% used [0x0000000780000000,0x00000007811701b0,0x0000000782280000)
 Metaspace       used 24599K, capacity 24905K, committed 25088K, reserved 1071104K
  class space    used 2447K, capacity 2543K, committed 2560K, reserved 1048576K
}

