# JRE version: Java(TM) SE Runtime Environment (8.0_121-b13) (build 1.8.0_121-b13)
# Java VM: Java HotSpot(TM) 64-Bit Server VM (25.121-b13 mixed mode bsd-amd64 compressed oops)
Heap:
 PSYoungGen      total 70656K, used 70464K [0x00000007aab00000, 0x00000007aff00000, 0x00000007c0000000)
  eden space 60416K, 100% used [0x00000007aab00000,0x00000007ae600000,0x00000007ae600000)
  from space 10240K, 98% used [0x00000007af400000,0x00000007afdd0280,0x00000007afe00000)
  to   space 12800K, 98% used [0x00000007ae600000,0x00000007af258320,0x00000007af280000)
 ParOldGen       total 44032K, used 29395K [0x0000000780000000, 0x0000000782b00000, 0x00000007aab00000)
  object space 44032K, 66% used [0x0000000780000000,0x0000000781cb4cc8,0x0000000782b00000)
 Metaspace       used 19817K, capacity 20035K, committed 20224K, reserved 1067008K
  class space    used 1959K, capacity 2042K, committed 2048K, reserved 1048576K
GC Heap History (10 events):
Event: 7.797 GC heap before
{Heap before GC invocations=4 (full 0):
 PSYoungGen      total 18944K, used 18809K [0x00000007aab00000, 0x00000007ad000000, 0x00000007c0000000)
  eden space 16384K, 99% used [0x00000007aab00000,0x00000007abae2448,0x00000007abb00000)
  from space 2560K, 99% used [0x00000007abb00000,0x00000007abd7c070,0x00000007abd80000)
  to   space 2560K, 0% used [0x00000007acd80000,0x00000007acd80000,0x00000007ad000000)
 ParOldGen       total 44032K, used 11483K [0x0000000780000000, 0x0000000782b00000, 0x00000007aab00000)
  object space 44032K, 26% used [0x0000000780000000,0x0000000780b36dc0,0x0000000782b00000)
 Metaspace       used 18826K, capacity 19065K, committed 19200K, reserved 1067008K
  class space    used 1949K, capacity 2041K, committed 2048K, reserved 1048576K
Event: 7.810 GC heap after
Heap after GC invocations=4 (full 0):
 PSYoungGen      total 35328K, used 2528K [0x00000007aab00000, 0x00000007ad000000, 0x00000007c0000000)
  eden space 32768K, 0% used [0x00000007aab00000,0x00000007aab00000,0x00000007acb00000)
  from space 2560K, 98% used [0x00000007acd80000,0x00000007acff80b0,0x00000007ad000000)
  to   space 2560K, 0% used [0x00000007acb00000,0x00000007acb00000,0x00000007acd80000)
 ParOldGen       total 44032K, used 14288K [0x0000000780000000, 0x0000000782b00000, 0x00000007aab00000)
  object space 44032K, 32% used [0x0000000780000000,0x0000000780df4158,0x0000000782b00000)
 Metaspace       used 18826K, capacity 19065K, committed 19200K, reserved 1067008K
  class space    used 1949K, capacity 2041K, committed 2048K, reserved 1048576K
}
Event: 10.246 GC heap before
{Heap before GC invocations=5 (full 0):
 PSYoungGen      total 35328K, used 35296K [0x00000007aab00000, 0x00000007ad000000, 0x00000007c0000000)
  eden space 32768K, 100% used [0x00000007aab00000,0x00000007acb00000,0x00000007acb00000)
  from space 2560K, 98% used [0x00000007acd80000,0x00000007acff80b0,0x00000007ad000000)
  to   space 2560K, 0% used [0x00000007acb00000,0x00000007acb00000,0x00000007acd80000)
 ParOldGen       total 44032K, used 14288K [0x0000000780000000, 0x0000000782b00000, 0x00000007aab00000)
  object space 44032K, 32% used [0x0000000780000000,0x0000000780df4158,0x0000000782b00000)
 Metaspace       used 19219K, capacity 19449K, committed 19456K, reserved 1067008K
  class space    used 1949K, capacity 2041K, committed 2048K, reserved 1048576K
Event: 10.258 GC heap after
Heap after GC invocations=5 (full 0):
 PSYoungGen      total 35328K, used 2544K [0x00000007aab00000, 0x00000007afe00000, 0x00000007c0000000)
  eden space 32768K, 0% used [0x00000007aab00000,0x00000007aab00000,0x00000007acb00000)
  from space 2560K, 99% used [0x00000007acb00000,0x00000007acd7c0a0,0x00000007acd80000)
  to   space 9728K, 0% used [0x00000007af480000,0x00000007af480000,0x00000007afe00000)
 ParOldGen       total 44032K, used 17888K [0x0000000780000000, 0x0000000782b00000, 0x00000007aab00000)
  object space 44032K, 40% used [0x0000000780000000,0x0000000781178238,0x0000000782b00000)
 Metaspace       used 19219K, capacity 19449K, committed 19456K, reserved 1067008K
  class space    used 1949K, capacity 2041K, committed 2048K, reserved 1048576K
}
Event: 17.426 GC heap before
{Heap before GC invocations=6 (full 0):
 PSYoungGen      total 35328K, used 35312K [0x00000007aab00000, 0x00000007afe00000, 0x00000007c0000000)
  eden space 32768K, 100% used [0x00000007aab00000,0x00000007acb00000,0x00000007acb00000)
  from space 2560K, 99% used [0x00000007acb00000,0x00000007acd7c0a0,0x00000007acd80000)
  to   space 9728K, 0% used [0x00000007af480000,0x00000007af480000,0x00000007afe00000)
 ParOldGen       total 44032K, used 17888K [0x0000000780000000, 0x0000000782b00000, 0x00000007aab00000)
  object space 44032K, 40% used [0x0000000780000000,0x0000000781178238,0x0000000782b00000)
 Metaspace       used 19504K, capacity 19779K, committed 19968K, reserved 1067008K
  class space    used 1950K, capacity 2042K, committed 2048K, reserved 1048576K
Event: 17.434 GC heap after
Heap after GC invocations=6 (full 0):
 PSYoungGen      total 74752K, used 2560K [0x00000007aab00000, 0x00000007aff00000, 0x00000007c0000000)
  eden space 65024K, 0% used [0x00000007aab00000,0x00000007aab00000,0x00000007aea80000)
  from space 9728K, 26% used [0x00000007af480000,0x00000007af700090,0x00000007afe00000)
  to   space 10240K, 0% used [0x00000007aea80000,0x00000007aea80000,0x00000007af480000)
 ParOldGen       total 44032K, used 17896K [0x0000000780000000, 0x0000000782b00000, 0x00000007aab00000)
  object space 44032K, 40% used [0x0000000780000000,0x000000078117a238,0x0000000782b00000)
 Metaspace       used 19504K, capacity 19779K, committed 19968K, reserved 1067008K
  class space    used 1950K, capacity 2042K, committed 2048K, reserved 1048576K
}
Event: 21.844 GC heap before
{Heap before GC invocations=7 (full 0):
 PSYoungGen      total 74752K, used 67584K [0x00000007aab00000, 0x00000007aff00000, 0x00000007c0000000)
  eden space 65024K, 100% used [0x00000007aab00000,0x00000007aea80000,0x00000007aea80000)
  from space 9728K, 26% used [0x00000007af480000,0x00000007af700090,0x00000007afe00000)
  to   space 10240K, 0% used [0x00000007aea80000,0x00000007aea80000,0x00000007af480000)
 ParOldGen       total 44032K, used 17896K [0x0000000780000000, 0x0000000782b00000, 0x00000007aab00000)
  object space 44032K, 40% used [0x0000000780000000,0x000000078117a238,0x0000000782b00000)
 Metaspace       used 19567K, capacity 19843K, committed 19968K, reserved 1067008K
  class space    used 1951K, capacity 2042K, committed 2048K, reserved 1048576K
Event: 21.862 GC heap after
Heap after GC invocations=7 (full 0):
 PSYoungGen      total 72192K, used 9232K [0x00000007aab00000, 0x00000007afe00000, 0x00000007c0000000)
  eden space 62464K, 0% used [0x00000007aab00000,0x00000007aab00000,0x00000007ae800000)
  from space 9728K, 94% used [0x00000007aea80000,0x00000007af384290,0x00000007af400000)
  to   space 10240K, 0% used [0x00000007af400000,0x00000007af400000,0x00000007afe00000)
 ParOldGen       total 44032K, used 18924K [0x0000000780000000, 0x0000000782b00000, 0x00000007aab00000)
  object space 44032K, 42% used [0x0000000780000000,0x000000078127b1e0,0x0000000782b00000)
 Metaspace       used 19567K, capacity 19843K, committed 19968K, reserved 1067008K
  class space    used 1951K, capacity 2042K, committed 2048K, reserved 1048576K
}
Event: 35.413 GC heap before
{Heap before GC invocations=8 (full 0):
 PSYoungGen      total 72192K, used 71696K [0x00000007aab00000, 0x00000007afe00000, 0x00000007c0000000)
  eden space 62464K, 100% used [0x00000007aab00000,0x00000007ae800000,0x00000007ae800000)
  from space 9728K, 94% used [0x00000007aea80000,0x00000007af384290,0x00000007af400000)
  to   space 10240K, 0% used [0x00000007af400000,0x00000007af400000,0x00000007afe00000)
 ParOldGen       total 44032K, used 18924K [0x0000000780000000, 0x0000000782b00000, 0x00000007aab00000)
  object space 44032K, 42% used [0x0000000780000000,0x000000078127b1e0,0x0000000782b00000)
 Metaspace       used 19699K, capacity 19971K, committed 20224K, reserved 1067008K
  class space    used 1952K, capacity 2042K, committed 2048K, reserved 1048576K
Event: 35.434 GC heap after
Heap after GC invocations=8 (full 0):
 PSYoungGen      total 70656K, used 10048K [0x00000007aab00000, 0x00000007aff00000, 0x00000007c0000000)
  eden space 60416K, 0% used [0x00000007aab00000,0x00000007aab00000,0x00000007ae600000)
  from space 10240K, 98% used [0x00000007af400000,0x00000007afdd0280,0x00000007afe00000)
  to   space 12800K, 0% used [0x00000007ae600000,0x00000007ae600000,0x00000007af280000)
 ParOldGen       total 44032K, used 22914K [0x0000000780000000, 0x0000000782b00000, 0x00000007aab00000)
  object space 44032K, 52% used [0x0000000780000000,0x0000000781660b38,0x0000000782b00000)
 Metaspace       used 19699K, capacity 19971K, committed 20224K, reserved 1067008K
  class space    used 1952K, capacity 2042K, committed 2048K, reserved 1048576K
}

