# JRE version: Java(TM) SE Runtime Environment (8.0_121-b13) (build 1.8.0_121-b13)
# Java VM: Java HotSpot(TM) 64-Bit Server VM (25.121-b13 mixed mode bsd-amd64 compressed oops)
Heap:
 PSYoungGen      total 62464K, used 20724K [0x00000007aab00000, 0x00000007af400000, 0x00000007c0000000)
  eden space 51712K, 26% used [0x00000007aab00000,0x00000007ab84b118,0x00000007add80000)
  from space 10752K, 66% used [0x00000007ae880000,0x00000007aef721e0,0x00000007af300000)
  to   space 11264K, 0% used [0x00000007add80000,0x00000007add80000,0x00000007ae880000)
 ParOldGen       total 45568K, used 15654K [0x0000000780000000, 0x0000000782c80000, 0x00000007aab00000)
  object space 45568K, 34% used [0x0000000780000000,0x0000000780f49a48,0x0000000782c80000)
 Metaspace       used 21684K, capacity 21947K, committed 22192K, reserved 1069056K
  class space    used 2130K, capacity 2204K, committed 2304K, reserved 1048576K
GC Heap History (10 events):
Event: 7.061 GC heap before
{Heap before GC invocations=5 (full 0):
 PSYoungGen      total 18944K, used 18912K [0x00000007aab00000, 0x00000007ac000000, 0x00000007c0000000)
  eden space 16384K, 100% used [0x00000007aab00000,0x00000007abb00000,0x00000007abb00000)
  from space 2560K, 98% used [0x00000007abd80000,0x00000007abff8050,0x00000007ac000000)
  to   space 2560K, 0% used [0x00000007abb00000,0x00000007abb00000,0x00000007abd80000)
 ParOldGen       total 44032K, used 15410K [0x0000000780000000, 0x0000000782b00000, 0x00000007aab00000)
  object space 44032K, 34% used [0x0000000780000000,0x0000000780f0ca10,0x0000000782b00000)
 Metaspace       used 20739K, capacity 20949K, committed 21120K, reserved 1069056K
  class space    used 2099K, capacity 2171K, committed 2176K, reserved 1048576K
Event: 7.071 GC heap after
Heap after GC invocations=5 (full 0):
 PSYoungGen      total 18944K, used 2528K [0x00000007aab00000, 0x00000007ae000000, 0x00000007c0000000)
  eden space 16384K, 0% used [0x00000007aab00000,0x00000007aab00000,0x00000007abb00000)
  from space 2560K, 98% used [0x00000007abb00000,0x00000007abd78050,0x00000007abd80000)
  to   space 10752K, 0% used [0x00000007ad580000,0x00000007ad580000,0x00000007ae000000)
 ParOldGen       total 44032K, used 19438K [0x0000000780000000, 0x0000000782b00000, 0x00000007aab00000)
  object space 44032K, 44% used [0x0000000780000000,0x00000007812fba38,0x0000000782b00000)
 Metaspace       used 20739K, capacity 20949K, committed 21120K, reserved 1069056K
  class space    used 2099K, capacity 2171K, committed 2176K, reserved 1048576K
}
Event: 7.867 GC heap before
{Heap before GC invocations=6 (full 0):
 PSYoungGen      total 18944K, used 9927K [0x00000007aab00000, 0x00000007ae000000, 0x00000007c0000000)
  eden space 16384K, 45% used [0x00000007aab00000,0x00000007ab239d30,0x00000007abb00000)
  from space 2560K, 98% used [0x00000007abb00000,0x00000007abd78050,0x00000007abd80000)
  to   space 10752K, 0% used [0x00000007ad580000,0x00000007ad580000,0x00000007ae000000)
 ParOldGen       total 44032K, used 19438K [0x0000000780000000, 0x0000000782b00000, 0x00000007aab00000)
  object space 44032K, 44% used [0x0000000780000000,0x00000007812fba38,0x0000000782b00000)
 Metaspace       used 20929K, capacity 21147K, committed 21296K, reserved 1069056K
  class space    used 2101K, capacity 2172K, committed 2176K, reserved 1048576K
Event: 7.879 GC heap after
Heap after GC invocations=6 (full 0):
 PSYoungGen      total 43520K, used 3184K [0x00000007aab00000, 0x00000007ae000000, 0x00000007c0000000)
  eden space 32768K, 0% used [0x00000007aab00000,0x00000007aab00000,0x00000007acb00000)
  from space 10752K, 29% used [0x00000007ad580000,0x00000007ad89c060,0x00000007ae000000)
  to   space 10752K, 0% used [0x00000007acb00000,0x00000007acb00000,0x00000007ad580000)
 ParOldGen       total 44032K, used 19438K [0x0000000780000000, 0x0000000782b00000, 0x00000007aab00000)
  object space 44032K, 44% used [0x0000000780000000,0x00000007812fba38,0x0000000782b00000)
 Metaspace       used 20929K, capacity 21147K, committed 21296K, reserved 1069056K
  class space    used 2101K, capacity 2172K, committed 2176K, reserved 1048576K
}
Event: 7.879 GC heap before
{Heap before GC invocations=7 (full 1):
 PSYoungGen      total 43520K, used 3184K [0x00000007aab00000, 0x00000007ae000000, 0x00000007c0000000)
  eden space 32768K, 0% used [0x00000007aab00000,0x00000007aab00000,0x00000007acb00000)
  from space 10752K, 29% used [0x00000007ad580000,0x00000007ad89c060,0x00000007ae000000)
  to   space 10752K, 0% used [0x00000007acb00000,0x00000007acb00000,0x00000007ad580000)
 ParOldGen       total 44032K, used 19438K [0x0000000780000000, 0x0000000782b00000, 0x00000007aab00000)
  object space 44032K, 44% used [0x0000000780000000,0x00000007812fba38,0x0000000782b00000)
 Metaspace       used 20929K, capacity 21147K, committed 21296K, reserved 1069056K
  class space    used 2101K, capacity 2172K, committed 2176K, reserved 1048576K
Event: 7.935 GC heap after
Heap after GC invocations=7 (full 1):
 PSYoungGen      total 43520K, used 0K [0x00000007aab00000, 0x00000007ae000000, 0x00000007c0000000)
  eden space 32768K, 0% used [0x00000007aab00000,0x00000007aab00000,0x00000007acb00000)
  from space 10752K, 0% used [0x00000007ad580000,0x00000007ad580000,0x00000007ae000000)
  to   space 10752K, 0% used [0x00000007acb00000,0x00000007acb00000,0x00000007ad580000)
 ParOldGen       total 45568K, used 15638K [0x0000000780000000, 0x0000000782c80000, 0x00000007aab00000)
  object space 45568K, 34% used [0x0000000780000000,0x0000000780f45a48,0x0000000782c80000)
 Metaspace       used 20929K, capacity 21147K, committed 21296K, reserved 1069056K
  class space    used 2101K, capacity 2172K, committed 2176K, reserved 1048576K
}
Event: 12.308 GC heap before
{Heap before GC invocations=8 (full 1):
 PSYoungGen      total 43520K, used 32736K [0x00000007aab00000, 0x00000007ae000000, 0x00000007c0000000)
  eden space 32768K, 99% used [0x00000007aab00000,0x00000007acaf82a8,0x00000007acb00000)
  from space 10752K, 0% used [0x00000007ad580000,0x00000007ad580000,0x00000007ae000000)
  to   space 10752K, 0% used [0x00000007acb00000,0x00000007acb00000,0x00000007ad580000)
 ParOldGen       total 45568K, used 15638K [0x0000000780000000, 0x0000000782c80000, 0x00000007aab00000)
  object space 45568K, 34% used [0x0000000780000000,0x0000000780f45a48,0x0000000782c80000)
 Metaspace       used 21492K, capacity 21755K, committed 22192K, reserved 1069056K
  class space    used 2122K, capacity 2204K, committed 2304K, reserved 1048576K
Event: 12.320 GC heap after
Heap after GC invocations=8 (full 1):
 PSYoungGen      total 43520K, used 2698K [0x00000007aab00000, 0x00000007af300000, 0x00000007c0000000)
  eden space 32768K, 0% used [0x00000007aab00000,0x00000007aab00000,0x00000007acb00000)
  from space 10752K, 25% used [0x00000007acb00000,0x00000007acda29e8,0x00000007ad580000)
  to   space 10752K, 0% used [0x00000007ae880000,0x00000007ae880000,0x00000007af300000)
 ParOldGen       total 45568K, used 15646K [0x0000000780000000, 0x0000000782c80000, 0x00000007aab00000)
  object space 45568K, 34% used [0x0000000780000000,0x0000000780f47a48,0x0000000782c80000)
 Metaspace       used 21492K, capacity 21755K, committed 22192K, reserved 1069056K
  class space    used 2122K, capacity 2204K, committed 2304K, reserved 1048576K
}
Event: 13.465 GC heap before
{Heap before GC invocations=9 (full 1):
 PSYoungGen      total 43520K, used 35466K [0x00000007aab00000, 0x00000007af300000, 0x00000007c0000000)
  eden space 32768K, 100% used [0x00000007aab00000,0x00000007acb00000,0x00000007acb00000)
  from space 10752K, 25% used [0x00000007acb00000,0x00000007acda29e8,0x00000007ad580000)
  to   space 10752K, 0% used [0x00000007ae880000,0x00000007ae880000,0x00000007af300000)
 ParOldGen       total 45568K, used 15646K [0x0000000780000000, 0x0000000782c80000, 0x00000007aab00000)
  object space 45568K, 34% used [0x0000000780000000,0x0000000780f47a48,0x0000000782c80000)
 Metaspace       used 21536K, capacity 21755K, committed 22192K, reserved 1069056K
  class space    used 2122K, capacity 2204K, committed 2304K, reserved 1048576K
Event: 13.477 GC heap after
Heap after GC invocations=9 (full 1):
 PSYoungGen      total 62464K, used 7112K [0x00000007aab00000, 0x00000007af400000, 0x00000007c0000000)
  eden space 51712K, 0% used [0x00000007aab00000,0x00000007aab00000,0x00000007add80000)
  from space 10752K, 66% used [0x00000007ae880000,0x00000007aef721e0,0x00000007af300000)
  to   space 11264K, 0% used [0x00000007add80000,0x00000007add80000,0x00000007ae880000)
 ParOldGen       total 45568K, used 15654K [0x0000000780000000, 0x0000000782c80000, 0x00000007aab00000)
  object space 45568K, 34% used [0x0000000780000000,0x0000000780f49a48,0x0000000782c80000)
 Metaspace       used 21536K, capacity 21755K, committed 22192K, reserved 1069056K
  class space    used 2122K, capacity 2204K, committed 2304K, reserved 1048576K
}

