# JRE version: Java(TM) SE Runtime Environment (8.0_121-b13) (build 1.8.0_121-b13)
# Java VM: Java HotSpot(TM) 64-Bit Server VM (25.121-b13 mixed mode bsd-amd64 compressed oops)
Heap:
 PSYoungGen      total 95744K, used 19225K [0x00000007aab00000, 0x00000007b1600000, 0x00000007c0000000)
  eden space 92160K, 17% used [0x00000007aab00000,0x00000007aba6a580,0x00000007b0500000)
  from space 3584K, 95% used [0x00000007b0880000,0x00000007b0bdc160,0x00000007b0c00000)
  to   space 8192K, 0% used [0x00000007b0e00000,0x00000007b0e00000,0x00000007b1600000)
 ParOldGen       total 35840K, used 18088K [0x0000000780000000, 0x0000000782300000, 0x00000007aab00000)
  object space 35840K, 50% used [0x0000000780000000,0x00000007811aa250,0x0000000782300000)
 Metaspace       used 24494K, capacity 24801K, committed 25088K, reserved 1071104K
  class space    used 2422K, capacity 2509K, committed 2560K, reserved 1048576K
GC Heap History (10 events):
Event: 82.435 GC heap before
{Heap before GC invocations=16 (full 1):
 PSYoungGen      total 119808K, used 115536K [0x00000007aab00000, 0x00000007b2b80000, 0x00000007c0000000)
  eden space 112128K, 100% used [0x00000007aab00000,0x00000007b1880000,0x00000007b1880000)
  from space 7680K, 44% used [0x00000007b2400000,0x00000007b2754160,0x00000007b2b80000)
  to   space 9728K, 0% used [0x00000007b1880000,0x00000007b1880000,0x00000007b2200000)
 ParOldGen       total 35840K, used 18080K [0x0000000780000000, 0x0000000782300000, 0x00000007aab00000)
  object space 35840K, 50% used [0x0000000780000000,0x00000007811a8250,0x0000000782300000)
 Metaspace       used 24463K, capacity 24737K, committed 24832K, reserved 1071104K
  class space    used 2415K, capacity 2509K, committed 2560K, reserved 1048576K
Event: 82.441 GC heap after
Heap after GC invocations=16 (full 1):
 PSYoungGen      total 111104K, used 3408K [0x00000007aab00000, 0x00000007b2700000, 0x00000007c0000000)
  eden space 107520K, 0% used [0x00000007aab00000,0x00000007aab00000,0x00000007b1400000)
  from space 3584K, 95% used [0x00000007b1880000,0x00000007b1bd4160,0x00000007b1c00000)
  to   space 9728K, 0% used [0x00000007b1d80000,0x00000007b1d80000,0x00000007b2700000)
 ParOldGen       total 35840K, used 18080K [0x0000000780000000, 0x0000000782300000, 0x00000007aab00000)
  object space 35840K, 50% used [0x0000000780000000,0x00000007811a8250,0x0000000782300000)
 Metaspace       used 24463K, capacity 24737K, committed 24832K, reserved 1071104K
  class space    used 2415K, capacity 2509K, committed 2560K, reserved 1048576K
}
Event: 92.701 GC heap before
{Heap before GC invocations=17 (full 1):
 PSYoungGen      total 111104K, used 110928K [0x00000007aab00000, 0x00000007b2700000, 0x00000007c0000000)
  eden space 107520K, 100% used [0x00000007aab00000,0x00000007b1400000,0x00000007b1400000)
  from space 3584K, 95% used [0x00000007b1880000,0x00000007b1bd4160,0x00000007b1c00000)
  to   space 9728K, 0% used [0x00000007b1d80000,0x00000007b1d80000,0x00000007b2700000)
 ParOldGen       total 35840K, used 18080K [0x0000000780000000, 0x0000000782300000, 0x00000007aab00000)
  object space 35840K, 50% used [0x0000000780000000,0x00000007811a8250,0x0000000782300000)
 Metaspace       used 24463K, capacity 24737K, committed 24832K, reserved 1071104K
  class space    used 2415K, capacity 2509K, committed 2560K, reserved 1048576K
Event: 92.709 GC heap after
Heap after GC invocations=17 (full 1):
 PSYoungGen      total 108032K, used 3408K [0x00000007aab00000, 0x00000007b2200000, 0x00000007c0000000)
  eden space 103424K, 0% used [0x00000007aab00000,0x00000007aab00000,0x00000007b1000000)
  from space 4608K, 73% used [0x00000007b1d80000,0x00000007b20d4160,0x00000007b2200000)
  to   space 9216K, 0% used [0x00000007b1000000,0x00000007b1000000,0x00000007b1900000)
 ParOldGen       total 35840K, used 18080K [0x0000000780000000, 0x0000000782300000, 0x00000007aab00000)
  object space 35840K, 50% used [0x0000000780000000,0x00000007811a8250,0x0000000782300000)
 Metaspace       used 24463K, capacity 24737K, committed 24832K, reserved 1071104K
  class space    used 2415K, capacity 2509K, committed 2560K, reserved 1048576K
}
Event: 102.453 GC heap before
{Heap before GC invocations=18 (full 1):
 PSYoungGen      total 108032K, used 106832K [0x00000007aab00000, 0x00000007b2200000, 0x00000007c0000000)
  eden space 103424K, 100% used [0x00000007aab00000,0x00000007b1000000,0x00000007b1000000)
  from space 4608K, 73% used [0x00000007b1d80000,0x00000007b20d4160,0x00000007b2200000)
  to   space 9216K, 0% used [0x00000007b1000000,0x00000007b1000000,0x00000007b1900000)
 ParOldGen       total 35840K, used 18080K [0x0000000780000000, 0x0000000782300000, 0x00000007aab00000)
  object space 35840K, 50% used [0x0000000780000000,0x00000007811a8250,0x0000000782300000)
 Metaspace       used 24463K, capacity 24737K, committed 24832K, reserved 1071104K
  class space    used 2415K, capacity 2509K, committed 2560K, reserved 1048576K
Event: 102.457 GC heap after
Heap after GC invocations=18 (full 1):
 PSYoungGen      total 102912K, used 3440K [0x00000007aab00000, 0x00000007b1e00000, 0x00000007c0000000)
  eden space 99328K, 0% used [0x00000007aab00000,0x00000007aab00000,0x00000007b0c00000)
  from space 3584K, 95% used [0x00000007b1000000,0x00000007b135c160,0x00000007b1380000)
  to   space 8704K, 0% used [0x00000007b1580000,0x00000007b1580000,0x00000007b1e00000)
 ParOldGen       total 35840K, used 18088K [0x0000000780000000, 0x0000000782300000, 0x00000007aab00000)
  object space 35840K, 50% used [0x0000000780000000,0x00000007811aa250,0x0000000782300000)
 Metaspace       used 24463K, capacity 24737K, committed 24832K, reserved 1071104K
  class space    used 2415K, capacity 2509K, committed 2560K, reserved 1048576K
}
Event: 112.137 GC heap before
{Heap before GC invocations=19 (full 1):
 PSYoungGen      total 102912K, used 102768K [0x00000007aab00000, 0x00000007b1e00000, 0x00000007c0000000)
  eden space 99328K, 100% used [0x00000007aab00000,0x00000007b0c00000,0x00000007b0c00000)
  from space 3584K, 95% used [0x00000007b1000000,0x00000007b135c160,0x00000007b1380000)
  to   space 8704K, 0% used [0x00000007b1580000,0x00000007b1580000,0x00000007b1e00000)
 ParOldGen       total 35840K, used 18088K [0x0000000780000000, 0x0000000782300000, 0x00000007aab00000)
  object space 35840K, 50% used [0x0000000780000000,0x00000007811aa250,0x0000000782300000)
 Metaspace       used 24463K, capacity 24737K, committed 24832K, reserved 1071104K
  class space    used 2415K, capacity 2509K, committed 2560K, reserved 1048576K
Event: 112.146 GC heap after
Heap after GC invocations=19 (full 1):
 PSYoungGen      total 99840K, used 3392K [0x00000007aab00000, 0x00000007b1980000, 0x00000007c0000000)
  eden space 95744K, 0% used [0x00000007aab00000,0x00000007aab00000,0x00000007b0880000)
  from space 4096K, 82% used [0x00000007b1580000,0x00000007b18d0150,0x00000007b1980000)
  to   space 8704K, 0% used [0x00000007b0880000,0x00000007b0880000,0x00000007b1100000)
 ParOldGen       total 35840K, used 18088K [0x0000000780000000, 0x0000000782300000, 0x00000007aab00000)
  object space 35840K, 50% used [0x0000000780000000,0x00000007811aa250,0x0000000782300000)
 Metaspace       used 24463K, capacity 24737K, committed 24832K, reserved 1071104K
  class space    used 2415K, capacity 2509K, committed 2560K, reserved 1048576K
}
Event: 121.356 GC heap before
{Heap before GC invocations=20 (full 1):
 PSYoungGen      total 99840K, used 99136K [0x00000007aab00000, 0x00000007b1980000, 0x00000007c0000000)
  eden space 95744K, 100% used [0x00000007aab00000,0x00000007b0880000,0x00000007b0880000)
  from space 4096K, 82% used [0x00000007b1580000,0x00000007b18d0150,0x00000007b1980000)
  to   space 8704K, 0% used [0x00000007b0880000,0x00000007b0880000,0x00000007b1100000)
 ParOldGen       total 35840K, used 18088K [0x0000000780000000, 0x0000000782300000, 0x00000007aab00000)
  object space 35840K, 50% used [0x0000000780000000,0x00000007811aa250,0x0000000782300000)
 Metaspace       used 24464K, capacity 24737K, committed 24832K, reserved 1071104K
  class space    used 2415K, capacity 2509K, committed 2560K, reserved 1048576K
Event: 121.371 GC heap after
Heap after GC invocations=20 (full 1):
 PSYoungGen      total 95744K, used 3440K [0x00000007aab00000, 0x00000007b1600000, 0x00000007c0000000)
  eden space 92160K, 0% used [0x00000007aab00000,0x00000007aab00000,0x00000007b0500000)
  from space 3584K, 95% used [0x00000007b0880000,0x00000007b0bdc160,0x00000007b0c00000)
  to   space 8192K, 0% used [0x00000007b0e00000,0x00000007b0e00000,0x00000007b1600000)
 ParOldGen       total 35840K, used 18088K [0x0000000780000000, 0x0000000782300000, 0x00000007aab00000)
  object space 35840K, 50% used [0x0000000780000000,0x00000007811aa250,0x0000000782300000)
 Metaspace       used 24464K, capacity 24737K, committed 24832K, reserved 1071104K
  class space    used 2415K, capacity 2509K, committed 2560K, reserved 1048576K
}

