# JRE version: Java(TM) SE Runtime Environment (8.0_121-b13) (build 1.8.0_121-b13)
# Java VM: Java HotSpot(TM) 64-Bit Server VM (25.121-b13 mixed mode bsd-amd64 compressed oops)
Heap:
 PSYoungGen      total 325632K, used 240039K [0x00000007aab00000, 0x00000007bfd80000, 0x00000007c0000000)
  eden space 306688K, 74% used [0x00000007aab00000,0x00000007b8ab9cf0,0x00000007bd680000)
  from space 18944K, 57% used [0x00000007beb00000,0x00000007bf5b02a0,0x00000007bfd80000)
  to   space 19968K, 0% used [0x00000007bd680000,0x00000007bd680000,0x00000007bea00000)
 ParOldGen       total 83968K, used 57807K [0x0000000780000000, 0x0000000785200000, 0x00000007aab00000)
  object space 83968K, 68% used [0x0000000780000000,0x0000000783873f38,0x0000000785200000)
 Metaspace       used 22110K, capacity 22415K, committed 22528K, reserved 1069056K
  class space    used 2145K, capacity 2236K, committed 2304K, reserved 1048576K
GC Heap History (10 events):
Event: 33.810 GC heap before
{Heap before GC invocations=44 (full 2):
 PSYoungGen      total 324096K, used 312768K [0x00000007aab00000, 0x00000007bff80000, 0x00000007c0000000)
  eden space 300544K, 100% used [0x00000007aab00000,0x00000007bd080000,0x00000007bd080000)
  from space 23552K, 51% used [0x00000007bd080000,0x00000007bdc702f0,0x00000007be780000)
  to   space 23040K, 0% used [0x00000007be900000,0x00000007be900000,0x00000007bff80000)
 ParOldGen       total 83968K, used 56503K [0x0000000780000000, 0x0000000785200000, 0x00000007aab00000)
  object space 83968K, 67% used [0x0000000780000000,0x000000078372dee8,0x0000000785200000)
 Metaspace       used 22075K, capacity 22351K, committed 22528K, reserved 1069056K
  class space    used 2137K, capacity 2236K, committed 2304K, reserved 1048576K
Event: 33.813 GC heap after
Heap after GC invocations=44 (full 2):
 PSYoungGen      total 324608K, used 12224K [0x00000007aab00000, 0x00000007bfe80000, 0x00000007c0000000)
  eden space 302592K, 0% used [0x00000007aab00000,0x00000007aab00000,0x00000007bd280000)
  from space 22016K, 55% used [0x00000007be900000,0x00000007bf4f02f0,0x00000007bfe80000)
  to   space 22528K, 0% used [0x00000007bd280000,0x00000007bd280000,0x00000007be880000)
 ParOldGen       total 83968K, used 56503K [0x0000000780000000, 0x0000000785200000, 0x00000007aab00000)
  object space 83968K, 67% used [0x0000000780000000,0x000000078372dee8,0x0000000785200000)
 Metaspace       used 22075K, capacity 22351K, committed 22528K, reserved 1069056K
  class space    used 2137K, capacity 2236K, committed 2304K, reserved 1048576K
}
Event: 34.792 GC heap before
{Heap before GC invocations=45 (full 2):
 PSYoungGen      total 324608K, used 314816K [0x00000007aab00000, 0x00000007bfe80000, 0x00000007c0000000)
  eden space 302592K, 100% used [0x00000007aab00000,0x00000007bd280000,0x00000007bd280000)
  from space 22016K, 55% used [0x00000007be900000,0x00000007bf4f02f0,0x00000007bfe80000)
  to   space 22528K, 0% used [0x00000007bd280000,0x00000007bd280000,0x00000007be880000)
 ParOldGen       total 83968K, used 56503K [0x0000000780000000, 0x0000000785200000, 0x00000007aab00000)
  object space 83968K, 67% used [0x0000000780000000,0x000000078372dee8,0x0000000785200000)
 Metaspace       used 22075K, capacity 22351K, committed 22528K, reserved 1069056K
  class space    used 2137K, capacity 2236K, committed 2304K, reserved 1048576K
Event: 34.796 GC heap after
Heap after GC invocations=45 (full 2):
 PSYoungGen      total 325120K, used 12224K [0x00000007aab00000, 0x00000007bff80000, 0x00000007c0000000)
  eden space 302592K, 0% used [0x00000007aab00000,0x00000007aab00000,0x00000007bd280000)
  from space 22528K, 54% used [0x00000007bd280000,0x00000007bde702f0,0x00000007be880000)
  to   space 22016K, 0% used [0x00000007bea00000,0x00000007bea00000,0x00000007bff80000)
 ParOldGen       total 83968K, used 56503K [0x0000000780000000, 0x0000000785200000, 0x00000007aab00000)
  object space 83968K, 67% used [0x0000000780000000,0x000000078372dee8,0x0000000785200000)
 Metaspace       used 22075K, capacity 22351K, committed 22528K, reserved 1069056K
  class space    used 2137K, capacity 2236K, committed 2304K, reserved 1048576K
}
Event: 35.791 GC heap before
{Heap before GC invocations=46 (full 2):
 PSYoungGen      total 325120K, used 314816K [0x00000007aab00000, 0x00000007bff80000, 0x00000007c0000000)
  eden space 302592K, 100% used [0x00000007aab00000,0x00000007bd280000,0x00000007bd280000)
  from space 22528K, 54% used [0x00000007bd280000,0x00000007bde702f0,0x00000007be880000)
  to   space 22016K, 0% used [0x00000007bea00000,0x00000007bea00000,0x00000007bff80000)
 ParOldGen       total 83968K, used 56503K [0x0000000780000000, 0x0000000785200000, 0x00000007aab00000)
  object space 83968K, 67% used [0x0000000780000000,0x000000078372dee8,0x0000000785200000)
 Metaspace       used 22075K, capacity 22351K, committed 22528K, reserved 1069056K
  class space    used 2137K, capacity 2236K, committed 2304K, reserved 1048576K
Event: 35.794 GC heap after
Heap after GC invocations=46 (full 2):
 PSYoungGen      total 325632K, used 12224K [0x00000007aab00000, 0x00000007bfe80000, 0x00000007c0000000)
  eden space 304640K, 0% used [0x00000007aab00000,0x00000007aab00000,0x00000007bd480000)
  from space 20992K, 58% used [0x00000007bea00000,0x00000007bf5f02f0,0x00000007bfe80000)
  to   space 21504K, 0% used [0x00000007bd480000,0x00000007bd480000,0x00000007be980000)
 ParOldGen       total 83968K, used 56503K [0x0000000780000000, 0x0000000785200000, 0x00000007aab00000)
  object space 83968K, 67% used [0x0000000780000000,0x000000078372dee8,0x0000000785200000)
 Metaspace       used 22075K, capacity 22351K, committed 22528K, reserved 1069056K
  class space    used 2137K, capacity 2236K, committed 2304K, reserved 1048576K
}
Event: 36.759 GC heap before
{Heap before GC invocations=47 (full 2):
 PSYoungGen      total 325632K, used 316864K [0x00000007aab00000, 0x00000007bfe80000, 0x00000007c0000000)
  eden space 304640K, 100% used [0x00000007aab00000,0x00000007bd480000,0x00000007bd480000)
  from space 20992K, 58% used [0x00000007bea00000,0x00000007bf5f02f0,0x00000007bfe80000)
  to   space 21504K, 0% used [0x00000007bd480000,0x00000007bd480000,0x00000007be980000)
 ParOldGen       total 83968K, used 56503K [0x0000000780000000, 0x0000000785200000, 0x00000007aab00000)
  object space 83968K, 67% used [0x0000000780000000,0x000000078372dee8,0x0000000785200000)
 Metaspace       used 22075K, capacity 22351K, committed 22528K, reserved 1069056K
  class space    used 2137K, capacity 2236K, committed 2304K, reserved 1048576K
Event: 36.762 GC heap after
Heap after GC invocations=47 (full 2):
 PSYoungGen      total 326144K, used 12160K [0x00000007aab00000, 0x00000007bff80000, 0x00000007c0000000)
  eden space 304640K, 0% used [0x00000007aab00000,0x00000007aab00000,0x00000007bd480000)
  from space 21504K, 56% used [0x00000007bd480000,0x00000007be0602f0,0x00000007be980000)
  to   space 20992K, 0% used [0x00000007beb00000,0x00000007beb00000,0x00000007bff80000)
 ParOldGen       total 83968K, used 56503K [0x0000000780000000, 0x0000000785200000, 0x00000007aab00000)
  object space 83968K, 67% used [0x0000000780000000,0x000000078372dee8,0x0000000785200000)
 Metaspace       used 22075K, capacity 22351K, committed 22528K, reserved 1069056K
  class space    used 2137K, capacity 2236K, committed 2304K, reserved 1048576K
}
Event: 37.780 GC heap before
{Heap before GC invocations=48 (full 2):
 PSYoungGen      total 326144K, used 316800K [0x00000007aab00000, 0x00000007bff80000, 0x00000007c0000000)
  eden space 304640K, 100% used [0x00000007aab00000,0x00000007bd480000,0x00000007bd480000)
  from space 21504K, 56% used [0x00000007bd480000,0x00000007be0602f0,0x00000007be980000)
  to   space 20992K, 0% used [0x00000007beb00000,0x00000007beb00000,0x00000007bff80000)
 ParOldGen       total 83968K, used 56503K [0x0000000780000000, 0x0000000785200000, 0x00000007aab00000)
  object space 83968K, 67% used [0x0000000780000000,0x000000078372dee8,0x0000000785200000)
 Metaspace       used 22075K, capacity 22351K, committed 22528K, reserved 1069056K
  class space    used 2137K, capacity 2236K, committed 2304K, reserved 1048576K
Event: 37.788 GC heap after
Heap after GC invocations=48 (full 2):
 PSYoungGen      total 325632K, used 10944K [0x00000007aab00000, 0x00000007bfd80000, 0x00000007c0000000)
  eden space 306688K, 0% used [0x00000007aab00000,0x00000007aab00000,0x00000007bd680000)
  from space 18944K, 57% used [0x00000007beb00000,0x00000007bf5b02a0,0x00000007bfd80000)
  to   space 19968K, 0% used [0x00000007bd680000,0x00000007bd680000,0x00000007bea00000)
 ParOldGen       total 83968K, used 57807K [0x0000000780000000, 0x0000000785200000, 0x00000007aab00000)
  object space 83968K, 68% used [0x0000000780000000,0x0000000783873f38,0x0000000785200000)
 Metaspace       used 22075K, capacity 22351K, committed 22528K, reserved 1069056K
  class space    used 2137K, capacity 2236K, committed 2304K, reserved 1048576K
}

