# JRE version: Java(TM) SE Runtime Environment (8.0_121-b13) (build 1.8.0_121-b13)
# Java VM: Java HotSpot(TM) 64-Bit Server VM (25.121-b13 mixed mode bsd-amd64 compressed oops)
Heap:
 PSYoungGen      total 60416K, used 40460K [0x00000007aab00000, 0x00000007b0180000, 0x00000007c0000000)
  eden space 48128K, 65% used [0x00000007aab00000,0x00000007ac9a7068,0x00000007ada00000)
  from space 12288K, 73% used [0x00000007ada00000,0x00000007ae2dc250,0x00000007ae600000)
  to   space 12800K, 0% used [0x00000007af500000,0x00000007af500000,0x00000007b0180000)
 ParOldGen       total 45568K, used 17360K [0x0000000780000000, 0x0000000782c80000, 0x00000007aab00000)
  object space 45568K, 38% used [0x0000000780000000,0x00000007810f40a8,0x0000000782c80000)
 Metaspace       used 21891K, capacity 22171K, committed 22528K, reserved 1069056K
  class space    used 2143K, capacity 2236K, committed 2304K, reserved 1048576K
GC Heap History (10 events):
Event: 12.278 GC heap before
{Heap before GC invocations=8 (full 1):
 PSYoungGen      total 32768K, used 27584K [0x00000007aab00000, 0x00000007adb00000, 0x00000007c0000000)
  eden space 26624K, 100% used [0x00000007aab00000,0x00000007ac500000,0x00000007ac500000)
  from space 6144K, 15% used [0x00000007ad500000,0x00000007ad5f0030,0x00000007adb00000)
  to   space 11264K, 0% used [0x00000007ac500000,0x00000007ac500000,0x00000007ad000000)
 ParOldGen       total 45568K, used 15658K [0x0000000780000000, 0x0000000782c80000, 0x00000007aab00000)
  object space 45568K, 34% used [0x0000000780000000,0x0000000780f4ab48,0x0000000782c80000)
 Metaspace       used 21525K, capacity 21787K, committed 22016K, reserved 1069056K
  class space    used 2134K, capacity 2236K, committed 2304K, reserved 1048576K
Event: 12.280 GC heap after
Heap after GC invocations=8 (full 1):
 PSYoungGen      total 37888K, used 1338K [0x00000007aab00000, 0x00000007ae980000, 0x00000007c0000000)
  eden space 26624K, 0% used [0x00000007aab00000,0x00000007aab00000,0x00000007ac500000)
  from space 11264K, 11% used [0x00000007ac500000,0x00000007ac64e968,0x00000007ad000000)
  to   space 11264K, 0% used [0x00000007ade80000,0x00000007ade80000,0x00000007ae980000)
 ParOldGen       total 45568K, used 15666K [0x0000000780000000, 0x0000000782c80000, 0x00000007aab00000)
  object space 45568K, 34% used [0x0000000780000000,0x0000000780f4cb48,0x0000000782c80000)
 Metaspace       used 21525K, capacity 21787K, committed 22016K, reserved 1069056K
  class space    used 2134K, capacity 2236K, committed 2304K, reserved 1048576K
}
Event: 16.743 GC heap before
{Heap before GC invocations=9 (full 1):
 PSYoungGen      total 37888K, used 27962K [0x00000007aab00000, 0x00000007ae980000, 0x00000007c0000000)
  eden space 26624K, 100% used [0x00000007aab00000,0x00000007ac500000,0x00000007ac500000)
  from space 11264K, 11% used [0x00000007ac500000,0x00000007ac64e968,0x00000007ad000000)
  to   space 11264K, 0% used [0x00000007ade80000,0x00000007ade80000,0x00000007ae980000)
 ParOldGen       total 45568K, used 15666K [0x0000000780000000, 0x0000000782c80000, 0x00000007aab00000)
  object space 45568K, 34% used [0x0000000780000000,0x0000000780f4cb48,0x0000000782c80000)
 Metaspace       used 21748K, capacity 21979K, committed 22272K, reserved 1069056K
  class space    used 2135K, capacity 2236K, committed 2304K, reserved 1048576K
Event: 16.746 GC heap after
Heap after GC invocations=9 (full 1):
 PSYoungGen      total 49664K, used 1256K [0x00000007aab00000, 0x00000007ae800000, 0x00000007c0000000)
  eden space 39936K, 0% used [0x00000007aab00000,0x00000007aab00000,0x00000007ad200000)
  from space 9728K, 12% used [0x00000007ade80000,0x00000007adfba060,0x00000007ae800000)
  to   space 11264K, 0% used [0x00000007ad200000,0x00000007ad200000,0x00000007add00000)
 ParOldGen       total 45568K, used 15674K [0x0000000780000000, 0x0000000782c80000, 0x00000007aab00000)
  object space 45568K, 34% used [0x0000000780000000,0x0000000780f4eb48,0x0000000782c80000)
 Metaspace       used 21748K, capacity 21979K, committed 22272K, reserved 1069056K
  class space    used 2135K, capacity 2236K, committed 2304K, reserved 1048576K
}
Event: 21.966 GC heap before
{Heap before GC invocations=10 (full 1):
 PSYoungGen      total 49664K, used 41192K [0x00000007aab00000, 0x00000007ae800000, 0x00000007c0000000)
  eden space 39936K, 100% used [0x00000007aab00000,0x00000007ad200000,0x00000007ad200000)
  from space 9728K, 12% used [0x00000007ade80000,0x00000007adfba060,0x00000007ae800000)
  to   space 11264K, 0% used [0x00000007ad200000,0x00000007ad200000,0x00000007add00000)
 ParOldGen       total 45568K, used 15674K [0x0000000780000000, 0x0000000782c80000, 0x00000007aab00000)
  object space 45568K, 34% used [0x0000000780000000,0x0000000780f4eb48,0x0000000782c80000)
 Metaspace       used 21788K, capacity 22043K, committed 22272K, reserved 1069056K
  class space    used 2135K, capacity 2236K, committed 2304K, reserved 1048576K
Event: 21.972 GC heap after
Heap after GC invocations=10 (full 1):
 PSYoungGen      total 51200K, used 4072K [0x00000007aab00000, 0x00000007af000000, 0x00000007c0000000)
  eden space 39936K, 0% used [0x00000007aab00000,0x00000007aab00000,0x00000007ad200000)
  from space 11264K, 36% used [0x00000007ad200000,0x00000007ad5fa140,0x00000007add00000)
  to   space 10240K, 0% used [0x00000007ae600000,0x00000007ae600000,0x00000007af000000)
 ParOldGen       total 45568K, used 15682K [0x0000000780000000, 0x0000000782c80000, 0x00000007aab00000)
  object space 45568K, 34% used [0x0000000780000000,0x0000000780f50b48,0x0000000782c80000)
 Metaspace       used 21788K, capacity 22043K, committed 22272K, reserved 1069056K
  class space    used 2135K, capacity 2236K, committed 2304K, reserved 1048576K
}
Event: 23.012 GC heap before
{Heap before GC invocations=11 (full 1):
 PSYoungGen      total 51200K, used 44008K [0x00000007aab00000, 0x00000007af000000, 0x00000007c0000000)
  eden space 39936K, 100% used [0x00000007aab00000,0x00000007ad200000,0x00000007ad200000)
  from space 11264K, 36% used [0x00000007ad200000,0x00000007ad5fa140,0x00000007add00000)
  to   space 10240K, 0% used [0x00000007ae600000,0x00000007ae600000,0x00000007af000000)
 ParOldGen       total 45568K, used 15682K [0x0000000780000000, 0x0000000782c80000, 0x00000007aab00000)
  object space 45568K, 34% used [0x0000000780000000,0x0000000780f50b48,0x0000000782c80000)
 Metaspace       used 21821K, capacity 22043K, committed 22272K, reserved 1069056K
  class space    used 2135K, capacity 2236K, committed 2304K, reserved 1048576K
Event: 23.033 GC heap after
Heap after GC invocations=11 (full 1):
 PSYoungGen      total 58368K, used 10232K [0x00000007aab00000, 0x00000007af780000, 0x00000007c0000000)
  eden space 48128K, 0% used [0x00000007aab00000,0x00000007aab00000,0x00000007ada00000)
  from space 10240K, 99% used [0x00000007ae600000,0x00000007aeffe2b0,0x00000007af000000)
  to   space 12288K, 0% used [0x00000007ada00000,0x00000007ada00000,0x00000007ae600000)
 ParOldGen       total 45568K, used 16210K [0x0000000780000000, 0x0000000782c80000, 0x00000007aab00000)
  object space 45568K, 35% used [0x0000000780000000,0x0000000780fd4b68,0x0000000782c80000)
 Metaspace       used 21821K, capacity 22043K, committed 22272K, reserved 1069056K
  class space    used 2135K, capacity 2236K, committed 2304K, reserved 1048576K
}
Event: 29.247 GC heap before
{Heap before GC invocations=12 (full 1):
 PSYoungGen      total 58368K, used 58360K [0x00000007aab00000, 0x00000007af780000, 0x00000007c0000000)
  eden space 48128K, 100% used [0x00000007aab00000,0x00000007ada00000,0x00000007ada00000)
  from space 10240K, 99% used [0x00000007ae600000,0x00000007aeffe2b0,0x00000007af000000)
  to   space 12288K, 0% used [0x00000007ada00000,0x00000007ada00000,0x00000007ae600000)
 ParOldGen       total 45568K, used 16210K [0x0000000780000000, 0x0000000782c80000, 0x00000007aab00000)
  object space 45568K, 35% used [0x0000000780000000,0x0000000780fd4b68,0x0000000782c80000)
 Metaspace       used 21843K, capacity 22107K, committed 22272K, reserved 1069056K
  class space    used 2135K, capacity 2236K, committed 2304K, reserved 1048576K
Event: 29.256 GC heap after
Heap after GC invocations=12 (full 1):
 PSYoungGen      total 60416K, used 9072K [0x00000007aab00000, 0x00000007b0180000, 0x00000007c0000000)
  eden space 48128K, 0% used [0x00000007aab00000,0x00000007aab00000,0x00000007ada00000)
  from space 12288K, 73% used [0x00000007ada00000,0x00000007ae2dc250,0x00000007ae600000)
  to   space 12800K, 0% used [0x00000007af500000,0x00000007af500000,0x00000007b0180000)
 ParOldGen       total 45568K, used 17360K [0x0000000780000000, 0x0000000782c80000, 0x00000007aab00000)
  object space 45568K, 38% used [0x0000000780000000,0x00000007810f40a8,0x0000000782c80000)
 Metaspace       used 21843K, capacity 22107K, committed 22272K, reserved 1069056K
  class space    used 2135K, capacity 2236K, committed 2304K, reserved 1048576K
}

