# JRE version: Java(TM) SE Runtime Environment (8.0_121-b13) (build 1.8.0_121-b13)
# Java VM: Java HotSpot(TM) 64-Bit Server VM (25.121-b13 mixed mode bsd-amd64 compressed oops)
Heap:
 PSYoungGen      total 280576K, used 36234K [0x00000007aab00000, 0x00000007bf280000, 0x00000007c0000000)
  eden space 274432K, 11% used [0x00000007aab00000,0x00000007ac8c6ab8,0x00000007bb700000)
  from space 6144K, 93% used [0x00000007be680000,0x00000007bec1c010,0x00000007bec80000)
  to   space 6144K, 0% used [0x00000007bec80000,0x00000007bec80000,0x00000007bf280000)
 ParOldGen       total 36352K, used 22080K [0x0000000780000000, 0x0000000782380000, 0x00000007aab00000)
  object space 36352K, 60% used [0x0000000780000000,0x00000007815901b0,0x0000000782380000)
 Metaspace       used 25401K, capacity 25701K, committed 25984K, reserved 1073152K
  class space    used 2478K, capacity 2575K, committed 2688K, reserved 1048576K
GC Heap History (10 events):
Event: 96.678 GC heap before
{Heap before GC invocations=30 (full 1):
 PSYoungGen      total 339968K, used 337168K [0x00000007aab00000, 0x00000007c0000000, 0x00000007c0000000)
  eden space 330752K, 100% used [0x00000007aab00000,0x00000007bee00000,0x00000007bee00000)
  from space 9216K, 69% used [0x00000007bf700000,0x00000007bfd44020,0x00000007c0000000)
  to   space 9216K, 0% used [0x00000007bee00000,0x00000007bee00000,0x00000007bf700000)
 ParOldGen       total 36352K, used 21686K [0x0000000780000000, 0x0000000782380000, 0x00000007aab00000)
  object space 36352K, 59% used [0x0000000780000000,0x000000078152d8c0,0x0000000782380000)
 Metaspace       used 25337K, capacity 25637K, committed 25984K, reserved 1073152K
  class space    used 2470K, capacity 2575K, committed 2688K, reserved 1048576K
Event: 96.693 GC heap after
Heap after GC invocations=30 (full 1):
 PSYoungGen      total 339968K, used 6272K [0x00000007aab00000, 0x00000007c0000000, 0x00000007c0000000)
  eden space 330752K, 0% used [0x00000007aab00000,0x00000007aab00000,0x00000007bee00000)
  from space 9216K, 68% used [0x00000007bee00000,0x00000007bf420030,0x00000007bf700000)
  to   space 9216K, 0% used [0x00000007bf700000,0x00000007bf700000,0x00000007c0000000)
 ParOldGen       total 36352K, used 21710K [0x0000000780000000, 0x0000000782380000, 0x00000007aab00000)
  object space 36352K, 59% used [0x0000000780000000,0x00000007815338c0,0x0000000782380000)
 Metaspace       used 25337K, capacity 25637K, committed 25984K, reserved 1073152K
  class space    used 2470K, capacity 2575K, committed 2688K, reserved 1048576K
}
Event: 103.753 GC heap before
{Heap before GC invocations=31 (full 1):
 PSYoungGen      total 339968K, used 337024K [0x00000007aab00000, 0x00000007c0000000, 0x00000007c0000000)
  eden space 330752K, 100% used [0x00000007aab00000,0x00000007bee00000,0x00000007bee00000)
  from space 9216K, 68% used [0x00000007bee00000,0x00000007bf420030,0x00000007bf700000)
  to   space 9216K, 0% used [0x00000007bf700000,0x00000007bf700000,0x00000007c0000000)
 ParOldGen       total 36352K, used 21710K [0x0000000780000000, 0x0000000782380000, 0x00000007aab00000)
  object space 36352K, 59% used [0x0000000780000000,0x00000007815338c0,0x0000000782380000)
 Metaspace       used 25344K, capacity 25637K, committed 25984K, reserved 1073152K
  class space    used 2471K, capacity 2575K, committed 2688K, reserved 1048576K
Event: 103.768 GC heap after
Heap after GC invocations=31 (full 1):
 PSYoungGen      total 322048K, used 6192K [0x00000007aab00000, 0x00000007bfd80000, 0x00000007c0000000)
  eden space 315392K, 0% used [0x00000007aab00000,0x00000007aab00000,0x00000007bdf00000)
  from space 6656K, 93% used [0x00000007bf700000,0x00000007bfd0c020,0x00000007bfd80000)
  to   space 9216K, 0% used [0x00000007beb80000,0x00000007beb80000,0x00000007bf480000)
 ParOldGen       total 36352K, used 21824K [0x0000000780000000, 0x0000000782380000, 0x00000007aab00000)
  object space 36352K, 60% used [0x0000000780000000,0x0000000781550190,0x0000000782380000)
 Metaspace       used 25344K, capacity 25637K, committed 25984K, reserved 1073152K
  class space    used 2471K, capacity 2575K, committed 2688K, reserved 1048576K
}
Event: 109.775 GC heap before
{Heap before GC invocations=32 (full 1):
 PSYoungGen      total 322048K, used 321584K [0x00000007aab00000, 0x00000007bfd80000, 0x00000007c0000000)
  eden space 315392K, 100% used [0x00000007aab00000,0x00000007bdf00000,0x00000007bdf00000)
  from space 6656K, 93% used [0x00000007bf700000,0x00000007bfd0c020,0x00000007bfd80000)
  to   space 9216K, 0% used [0x00000007beb80000,0x00000007beb80000,0x00000007bf480000)
 ParOldGen       total 36352K, used 21824K [0x0000000780000000, 0x0000000782380000, 0x00000007aab00000)
  object space 36352K, 60% used [0x0000000780000000,0x0000000781550190,0x0000000782380000)
 Metaspace       used 25359K, capacity 25637K, committed 25984K, reserved 1073152K
  class space    used 2471K, capacity 2575K, committed 2688K, reserved 1048576K
Event: 109.790 GC heap after
Heap after GC invocations=32 (full 1):
 PSYoungGen      total 307712K, used 6352K [0x00000007aab00000, 0x00000007bf780000, 0x00000007c0000000)
  eden space 301056K, 0% used [0x00000007aab00000,0x00000007aab00000,0x00000007bd100000)
  from space 6656K, 95% used [0x00000007beb80000,0x00000007bf1b4020,0x00000007bf200000)
  to   space 5632K, 0% used [0x00000007bf200000,0x00000007bf200000,0x00000007bf780000)
 ParOldGen       total 36352K, used 21832K [0x0000000780000000, 0x0000000782380000, 0x00000007aab00000)
  object space 36352K, 60% used [0x0000000780000000,0x0000000781552190,0x0000000782380000)
 Metaspace       used 25359K, capacity 25637K, committed 25984K, reserved 1073152K
  class space    used 2471K, capacity 2575K, committed 2688K, reserved 1048576K
}
Event: 116.613 GC heap before
{Heap before GC invocations=33 (full 1):
 PSYoungGen      total 307712K, used 307408K [0x00000007aab00000, 0x00000007bf780000, 0x00000007c0000000)
  eden space 301056K, 100% used [0x00000007aab00000,0x00000007bd100000,0x00000007bd100000)
  from space 6656K, 95% used [0x00000007beb80000,0x00000007bf1b4020,0x00000007bf200000)
  to   space 5632K, 0% used [0x00000007bf200000,0x00000007bf200000,0x00000007bf780000)
 ParOldGen       total 36352K, used 21832K [0x0000000780000000, 0x0000000782380000, 0x00000007aab00000)
  object space 36352K, 60% used [0x0000000780000000,0x0000000781552190,0x0000000782380000)
 Metaspace       used 25366K, capacity 25637K, committed 25984K, reserved 1073152K
  class space    used 2471K, capacity 2575K, committed 2688K, reserved 1048576K
Event: 116.632 GC heap after
Heap after GC invocations=33 (full 1):
 PSYoungGen      total 292864K, used 5616K [0x00000007aab00000, 0x00000007bf780000, 0x00000007c0000000)
  eden space 287232K, 0% used [0x00000007aab00000,0x00000007aab00000,0x00000007bc380000)
  from space 5632K, 99% used [0x00000007bf200000,0x00000007bf77c010,0x00000007bf780000)
  to   space 8704K, 0% used [0x00000007be680000,0x00000007be680000,0x00000007bef00000)
 ParOldGen       total 36352K, used 22072K [0x0000000780000000, 0x0000000782380000, 0x00000007aab00000)
  object space 36352K, 60% used [0x0000000780000000,0x000000078158e1b0,0x0000000782380000)
 Metaspace       used 25366K, capacity 25637K, committed 25984K, reserved 1073152K
  class space    used 2471K, capacity 2575K, committed 2688K, reserved 1048576K
}
Event: 121.924 GC heap before
{Heap before GC invocations=34 (full 1):
 PSYoungGen      total 292864K, used 292848K [0x00000007aab00000, 0x00000007bf780000, 0x00000007c0000000)
  eden space 287232K, 100% used [0x00000007aab00000,0x00000007bc380000,0x00000007bc380000)
  from space 5632K, 99% used [0x00000007bf200000,0x00000007bf77c010,0x00000007bf780000)
  to   space 8704K, 0% used [0x00000007be680000,0x00000007be680000,0x00000007bef00000)
 ParOldGen       total 36352K, used 22072K [0x0000000780000000, 0x0000000782380000, 0x00000007aab00000)
  object space 36352K, 60% used [0x0000000780000000,0x000000078158e1b0,0x0000000782380000)
 Metaspace       used 25367K, capacity 25637K, committed 25984K, reserved 1073152K
  class space    used 2471K, capacity 2575K, committed 2688K, reserved 1048576K
Event: 121.938 GC heap after
Heap after GC invocations=34 (full 1):
 PSYoungGen      total 280576K, used 5744K [0x00000007aab00000, 0x00000007bf280000, 0x00000007c0000000)
  eden space 274432K, 0% used [0x00000007aab00000,0x00000007aab00000,0x00000007bb700000)
  from space 6144K, 93% used [0x00000007be680000,0x00000007bec1c010,0x00000007bec80000)
  to   space 6144K, 0% used [0x00000007bec80000,0x00000007bec80000,0x00000007bf280000)
 ParOldGen       total 36352K, used 22080K [0x0000000780000000, 0x0000000782380000, 0x00000007aab00000)
  object space 36352K, 60% used [0x0000000780000000,0x00000007815901b0,0x0000000782380000)
 Metaspace       used 25367K, capacity 25637K, committed 25984K, reserved 1073152K
  class space    used 2471K, capacity 2575K, committed 2688K, reserved 1048576K
}

