# JRE version: Java(TM) SE Runtime Environment (8.0_121-b13) (build 1.8.0_121-b13)
# Java VM: Java HotSpot(TM) 64-Bit Server VM (25.121-b13 mixed mode bsd-amd64 compressed oops)
Heap:
 PSYoungGen      total 56832K, used 23838K [0x00000007aab00000, 0x00000007af700000, 0x00000007c0000000)
  eden space 46592K, 34% used [0x00000007aab00000,0x00000007abad0af0,0x00000007ad880000)
  from space 10240K, 74% used [0x00000007ad880000,0x00000007adff6d80,0x00000007ae280000)
  to   space 10240K, 0% used [0x00000007aed00000,0x00000007aed00000,0x00000007af700000)
 ParOldGen       total 37888K, used 14260K [0x0000000780000000, 0x0000000782500000, 0x00000007aab00000)
  object space 37888K, 37% used [0x0000000780000000,0x0000000780ded128,0x0000000782500000)
 Metaspace       used 24658K, capacity 24905K, committed 25088K, reserved 1071104K
  class space    used 2460K, capacity 2543K, committed 2560K, reserved 1048576K
GC Heap History (10 events):
Event: 9.228 GC heap before
{Heap before GC invocations=8 (full 1):
 PSYoungGen      total 33792K, used 31403K [0x00000007aab00000, 0x00000007ad580000, 0x00000007c0000000)
  eden space 24576K, 100% used [0x00000007aab00000,0x00000007ac300000,0x00000007ac300000)
  from space 9216K, 74% used [0x00000007acc00000,0x00000007ad2aad50,0x00000007ad500000)
  to   space 9216K, 0% used [0x00000007ac300000,0x00000007ac300000,0x00000007acc00000)
 ParOldGen       total 37888K, used 14236K [0x0000000780000000, 0x0000000782500000, 0x00000007aab00000)
  object space 37888K, 37% used [0x0000000780000000,0x0000000780de7128,0x0000000782500000)
 Metaspace       used 24244K, capacity 24521K, committed 24832K, reserved 1071104K
  class space    used 2452K, capacity 2543K, committed 2560K, reserved 1048576K
Event: 9.246 GC heap after
Heap after GC invocations=8 (full 1):
 PSYoungGen      total 33792K, used 7803K [0x00000007aab00000, 0x00000007ae280000, 0x00000007c0000000)
  eden space 24576K, 0% used [0x00000007aab00000,0x00000007aab00000,0x00000007ac300000)
  from space 9216K, 84% used [0x00000007ac300000,0x00000007aca9ed80,0x00000007acc00000)
  to   space 9728K, 0% used [0x00000007ad900000,0x00000007ad900000,0x00000007ae280000)
 ParOldGen       total 37888K, used 14244K [0x0000000780000000, 0x0000000782500000, 0x00000007aab00000)
  object space 37888K, 37% used [0x0000000780000000,0x0000000780de9128,0x0000000782500000)
 Metaspace       used 24244K, capacity 24521K, committed 24832K, reserved 1071104K
  class space    used 2452K, capacity 2543K, committed 2560K, reserved 1048576K
}
Event: 12.220 GC heap before
{Heap before GC invocations=9 (full 1):
 PSYoungGen      total 33792K, used 32379K [0x00000007aab00000, 0x00000007ae280000, 0x00000007c0000000)
  eden space 24576K, 100% used [0x00000007aab00000,0x00000007ac300000,0x00000007ac300000)
  from space 9216K, 84% used [0x00000007ac300000,0x00000007aca9ed80,0x00000007acc00000)
  to   space 9728K, 0% used [0x00000007ad900000,0x00000007ad900000,0x00000007ae280000)
 ParOldGen       total 37888K, used 14244K [0x0000000780000000, 0x0000000782500000, 0x00000007aab00000)
  object space 37888K, 37% used [0x0000000780000000,0x0000000780de9128,0x0000000782500000)
 Metaspace       used 24473K, capacity 24713K, committed 24832K, reserved 1071104K
  class space    used 2452K, capacity 2543K, committed 2560K, reserved 1048576K
Event: 12.243 GC heap after
Heap after GC invocations=9 (full 1):
 PSYoungGen      total 46592K, used 7771K [0x00000007aab00000, 0x00000007ae300000, 0x00000007c0000000)
  eden space 36864K, 0% used [0x00000007aab00000,0x00000007aab00000,0x00000007acf00000)
  from space 9728K, 79% used [0x00000007ad900000,0x00000007ae096fc0,0x00000007ae280000)
  to   space 10240K, 0% used [0x00000007acf00000,0x00000007acf00000,0x00000007ad900000)
 ParOldGen       total 37888K, used 14252K [0x0000000780000000, 0x0000000782500000, 0x00000007aab00000)
  object space 37888K, 37% used [0x0000000780000000,0x0000000780deb128,0x0000000782500000)
 Metaspace       used 24473K, capacity 24713K, committed 24832K, reserved 1071104K
  class space    used 2452K, capacity 2543K, committed 2560K, reserved 1048576K
}
Event: 16.662 GC heap before
{Heap before GC invocations=10 (full 1):
 PSYoungGen      total 46592K, used 44635K [0x00000007aab00000, 0x00000007ae300000, 0x00000007c0000000)
  eden space 36864K, 100% used [0x00000007aab00000,0x00000007acf00000,0x00000007acf00000)
  from space 9728K, 79% used [0x00000007ad900000,0x00000007ae096fc0,0x00000007ae280000)
  to   space 10240K, 0% used [0x00000007acf00000,0x00000007acf00000,0x00000007ad900000)
 ParOldGen       total 37888K, used 14252K [0x0000000780000000, 0x0000000782500000, 0x00000007aab00000)
  object space 37888K, 37% used [0x0000000780000000,0x0000000780deb128,0x0000000782500000)
 Metaspace       used 24594K, capacity 24905K, committed 25088K, reserved 1071104K
  class space    used 2452K, capacity 2543K, committed 2560K, reserved 1048576K
Event: 16.677 GC heap after
Heap after GC invocations=10 (full 1):
 PSYoungGen      total 47104K, used 7755K [0x00000007aab00000, 0x00000007aed00000, 0x00000007c0000000)
  eden space 36864K, 0% used [0x00000007aab00000,0x00000007aab00000,0x00000007acf00000)
  from space 10240K, 75% used [0x00000007acf00000,0x00000007ad692fd0,0x00000007ad900000)
  to   space 10240K, 0% used [0x00000007ae300000,0x00000007ae300000,0x00000007aed00000)
 ParOldGen       total 37888K, used 14260K [0x0000000780000000, 0x0000000782500000, 0x00000007aab00000)
  object space 37888K, 37% used [0x0000000780000000,0x0000000780ded128,0x0000000782500000)
 Metaspace       used 24594K, capacity 24905K, committed 25088K, reserved 1071104K
  class space    used 2452K, capacity 2543K, committed 2560K, reserved 1048576K
}
Event: 20.965 GC heap before
{Heap before GC invocations=11 (full 1):
 PSYoungGen      total 47104K, used 44619K [0x00000007aab00000, 0x00000007aed00000, 0x00000007c0000000)
  eden space 36864K, 100% used [0x00000007aab00000,0x00000007acf00000,0x00000007acf00000)
  from space 10240K, 75% used [0x00000007acf00000,0x00000007ad692fd0,0x00000007ad900000)
  to   space 10240K, 0% used [0x00000007ae300000,0x00000007ae300000,0x00000007aed00000)
 ParOldGen       total 37888K, used 14260K [0x0000000780000000, 0x0000000782500000, 0x00000007aab00000)
  object space 37888K, 37% used [0x0000000780000000,0x0000000780ded128,0x0000000782500000)
 Metaspace       used 24600K, capacity 24905K, committed 25088K, reserved 1071104K
  class space    used 2452K, capacity 2543K, committed 2560K, reserved 1048576K
Event: 20.990 GC heap after
Heap after GC invocations=11 (full 1):
 PSYoungGen      total 56320K, used 7627K [0x00000007aab00000, 0x00000007aec80000, 0x00000007c0000000)
  eden space 46592K, 0% used [0x00000007aab00000,0x00000007aab00000,0x00000007ad880000)
  from space 9728K, 78% used [0x00000007ae300000,0x00000007aea72fb0,0x00000007aec80000)
  to   space 10240K, 0% used [0x00000007ad880000,0x00000007ad880000,0x00000007ae280000)
 ParOldGen       total 37888K, used 14260K [0x0000000780000000, 0x0000000782500000, 0x00000007aab00000)
  object space 37888K, 37% used [0x0000000780000000,0x0000000780ded128,0x0000000782500000)
 Metaspace       used 24600K, capacity 24905K, committed 25088K, reserved 1071104K
  class space    used 2452K, capacity 2543K, committed 2560K, reserved 1048576K
}
Event: 26.496 GC heap before
{Heap before GC invocations=12 (full 1):
 PSYoungGen      total 56320K, used 54219K [0x00000007aab00000, 0x00000007aec80000, 0x00000007c0000000)
  eden space 46592K, 100% used [0x00000007aab00000,0x00000007ad880000,0x00000007ad880000)
  from space 9728K, 78% used [0x00000007ae300000,0x00000007aea72fb0,0x00000007aec80000)
  to   space 10240K, 0% used [0x00000007ad880000,0x00000007ad880000,0x00000007ae280000)
 ParOldGen       total 37888K, used 14260K [0x0000000780000000, 0x0000000782500000, 0x00000007aab00000)
  object space 37888K, 37% used [0x0000000780000000,0x0000000780ded128,0x0000000782500000)
 Metaspace       used 24622K, capacity 24905K, committed 25088K, reserved 1071104K
  class space    used 2452K, capacity 2543K, committed 2560K, reserved 1048576K
Event: 26.502 GC heap after
Heap after GC invocations=12 (full 1):
 PSYoungGen      total 56832K, used 7643K [0x00000007aab00000, 0x00000007af700000, 0x00000007c0000000)
  eden space 46592K, 0% used [0x00000007aab00000,0x00000007aab00000,0x00000007ad880000)
  from space 10240K, 74% used [0x00000007ad880000,0x00000007adff6d80,0x00000007ae280000)
  to   space 10240K, 0% used [0x00000007aed00000,0x00000007aed00000,0x00000007af700000)
 ParOldGen       total 37888K, used 14260K [0x0000000780000000, 0x0000000782500000, 0x00000007aab00000)
  object space 37888K, 37% used [0x0000000780000000,0x0000000780ded128,0x0000000782500000)
 Metaspace       used 24622K, capacity 24905K, committed 25088K, reserved 1071104K
  class space    used 2452K, capacity 2543K, committed 2560K, reserved 1048576K
}

