# JRE version: Java(TM) SE Runtime Environment (8.0_121-b13) (build 1.8.0_121-b13)
# Java VM: Java HotSpot(TM) 64-Bit Server VM (25.121-b13 mixed mode bsd-amd64 compressed oops)
Heap:
 PSYoungGen      total 159744K, used 120028K [0x00000007aab00000, 0x00000007b5e80000, 0x00000007c0000000)
  eden space 139776K, 84% used [0x00000007aab00000,0x00000007b1e43188,0x00000007b3380000)
  from space 19968K, 10% used [0x00000007b4b00000,0x00000007b4cf4010,0x00000007b5e80000)
  to   space 22016K, 0% used [0x00000007b3380000,0x00000007b3380000,0x00000007b4900000)
 ParOldGen       total 73728K, used 25951K [0x0000000780000000, 0x0000000784800000, 0x00000007aab00000)
  object space 73728K, 35% used [0x0000000780000000,0x0000000781957e30,0x0000000784800000)
 Metaspace       used 21723K, capacity 21967K, committed 22272K, reserved 1069056K
  class space    used 2135K, capacity 2236K, committed 2304K, reserved 1048576K
GC Heap History (10 events):
Event: 21.123 GC heap before
{Heap before GC invocations=18 (full 2):
 PSYoungGen      total 126976K, used 101120K [0x00000007aab00000, 0x00000007b5680000, 0x00000007c0000000)
  eden space 99840K, 100% used [0x00000007aab00000,0x00000007b0c80000,0x00000007b0c80000)
  from space 27136K, 4% used [0x00000007b0c80000,0x00000007b0dc0000,0x00000007b2700000)
  to   space 26624K, 0% used [0x00000007b3c80000,0x00000007b3c80000,0x00000007b5680000)
 ParOldGen       total 73728K, used 25927K [0x0000000780000000, 0x0000000784800000, 0x00000007aab00000)
  object space 73728K, 35% used [0x0000000780000000,0x0000000781951e30,0x0000000784800000)
 Metaspace       used 21600K, capacity 21807K, committed 22016K, reserved 1069056K
  class space    used 2127K, capacity 2204K, committed 2304K, reserved 1048576K
Event: 21.126 GC heap after
Heap after GC invocations=18 (full 2):
 PSYoungGen      total 140800K, used 1136K [0x00000007aab00000, 0x00000007b5200000, 0x00000007c0000000)
  eden space 118784K, 0% used [0x00000007aab00000,0x00000007aab00000,0x00000007b1f00000)
  from space 22016K, 5% used [0x00000007b3c80000,0x00000007b3d9c010,0x00000007b5200000)
  to   space 26112K, 0% used [0x00000007b1f00000,0x00000007b1f00000,0x00000007b3880000)
 ParOldGen       total 73728K, used 25935K [0x0000000780000000, 0x0000000784800000, 0x00000007aab00000)
  object space 73728K, 35% used [0x0000000780000000,0x0000000781953e30,0x0000000784800000)
 Metaspace       used 21600K, capacity 21807K, committed 22016K, reserved 1069056K
  class space    used 2127K, capacity 2204K, committed 2304K, reserved 1048576K
}
Event: 23.440 GC heap before
{Heap before GC invocations=19 (full 2):
 PSYoungGen      total 140800K, used 119920K [0x00000007aab00000, 0x00000007b5200000, 0x00000007c0000000)
  eden space 118784K, 100% used [0x00000007aab00000,0x00000007b1f00000,0x00000007b1f00000)
  from space 22016K, 5% used [0x00000007b3c80000,0x00000007b3d9c010,0x00000007b5200000)
  to   space 26112K, 0% used [0x00000007b1f00000,0x00000007b1f00000,0x00000007b3880000)
 ParOldGen       total 73728K, used 25935K [0x0000000780000000, 0x0000000784800000, 0x00000007aab00000)
  object space 73728K, 35% used [0x0000000780000000,0x0000000781953e30,0x0000000784800000)
 Metaspace       used 21611K, capacity 21807K, committed 22016K, reserved 1069056K
  class space    used 2127K, capacity 2204K, committed 2304K, reserved 1048576K
Event: 23.444 GC heap after
Heap after GC invocations=19 (full 2):
 PSYoungGen      total 144896K, used 1472K [0x00000007aab00000, 0x00000007b5d00000, 0x00000007c0000000)
  eden space 118784K, 0% used [0x00000007aab00000,0x00000007aab00000,0x00000007b1f00000)
  from space 26112K, 5% used [0x00000007b1f00000,0x00000007b2070000,0x00000007b3880000)
  to   space 25088K, 0% used [0x00000007b4480000,0x00000007b4480000,0x00000007b5d00000)
 ParOldGen       total 73728K, used 25943K [0x0000000780000000, 0x0000000784800000, 0x00000007aab00000)
  object space 73728K, 35% used [0x0000000780000000,0x0000000781955e30,0x0000000784800000)
 Metaspace       used 21611K, capacity 21807K, committed 22016K, reserved 1069056K
  class space    used 2127K, capacity 2204K, committed 2304K, reserved 1048576K
}
Event: 25.832 GC heap before
{Heap before GC invocations=20 (full 2):
 PSYoungGen      total 144896K, used 120256K [0x00000007aab00000, 0x00000007b5d00000, 0x00000007c0000000)
  eden space 118784K, 100% used [0x00000007aab00000,0x00000007b1f00000,0x00000007b1f00000)
  from space 26112K, 5% used [0x00000007b1f00000,0x00000007b2070000,0x00000007b3880000)
  to   space 25088K, 0% used [0x00000007b4480000,0x00000007b4480000,0x00000007b5d00000)
 ParOldGen       total 73728K, used 25943K [0x0000000780000000, 0x0000000784800000, 0x00000007aab00000)
  object space 73728K, 35% used [0x0000000780000000,0x0000000781955e30,0x0000000784800000)
 Metaspace       used 21618K, capacity 21807K, committed 22016K, reserved 1069056K
  class space    used 2127K, capacity 2204K, committed 2304K, reserved 1048576K
Event: 25.836 GC heap after
Heap after GC invocations=20 (full 2):
 PSYoungGen      total 151040K, used 1648K [0x00000007aab00000, 0x00000007b5900000, 0x00000007c0000000)
  eden space 130048K, 0% used [0x00000007aab00000,0x00000007aab00000,0x00000007b2a00000)
  from space 20992K, 7% used [0x00000007b4480000,0x00000007b461c010,0x00000007b5900000)
  to   space 24064K, 0% used [0x00000007b2a00000,0x00000007b2a00000,0x00000007b4180000)
 ParOldGen       total 73728K, used 25943K [0x0000000780000000, 0x0000000784800000, 0x00000007aab00000)
  object space 73728K, 35% used [0x0000000780000000,0x0000000781955e30,0x0000000784800000)
 Metaspace       used 21618K, capacity 21807K, committed 22016K, reserved 1069056K
  class space    used 2127K, capacity 2204K, committed 2304K, reserved 1048576K
}
Event: 28.295 GC heap before
{Heap before GC invocations=21 (full 2):
 PSYoungGen      total 151040K, used 131696K [0x00000007aab00000, 0x00000007b5900000, 0x00000007c0000000)
  eden space 130048K, 100% used [0x00000007aab00000,0x00000007b2a00000,0x00000007b2a00000)
  from space 20992K, 7% used [0x00000007b4480000,0x00000007b461c010,0x00000007b5900000)
  to   space 24064K, 0% used [0x00000007b2a00000,0x00000007b2a00000,0x00000007b4180000)
 ParOldGen       total 73728K, used 25943K [0x0000000780000000, 0x0000000784800000, 0x00000007aab00000)
  object space 73728K, 35% used [0x0000000780000000,0x0000000781955e30,0x0000000784800000)
 Metaspace       used 21664K, capacity 21935K, committed 22272K, reserved 1069056K
  class space    used 2127K, capacity 2204K, committed 2304K, reserved 1048576K
Event: 28.301 GC heap after
Heap after GC invocations=21 (full 2):
 PSYoungGen      total 154112K, used 1568K [0x00000007aab00000, 0x00000007b6180000, 0x00000007c0000000)
  eden space 130048K, 0% used [0x00000007aab00000,0x00000007aab00000,0x00000007b2a00000)
  from space 24064K, 6% used [0x00000007b2a00000,0x00000007b2b88000,0x00000007b4180000)
  to   space 23040K, 0% used [0x00000007b4b00000,0x00000007b4b00000,0x00000007b6180000)
 ParOldGen       total 73728K, used 25943K [0x0000000780000000, 0x0000000784800000, 0x00000007aab00000)
  object space 73728K, 35% used [0x0000000780000000,0x0000000781955e30,0x0000000784800000)
 Metaspace       used 21664K, capacity 21935K, committed 22272K, reserved 1069056K
  class space    used 2127K, capacity 2204K, committed 2304K, reserved 1048576K
}
Event: 30.789 GC heap before
{Heap before GC invocations=22 (full 2):
 PSYoungGen      total 154112K, used 131616K [0x00000007aab00000, 0x00000007b6180000, 0x00000007c0000000)
  eden space 130048K, 100% used [0x00000007aab00000,0x00000007b2a00000,0x00000007b2a00000)
  from space 24064K, 6% used [0x00000007b2a00000,0x00000007b2b88000,0x00000007b4180000)
  to   space 23040K, 0% used [0x00000007b4b00000,0x00000007b4b00000,0x00000007b6180000)
 ParOldGen       total 73728K, used 25943K [0x0000000780000000, 0x0000000784800000, 0x00000007aab00000)
  object space 73728K, 35% used [0x0000000780000000,0x0000000781955e30,0x0000000784800000)
 Metaspace       used 21684K, capacity 21935K, committed 22272K, reserved 1069056K
  class space    used 2127K, capacity 2204K, committed 2304K, reserved 1048576K
Event: 30.794 GC heap after
Heap after GC invocations=22 (full 2):
 PSYoungGen      total 159744K, used 2000K [0x00000007aab00000, 0x00000007b5e80000, 0x00000007c0000000)
  eden space 139776K, 0% used [0x00000007aab00000,0x00000007aab00000,0x00000007b3380000)
  from space 19968K, 10% used [0x00000007b4b00000,0x00000007b4cf4010,0x00000007b5e80000)
  to   space 22016K, 0% used [0x00000007b3380000,0x00000007b3380000,0x00000007b4900000)
 ParOldGen       total 73728K, used 25951K [0x0000000780000000, 0x0000000784800000, 0x00000007aab00000)
  object space 73728K, 35% used [0x0000000780000000,0x0000000781957e30,0x0000000784800000)
 Metaspace       used 21684K, capacity 21935K, committed 22272K, reserved 1069056K
  class space    used 2127K, capacity 2204K, committed 2304K, reserved 1048576K
}

