# JRE version: Java(TM) SE Runtime Environment (8.0_121-b13) (build 1.8.0_121-b13)
# Java VM: Java HotSpot(TM) 64-Bit Server VM (25.121-b13 mixed mode bsd-amd64 compressed oops)
Heap:
 PSYoungGen      total 101376K, used 59920K [0x00000007aab00000, 0x00000007b3c80000, 0x00000007c0000000)
  eden space 92672K, 64% used [0x00000007aab00000,0x00000007ae5640c8,0x00000007b0580000)
  from space 8704K, 1% used [0x00000007b2b80000,0x00000007b2ba0000,0x00000007b3400000)
  to   space 8192K, 0% used [0x00000007b3480000,0x00000007b3480000,0x00000007b3c80000)
 ParOldGen       total 42496K, used 15984K [0x0000000780000000, 0x0000000782980000, 0x00000007aab00000)
  object space 42496K, 37% used [0x0000000780000000,0x0000000780f9c3a8,0x0000000782980000)
 Metaspace       used 21526K, capacity 21819K, committed 22192K, reserved 1069056K
  class space    used 2113K, capacity 2204K, committed 2304K, reserved 1048576K
GC Heap History (10 events):
Event: 121.760 GC heap before
{Heap before GC invocations=16 (full 1):
 PSYoungGen      total 114176K, used 113728K [0x00000007aab00000, 0x00000007b4e00000, 0x00000007c0000000)
  eden space 113664K, 100% used [0x00000007aab00000,0x00000007b1a00000,0x00000007b1a00000)
  from space 512K, 12% used [0x00000007b4d80000,0x00000007b4d90000,0x00000007b4e00000)
  to   space 10240K, 0% used [0x00000007b3a00000,0x00000007b3a00000,0x00000007b4400000)
 ParOldGen       total 42496K, used 15976K [0x0000000780000000, 0x0000000782980000, 0x00000007aab00000)
  object space 42496K, 37% used [0x0000000780000000,0x0000000780f9a3a8,0x0000000782980000)
 Metaspace       used 21484K, capacity 21723K, committed 21808K, reserved 1069056K
  class space    used 2105K, capacity 2172K, committed 2176K, reserved 1048576K
Event: 121.762 GC heap after
Heap after GC invocations=16 (full 1):
 PSYoungGen      total 119296K, used 128K [0x00000007aab00000, 0x00000007b4e00000, 0x00000007c0000000)
  eden space 109056K, 0% used [0x00000007aab00000,0x00000007aab00000,0x00000007b1580000)
  from space 10240K, 1% used [0x00000007b3a00000,0x00000007b3a20000,0x00000007b4400000)
  to   space 9728K, 0% used [0x00000007b4480000,0x00000007b4480000,0x00000007b4e00000)
 ParOldGen       total 42496K, used 15976K [0x0000000780000000, 0x0000000782980000, 0x00000007aab00000)
  object space 42496K, 37% used [0x0000000780000000,0x0000000780f9a3a8,0x0000000782980000)
 Metaspace       used 21484K, capacity 21723K, committed 21808K, reserved 1069056K
  class space    used 2105K, capacity 2172K, committed 2176K, reserved 1048576K
}
Event: 139.730 GC heap before
{Heap before GC invocations=17 (full 1):
 PSYoungGen      total 119296K, used 109184K [0x00000007aab00000, 0x00000007b4e00000, 0x00000007c0000000)
  eden space 109056K, 100% used [0x00000007aab00000,0x00000007b1580000,0x00000007b1580000)
  from space 10240K, 1% used [0x00000007b3a00000,0x00000007b3a20000,0x00000007b4400000)
  to   space 9728K, 0% used [0x00000007b4480000,0x00000007b4480000,0x00000007b4e00000)
 ParOldGen       total 42496K, used 15976K [0x0000000780000000, 0x0000000782980000, 0x00000007aab00000)
  object space 42496K, 37% used [0x0000000780000000,0x0000000780f9a3a8,0x0000000782980000)
 Metaspace       used 21484K, capacity 21723K, committed 21808K, reserved 1069056K
  class space    used 2105K, capacity 2172K, committed 2176K, reserved 1048576K
Event: 139.732 GC heap after
Heap after GC invocations=17 (full 1):
 PSYoungGen      total 104960K, used 96K [0x00000007aab00000, 0x00000007b4500000, 0x00000007c0000000)
  eden space 104448K, 0% used [0x00000007aab00000,0x00000007aab00000,0x00000007b1100000)
  from space 512K, 18% used [0x00000007b4480000,0x00000007b4498000,0x00000007b4500000)
  to   space 9216K, 0% used [0x00000007b3300000,0x00000007b3300000,0x00000007b3c00000)
 ParOldGen       total 42496K, used 15976K [0x0000000780000000, 0x0000000782980000, 0x00000007aab00000)
  object space 42496K, 37% used [0x0000000780000000,0x0000000780f9a3a8,0x0000000782980000)
 Metaspace       used 21484K, capacity 21723K, committed 21808K, reserved 1069056K
  class space    used 2105K, capacity 2172K, committed 2176K, reserved 1048576K
}
Event: 157.129 GC heap before
{Heap before GC invocations=18 (full 1):
 PSYoungGen      total 104960K, used 104544K [0x00000007aab00000, 0x00000007b4500000, 0x00000007c0000000)
  eden space 104448K, 100% used [0x00000007aab00000,0x00000007b1100000,0x00000007b1100000)
  from space 512K, 18% used [0x00000007b4480000,0x00000007b4498000,0x00000007b4500000)
  to   space 9216K, 0% used [0x00000007b3300000,0x00000007b3300000,0x00000007b3c00000)
 ParOldGen       total 42496K, used 15976K [0x0000000780000000, 0x0000000782980000, 0x00000007aab00000)
  object space 42496K, 37% used [0x0000000780000000,0x0000000780f9a3a8,0x0000000782980000)
 Metaspace       used 21486K, capacity 21723K, committed 21808K, reserved 1069056K
  class space    used 2106K, capacity 2172K, committed 2176K, reserved 1048576K
Event: 157.131 GC heap after
Heap after GC invocations=18 (full 1):
 PSYoungGen      total 109568K, used 128K [0x00000007aab00000, 0x00000007b4500000, 0x00000007c0000000)
  eden space 100352K, 0% used [0x00000007aab00000,0x00000007aab00000,0x00000007b0d00000)
  from space 9216K, 1% used [0x00000007b3300000,0x00000007b3320000,0x00000007b3c00000)
  to   space 9216K, 0% used [0x00000007b3c00000,0x00000007b3c00000,0x00000007b4500000)
 ParOldGen       total 42496K, used 15976K [0x0000000780000000, 0x0000000782980000, 0x00000007aab00000)
  object space 42496K, 37% used [0x0000000780000000,0x0000000780f9a3a8,0x0000000782980000)
 Metaspace       used 21486K, capacity 21723K, committed 21808K, reserved 1069056K
  class space    used 2106K, capacity 2172K, committed 2176K, reserved 1048576K
}
Event: 173.531 GC heap before
{Heap before GC invocations=19 (full 1):
 PSYoungGen      total 109568K, used 100480K [0x00000007aab00000, 0x00000007b4500000, 0x00000007c0000000)
  eden space 100352K, 100% used [0x00000007aab00000,0x00000007b0d00000,0x00000007b0d00000)
  from space 9216K, 1% used [0x00000007b3300000,0x00000007b3320000,0x00000007b3c00000)
  to   space 9216K, 0% used [0x00000007b3c00000,0x00000007b3c00000,0x00000007b4500000)
 ParOldGen       total 42496K, used 15976K [0x0000000780000000, 0x0000000782980000, 0x00000007aab00000)
  object space 42496K, 37% used [0x0000000780000000,0x0000000780f9a3a8,0x0000000782980000)
 Metaspace       used 21497K, capacity 21723K, committed 21808K, reserved 1069056K
  class space    used 2106K, capacity 2172K, committed 2176K, reserved 1048576K
Event: 173.534 GC heap after
Heap after GC invocations=19 (full 1):
 PSYoungGen      total 96768K, used 96K [0x00000007aab00000, 0x00000007b3c80000, 0x00000007c0000000)
  eden space 96256K, 0% used [0x00000007aab00000,0x00000007aab00000,0x00000007b0900000)
  from space 512K, 18% used [0x00000007b3c00000,0x00000007b3c18000,0x00000007b3c80000)
  to   space 8704K, 0% used [0x00000007b2b80000,0x00000007b2b80000,0x00000007b3400000)
 ParOldGen       total 42496K, used 15976K [0x0000000780000000, 0x0000000782980000, 0x00000007aab00000)
  object space 42496K, 37% used [0x0000000780000000,0x0000000780f9a3a8,0x0000000782980000)
 Metaspace       used 21497K, capacity 21723K, committed 21808K, reserved 1069056K
  class space    used 2106K, capacity 2172K, committed 2176K, reserved 1048576K
}
Event: 189.598 GC heap before
{Heap before GC invocations=20 (full 1):
 PSYoungGen      total 96768K, used 96352K [0x00000007aab00000, 0x00000007b3c80000, 0x00000007c0000000)
  eden space 96256K, 100% used [0x00000007aab00000,0x00000007b0900000,0x00000007b0900000)
  from space 512K, 18% used [0x00000007b3c00000,0x00000007b3c18000,0x00000007b3c80000)
  to   space 8704K, 0% used [0x00000007b2b80000,0x00000007b2b80000,0x00000007b3400000)
 ParOldGen       total 42496K, used 15976K [0x0000000780000000, 0x0000000782980000, 0x00000007aab00000)
  object space 42496K, 37% used [0x0000000780000000,0x0000000780f9a3a8,0x0000000782980000)
 Metaspace       used 21497K, capacity 21723K, committed 21808K, reserved 1069056K
  class space    used 2106K, capacity 2172K, committed 2176K, reserved 1048576K
Event: 189.600 GC heap after
Heap after GC invocations=20 (full 1):
 PSYoungGen      total 101376K, used 128K [0x00000007aab00000, 0x00000007b3c80000, 0x00000007c0000000)
  eden space 92672K, 0% used [0x00000007aab00000,0x00000007aab00000,0x00000007b0580000)
  from space 8704K, 1% used [0x00000007b2b80000,0x00000007b2ba0000,0x00000007b3400000)
  to   space 8192K, 0% used [0x00000007b3480000,0x00000007b3480000,0x00000007b3c80000)
 ParOldGen       total 42496K, used 15984K [0x0000000780000000, 0x0000000782980000, 0x00000007aab00000)
  object space 42496K, 37% used [0x0000000780000000,0x0000000780f9c3a8,0x0000000782980000)
 Metaspace       used 21497K, capacity 21723K, committed 21808K, reserved 1069056K
  class space    used 2106K, capacity 2172K, committed 2176K, reserved 1048576K
}

