# JRE version: Java(TM) SE Runtime Environment (8.0_121-b13) (build 1.8.0_121-b13)
# Java VM: Java HotSpot(TM) 64-Bit Server VM (25.121-b13 mixed mode bsd-amd64 compressed oops)
Heap:
 PSYoungGen      total 51200K, used 25860K [0x00000007aab00000, 0x00000007af400000, 0x00000007c0000000)
  eden space 40960K, 59% used [0x00000007aab00000,0x00000007ac2d9278,0x00000007ad300000)
  from space 10240K, 14% used [0x00000007ad300000,0x00000007ad468050,0x00000007add00000)
  to   space 10752K, 0% used [0x00000007ae980000,0x00000007ae980000,0x00000007af400000)
 ParOldGen       total 37888K, used 20429K [0x0000000780000000, 0x0000000782500000, 0x00000007aab00000)
  object space 37888K, 53% used [0x0000000780000000,0x00000007813f3648,0x0000000782500000)
 Metaspace       used 24669K, capacity 24905K, committed 25088K, reserved 1071104K
  class space    used 2453K, capacity 2543K, committed 2560K, reserved 1048576K
GC Heap History (10 events):
Event: 7.288 GC heap before
{Heap before GC invocations=6 (full 1):
 PSYoungGen      total 18944K, used 16185K [0x00000007aab00000, 0x00000007ac000000, 0x00000007c0000000)
  eden space 16384K, 98% used [0x00000007aab00000,0x00000007abace688,0x00000007abb00000)
  from space 2560K, 0% used [0x00000007abd80000,0x00000007abd80000,0x00000007ac000000)
  to   space 2560K, 0% used [0x00000007abb00000,0x00000007abb00000,0x00000007abd80000)
 ParOldGen       total 37888K, used 8123K [0x0000000780000000, 0x0000000782500000, 0x00000007aab00000)
  object space 37888K, 21% used [0x0000000780000000,0x00000007807eed00,0x0000000782500000)
 Metaspace       used 23262K, capacity 23541K, committed 23808K, reserved 1071104K
  class space    used 2381K, capacity 2475K, committed 2560K, reserved 1048576K
Event: 7.315 GC heap after
Heap after GC invocations=6 (full 1):
 PSYoungGen      total 18944K, used 2528K [0x00000007aab00000, 0x00000007ad780000, 0x00000007c0000000)
  eden space 16384K, 0% used [0x00000007aab00000,0x00000007aab00000,0x00000007abb00000)
  from space 2560K, 98% used [0x00000007abb00000,0x00000007abd78280,0x00000007abd80000)
  to   space 9728K, 0% used [0x00000007ace00000,0x00000007ace00000,0x00000007ad780000)
 ParOldGen       total 37888K, used 14703K [0x0000000780000000, 0x0000000782500000, 0x00000007aab00000)
  object space 37888K, 38% used [0x0000000780000000,0x0000000780e5bf88,0x0000000782500000)
 Metaspace       used 23262K, capacity 23541K, committed 23808K, reserved 1071104K
  class space    used 2381K, capacity 2475K, committed 2560K, reserved 1048576K
}
Event: 7.840 GC heap before
{Heap before GC invocations=7 (full 1):
 PSYoungGen      total 18944K, used 18912K [0x00000007aab00000, 0x00000007ad780000, 0x00000007c0000000)
  eden space 16384K, 100% used [0x00000007aab00000,0x00000007abb00000,0x00000007abb00000)
  from space 2560K, 98% used [0x00000007abb00000,0x00000007abd78280,0x00000007abd80000)
  to   space 9728K, 0% used [0x00000007ace00000,0x00000007ace00000,0x00000007ad780000)
 ParOldGen       total 37888K, used 14703K [0x0000000780000000, 0x0000000782500000, 0x00000007aab00000)
  object space 37888K, 38% used [0x0000000780000000,0x0000000780e5bf88,0x0000000782500000)
 Metaspace       used 23790K, capacity 24091K, committed 24320K, reserved 1071104K
  class space    used 2412K, capacity 2508K, committed 2560K, reserved 1048576K
Event: 7.861 GC heap after
Heap after GC invocations=7 (full 1):
 PSYoungGen      total 35840K, used 7265K [0x00000007aab00000, 0x00000007ad900000, 0x00000007c0000000)
  eden space 26112K, 0% used [0x00000007aab00000,0x00000007aab00000,0x00000007ac480000)
  from space 9728K, 74% used [0x00000007ace00000,0x00000007ad518690,0x00000007ad780000)
  to   space 9728K, 0% used [0x00000007ac480000,0x00000007ac480000,0x00000007ace00000)
 ParOldGen       total 37888K, used 14775K [0x0000000780000000, 0x0000000782500000, 0x00000007aab00000)
  object space 37888K, 38% used [0x0000000780000000,0x0000000780e6df98,0x0000000782500000)
 Metaspace       used 23790K, capacity 24091K, committed 24320K, reserved 1071104K
  class space    used 2412K, capacity 2508K, committed 2560K, reserved 1048576K
}
Event: 10.176 GC heap before
{Heap before GC invocations=8 (full 1):
 PSYoungGen      total 35840K, used 33377K [0x00000007aab00000, 0x00000007ad900000, 0x00000007c0000000)
  eden space 26112K, 100% used [0x00000007aab00000,0x00000007ac480000,0x00000007ac480000)
  from space 9728K, 74% used [0x00000007ace00000,0x00000007ad518690,0x00000007ad780000)
  to   space 9728K, 0% used [0x00000007ac480000,0x00000007ac480000,0x00000007ace00000)
 ParOldGen       total 37888K, used 14775K [0x0000000780000000, 0x0000000782500000, 0x00000007aab00000)
  object space 37888K, 38% used [0x0000000780000000,0x0000000780e6df98,0x0000000782500000)
 Metaspace       used 24278K, capacity 24585K, committed 24832K, reserved 1071104K
  class space    used 2444K, capacity 2543K, committed 2560K, reserved 1048576K
Event: 10.185 GC heap after
Heap after GC invocations=8 (full 1):
 PSYoungGen      total 35840K, used 7233K [0x00000007aab00000, 0x00000007ae800000, 0x00000007c0000000)
  eden space 26112K, 0% used [0x00000007aab00000,0x00000007aab00000,0x00000007ac480000)
  from space 9728K, 74% used [0x00000007ac480000,0x00000007acb90450,0x00000007ace00000)
  to   space 10240K, 0% used [0x00000007ade00000,0x00000007ade00000,0x00000007ae800000)
 ParOldGen       total 37888K, used 14783K [0x0000000780000000, 0x0000000782500000, 0x00000007aab00000)
  object space 37888K, 39% used [0x0000000780000000,0x0000000780e6ff98,0x0000000782500000)
 Metaspace       used 24278K, capacity 24585K, committed 24832K, reserved 1071104K
  class space    used 2444K, capacity 2543K, committed 2560K, reserved 1048576K
}
Event: 13.291 GC heap before
{Heap before GC invocations=9 (full 1):
 PSYoungGen      total 35840K, used 33345K [0x00000007aab00000, 0x00000007ae800000, 0x00000007c0000000)
  eden space 26112K, 100% used [0x00000007aab00000,0x00000007ac480000,0x00000007ac480000)
  from space 9728K, 74% used [0x00000007ac480000,0x00000007acb90450,0x00000007ace00000)
  to   space 10240K, 0% used [0x00000007ade00000,0x00000007ade00000,0x00000007ae800000)
 ParOldGen       total 37888K, used 14783K [0x0000000780000000, 0x0000000782500000, 0x00000007aab00000)
  object space 37888K, 39% used [0x0000000780000000,0x0000000780e6ff98,0x0000000782500000)
 Metaspace       used 24507K, capacity 24777K, committed 25088K, reserved 1071104K
  class space    used 2444K, capacity 2543K, committed 2560K, reserved 1048576K
Event: 13.307 GC heap after
Heap after GC invocations=9 (full 1):
 PSYoungGen      total 50176K, used 7185K [0x00000007aab00000, 0x00000007ae700000, 0x00000007c0000000)
  eden space 40960K, 0% used [0x00000007aab00000,0x00000007aab00000,0x00000007ad300000)
  from space 9216K, 77% used [0x00000007ade00000,0x00000007ae504440,0x00000007ae700000)
  to   space 10240K, 0% used [0x00000007ad300000,0x00000007ad300000,0x00000007add00000)
 ParOldGen       total 37888K, used 14791K [0x0000000780000000, 0x0000000782500000, 0x00000007aab00000)
  object space 37888K, 39% used [0x0000000780000000,0x0000000780e71f98,0x0000000782500000)
 Metaspace       used 24507K, capacity 24777K, committed 25088K, reserved 1071104K
  class space    used 2444K, capacity 2543K, committed 2560K, reserved 1048576K
}
Event: 18.074 GC heap before
{Heap before GC invocations=10 (full 1):
 PSYoungGen      total 50176K, used 48145K [0x00000007aab00000, 0x00000007ae700000, 0x00000007c0000000)
  eden space 40960K, 100% used [0x00000007aab00000,0x00000007ad300000,0x00000007ad300000)
  from space 9216K, 77% used [0x00000007ade00000,0x00000007ae504440,0x00000007ae700000)
  to   space 10240K, 0% used [0x00000007ad300000,0x00000007ad300000,0x00000007add00000)
 ParOldGen       total 37888K, used 14791K [0x0000000780000000, 0x0000000782500000, 0x00000007aab00000)
  object space 37888K, 39% used [0x0000000780000000,0x0000000780e71f98,0x0000000782500000)
 Metaspace       used 24626K, capacity 24905K, committed 25088K, reserved 1071104K
  class space    used 2445K, capacity 2543K, committed 2560K, reserved 1048576K
Event: 18.083 GC heap after
Heap after GC invocations=10 (full 1):
 PSYoungGen      total 51200K, used 1440K [0x00000007aab00000, 0x00000007af400000, 0x00000007c0000000)
  eden space 40960K, 0% used [0x00000007aab00000,0x00000007aab00000,0x00000007ad300000)
  from space 10240K, 14% used [0x00000007ad300000,0x00000007ad468050,0x00000007add00000)
  to   space 10752K, 0% used [0x00000007ae980000,0x00000007ae980000,0x00000007af400000)
 ParOldGen       total 37888K, used 20429K [0x0000000780000000, 0x0000000782500000, 0x00000007aab00000)
  object space 37888K, 53% used [0x0000000780000000,0x00000007813f3648,0x0000000782500000)
 Metaspace       used 24626K, capacity 24905K, committed 25088K, reserved 1071104K
  class space    used 2445K, capacity 2543K, committed 2560K, reserved 1048576K
}

