# JRE version: Java(TM) SE Runtime Environment (8.0_121-b13) (build 1.8.0_121-b13)
# Java VM: Java HotSpot(TM) 64-Bit Server VM (25.121-b13 mixed mode bsd-amd64 compressed oops)
Heap:
 PSYoungGen      total 64000K, used 51462K [0x00000007aab00000, 0x00000007af380000, 0x00000007c0000000)
  eden space 55808K, 82% used [0x00000007aab00000,0x00000007ad7fd858,0x00000007ae180000)
  from space 8192K, 65% used [0x00000007aeb80000,0x00000007af0c41c0,0x00000007af380000)
  to   space 9216K, 0% used [0x00000007ae180000,0x00000007ae180000,0x00000007aea80000)
 ParOldGen       total 35840K, used 15951K [0x0000000780000000, 0x0000000782300000, 0x00000007aab00000)
  object space 35840K, 44% used [0x0000000780000000,0x0000000780f93d30,0x0000000782300000)
 Metaspace       used 24669K, capacity 24905K, committed 25088K, reserved 1071104K
  class space    used 2455K, capacity 2543K, committed 2560K, reserved 1048576K
GC Heap History (10 events):
Event: 13.947 GC heap before
{Heap before GC invocations=9 (full 1):
 PSYoungGen      total 34304K, used 32539K [0x00000007aab00000, 0x00000007ae400000, 0x00000007c0000000)
  eden space 25088K, 100% used [0x00000007aab00000,0x00000007ac380000,0x00000007ac380000)
  from space 9216K, 80% used [0x00000007ac380000,0x00000007acac6fc0,0x00000007acc80000)
  to   space 9728K, 0% used [0x00000007ada80000,0x00000007ada80000,0x00000007ae400000)
 ParOldGen       total 35840K, used 13995K [0x0000000780000000, 0x0000000782300000, 0x00000007aab00000)
  object space 35840K, 39% used [0x0000000780000000,0x0000000780daade0,0x0000000782300000)
 Metaspace       used 24490K, capacity 24777K, committed 25088K, reserved 1071104K
  class space    used 2447K, capacity 2543K, committed 2560K, reserved 1048576K
Event: 13.958 GC heap after
Heap after GC invocations=9 (full 1):
 PSYoungGen      total 46592K, used 7437K [0x00000007aab00000, 0x00000007ae300000, 0x00000007c0000000)
  eden space 37888K, 0% used [0x00000007aab00000,0x00000007aab00000,0x00000007ad000000)
  from space 8704K, 85% used [0x00000007ada80000,0x00000007ae1c3678,0x00000007ae300000)
  to   space 9728K, 0% used [0x00000007ad000000,0x00000007ad000000,0x00000007ad980000)
 ParOldGen       total 35840K, used 14003K [0x0000000780000000, 0x0000000782300000, 0x00000007aab00000)
  object space 35840K, 39% used [0x0000000780000000,0x0000000780dacde0,0x0000000782300000)
 Metaspace       used 24490K, capacity 24777K, committed 25088K, reserved 1071104K
  class space    used 2447K, capacity 2543K, committed 2560K, reserved 1048576K
}
Event: 18.429 GC heap before
{Heap before GC invocations=10 (full 1):
 PSYoungGen      total 46592K, used 45325K [0x00000007aab00000, 0x00000007ae300000, 0x00000007c0000000)
  eden space 37888K, 100% used [0x00000007aab00000,0x00000007ad000000,0x00000007ad000000)
  from space 8704K, 85% used [0x00000007ada80000,0x00000007ae1c3678,0x00000007ae300000)
  to   space 9728K, 0% used [0x00000007ad000000,0x00000007ad000000,0x00000007ad980000)
 ParOldGen       total 35840K, used 14003K [0x0000000780000000, 0x0000000782300000, 0x00000007aab00000)
  object space 35840K, 39% used [0x0000000780000000,0x0000000780dacde0,0x0000000782300000)
 Metaspace       used 24616K, capacity 24905K, committed 25088K, reserved 1071104K
  class space    used 2447K, capacity 2543K, committed 2560K, reserved 1048576K
Event: 18.438 GC heap after
Heap after GC invocations=10 (full 1):
 PSYoungGen      total 47616K, used 5504K [0x00000007aab00000, 0x00000007aed00000, 0x00000007c0000000)
  eden space 37888K, 0% used [0x00000007aab00000,0x00000007aab00000,0x00000007ad000000)
  from space 9728K, 56% used [0x00000007ad000000,0x00000007ad5601f0,0x00000007ad980000)
  to   space 9728K, 0% used [0x00000007ae380000,0x00000007ae380000,0x00000007aed00000)
 ParOldGen       total 35840K, used 15951K [0x0000000780000000, 0x0000000782300000, 0x00000007aab00000)
  object space 35840K, 44% used [0x0000000780000000,0x0000000780f93d30,0x0000000782300000)
 Metaspace       used 24616K, capacity 24905K, committed 25088K, reserved 1071104K
  class space    used 2447K, capacity 2543K, committed 2560K, reserved 1048576K
}
Event: 22.881 GC heap before
{Heap before GC invocations=11 (full 1):
 PSYoungGen      total 47616K, used 43392K [0x00000007aab00000, 0x00000007aed00000, 0x00000007c0000000)
  eden space 37888K, 100% used [0x00000007aab00000,0x00000007ad000000,0x00000007ad000000)
  from space 9728K, 56% used [0x00000007ad000000,0x00000007ad5601f0,0x00000007ad980000)
  to   space 9728K, 0% used [0x00000007ae380000,0x00000007ae380000,0x00000007aed00000)
 ParOldGen       total 35840K, used 15951K [0x0000000780000000, 0x0000000782300000, 0x00000007aab00000)
  object space 35840K, 44% used [0x0000000780000000,0x0000000780f93d30,0x0000000782300000)
 Metaspace       used 24627K, capacity 24905K, committed 25088K, reserved 1071104K
  class space    used 2447K, capacity 2543K, committed 2560K, reserved 1048576K
Event: 22.890 GC heap after
Heap after GC invocations=11 (full 1):
 PSYoungGen      total 54784K, used 5392K [0x00000007aab00000, 0x00000007aeb00000, 0x00000007c0000000)
  eden space 47104K, 0% used [0x00000007aab00000,0x00000007aab00000,0x00000007ad900000)
  from space 7680K, 70% used [0x00000007ae380000,0x00000007ae8c41c0,0x00000007aeb00000)
  to   space 9216K, 0% used [0x00000007ad900000,0x00000007ad900000,0x00000007ae200000)
 ParOldGen       total 35840K, used 15951K [0x0000000780000000, 0x0000000782300000, 0x00000007aab00000)
  object space 35840K, 44% used [0x0000000780000000,0x0000000780f93d30,0x0000000782300000)
 Metaspace       used 24627K, capacity 24905K, committed 25088K, reserved 1071104K
  class space    used 2447K, capacity 2543K, committed 2560K, reserved 1048576K
}
Event: 28.414 GC heap before
{Heap before GC invocations=12 (full 1):
 PSYoungGen      total 54784K, used 52496K [0x00000007aab00000, 0x00000007aeb00000, 0x00000007c0000000)
  eden space 47104K, 100% used [0x00000007aab00000,0x00000007ad900000,0x00000007ad900000)
  from space 7680K, 70% used [0x00000007ae380000,0x00000007ae8c41c0,0x00000007aeb00000)
  to   space 9216K, 0% used [0x00000007ad900000,0x00000007ad900000,0x00000007ae200000)
 ParOldGen       total 35840K, used 15951K [0x0000000780000000, 0x0000000782300000, 0x00000007aab00000)
  object space 35840K, 44% used [0x0000000780000000,0x0000000780f93d30,0x0000000782300000)
 Metaspace       used 24628K, capacity 24905K, committed 25088K, reserved 1071104K
  class space    used 2447K, capacity 2543K, committed 2560K, reserved 1048576K
Event: 28.418 GC heap after
Heap after GC invocations=12 (full 1):
 PSYoungGen      total 56320K, used 5360K [0x00000007aab00000, 0x00000007af480000, 0x00000007c0000000)
  eden space 47104K, 0% used [0x00000007aab00000,0x00000007aab00000,0x00000007ad900000)
  from space 9216K, 58% used [0x00000007ad900000,0x00000007ade3c1c0,0x00000007ae200000)
  to   space 9216K, 0% used [0x00000007aeb80000,0x00000007aeb80000,0x00000007af480000)
 ParOldGen       total 35840K, used 15951K [0x0000000780000000, 0x0000000782300000, 0x00000007aab00000)
  object space 35840K, 44% used [0x0000000780000000,0x0000000780f93d30,0x0000000782300000)
 Metaspace       used 24628K, capacity 24905K, committed 25088K, reserved 1071104K
  class space    used 2447K, capacity 2543K, committed 2560K, reserved 1048576K
}
Event: 33.965 GC heap before
{Heap before GC invocations=13 (full 1):
 PSYoungGen      total 56320K, used 52464K [0x00000007aab00000, 0x00000007af480000, 0x00000007c0000000)
  eden space 47104K, 100% used [0x00000007aab00000,0x00000007ad900000,0x00000007ad900000)
  from space 9216K, 58% used [0x00000007ad900000,0x00000007ade3c1c0,0x00000007ae200000)
  to   space 9216K, 0% used [0x00000007aeb80000,0x00000007aeb80000,0x00000007af480000)
 ParOldGen       total 35840K, used 15951K [0x0000000780000000, 0x0000000782300000, 0x00000007aab00000)
  object space 35840K, 44% used [0x0000000780000000,0x0000000780f93d30,0x0000000782300000)
 Metaspace       used 24628K, capacity 24905K, committed 25088K, reserved 1071104K
  class space    used 2447K, capacity 2543K, committed 2560K, reserved 1048576K
Event: 33.973 GC heap after
Heap after GC invocations=13 (full 1):
 PSYoungGen      total 64000K, used 5392K [0x00000007aab00000, 0x00000007af380000, 0x00000007c0000000)
  eden space 55808K, 0% used [0x00000007aab00000,0x00000007aab00000,0x00000007ae180000)
  from space 8192K, 65% used [0x00000007aeb80000,0x00000007af0c41c0,0x00000007af380000)
  to   space 9216K, 0% used [0x00000007ae180000,0x00000007ae180000,0x00000007aea80000)
 ParOldGen       total 35840K, used 15951K [0x0000000780000000, 0x0000000782300000, 0x00000007aab00000)
  object space 35840K, 44% used [0x0000000780000000,0x0000000780f93d30,0x0000000782300000)
 Metaspace       used 24628K, capacity 24905K, committed 25088K, reserved 1071104K
  class space    used 2447K, capacity 2543K, committed 2560K, reserved 1048576K
}

