# JRE version: Java(TM) SE Runtime Environment (8.0_121-b13) (build 1.8.0_121-b13)
# Java VM: Java HotSpot(TM) 64-Bit Server VM (25.121-b13 mixed mode bsd-amd64 compressed oops)
Heap:
 PSYoungGen      total 52736K, used 14349K [0x00000007aab00000, 0x00000007af600000, 0x00000007c0000000)
  eden space 52224K, 26% used [0x00000007aab00000,0x00000007ab8bb650,0x00000007ade00000)
  from space 512K, 56% used [0x00000007af580000,0x00000007af5c8000,0x00000007af600000)
  to   space 11776K, 0% used [0x00000007adf00000,0x00000007adf00000,0x00000007aea80000)
 ParOldGen       total 46592K, used 16187K [0x0000000780000000, 0x0000000782d80000, 0x00000007aab00000)
  object space 46592K, 34% used [0x0000000780000000,0x0000000780fcec30,0x0000000782d80000)
 Metaspace       used 21701K, capacity 21979K, committed 22272K, reserved 1069056K
  class space    used 2143K, capacity 2236K, committed 2304K, reserved 1048576K
GC Heap History (10 events):
Event: 6.715 GC heap before
{Heap before GC invocations=3 (full 0):
 PSYoungGen      total 18944K, used 18912K [0x00000007aab00000, 0x00000007ac000000, 0x00000007c0000000)
  eden space 16384K, 100% used [0x00000007aab00000,0x00000007abb00000,0x00000007abb00000)
  from space 2560K, 98% used [0x00000007abd80000,0x00000007abff8020,0x00000007ac000000)
  to   space 2560K, 0% used [0x00000007abb00000,0x00000007abb00000,0x00000007abd80000)
 ParOldGen       total 44032K, used 2848K [0x0000000780000000, 0x0000000782b00000, 0x00000007aab00000)
  object space 44032K, 6% used [0x0000000780000000,0x00000007802c8188,0x0000000782b00000)
 Metaspace       used 17810K, capacity 18071K, committed 18432K, reserved 1064960K
  class space    used 1835K, capacity 1942K, committed 2048K, reserved 1048576K
Event: 6.735 GC heap after
Heap after GC invocations=3 (full 0):
 PSYoungGen      total 18944K, used 2528K [0x00000007aab00000, 0x00000007ad000000, 0x00000007c0000000)
  eden space 16384K, 0% used [0x00000007aab00000,0x00000007aab00000,0x00000007abb00000)
  from space 2560K, 98% used [0x00000007abb00000,0x00000007abd78060,0x00000007abd80000)
  to   space 2560K, 0% used [0x00000007acd80000,0x00000007acd80000,0x00000007ad000000)
 ParOldGen       total 44032K, used 7222K [0x0000000780000000, 0x0000000782b00000, 0x00000007aab00000)
  object space 44032K, 16% used [0x0000000780000000,0x000000078070d888,0x0000000782b00000)
 Metaspace       used 17810K, capacity 18071K, committed 18432K, reserved 1064960K
  class space    used 1835K, capacity 1942K, committed 2048K, reserved 1048576K
}
Event: 7.564 GC heap before
{Heap before GC invocations=4 (full 0):
 PSYoungGen      total 18944K, used 18833K [0x00000007aab00000, 0x00000007ad000000, 0x00000007c0000000)
  eden space 16384K, 99% used [0x00000007aab00000,0x00000007abaec3c8,0x00000007abb00000)
  from space 2560K, 98% used [0x00000007abb00000,0x00000007abd78060,0x00000007abd80000)
  to   space 2560K, 0% used [0x00000007acd80000,0x00000007acd80000,0x00000007ad000000)
 ParOldGen       total 44032K, used 7222K [0x0000000780000000, 0x0000000782b00000, 0x00000007aab00000)
  object space 44032K, 16% used [0x0000000780000000,0x000000078070d888,0x0000000782b00000)
 Metaspace       used 20535K, capacity 20779K, committed 20992K, reserved 1069056K
  class space    used 2106K, capacity 2202K, committed 2304K, reserved 1048576K
Event: 7.590 GC heap after
Heap after GC invocations=4 (full 0):
 PSYoungGen      total 35328K, used 2545K [0x00000007aab00000, 0x00000007ad000000, 0x00000007c0000000)
  eden space 32768K, 0% used [0x00000007aab00000,0x00000007aab00000,0x00000007acb00000)
  from space 2560K, 99% used [0x00000007acd80000,0x00000007acffc7b0,0x00000007ad000000)
  to   space 2560K, 0% used [0x00000007acb00000,0x00000007acb00000,0x00000007acd80000)
 ParOldGen       total 44032K, used 15824K [0x0000000780000000, 0x0000000782b00000, 0x00000007aab00000)
  object space 44032K, 35% used [0x0000000780000000,0x0000000780f743c0,0x0000000782b00000)
 Metaspace       used 20535K, capacity 20779K, committed 20992K, reserved 1069056K
  class space    used 2106K, capacity 2202K, committed 2304K, reserved 1048576K
}
Event: 8.296 GC heap before
{Heap before GC invocations=5 (full 0):
 PSYoungGen      total 35328K, used 20666K [0x00000007aab00000, 0x00000007ad000000, 0x00000007c0000000)
  eden space 32768K, 55% used [0x00000007aab00000,0x00000007abcb21a8,0x00000007acb00000)
  from space 2560K, 99% used [0x00000007acd80000,0x00000007acffc7b0,0x00000007ad000000)
  to   space 2560K, 0% used [0x00000007acb00000,0x00000007acb00000,0x00000007acd80000)
 ParOldGen       total 44032K, used 15824K [0x0000000780000000, 0x0000000782b00000, 0x00000007aab00000)
  object space 44032K, 35% used [0x0000000780000000,0x0000000780f743c0,0x0000000782b00000)
 Metaspace       used 20844K, capacity 21045K, committed 21248K, reserved 1069056K
  class space    used 2108K, capacity 2203K, committed 2304K, reserved 1048576K
Event: 8.310 GC heap after
Heap after GC invocations=5 (full 0):
 PSYoungGen      total 35328K, used 2544K [0x00000007aab00000, 0x00000007b0000000, 0x00000007c0000000)
  eden space 32768K, 0% used [0x00000007aab00000,0x00000007aab00000,0x00000007acb00000)
  from space 2560K, 99% used [0x00000007acb00000,0x00000007acd7c0a0,0x00000007acd80000)
  to   space 10752K, 0% used [0x00000007af580000,0x00000007af580000,0x00000007b0000000)
 ParOldGen       total 44032K, used 19333K [0x0000000780000000, 0x0000000782b00000, 0x00000007aab00000)
  object space 44032K, 43% used [0x0000000780000000,0x00000007812e14e0,0x0000000782b00000)
 Metaspace       used 20844K, capacity 21045K, committed 21248K, reserved 1069056K
  class space    used 2108K, capacity 2203K, committed 2304K, reserved 1048576K
}
Event: 8.311 GC heap before
{Heap before GC invocations=6 (full 1):
 PSYoungGen      total 35328K, used 2544K [0x00000007aab00000, 0x00000007b0000000, 0x00000007c0000000)
  eden space 32768K, 0% used [0x00000007aab00000,0x00000007aab00000,0x00000007acb00000)
  from space 2560K, 99% used [0x00000007acb00000,0x00000007acd7c0a0,0x00000007acd80000)
  to   space 10752K, 0% used [0x00000007af580000,0x00000007af580000,0x00000007b0000000)
 ParOldGen       total 44032K, used 19333K [0x0000000780000000, 0x0000000782b00000, 0x00000007aab00000)
  object space 44032K, 43% used [0x0000000780000000,0x00000007812e14e0,0x0000000782b00000)
 Metaspace       used 20844K, capacity 21045K, committed 21248K, reserved 1069056K
  class space    used 2108K, capacity 2203K, committed 2304K, reserved 1048576K
Event: 8.379 GC heap after
Heap after GC invocations=6 (full 1):
 PSYoungGen      total 35328K, used 0K [0x00000007aab00000, 0x00000007b0000000, 0x00000007c0000000)
  eden space 32768K, 0% used [0x00000007aab00000,0x00000007aab00000,0x00000007acb00000)
  from space 2560K, 0% used [0x00000007acb00000,0x00000007acb00000,0x00000007acd80000)
  to   space 10752K, 0% used [0x00000007af580000,0x00000007af580000,0x00000007b0000000)
 ParOldGen       total 46592K, used 16179K [0x0000000780000000, 0x0000000782d80000, 0x00000007aab00000)
  object space 46592K, 34% used [0x0000000780000000,0x0000000780fccc30,0x0000000782d80000)
 Metaspace       used 20844K, capacity 21045K, committed 21248K, reserved 1069056K
  class space    used 2108K, capacity 2203K, committed 2304K, reserved 1048576K
}
Event: 14.136 GC heap before
{Heap before GC invocations=7 (full 1):
 PSYoungGen      total 35328K, used 32768K [0x00000007aab00000, 0x00000007b0000000, 0x00000007c0000000)
  eden space 32768K, 100% used [0x00000007aab00000,0x00000007acb00000,0x00000007acb00000)
  from space 2560K, 0% used [0x00000007acb00000,0x00000007acb00000,0x00000007acd80000)
  to   space 10752K, 0% used [0x00000007af580000,0x00000007af580000,0x00000007b0000000)
 ParOldGen       total 46592K, used 16179K [0x0000000780000000, 0x0000000782d80000, 0x00000007aab00000)
  object space 46592K, 34% used [0x0000000780000000,0x0000000780fccc30,0x0000000782d80000)
 Metaspace       used 21286K, capacity 21563K, committed 21760K, reserved 1069056K
  class space    used 2110K, capacity 2204K, committed 2304K, reserved 1048576K
Event: 14.138 GC heap after
Heap after GC invocations=7 (full 1):
 PSYoungGen      total 52736K, used 288K [0x00000007aab00000, 0x00000007af600000, 0x00000007c0000000)
  eden space 52224K, 0% used [0x00000007aab00000,0x00000007aab00000,0x00000007ade00000)
  from space 512K, 56% used [0x00000007af580000,0x00000007af5c8000,0x00000007af600000)
  to   space 11776K, 0% used [0x00000007adf00000,0x00000007adf00000,0x00000007aea80000)
 ParOldGen       total 46592K, used 16187K [0x0000000780000000, 0x0000000782d80000, 0x00000007aab00000)
  object space 46592K, 34% used [0x0000000780000000,0x0000000780fcec30,0x0000000782d80000)
 Metaspace       used 21286K, capacity 21563K, committed 21760K, reserved 1069056K
  class space    used 2110K, capacity 2204K, committed 2304K, reserved 1048576K
}

