# JRE version: Java(TM) SE Runtime Environment (8.0_121-b13) (build 1.8.0_121-b13)
# Java VM: Java HotSpot(TM) 64-Bit Server VM (25.121-b13 mixed mode bsd-amd64 compressed oops)
Heap:
 PSYoungGen      total 97792K, used 60677K [0x00000007aab00000, 0x00000007b1f00000, 0x00000007c0000000)
  eden space 82944K, 55% used [0x00000007aab00000,0x00000007ad7eb160,0x00000007afc00000)
  from space 14848K, 98% used [0x00000007aff00000,0x00000007b0d563c0,0x00000007b0d80000)
  to   space 17920K, 0% used [0x00000007b0d80000,0x00000007b0d80000,0x00000007b1f00000)
 ParOldGen       total 46592K, used 22574K [0x0000000780000000, 0x0000000782d80000, 0x00000007aab00000)
  object space 46592K, 48% used [0x0000000780000000,0x000000078160b870,0x0000000782d80000)
 Metaspace       used 22116K, capacity 22427K, committed 22704K, reserved 1069056K
  class space    used 2136K, capacity 2236K, committed 2304K, reserved 1048576K
GC Heap History (10 events):
Event: 34.894 GC heap before
{Heap before GC invocations=10 (full 1):
 PSYoungGen      total 87040K, used 77704K [0x00000007aab00000, 0x00000007b0d80000, 0x00000007c0000000)
  eden space 77312K, 100% used [0x00000007aab00000,0x00000007af680000,0x00000007af680000)
  from space 9728K, 4% used [0x00000007b0400000,0x00000007b0462030,0x00000007b0d80000)
  to   space 11776K, 0% used [0x00000007af680000,0x00000007af680000,0x00000007b0200000)
 ParOldGen       total 46592K, used 15629K [0x0000000780000000, 0x0000000782d80000, 0x00000007aab00000)
  object space 46592K, 33% used [0x0000000780000000,0x0000000780f436c0,0x0000000782d80000)
 Metaspace       used 21714K, capacity 21947K, committed 22192K, reserved 1069056K
  class space    used 2127K, capacity 2204K, committed 2304K, reserved 1048576K
Event: 34.897 GC heap after
Heap after GC invocations=10 (full 1):
 PSYoungGen      total 89088K, used 440K [0x00000007aab00000, 0x00000007b1f00000, 0x00000007c0000000)
  eden space 77312K, 0% used [0x00000007aab00000,0x00000007aab00000,0x00000007af680000)
  from space 11776K, 3% used [0x00000007af680000,0x00000007af6ee020,0x00000007b0200000)
  to   space 11776K, 0% used [0x00000007b1380000,0x00000007b1380000,0x00000007b1f00000)
 ParOldGen       total 46592K, used 15637K [0x0000000780000000, 0x0000000782d80000, 0x00000007aab00000)
  object space 46592K, 33% used [0x0000000780000000,0x0000000780f456c0,0x0000000782d80000)
 Metaspace       used 21714K, capacity 21947K, committed 22192K, reserved 1069056K
  class space    used 2127K, capacity 2204K, committed 2304K, reserved 1048576K
}
Event: 47.746 GC heap before
{Heap before GC invocations=11 (full 1):
 PSYoungGen      total 89088K, used 77752K [0x00000007aab00000, 0x00000007b1f00000, 0x00000007c0000000)
  eden space 77312K, 100% used [0x00000007aab00000,0x00000007af680000,0x00000007af680000)
  from space 11776K, 3% used [0x00000007af680000,0x00000007af6ee020,0x00000007b0200000)
  to   space 11776K, 0% used [0x00000007b1380000,0x00000007b1380000,0x00000007b1f00000)
 ParOldGen       total 46592K, used 15637K [0x0000000780000000, 0x0000000782d80000, 0x00000007aab00000)
  object space 46592K, 33% used [0x0000000780000000,0x0000000780f456c0,0x0000000782d80000)
 Metaspace       used 21731K, capacity 21947K, committed 22192K, reserved 1069056K
  class space    used 2127K, capacity 2204K, committed 2304K, reserved 1048576K
Event: 47.748 GC heap after
Heap after GC invocations=11 (full 1):
 PSYoungGen      total 101888K, used 440K [0x00000007aab00000, 0x00000007b1c80000, 0x00000007c0000000)
  eden space 92672K, 0% used [0x00000007aab00000,0x00000007aab00000,0x00000007b0580000)
  from space 9216K, 4% used [0x00000007b1380000,0x00000007b13ee020,0x00000007b1c80000)
  to   space 11776K, 0% used [0x00000007b0580000,0x00000007b0580000,0x00000007b1100000)
 ParOldGen       total 46592K, used 15645K [0x0000000780000000, 0x0000000782d80000, 0x00000007aab00000)
  object space 46592K, 33% used [0x0000000780000000,0x0000000780f476c0,0x0000000782d80000)
 Metaspace       used 21731K, capacity 21947K, committed 22192K, reserved 1069056K
  class space    used 2127K, capacity 2204K, committed 2304K, reserved 1048576K
}
Event: 55.663 GC heap before
{Heap before GC invocations=12 (full 1):
 PSYoungGen      total 101888K, used 93112K [0x00000007aab00000, 0x00000007b1c80000, 0x00000007c0000000)
  eden space 92672K, 100% used [0x00000007aab00000,0x00000007b0580000,0x00000007b0580000)
  from space 9216K, 4% used [0x00000007b1380000,0x00000007b13ee020,0x00000007b1c80000)
  to   space 11776K, 0% used [0x00000007b0580000,0x00000007b0580000,0x00000007b1100000)
 ParOldGen       total 46592K, used 15645K [0x0000000780000000, 0x0000000782d80000, 0x00000007aab00000)
  object space 46592K, 33% used [0x0000000780000000,0x0000000780f476c0,0x0000000782d80000)
 Metaspace       used 21836K, capacity 22075K, committed 22448K, reserved 1069056K
  class space    used 2128K, capacity 2204K, committed 2304K, reserved 1048576K
Event: 55.674 GC heap after
Heap after GC invocations=12 (full 1):
 PSYoungGen      total 97792K, used 8312K [0x00000007aab00000, 0x00000007b1b00000, 0x00000007c0000000)
  eden space 89088K, 0% used [0x00000007aab00000,0x00000007aab00000,0x00000007b0200000)
  from space 8704K, 95% used [0x00000007b0580000,0x00000007b0d9e250,0x00000007b0e00000)
  to   space 12800K, 0% used [0x00000007b0e80000,0x00000007b0e80000,0x00000007b1b00000)
 ParOldGen       total 46592K, used 15645K [0x0000000780000000, 0x0000000782d80000, 0x00000007aab00000)
  object space 46592K, 33% used [0x0000000780000000,0x0000000780f476c0,0x0000000782d80000)
 Metaspace       used 21836K, capacity 22075K, committed 22448K, reserved 1069056K
  class space    used 2128K, capacity 2204K, committed 2304K, reserved 1048576K
}
Event: 61.146 GC heap before
{Heap before GC invocations=13 (full 1):
 PSYoungGen      total 97792K, used 97400K [0x00000007aab00000, 0x00000007b1b00000, 0x00000007c0000000)
  eden space 89088K, 100% used [0x00000007aab00000,0x00000007b0200000,0x00000007b0200000)
  from space 8704K, 95% used [0x00000007b0580000,0x00000007b0d9e250,0x00000007b0e00000)
  to   space 12800K, 0% used [0x00000007b0e80000,0x00000007b0e80000,0x00000007b1b00000)
 ParOldGen       total 46592K, used 15645K [0x0000000780000000, 0x0000000782d80000, 0x00000007aab00000)
  object space 46592K, 33% used [0x0000000780000000,0x0000000780f476c0,0x0000000782d80000)
 Metaspace       used 21927K, capacity 22139K, committed 22448K, reserved 1069056K
  class space    used 2128K, capacity 2204K, committed 2304K, reserved 1048576K
Event: 61.158 GC heap after
Heap after GC invocations=13 (full 1):
 PSYoungGen      total 98816K, used 12760K [0x00000007aab00000, 0x00000007b1c00000, 0x00000007c0000000)
  eden space 86016K, 0% used [0x00000007aab00000,0x00000007aab00000,0x00000007aff00000)
  from space 12800K, 99% used [0x00000007b0e80000,0x00000007b1af6330,0x00000007b1b00000)
  to   space 14848K, 0% used [0x00000007aff00000,0x00000007aff00000,0x00000007b0d80000)
 ParOldGen       total 46592K, used 16677K [0x0000000780000000, 0x0000000782d80000, 0x00000007aab00000)
  object space 46592K, 35% used [0x0000000780000000,0x0000000781049700,0x0000000782d80000)
 Metaspace       used 21927K, capacity 22139K, committed 22448K, reserved 1069056K
  class space    used 2128K, capacity 2204K, committed 2304K, reserved 1048576K
}
Event: 66.646 GC heap before
{Heap before GC invocations=14 (full 1):
 PSYoungGen      total 98816K, used 98776K [0x00000007aab00000, 0x00000007b1c00000, 0x00000007c0000000)
  eden space 86016K, 100% used [0x00000007aab00000,0x00000007aff00000,0x00000007aff00000)
  from space 12800K, 99% used [0x00000007b0e80000,0x00000007b1af6330,0x00000007b1b00000)
  to   space 14848K, 0% used [0x00000007aff00000,0x00000007aff00000,0x00000007b0d80000)
 ParOldGen       total 46592K, used 16677K [0x0000000780000000, 0x0000000782d80000, 0x00000007aab00000)
  object space 46592K, 35% used [0x0000000780000000,0x0000000781049700,0x0000000782d80000)
 Metaspace       used 22020K, capacity 22203K, committed 22448K, reserved 1069056K
  class space    used 2128K, capacity 2204K, committed 2304K, reserved 1048576K
Event: 66.657 GC heap after
Heap after GC invocations=14 (full 1):
 PSYoungGen      total 97792K, used 14680K [0x00000007aab00000, 0x00000007b1f00000, 0x00000007c0000000)
  eden space 82944K, 0% used [0x00000007aab00000,0x00000007aab00000,0x00000007afc00000)
  from space 14848K, 98% used [0x00000007aff00000,0x00000007b0d563c0,0x00000007b0d80000)
  to   space 17920K, 0% used [0x00000007b0d80000,0x00000007b0d80000,0x00000007b1f00000)
 ParOldGen       total 46592K, used 22574K [0x0000000780000000, 0x0000000782d80000, 0x00000007aab00000)
  object space 46592K, 48% used [0x0000000780000000,0x000000078160b870,0x0000000782d80000)
 Metaspace       used 22020K, capacity 22203K, committed 22448K, reserved 1069056K
  class space    used 2128K, capacity 2204K, committed 2304K, reserved 1048576K
}

