# JRE version: Java(TM) SE Runtime Environment (8.0_121-b13) (build 1.8.0_121-b13)
# Java VM: Java HotSpot(TM) 64-Bit Server VM (25.121-b13 mixed mode bsd-amd64 compressed oops)
Heap:
 PSYoungGen      total 73728K, used 30873K [0x00000007aab00000, 0x00000007b4000000, 0x00000007c0000000)
  eden space 62976K, 32% used [0x00000007aab00000,0x00000007abec6230,0x00000007ae880000)
  from space 10752K, 98% used [0x00000007b3580000,0x00000007b3fe02a0,0x00000007b4000000)
  to   space 12288K, 0% used [0x00000007b2800000,0x00000007b2800000,0x00000007b3400000)
 ParOldGen       total 44032K, used 26750K [0x0000000780000000, 0x0000000782b00000, 0x00000007aab00000)
  object space 44032K, 60% used [0x0000000780000000,0x0000000781a1f9c8,0x0000000782b00000)
 Metaspace       used 19785K, capacity 20003K, committed 20224K, reserved 1067008K
  class space    used 1944K, capacity 2010K, committed 2048K, reserved 1048576K
GC Heap History (10 events):
Event: 7.000 GC heap before
{Heap before GC invocations=4 (full 0):
 PSYoungGen      total 18944K, used 18723K [0x00000007aab00000, 0x00000007ad000000, 0x00000007c0000000)
  eden space 16384K, 98% used [0x00000007aab00000,0x00000007abacc0e8,0x00000007abb00000)
  from space 2560K, 99% used [0x00000007abb00000,0x00000007abd7cc10,0x00000007abd80000)
  to   space 2560K, 0% used [0x00000007acd80000,0x00000007acd80000,0x00000007ad000000)
 ParOldGen       total 44032K, used 11453K [0x0000000780000000, 0x0000000782b00000, 0x00000007aab00000)
  object space 44032K, 26% used [0x0000000780000000,0x0000000780b2f628,0x0000000782b00000)
 Metaspace       used 18586K, capacity 18795K, committed 18944K, reserved 1067008K
  class space    used 1897K, capacity 1974K, committed 2048K, reserved 1048576K
Event: 7.016 GC heap after
Heap after GC invocations=4 (full 0):
 PSYoungGen      total 35328K, used 2547K [0x00000007aab00000, 0x00000007ad000000, 0x00000007c0000000)
  eden space 32768K, 0% used [0x00000007aab00000,0x00000007aab00000,0x00000007acb00000)
  from space 2560K, 99% used [0x00000007acd80000,0x00000007acffcc10,0x00000007ad000000)
  to   space 2560K, 0% used [0x00000007acb00000,0x00000007acb00000,0x00000007acd80000)
 ParOldGen       total 44032K, used 14902K [0x0000000780000000, 0x0000000782b00000, 0x00000007aab00000)
  object space 44032K, 33% used [0x0000000780000000,0x0000000780e8d858,0x0000000782b00000)
 Metaspace       used 18586K, capacity 18795K, committed 18944K, reserved 1067008K
  class space    used 1897K, capacity 1974K, committed 2048K, reserved 1048576K
}
Event: 9.506 GC heap before
{Heap before GC invocations=5 (full 0):
 PSYoungGen      total 35328K, used 35315K [0x00000007aab00000, 0x00000007ad000000, 0x00000007c0000000)
  eden space 32768K, 100% used [0x00000007aab00000,0x00000007acb00000,0x00000007acb00000)
  from space 2560K, 99% used [0x00000007acd80000,0x00000007acffcc10,0x00000007ad000000)
  to   space 2560K, 0% used [0x00000007acb00000,0x00000007acb00000,0x00000007acd80000)
 ParOldGen       total 44032K, used 14902K [0x0000000780000000, 0x0000000782b00000, 0x00000007aab00000)
  object space 44032K, 33% used [0x0000000780000000,0x0000000780e8d858,0x0000000782b00000)
 Metaspace       used 19216K, capacity 19487K, committed 19712K, reserved 1067008K
  class space    used 1935K, capacity 2010K, committed 2048K, reserved 1048576K
Event: 9.517 GC heap after
Heap after GC invocations=5 (full 0):
 PSYoungGen      total 35328K, used 2531K [0x00000007aab00000, 0x00000007afe00000, 0x00000007c0000000)
  eden space 32768K, 0% used [0x00000007aab00000,0x00000007aab00000,0x00000007acb00000)
  from space 2560K, 98% used [0x00000007acb00000,0x00000007acd78c20,0x00000007acd80000)
  to   space 9728K, 0% used [0x00000007af480000,0x00000007af480000,0x00000007afe00000)
 ParOldGen       total 44032K, used 18566K [0x0000000780000000, 0x0000000782b00000, 0x00000007aab00000)
  object space 44032K, 42% used [0x0000000780000000,0x0000000781221958,0x0000000782b00000)
 Metaspace       used 19216K, capacity 19487K, committed 19712K, reserved 1067008K
  class space    used 1935K, capacity 2010K, committed 2048K, reserved 1048576K
}
Event: 15.831 GC heap before
{Heap before GC invocations=6 (full 0):
 PSYoungGen      total 35328K, used 35299K [0x00000007aab00000, 0x00000007afe00000, 0x00000007c0000000)
  eden space 32768K, 100% used [0x00000007aab00000,0x00000007acb00000,0x00000007acb00000)
  from space 2560K, 98% used [0x00000007acb00000,0x00000007acd78c20,0x00000007acd80000)
  to   space 9728K, 0% used [0x00000007af480000,0x00000007af480000,0x00000007afe00000)
 ParOldGen       total 44032K, used 18822K [0x0000000780000000, 0x0000000782b00000, 0x00000007aab00000)
  object space 44032K, 42% used [0x0000000780000000,0x0000000781261968,0x0000000782b00000)
 Metaspace       used 19523K, capacity 19747K, committed 19968K, reserved 1067008K
  class space    used 1935K, capacity 2010K, committed 2048K, reserved 1048576K
Event: 15.850 GC heap after
Heap after GC invocations=6 (full 0):
 PSYoungGen      total 75264K, used 4659K [0x00000007aab00000, 0x00000007afe00000, 0x00000007c0000000)
  eden space 65536K, 0% used [0x00000007aab00000,0x00000007aab00000,0x00000007aeb00000)
  from space 9728K, 47% used [0x00000007af480000,0x00000007af90cca0,0x00000007afe00000)
  to   space 9728K, 0% used [0x00000007aeb00000,0x00000007aeb00000,0x00000007af480000)
 ParOldGen       total 44032K, used 18822K [0x0000000780000000, 0x0000000782b00000, 0x00000007aab00000)
  object space 44032K, 42% used [0x0000000780000000,0x0000000781261968,0x0000000782b00000)
 Metaspace       used 19523K, capacity 19747K, committed 19968K, reserved 1067008K
  class space    used 1935K, capacity 2010K, committed 2048K, reserved 1048576K
}
Event: 18.936 GC heap before
{Heap before GC invocations=7 (full 0):
 PSYoungGen      total 75264K, used 70195K [0x00000007aab00000, 0x00000007afe00000, 0x00000007c0000000)
  eden space 65536K, 100% used [0x00000007aab00000,0x00000007aeb00000,0x00000007aeb00000)
  from space 9728K, 47% used [0x00000007af480000,0x00000007af90cca0,0x00000007afe00000)
  to   space 9728K, 0% used [0x00000007aeb00000,0x00000007aeb00000,0x00000007af480000)
 ParOldGen       total 44032K, used 19364K [0x0000000780000000, 0x0000000782b00000, 0x00000007aab00000)
  object space 44032K, 43% used [0x0000000780000000,0x00000007812e9240,0x0000000782b00000)
 Metaspace       used 19652K, capacity 19875K, committed 19968K, reserved 1067008K
  class space    used 1935K, capacity 2010K, committed 2048K, reserved 1048576K
Event: 18.969 GC heap after
Heap after GC invocations=7 (full 0):
 PSYoungGen      total 75264K, used 9507K [0x00000007aab00000, 0x00000007b4000000, 0x00000007c0000000)
  eden space 65536K, 0% used [0x00000007aab00000,0x00000007aab00000,0x00000007aeb00000)
  from space 9728K, 97% used [0x00000007aeb00000,0x00000007af448e00,0x00000007af480000)
  to   space 10752K, 0% used [0x00000007b3580000,0x00000007b3580000,0x00000007b4000000)
 ParOldGen       total 44032K, used 22739K [0x0000000780000000, 0x0000000782b00000, 0x00000007aab00000)
  object space 44032K, 51% used [0x0000000780000000,0x0000000781634d38,0x0000000782b00000)
 Metaspace       used 19652K, capacity 19875K, committed 19968K, reserved 1067008K
  class space    used 1935K, capacity 2010K, committed 2048K, reserved 1048576K
}
Event: 25.986 GC heap before
{Heap before GC invocations=8 (full 0):
 PSYoungGen      total 75264K, used 75043K [0x00000007aab00000, 0x00000007b4000000, 0x00000007c0000000)
  eden space 65536K, 100% used [0x00000007aab00000,0x00000007aeb00000,0x00000007aeb00000)
  from space 9728K, 97% used [0x00000007aeb00000,0x00000007af448e00,0x00000007af480000)
  to   space 10752K, 0% used [0x00000007b3580000,0x00000007b3580000,0x00000007b4000000)
 ParOldGen       total 44032K, used 22739K [0x0000000780000000, 0x0000000782b00000, 0x00000007aab00000)
  object space 44032K, 51% used [0x0000000780000000,0x0000000781634d38,0x0000000782b00000)
 Metaspace       used 19714K, capacity 19939K, committed 20224K, reserved 1067008K
  class space    used 1936K, capacity 2010K, committed 2048K, reserved 1048576K
Event: 25.998 GC heap after
Heap after GC invocations=8 (full 0):
 PSYoungGen      total 73728K, used 10624K [0x00000007aab00000, 0x00000007b4000000, 0x00000007c0000000)
  eden space 62976K, 0% used [0x00000007aab00000,0x00000007aab00000,0x00000007ae880000)
  from space 10752K, 98% used [0x00000007b3580000,0x00000007b3fe02a0,0x00000007b4000000)
  to   space 12288K, 0% used [0x00000007b2800000,0x00000007b2800000,0x00000007b3400000)
 ParOldGen       total 44032K, used 26750K [0x0000000780000000, 0x0000000782b00000, 0x00000007aab00000)
  object space 44032K, 60% used [0x0000000780000000,0x0000000781a1f9c8,0x0000000782b00000)
 Metaspace       used 19714K, capacity 19939K, committed 20224K, reserved 1067008K
  class space    used 1936K, capacity 2010K, committed 2048K, reserved 1048576K
}

