# JRE version: Java(TM) SE Runtime Environment (8.0_121-b13) (build 1.8.0_121-b13)
# Java VM: Java HotSpot(TM) 64-Bit Server VM (25.121-b13 mixed mode bsd-amd64 compressed oops)
Heap:
 PSYoungGen      total 136704K, used 38540K [0x00000007aab00000, 0x00000007b3f00000, 0x00000007c0000000)
  eden space 129024K, 29% used [0x00000007aab00000,0x00000007ad0830c0,0x00000007b2900000)
  from space 7680K, 1% used [0x00000007b3780000,0x00000007b37a0000,0x00000007b3f00000)
  to   space 11264K, 0% used [0x00000007b2900000,0x00000007b2900000,0x00000007b3400000)
 ParOldGen       total 42496K, used 16615K [0x0000000780000000, 0x0000000782980000, 0x00000007aab00000)
  object space 42496K, 39% used [0x0000000780000000,0x0000000781039f80,0x0000000782980000)
 Metaspace       used 21850K, capacity 22107K, committed 22272K, reserved 1069056K
  class space    used 2144K, capacity 2236K, committed 2304K, reserved 1048576K
GC Heap History (10 events):
Event: 17.401 GC heap before
{Heap before GC invocations=9 (full 1):
 PSYoungGen      total 43520K, used 32794K [0x00000007aab00000, 0x00000007afe80000, 0x00000007c0000000)
  eden space 32256K, 100% used [0x00000007aab00000,0x00000007aca80000,0x00000007aca80000)
  from space 11264K, 4% used [0x00000007aca80000,0x00000007acb06938,0x00000007ad580000)
  to   space 11776K, 0% used [0x00000007af300000,0x00000007af300000,0x00000007afe80000)
 ParOldGen       total 42496K, used 16034K [0x0000000780000000, 0x0000000782980000, 0x00000007aab00000)
  object space 42496K, 37% used [0x0000000780000000,0x0000000780fa8a80,0x0000000782980000)
 Metaspace       used 21735K, capacity 21979K, committed 22272K, reserved 1069056K
  class space    used 2136K, capacity 2236K, committed 2304K, reserved 1048576K
Event: 17.404 GC heap after
Heap after GC invocations=9 (full 1):
 PSYoungGen      total 71680K, used 456K [0x00000007aab00000, 0x00000007afd80000, 0x00000007c0000000)
  eden space 60928K, 0% used [0x00000007aab00000,0x00000007aab00000,0x00000007ae680000)
  from space 10752K, 4% used [0x00000007af300000,0x00000007af372030,0x00000007afd80000)
  to   space 11776K, 0% used [0x00000007ae680000,0x00000007ae680000,0x00000007af200000)
 ParOldGen       total 42496K, used 16042K [0x0000000780000000, 0x0000000782980000, 0x00000007aab00000)
  object space 42496K, 37% used [0x0000000780000000,0x0000000780faaa80,0x0000000782980000)
 Metaspace       used 21735K, capacity 21979K, committed 22272K, reserved 1069056K
  class space    used 2136K, capacity 2236K, committed 2304K, reserved 1048576K
}
Event: 26.926 GC heap before
{Heap before GC invocations=10 (full 1):
 PSYoungGen      total 71680K, used 61384K [0x00000007aab00000, 0x00000007afd80000, 0x00000007c0000000)
  eden space 60928K, 100% used [0x00000007aab00000,0x00000007ae680000,0x00000007ae680000)
  from space 10752K, 4% used [0x00000007af300000,0x00000007af372030,0x00000007afd80000)
  to   space 11776K, 0% used [0x00000007ae680000,0x00000007ae680000,0x00000007af200000)
 ParOldGen       total 42496K, used 16042K [0x0000000780000000, 0x0000000782980000, 0x00000007aab00000)
  object space 42496K, 37% used [0x0000000780000000,0x0000000780faaa80,0x0000000782980000)
 Metaspace       used 21798K, capacity 22107K, committed 22272K, reserved 1069056K
  class space    used 2136K, capacity 2236K, committed 2304K, reserved 1048576K
Event: 26.928 GC heap after
Heap after GC invocations=10 (full 1):
 PSYoungGen      total 72704K, used 536K [0x00000007aab00000, 0x00000007b1c00000, 0x00000007c0000000)
  eden space 60928K, 0% used [0x00000007aab00000,0x00000007aab00000,0x00000007ae680000)
  from space 11776K, 4% used [0x00000007ae680000,0x00000007ae706020,0x00000007af200000)
  to   space 11776K, 0% used [0x00000007b1080000,0x00000007b1080000,0x00000007b1c00000)
 ParOldGen       total 42496K, used 16050K [0x0000000780000000, 0x0000000782980000, 0x00000007aab00000)
  object space 42496K, 37% used [0x0000000780000000,0x0000000780faca80,0x0000000782980000)
 Metaspace       used 21798K, capacity 22107K, committed 22272K, reserved 1069056K
  class space    used 2136K, capacity 2236K, committed 2304K, reserved 1048576K
}
Event: 36.236 GC heap before
{Heap before GC invocations=11 (full 1):
 PSYoungGen      total 72704K, used 61464K [0x00000007aab00000, 0x00000007b1c00000, 0x00000007c0000000)
  eden space 60928K, 100% used [0x00000007aab00000,0x00000007ae680000,0x00000007ae680000)
  from space 11776K, 4% used [0x00000007ae680000,0x00000007ae706020,0x00000007af200000)
  to   space 11776K, 0% used [0x00000007b1080000,0x00000007b1080000,0x00000007b1c00000)
 ParOldGen       total 42496K, used 16050K [0x0000000780000000, 0x0000000782980000, 0x00000007aab00000)
  object space 42496K, 37% used [0x0000000780000000,0x0000000780faca80,0x0000000782980000)
 Metaspace       used 21809K, capacity 22107K, committed 22272K, reserved 1069056K
  class space    used 2136K, capacity 2236K, committed 2304K, reserved 1048576K
Event: 36.239 GC heap after
Heap after GC invocations=11 (full 1):
 PSYoungGen      total 100864K, used 192K [0x00000007aab00000, 0x00000007b1a80000, 0x00000007c0000000)
  eden space 90624K, 0% used [0x00000007aab00000,0x00000007aab00000,0x00000007b0380000)
  from space 10240K, 1% used [0x00000007b1080000,0x00000007b10b0000,0x00000007b1a80000)
  to   space 11776K, 0% used [0x00000007b0380000,0x00000007b0380000,0x00000007b0f00000)
 ParOldGen       total 42496K, used 16415K [0x0000000780000000, 0x0000000782980000, 0x00000007aab00000)
  object space 42496K, 38% used [0x0000000780000000,0x0000000781007f80,0x0000000782980000)
 Metaspace       used 21809K, capacity 22107K, committed 22272K, reserved 1069056K
  class space    used 2136K, capacity 2236K, committed 2304K, reserved 1048576K
}
Event: 51.171 GC heap before
{Heap before GC invocations=12 (full 1):
 PSYoungGen      total 100864K, used 90816K [0x00000007aab00000, 0x00000007b1a80000, 0x00000007c0000000)
  eden space 90624K, 100% used [0x00000007aab00000,0x00000007b0380000,0x00000007b0380000)
  from space 10240K, 1% used [0x00000007b1080000,0x00000007b10b0000,0x00000007b1a80000)
  to   space 11776K, 0% used [0x00000007b0380000,0x00000007b0380000,0x00000007b0f00000)
 ParOldGen       total 42496K, used 16415K [0x0000000780000000, 0x0000000782980000, 0x00000007aab00000)
  object space 42496K, 38% used [0x0000000780000000,0x0000000781007f80,0x0000000782980000)
 Metaspace       used 21815K, capacity 22107K, committed 22272K, reserved 1069056K
  class space    used 2136K, capacity 2236K, committed 2304K, reserved 1048576K
Event: 51.173 GC heap after
Heap after GC invocations=12 (full 1):
 PSYoungGen      total 102400K, used 128K [0x00000007aab00000, 0x00000007b4300000, 0x00000007c0000000)
  eden space 90624K, 0% used [0x00000007aab00000,0x00000007aab00000,0x00000007b0380000)
  from space 11776K, 1% used [0x00000007b0380000,0x00000007b03a0000,0x00000007b0f00000)
  to   space 11776K, 0% used [0x00000007b3780000,0x00000007b3780000,0x00000007b4300000)
 ParOldGen       total 42496K, used 16575K [0x0000000780000000, 0x0000000782980000, 0x00000007aab00000)
  object space 42496K, 39% used [0x0000000780000000,0x000000078102ff80,0x0000000782980000)
 Metaspace       used 21815K, capacity 22107K, committed 22272K, reserved 1069056K
  class space    used 2136K, capacity 2236K, committed 2304K, reserved 1048576K
}
Event: 65.905 GC heap before
{Heap before GC invocations=13 (full 1):
 PSYoungGen      total 102400K, used 90752K [0x00000007aab00000, 0x00000007b4300000, 0x00000007c0000000)
  eden space 90624K, 100% used [0x00000007aab00000,0x00000007b0380000,0x00000007b0380000)
  from space 11776K, 1% used [0x00000007b0380000,0x00000007b03a0000,0x00000007b0f00000)
  to   space 11776K, 0% used [0x00000007b3780000,0x00000007b3780000,0x00000007b4300000)
 ParOldGen       total 42496K, used 16575K [0x0000000780000000, 0x0000000782980000, 0x00000007aab00000)
  object space 42496K, 39% used [0x0000000780000000,0x000000078102ff80,0x0000000782980000)
 Metaspace       used 21815K, capacity 22107K, committed 22272K, reserved 1069056K
  class space    used 2136K, capacity 2236K, committed 2304K, reserved 1048576K
Event: 65.907 GC heap after
Heap after GC invocations=13 (full 1):
 PSYoungGen      total 136704K, used 128K [0x00000007aab00000, 0x00000007b3f00000, 0x00000007c0000000)
  eden space 129024K, 0% used [0x00000007aab00000,0x00000007aab00000,0x00000007b2900000)
  from space 7680K, 1% used [0x00000007b3780000,0x00000007b37a0000,0x00000007b3f00000)
  to   space 11264K, 0% used [0x00000007b2900000,0x00000007b2900000,0x00000007b3400000)
 ParOldGen       total 42496K, used 16615K [0x0000000780000000, 0x0000000782980000, 0x00000007aab00000)
  object space 42496K, 39% used [0x0000000780000000,0x0000000781039f80,0x0000000782980000)
 Metaspace       used 21815K, capacity 22107K, committed 22272K, reserved 1069056K
  class space    used 2136K, capacity 2236K, committed 2304K, reserved 1048576K
}

