# JRE version: Java(TM) SE Runtime Environment (8.0_121-b13) (build 1.8.0_121-b13)
# Java VM: Java HotSpot(TM) 64-Bit Server VM (25.121-b13 mixed mode bsd-amd64 compressed oops)
Heap:
 PSYoungGen      total 23552K, used 21929K [0x00000007aab00000, 0x00000007ac480000, 0x00000007c0000000)
  eden space 22016K, 99% used [0x00000007aab00000,0x00000007ac0524b8,0x00000007ac080000)
  from space 1536K, 6% used [0x00000007ac300000,0x00000007ac318000,0x00000007ac480000)
  to   space 2048K, 0% used [0x00000007ac080000,0x00000007ac080000,0x00000007ac280000)
 ParOldGen       total 46592K, used 32141K [0x0000000780000000, 0x0000000782d80000, 0x00000007aab00000)
  object space 46592K, 68% used [0x0000000780000000,0x0000000781f63628,0x0000000782d80000)
 Metaspace       used 21657K, capacity 21947K, committed 22192K, reserved 1069056K
  class space    used 2116K, capacity 2204K, committed 2304K, reserved 1048576K
GC Heap History (10 events):
Event: 366.770 GC heap before
{Heap before GC invocations=61 (full 1):
 PSYoungGen      total 25088K, used 24672K [0x00000007aab00000, 0x00000007ac800000, 0x00000007c0000000)
  eden space 24576K, 100% used [0x00000007aab00000,0x00000007ac300000,0x00000007ac300000)
  from space 512K, 18% used [0x00000007ac380000,0x00000007ac398000,0x00000007ac400000)
  to   space 2560K, 0% used [0x00000007ac580000,0x00000007ac580000,0x00000007ac800000)
 ParOldGen       total 46592K, used 32141K [0x0000000780000000, 0x0000000782d80000, 0x00000007aab00000)
  object space 46592K, 68% used [0x0000000780000000,0x0000000781f63628,0x0000000782d80000)
 Metaspace       used 21611K, capacity 21883K, committed 22192K, reserved 1069056K
  class space    used 2108K, capacity 2204K, committed 2304K, reserved 1048576K
Event: 366.771 GC heap after
Heap after GC invocations=61 (full 1):
 PSYoungGen      total 26112K, used 96K [0x00000007aab00000, 0x00000007ac780000, 0x00000007c0000000)
  eden space 24064K, 0% used [0x00000007aab00000,0x00000007aab00000,0x00000007ac280000)
  from space 2048K, 4% used [0x00000007ac580000,0x00000007ac598000,0x00000007ac780000)
  to   space 2560K, 0% used [0x00000007ac280000,0x00000007ac280000,0x00000007ac500000)
 ParOldGen       total 46592K, used 32141K [0x0000000780000000, 0x0000000782d80000, 0x00000007aab00000)
  object space 46592K, 68% used [0x0000000780000000,0x0000000781f63628,0x0000000782d80000)
 Metaspace       used 21611K, capacity 21883K, committed 22192K, reserved 1069056K
  class space    used 2108K, capacity 2204K, committed 2304K, reserved 1048576K
}
Event: 370.286 GC heap before
{Heap before GC invocations=62 (full 1):
 PSYoungGen      total 26112K, used 24160K [0x00000007aab00000, 0x00000007ac780000, 0x00000007c0000000)
  eden space 24064K, 100% used [0x00000007aab00000,0x00000007ac280000,0x00000007ac280000)
  from space 2048K, 4% used [0x00000007ac580000,0x00000007ac598000,0x00000007ac780000)
  to   space 2560K, 0% used [0x00000007ac280000,0x00000007ac280000,0x00000007ac500000)
 ParOldGen       total 46592K, used 32141K [0x0000000780000000, 0x0000000782d80000, 0x00000007aab00000)
  object space 46592K, 68% used [0x0000000780000000,0x0000000781f63628,0x0000000782d80000)
 Metaspace       used 21611K, capacity 21883K, committed 22192K, reserved 1069056K
  class space    used 2108K, capacity 2204K, committed 2304K, reserved 1048576K
Event: 370.288 GC heap after
Heap after GC invocations=62 (full 1):
 PSYoungGen      total 24064K, used 64K [0x00000007aab00000, 0x00000007ac700000, 0x00000007c0000000)
  eden space 23552K, 0% used [0x00000007aab00000,0x00000007aab00000,0x00000007ac200000)
  from space 512K, 12% used [0x00000007ac280000,0x00000007ac290000,0x00000007ac300000)
  to   space 2560K, 0% used [0x00000007ac480000,0x00000007ac480000,0x00000007ac700000)
 ParOldGen       total 46592K, used 32141K [0x0000000780000000, 0x0000000782d80000, 0x00000007aab00000)
  object space 46592K, 68% used [0x0000000780000000,0x0000000781f63628,0x0000000782d80000)
 Metaspace       used 21611K, capacity 21883K, committed 22192K, reserved 1069056K
  class space    used 2108K, capacity 2204K, committed 2304K, reserved 1048576K
}
Event: 373.719 GC heap before
{Heap before GC invocations=63 (full 1):
 PSYoungGen      total 24064K, used 23616K [0x00000007aab00000, 0x00000007ac700000, 0x00000007c0000000)
  eden space 23552K, 100% used [0x00000007aab00000,0x00000007ac200000,0x00000007ac200000)
  from space 512K, 12% used [0x00000007ac280000,0x00000007ac290000,0x00000007ac300000)
  to   space 2560K, 0% used [0x00000007ac480000,0x00000007ac480000,0x00000007ac700000)
 ParOldGen       total 46592K, used 32141K [0x0000000780000000, 0x0000000782d80000, 0x00000007aab00000)
  object space 46592K, 68% used [0x0000000780000000,0x0000000781f63628,0x0000000782d80000)
 Metaspace       used 21611K, capacity 21883K, committed 22192K, reserved 1069056K
  class space    used 2108K, capacity 2204K, committed 2304K, reserved 1048576K
Event: 373.721 GC heap after
Heap after GC invocations=63 (full 1):
 PSYoungGen      total 24064K, used 96K [0x00000007aab00000, 0x00000007ac580000, 0x00000007c0000000)
  eden space 23040K, 0% used [0x00000007aab00000,0x00000007aab00000,0x00000007ac180000)
  from space 1024K, 9% used [0x00000007ac480000,0x00000007ac498000,0x00000007ac580000)
  to   space 2048K, 0% used [0x00000007ac180000,0x00000007ac180000,0x00000007ac380000)
 ParOldGen       total 46592K, used 32141K [0x0000000780000000, 0x0000000782d80000, 0x00000007aab00000)
  object space 46592K, 68% used [0x0000000780000000,0x0000000781f63628,0x0000000782d80000)
 Metaspace       used 21611K, capacity 21883K, committed 22192K, reserved 1069056K
  class space    used 2108K, capacity 2204K, committed 2304K, reserved 1048576K
}
Event: 377.072 GC heap before
{Heap before GC invocations=64 (full 1):
 PSYoungGen      total 24064K, used 23136K [0x00000007aab00000, 0x00000007ac580000, 0x00000007c0000000)
  eden space 23040K, 100% used [0x00000007aab00000,0x00000007ac180000,0x00000007ac180000)
  from space 1024K, 9% used [0x00000007ac480000,0x00000007ac498000,0x00000007ac580000)
  to   space 2048K, 0% used [0x00000007ac180000,0x00000007ac180000,0x00000007ac380000)
 ParOldGen       total 46592K, used 32141K [0x0000000780000000, 0x0000000782d80000, 0x00000007aab00000)
  object space 46592K, 68% used [0x0000000780000000,0x0000000781f63628,0x0000000782d80000)
 Metaspace       used 21611K, capacity 21883K, committed 22192K, reserved 1069056K
  class space    used 2108K, capacity 2204K, committed 2304K, reserved 1048576K
Event: 377.073 GC heap after
Heap after GC invocations=64 (full 1):
 PSYoungGen      total 23040K, used 96K [0x00000007aab00000, 0x00000007ac500000, 0x00000007c0000000)
  eden space 22528K, 0% used [0x00000007aab00000,0x00000007aab00000,0x00000007ac100000)
  from space 512K, 18% used [0x00000007ac180000,0x00000007ac198000,0x00000007ac200000)
  to   space 2048K, 0% used [0x00000007ac300000,0x00000007ac300000,0x00000007ac500000)
 ParOldGen       total 46592K, used 32141K [0x0000000780000000, 0x0000000782d80000, 0x00000007aab00000)
  object space 46592K, 68% used [0x0000000780000000,0x0000000781f63628,0x0000000782d80000)
 Metaspace       used 21611K, capacity 21883K, committed 22192K, reserved 1069056K
  class space    used 2108K, capacity 2204K, committed 2304K, reserved 1048576K
}
Event: 380.355 GC heap before
{Heap before GC invocations=65 (full 1):
 PSYoungGen      total 23040K, used 22624K [0x00000007aab00000, 0x00000007ac500000, 0x00000007c0000000)
  eden space 22528K, 100% used [0x00000007aab00000,0x00000007ac100000,0x00000007ac100000)
  from space 512K, 18% used [0x00000007ac180000,0x00000007ac198000,0x00000007ac200000)
  to   space 2048K, 0% used [0x00000007ac300000,0x00000007ac300000,0x00000007ac500000)
 ParOldGen       total 46592K, used 32141K [0x0000000780000000, 0x0000000782d80000, 0x00000007aab00000)
  object space 46592K, 68% used [0x0000000780000000,0x0000000781f63628,0x0000000782d80000)
 Metaspace       used 21611K, capacity 21883K, committed 22192K, reserved 1069056K
  class space    used 2108K, capacity 2204K, committed 2304K, reserved 1048576K
Event: 380.357 GC heap after
Heap after GC invocations=65 (full 1):
 PSYoungGen      total 23552K, used 96K [0x00000007aab00000, 0x00000007ac480000, 0x00000007c0000000)
  eden space 22016K, 0% used [0x00000007aab00000,0x00000007aab00000,0x00000007ac080000)
  from space 1536K, 6% used [0x00000007ac300000,0x00000007ac318000,0x00000007ac480000)
  to   space 2048K, 0% used [0x00000007ac080000,0x00000007ac080000,0x00000007ac280000)
 ParOldGen       total 46592K, used 32141K [0x0000000780000000, 0x0000000782d80000, 0x00000007aab00000)
  object space 46592K, 68% used [0x0000000780000000,0x0000000781f63628,0x0000000782d80000)
 Metaspace       used 21611K, capacity 21883K, committed 22192K, reserved 1069056K
  class space    used 2108K, capacity 2204K, committed 2304K, reserved 1048576K
}

