# JRE version: Java(TM) SE Runtime Environment (8.0_121-b13) (build 1.8.0_121-b13)
# Java VM: Java HotSpot(TM) 64-Bit Server VM (25.121-b13 mixed mode bsd-amd64 compressed oops)
Heap:
 PSYoungGen      total 65536K, used 21765K [0x00000007aab00000, 0x00000007b0880000, 0x00000007c0000000)
  eden space 54272K, 39% used [0x00000007aab00000,0x00000007ac019790,0x00000007ae000000)
  from space 11264K, 1% used [0x00000007ae000000,0x00000007ae028000,0x00000007aeb00000)
  to   space 11264K, 0% used [0x00000007afd80000,0x00000007afd80000,0x00000007b0880000)
 ParOldGen       total 46080K, used 16344K [0x0000000780000000, 0x0000000782d00000, 0x00000007aab00000)
  object space 46080K, 35% used [0x0000000780000000,0x0000000780ff60f8,0x0000000782d00000)
 Metaspace       used 21580K, capacity 21819K, committed 22192K, reserved 1069056K
  class space    used 2114K, capacity 2204K, committed 2304K, reserved 1048576K
GC Heap History (10 events):
Event: 9.401 GC heap before
{Heap before GC invocations=6 (full 0):
 PSYoungGen      total 18944K, used 18912K [0x00000007aab00000, 0x00000007ae000000, 0x00000007c0000000)
  eden space 16384K, 100% used [0x00000007aab00000,0x00000007abb00000,0x00000007abb00000)
  from space 2560K, 98% used [0x00000007abb00000,0x00000007abd78060,0x00000007abd80000)
  to   space 10752K, 0% used [0x00000007ad580000,0x00000007ad580000,0x00000007ae000000)
 ParOldGen       total 44032K, used 18720K [0x0000000780000000, 0x0000000782b00000, 0x00000007aab00000)
  object space 44032K, 42% used [0x0000000780000000,0x00000007812482d0,0x0000000782b00000)
 Metaspace       used 20907K, capacity 21107K, committed 21296K, reserved 1069056K
  class space    used 2074K, capacity 2138K, committed 2176K, reserved 1048576K
Event: 9.413 GC heap after
Heap after GC invocations=6 (full 0):
 PSYoungGen      total 43520K, used 3112K [0x00000007aab00000, 0x00000007ae000000, 0x00000007c0000000)
  eden space 32768K, 0% used [0x00000007aab00000,0x00000007aab00000,0x00000007acb00000)
  from space 10752K, 28% used [0x00000007ad580000,0x00000007ad88a0e0,0x00000007ae000000)
  to   space 10752K, 0% used [0x00000007acb00000,0x00000007acb00000,0x00000007ad580000)
 ParOldGen       total 44032K, used 18728K [0x0000000780000000, 0x0000000782b00000, 0x00000007aab00000)
  object space 44032K, 42% used [0x0000000780000000,0x000000078124a2d0,0x0000000782b00000)
 Metaspace       used 20907K, capacity 21107K, committed 21296K, reserved 1069056K
  class space    used 2074K, capacity 2138K, committed 2176K, reserved 1048576K
}
Event: 9.820 GC heap before
{Heap before GC invocations=7 (full 0):
 PSYoungGen      total 43520K, used 5488K [0x00000007aab00000, 0x00000007ae000000, 0x00000007c0000000)
  eden space 32768K, 7% used [0x00000007aab00000,0x00000007aad51fa8,0x00000007acb00000)
  from space 10752K, 28% used [0x00000007ad580000,0x00000007ad88a0e0,0x00000007ae000000)
  to   space 10752K, 0% used [0x00000007acb00000,0x00000007acb00000,0x00000007ad580000)
 ParOldGen       total 44032K, used 18728K [0x0000000780000000, 0x0000000782b00000, 0x00000007aab00000)
  object space 44032K, 42% used [0x0000000780000000,0x000000078124a2d0,0x0000000782b00000)
 Metaspace       used 20990K, capacity 21211K, committed 21296K, reserved 1069056K
  class space    used 2078K, capacity 2172K, committed 2176K, reserved 1048576K
Event: 9.828 GC heap after
Heap after GC invocations=7 (full 0):
 PSYoungGen      total 43520K, used 2488K [0x00000007aab00000, 0x00000007b0000000, 0x00000007c0000000)
  eden space 32768K, 0% used [0x00000007aab00000,0x00000007aab00000,0x00000007acb00000)
  from space 10752K, 23% used [0x00000007acb00000,0x00000007acd6e0e0,0x00000007ad580000)
  to   space 10752K, 0% used [0x00000007af580000,0x00000007af580000,0x00000007b0000000)
 ParOldGen       total 44032K, used 19401K [0x0000000780000000, 0x0000000782b00000, 0x00000007aab00000)
  object space 44032K, 44% used [0x0000000780000000,0x00000007812f2408,0x0000000782b00000)
 Metaspace       used 20990K, capacity 21211K, committed 21296K, reserved 1069056K
  class space    used 2078K, capacity 2172K, committed 2176K, reserved 1048576K
}
Event: 9.828 GC heap before
{Heap before GC invocations=8 (full 1):
 PSYoungGen      total 43520K, used 2488K [0x00000007aab00000, 0x00000007b0000000, 0x00000007c0000000)
  eden space 32768K, 0% used [0x00000007aab00000,0x00000007aab00000,0x00000007acb00000)
  from space 10752K, 23% used [0x00000007acb00000,0x00000007acd6e0e0,0x00000007ad580000)
  to   space 10752K, 0% used [0x00000007af580000,0x00000007af580000,0x00000007b0000000)
 ParOldGen       total 44032K, used 19401K [0x0000000780000000, 0x0000000782b00000, 0x00000007aab00000)
  object space 44032K, 44% used [0x0000000780000000,0x00000007812f2408,0x0000000782b00000)
 Metaspace       used 20990K, capacity 21211K, committed 21296K, reserved 1069056K
  class space    used 2078K, capacity 2172K, committed 2176K, reserved 1048576K
Event: 9.902 GC heap after
Heap after GC invocations=8 (full 1):
 PSYoungGen      total 43520K, used 0K [0x00000007aab00000, 0x00000007b0000000, 0x00000007c0000000)
  eden space 32768K, 0% used [0x00000007aab00000,0x00000007aab00000,0x00000007acb00000)
  from space 10752K, 0% used [0x00000007acb00000,0x00000007acb00000,0x00000007ad580000)
  to   space 10752K, 0% used [0x00000007af580000,0x00000007af580000,0x00000007b0000000)
 ParOldGen       total 46080K, used 16328K [0x0000000780000000, 0x0000000782d00000, 0x00000007aab00000)
  object space 46080K, 35% used [0x0000000780000000,0x0000000780ff20f8,0x0000000782d00000)
 Metaspace       used 20990K, capacity 21211K, committed 21296K, reserved 1069056K
  class space    used 2078K, capacity 2172K, committed 2176K, reserved 1048576K
}
Event: 17.353 GC heap before
{Heap before GC invocations=9 (full 1):
 PSYoungGen      total 43520K, used 32768K [0x00000007aab00000, 0x00000007b0000000, 0x00000007c0000000)
  eden space 32768K, 100% used [0x00000007aab00000,0x00000007acb00000,0x00000007acb00000)
  from space 10752K, 0% used [0x00000007acb00000,0x00000007acb00000,0x00000007ad580000)
  to   space 10752K, 0% used [0x00000007af580000,0x00000007af580000,0x00000007b0000000)
 ParOldGen       total 46080K, used 16328K [0x0000000780000000, 0x0000000782d00000, 0x00000007aab00000)
  object space 46080K, 35% used [0x0000000780000000,0x0000000780ff20f8,0x0000000782d00000)
 Metaspace       used 21419K, capacity 21659K, committed 21808K, reserved 1069056K
  class space    used 2104K, capacity 2172K, committed 2176K, reserved 1048576K
Event: 17.356 GC heap after
Heap after GC invocations=9 (full 1):
 PSYoungGen      total 54784K, used 128K [0x00000007aab00000, 0x00000007af600000, 0x00000007c0000000)
  eden space 54272K, 0% used [0x00000007aab00000,0x00000007aab00000,0x00000007ae000000)
  from space 512K, 25% used [0x00000007af580000,0x00000007af5a0000,0x00000007af600000)
  to   space 11264K, 0% used [0x00000007ae000000,0x00000007ae000000,0x00000007aeb00000)
 ParOldGen       total 46080K, used 16336K [0x0000000780000000, 0x0000000782d00000, 0x00000007aab00000)
  object space 46080K, 35% used [0x0000000780000000,0x0000000780ff40f8,0x0000000782d00000)
 Metaspace       used 21419K, capacity 21659K, committed 21808K, reserved 1069056K
  class space    used 2104K, capacity 2172K, committed 2176K, reserved 1048576K
}
Event: 29.586 GC heap before
{Heap before GC invocations=10 (full 1):
 PSYoungGen      total 54784K, used 54400K [0x00000007aab00000, 0x00000007af600000, 0x00000007c0000000)
  eden space 54272K, 100% used [0x00000007aab00000,0x00000007ae000000,0x00000007ae000000)
  from space 512K, 25% used [0x00000007af580000,0x00000007af5a0000,0x00000007af600000)
  to   space 11264K, 0% used [0x00000007ae000000,0x00000007ae000000,0x00000007aeb00000)
 ParOldGen       total 46080K, used 16336K [0x0000000780000000, 0x0000000782d00000, 0x00000007aab00000)
  object space 46080K, 35% used [0x0000000780000000,0x0000000780ff40f8,0x0000000782d00000)
 Metaspace       used 21443K, capacity 21723K, committed 21808K, reserved 1069056K
  class space    used 2104K, capacity 2172K, committed 2176K, reserved 1048576K
Event: 29.588 GC heap after
Heap after GC invocations=10 (full 1):
 PSYoungGen      total 65536K, used 160K [0x00000007aab00000, 0x00000007b0880000, 0x00000007c0000000)
  eden space 54272K, 0% used [0x00000007aab00000,0x00000007aab00000,0x00000007ae000000)
  from space 11264K, 1% used [0x00000007ae000000,0x00000007ae028000,0x00000007aeb00000)
  to   space 11264K, 0% used [0x00000007afd80000,0x00000007afd80000,0x00000007b0880000)
 ParOldGen       total 46080K, used 16344K [0x0000000780000000, 0x0000000782d00000, 0x00000007aab00000)
  object space 46080K, 35% used [0x0000000780000000,0x0000000780ff60f8,0x0000000782d00000)
 Metaspace       used 21443K, capacity 21723K, committed 21808K, reserved 1069056K
  class space    used 2104K, capacity 2172K, committed 2176K, reserved 1048576K
}

