# JRE version: Java(TM) SE Runtime Environment (8.0_121-b13) (build 1.8.0_121-b13)
# Java VM: Java HotSpot(TM) 64-Bit Server VM (25.121-b13 mixed mode bsd-amd64 compressed oops)
Heap:
 PSYoungGen      total 172544K, used 154954K [0x00000007aab00000, 0x00000007b8d80000, 0x00000007c0000000)
  eden space 139776K, 96% used [0x00000007aab00000,0x00000007b2ea5bc0,0x00000007b3380000)
  from space 32768K, 61% used [0x00000007b3380000,0x00000007b472d008,0x00000007b5380000)
  to   space 32768K, 0% used [0x00000007b6d80000,0x00000007b6d80000,0x00000007b8d80000)
 ParOldGen       total 97280K, used 46014K [0x0000000780000000, 0x0000000785f00000, 0x00000007aab00000)
  object space 97280K, 47% used [0x0000000780000000,0x0000000782cefa78,0x0000000785f00000)
 Metaspace       used 21690K, capacity 21967K, committed 22272K, reserved 1069056K
  class space    used 2133K, capacity 2236K, committed 2304K, reserved 1048576K
GC Heap History (10 events):
Event: 14.804 GC heap before
{Heap before GC invocations=12 (full 1):
 PSYoungGen      total 122880K, used 112180K [0x00000007aab00000, 0x00000007b4200000, 0x00000007c0000000)
  eden space 92160K, 100% used [0x00000007aab00000,0x00000007b0500000,0x00000007b0500000)
  from space 30720K, 65% used [0x00000007b2400000,0x00000007b378d028,0x00000007b4200000)
  to   space 31232K, 0% used [0x00000007b0500000,0x00000007b0500000,0x00000007b2380000)
 ParOldGen       total 97280K, used 45998K [0x0000000780000000, 0x0000000785f00000, 0x00000007aab00000)
  object space 97280K, 47% used [0x0000000780000000,0x0000000782ceba78,0x0000000785f00000)
 Metaspace       used 21448K, capacity 21743K, committed 22016K, reserved 1069056K
  class space    used 2123K, capacity 2204K, committed 2304K, reserved 1048576K
Event: 14.827 GC heap after
Heap after GC invocations=12 (full 1):
 PSYoungGen      total 123392K, used 20308K [0x00000007aab00000, 0x00000007b5980000, 0x00000007c0000000)
  eden space 92160K, 0% used [0x00000007aab00000,0x00000007aab00000,0x00000007b0500000)
  from space 31232K, 65% used [0x00000007b0500000,0x00000007b18d5028,0x00000007b2380000)
  to   space 31744K, 0% used [0x00000007b3a80000,0x00000007b3a80000,0x00000007b5980000)
 ParOldGen       total 97280K, used 45998K [0x0000000780000000, 0x0000000785f00000, 0x00000007aab00000)
  object space 97280K, 47% used [0x0000000780000000,0x0000000782ceba78,0x0000000785f00000)
 Metaspace       used 21448K, capacity 21743K, committed 22016K, reserved 1069056K
  class space    used 2123K, capacity 2204K, committed 2304K, reserved 1048576K
}
Event: 16.532 GC heap before
{Heap before GC invocations=13 (full 1):
 PSYoungGen      total 123392K, used 112468K [0x00000007aab00000, 0x00000007b5980000, 0x00000007c0000000)
  eden space 92160K, 100% used [0x00000007aab00000,0x00000007b0500000,0x00000007b0500000)
  from space 31232K, 65% used [0x00000007b0500000,0x00000007b18d5028,0x00000007b2380000)
  to   space 31744K, 0% used [0x00000007b3a80000,0x00000007b3a80000,0x00000007b5980000)
 ParOldGen       total 97280K, used 45998K [0x0000000780000000, 0x0000000785f00000, 0x00000007aab00000)
  object space 97280K, 47% used [0x0000000780000000,0x0000000782ceba78,0x0000000785f00000)
 Metaspace       used 21467K, capacity 21743K, committed 22016K, reserved 1069056K
  class space    used 2123K, capacity 2204K, committed 2304K, reserved 1048576K
Event: 16.563 GC heap after
Heap after GC invocations=13 (full 1):
 PSYoungGen      total 146432K, used 20340K [0x00000007aab00000, 0x00000007b5a00000, 0x00000007c0000000)
  eden space 114688K, 0% used [0x00000007aab00000,0x00000007aab00000,0x00000007b1b00000)
  from space 31744K, 64% used [0x00000007b3a80000,0x00000007b4e5d028,0x00000007b5980000)
  to   space 32256K, 0% used [0x00000007b1b00000,0x00000007b1b00000,0x00000007b3a80000)
 ParOldGen       total 97280K, used 45998K [0x0000000780000000, 0x0000000785f00000, 0x00000007aab00000)
  object space 97280K, 47% used [0x0000000780000000,0x0000000782ceba78,0x0000000785f00000)
 Metaspace       used 21467K, capacity 21743K, committed 22016K, reserved 1069056K
  class space    used 2123K, capacity 2204K, committed 2304K, reserved 1048576K
}
Event: 18.557 GC heap before
{Heap before GC invocations=14 (full 1):
 PSYoungGen      total 146432K, used 135028K [0x00000007aab00000, 0x00000007b5a00000, 0x00000007c0000000)
  eden space 114688K, 100% used [0x00000007aab00000,0x00000007b1b00000,0x00000007b1b00000)
  from space 31744K, 64% used [0x00000007b3a80000,0x00000007b4e5d028,0x00000007b5980000)
  to   space 32256K, 0% used [0x00000007b1b00000,0x00000007b1b00000,0x00000007b3a80000)
 ParOldGen       total 97280K, used 45998K [0x0000000780000000, 0x0000000785f00000, 0x00000007aab00000)
  object space 97280K, 47% used [0x0000000780000000,0x0000000782ceba78,0x0000000785f00000)
 Metaspace       used 21492K, capacity 21743K, committed 22016K, reserved 1069056K
  class space    used 2123K, capacity 2204K, committed 2304K, reserved 1048576K
Event: 18.575 GC heap after
Heap after GC invocations=14 (full 1):
 PSYoungGen      total 146944K, used 20644K [0x00000007aab00000, 0x00000007b7400000, 0x00000007c0000000)
  eden space 114688K, 0% used [0x00000007aab00000,0x00000007aab00000,0x00000007b1b00000)
  from space 32256K, 64% used [0x00000007b1b00000,0x00000007b2f29038,0x00000007b3a80000)
  to   space 32768K, 0% used [0x00000007b5400000,0x00000007b5400000,0x00000007b7400000)
 ParOldGen       total 97280K, used 45998K [0x0000000780000000, 0x0000000785f00000, 0x00000007aab00000)
  object space 97280K, 47% used [0x0000000780000000,0x0000000782ceba78,0x0000000785f00000)
 Metaspace       used 21492K, capacity 21743K, committed 22016K, reserved 1069056K
  class space    used 2123K, capacity 2204K, committed 2304K, reserved 1048576K
}
Event: 20.548 GC heap before
{Heap before GC invocations=15 (full 1):
 PSYoungGen      total 146944K, used 135332K [0x00000007aab00000, 0x00000007b7400000, 0x00000007c0000000)
  eden space 114688K, 100% used [0x00000007aab00000,0x00000007b1b00000,0x00000007b1b00000)
  from space 32256K, 64% used [0x00000007b1b00000,0x00000007b2f29038,0x00000007b3a80000)
  to   space 32768K, 0% used [0x00000007b5400000,0x00000007b5400000,0x00000007b7400000)
 ParOldGen       total 97280K, used 45998K [0x0000000780000000, 0x0000000785f00000, 0x00000007aab00000)
  object space 97280K, 47% used [0x0000000780000000,0x0000000782ceba78,0x0000000785f00000)
 Metaspace       used 21523K, capacity 21743K, committed 22016K, reserved 1069056K
  class space    used 2123K, capacity 2204K, committed 2304K, reserved 1048576K
Event: 20.580 GC heap after
Heap after GC invocations=15 (full 1):
 PSYoungGen      total 172032K, used 20596K [0x00000007aab00000, 0x00000007b7380000, 0x00000007c0000000)
  eden space 139776K, 0% used [0x00000007aab00000,0x00000007aab00000,0x00000007b3380000)
  from space 32256K, 63% used [0x00000007b5400000,0x00000007b681d008,0x00000007b7380000)
  to   space 32768K, 0% used [0x00000007b3380000,0x00000007b3380000,0x00000007b5380000)
 ParOldGen       total 97280K, used 46006K [0x0000000780000000, 0x0000000785f00000, 0x00000007aab00000)
  object space 97280K, 47% used [0x0000000780000000,0x0000000782ceda78,0x0000000785f00000)
 Metaspace       used 21523K, capacity 21743K, committed 22016K, reserved 1069056K
  class space    used 2123K, capacity 2204K, committed 2304K, reserved 1048576K
}
Event: 23.868 GC heap before
{Heap before GC invocations=16 (full 1):
 PSYoungGen      total 172032K, used 160372K [0x00000007aab00000, 0x00000007b7380000, 0x00000007c0000000)
  eden space 139776K, 100% used [0x00000007aab00000,0x00000007b3380000,0x00000007b3380000)
  from space 32256K, 63% used [0x00000007b5400000,0x00000007b681d008,0x00000007b7380000)
  to   space 32768K, 0% used [0x00000007b3380000,0x00000007b3380000,0x00000007b5380000)
 ParOldGen       total 97280K, used 46006K [0x0000000780000000, 0x0000000785f00000, 0x00000007aab00000)
  object space 97280K, 47% used [0x0000000780000000,0x0000000782ceda78,0x0000000785f00000)
 Metaspace       used 21648K, capacity 21871K, committed 22016K, reserved 1069056K
  class space    used 2124K, capacity 2204K, committed 2304K, reserved 1048576K
Event: 23.884 GC heap after
Heap after GC invocations=16 (full 1):
 PSYoungGen      total 172544K, used 20148K [0x00000007aab00000, 0x00000007b8d80000, 0x00000007c0000000)
  eden space 139776K, 0% used [0x00000007aab00000,0x00000007aab00000,0x00000007b3380000)
  from space 32768K, 61% used [0x00000007b3380000,0x00000007b472d008,0x00000007b5380000)
  to   space 32768K, 0% used [0x00000007b6d80000,0x00000007b6d80000,0x00000007b8d80000)
 ParOldGen       total 97280K, used 46014K [0x0000000780000000, 0x0000000785f00000, 0x00000007aab00000)
  object space 97280K, 47% used [0x0000000780000000,0x0000000782cefa78,0x0000000785f00000)
 Metaspace       used 21648K, capacity 21871K, committed 22016K, reserved 1069056K
  class space    used 2124K, capacity 2204K, committed 2304K, reserved 1048576K
}

