# JRE version: Java(TM) SE Runtime Environment (8.0_121-b13) (build 1.8.0_121-b13)
# Java VM: Java HotSpot(TM) 64-Bit Server VM (25.121-b13 mixed mode bsd-amd64 compressed oops)
Heap:
 PSYoungGen      total 43520K, used 25777K [0x00000007aab00000, 0x00000007ae000000, 0x00000007c0000000)
  eden space 32768K, 78% used [0x00000007aab00000,0x00000007ac42c5b8,0x00000007acb00000)
  from space 10752K, 0% used [0x00000007ad580000,0x00000007ad580000,0x00000007ae000000)
  to   space 10752K, 0% used [0x00000007acb00000,0x00000007acb00000,0x00000007ad580000)
 ParOldGen       total 45056K, used 16181K [0x0000000780000000, 0x0000000782c00000, 0x00000007aab00000)
  object space 45056K, 35% used [0x0000000780000000,0x0000000780fcd460,0x0000000782c00000)
 Metaspace       used 21382K, capacity 21659K, committed 22016K, reserved 1069056K
  class space    used 2140K, capacity 2236K, committed 2304K, reserved 1048576K
GC Heap History (10 events):
Event: 5.502 GC heap before
{Heap before GC invocations=3 (full 0):
 PSYoungGen      total 18944K, used 18928K [0x00000007aab00000, 0x00000007ac000000, 0x00000007c0000000)
  eden space 16384K, 100% used [0x00000007aab00000,0x00000007abb00000,0x00000007abb00000)
  from space 2560K, 99% used [0x00000007abd80000,0x00000007abffc030,0x00000007ac000000)
  to   space 2560K, 0% used [0x00000007abb00000,0x00000007abb00000,0x00000007abd80000)
 ParOldGen       total 44032K, used 2891K [0x0000000780000000, 0x0000000782b00000, 0x00000007aab00000)
  object space 44032K, 6% used [0x0000000780000000,0x00000007802d2eb8,0x0000000782b00000)
 Metaspace       used 17813K, capacity 18071K, committed 18432K, reserved 1064960K
  class space    used 1835K, capacity 1942K, committed 2048K, reserved 1048576K
Event: 5.518 GC heap after
Heap after GC invocations=3 (full 0):
 PSYoungGen      total 18944K, used 2544K [0x00000007aab00000, 0x00000007ac000000, 0x00000007c0000000)
  eden space 16384K, 0% used [0x00000007aab00000,0x00000007aab00000,0x00000007abb00000)
  from space 2560K, 99% used [0x00000007abb00000,0x00000007abd7c070,0x00000007abd80000)
  to   space 2560K, 0% used [0x00000007abd80000,0x00000007abd80000,0x00000007ac000000)
 ParOldGen       total 44032K, used 7199K [0x0000000780000000, 0x0000000782b00000, 0x00000007aab00000)
  object space 44032K, 16% used [0x0000000780000000,0x0000000780707f38,0x0000000782b00000)
 Metaspace       used 17813K, capacity 18071K, committed 18432K, reserved 1064960K
  class space    used 1835K, capacity 1942K, committed 2048K, reserved 1048576K
}
Event: 6.385 GC heap before
{Heap before GC invocations=4 (full 0):
 PSYoungGen      total 18944K, used 18928K [0x00000007aab00000, 0x00000007ac000000, 0x00000007c0000000)
  eden space 16384K, 100% used [0x00000007aab00000,0x00000007abb00000,0x00000007abb00000)
  from space 2560K, 99% used [0x00000007abb00000,0x00000007abd7c070,0x00000007abd80000)
  to   space 2560K, 0% used [0x00000007abd80000,0x00000007abd80000,0x00000007ac000000)
 ParOldGen       total 44032K, used 7199K [0x0000000780000000, 0x0000000782b00000, 0x00000007aab00000)
  object space 44032K, 16% used [0x0000000780000000,0x0000000780707f38,0x0000000782b00000)
 Metaspace       used 20507K, capacity 20747K, committed 20864K, reserved 1069056K
  class space    used 2104K, capacity 2170K, committed 2176K, reserved 1048576K
Event: 6.398 GC heap after
Heap after GC invocations=4 (full 0):
 PSYoungGen      total 18944K, used 2545K [0x00000007aab00000, 0x00000007ad000000, 0x00000007c0000000)
  eden space 16384K, 0% used [0x00000007aab00000,0x00000007aab00000,0x00000007abb00000)
  from space 2560K, 99% used [0x00000007abd80000,0x00000007abffc790,0x00000007ac000000)
  to   space 2560K, 0% used [0x00000007abb00000,0x00000007abb00000,0x00000007abd80000)
 ParOldGen       total 44032K, used 15035K [0x0000000780000000, 0x0000000782b00000, 0x00000007aab00000)
  object space 44032K, 34% used [0x0000000780000000,0x0000000780eaeee0,0x0000000782b00000)
 Metaspace       used 20507K, capacity 20747K, committed 20864K, reserved 1069056K
  class space    used 2104K, capacity 2170K, committed 2176K, reserved 1048576K
}
Event: 6.764 GC heap before
{Heap before GC invocations=5 (full 0):
 PSYoungGen      total 18944K, used 18929K [0x00000007aab00000, 0x00000007ad000000, 0x00000007c0000000)
  eden space 16384K, 100% used [0x00000007aab00000,0x00000007abb00000,0x00000007abb00000)
  from space 2560K, 99% used [0x00000007abd80000,0x00000007abffc790,0x00000007ac000000)
  to   space 2560K, 0% used [0x00000007abb00000,0x00000007abb00000,0x00000007abd80000)
 ParOldGen       total 44032K, used 15035K [0x0000000780000000, 0x0000000782b00000, 0x00000007aab00000)
  object space 44032K, 34% used [0x0000000780000000,0x0000000780eaeee0,0x0000000782b00000)
 Metaspace       used 20719K, capacity 20943K, committed 21120K, reserved 1069056K
  class space    used 2105K, capacity 2170K, committed 2176K, reserved 1048576K
Event: 6.776 GC heap after
Heap after GC invocations=5 (full 0):
 PSYoungGen      total 18944K, used 2528K [0x00000007aab00000, 0x00000007ae000000, 0x00000007c0000000)
  eden space 16384K, 0% used [0x00000007aab00000,0x00000007aab00000,0x00000007abb00000)
  from space 2560K, 98% used [0x00000007abb00000,0x00000007abd78070,0x00000007abd80000)
  to   space 10752K, 0% used [0x00000007ad580000,0x00000007ad580000,0x00000007ae000000)
 ParOldGen       total 44032K, used 18252K [0x0000000780000000, 0x0000000782b00000, 0x00000007aab00000)
  object space 44032K, 41% used [0x0000000780000000,0x00000007811d3010,0x0000000782b00000)
 Metaspace       used 20719K, capacity 20943K, committed 21120K, reserved 1069056K
  class space    used 2105K, capacity 2170K, committed 2176K, reserved 1048576K
}
Event: 6.982 GC heap before
{Heap before GC invocations=6 (full 0):
 PSYoungGen      total 18944K, used 4026K [0x00000007aab00000, 0x00000007ae000000, 0x00000007c0000000)
  eden space 16384K, 9% used [0x00000007aab00000,0x00000007aac76b78,0x00000007abb00000)
  from space 2560K, 98% used [0x00000007abb00000,0x00000007abd78070,0x00000007abd80000)
  to   space 10752K, 0% used [0x00000007ad580000,0x00000007ad580000,0x00000007ae000000)
 ParOldGen       total 44032K, used 18252K [0x0000000780000000, 0x0000000782b00000, 0x00000007aab00000)
  object space 44032K, 41% used [0x0000000780000000,0x00000007811d3010,0x0000000782b00000)
 Metaspace       used 20819K, capacity 21045K, committed 21248K, reserved 1069056K
  class space    used 2108K, capacity 2203K, committed 2304K, reserved 1048576K
Event: 6.992 GC heap after
Heap after GC invocations=6 (full 0):
 PSYoungGen      total 43520K, used 2609K [0x00000007aab00000, 0x00000007ae000000, 0x00000007c0000000)
  eden space 32768K, 0% used [0x00000007aab00000,0x00000007aab00000,0x00000007acb00000)
  from space 10752K, 24% used [0x00000007ad580000,0x00000007ad80c7a0,0x00000007ae000000)
  to   space 10752K, 0% used [0x00000007acb00000,0x00000007acb00000,0x00000007ad580000)
 ParOldGen       total 44032K, used 18252K [0x0000000780000000, 0x0000000782b00000, 0x00000007aab00000)
  object space 44032K, 41% used [0x0000000780000000,0x00000007811d3010,0x0000000782b00000)
 Metaspace       used 20819K, capacity 21045K, committed 21248K, reserved 1069056K
  class space    used 2108K, capacity 2203K, committed 2304K, reserved 1048576K
}
Event: 6.992 GC heap before
{Heap before GC invocations=7 (full 1):
 PSYoungGen      total 43520K, used 2609K [0x00000007aab00000, 0x00000007ae000000, 0x00000007c0000000)
  eden space 32768K, 0% used [0x00000007aab00000,0x00000007aab00000,0x00000007acb00000)
  from space 10752K, 24% used [0x00000007ad580000,0x00000007ad80c7a0,0x00000007ae000000)
  to   space 10752K, 0% used [0x00000007acb00000,0x00000007acb00000,0x00000007ad580000)
 ParOldGen       total 44032K, used 18252K [0x0000000780000000, 0x0000000782b00000, 0x00000007aab00000)
  object space 44032K, 41% used [0x0000000780000000,0x00000007811d3010,0x0000000782b00000)
 Metaspace       used 20819K, capacity 21045K, committed 21248K, reserved 1069056K
  class space    used 2108K, capacity 2203K, committed 2304K, reserved 1048576K
Event: 7.059 GC heap after
Heap after GC invocations=7 (full 1):
 PSYoungGen      total 43520K, used 0K [0x00000007aab00000, 0x00000007ae000000, 0x00000007c0000000)
  eden space 32768K, 0% used [0x00000007aab00000,0x00000007aab00000,0x00000007acb00000)
  from space 10752K, 0% used [0x00000007ad580000,0x00000007ad580000,0x00000007ae000000)
  to   space 10752K, 0% used [0x00000007acb00000,0x00000007acb00000,0x00000007ad580000)
 ParOldGen       total 45056K, used 16181K [0x0000000780000000, 0x0000000782c00000, 0x00000007aab00000)
  object space 45056K, 35% used [0x0000000780000000,0x0000000780fcd460,0x0000000782c00000)
 Metaspace       used 20819K, capacity 21045K, committed 21248K, reserved 1069056K
  class space    used 2108K, capacity 2203K, committed 2304K, reserved 1048576K
}

